07-22 17:00:51.864 info TestRunner started: checkItemDefault(kdk.android.simplydo.Default.CheckItemDefault)
07-22 17:00:51.868 info MonitoringInstr Activities that are still in CREATED to STOPPED: 0
07-22 17:00:51.870 warn ActivityTestRule getActivityIntent() returned null using default: Intent(Intent.ACTION_MAIN)
07-22 17:00:51.905 debug LifecycleMonitor Lifecycle status change: kdk.android.simplydo.SimplyDoActivity@1e5b6de in: PRE_ON_CREATE
07-22 17:00:51.906 verbose SimplyDo SimplyDoActivity.onCreate() called
07-22 17:00:51.917 verbose SimplyDo CachingDataViewer.dbUpdateLoop(): Entered
07-22 17:00:51.940 verbose SimplyDo CachingDataView.fetchLists(): Entered
07-22 17:00:51.954 debug SimplyDo fetchLists returned 26 items
07-22 17:00:51.954 verbose SimplyDo CachingDataView.fetchLists(): Exited
07-22 17:00:51.954 debug SimplyDo SimplyDoActivity.onCreate()
07-22 17:00:51.955 debug LifecycleMonitor Lifecycle status change: kdk.android.simplydo.SimplyDoActivity@1e5b6de in: CREATED
07-22 17:00:51.956 verbose SimplyDo SimplyDoActivity.onStart(): called
07-22 17:00:51.956 debug LifecycleMonitor Lifecycle status change: kdk.android.simplydo.SimplyDoActivity@1e5b6de in: STARTED
07-22 17:00:51.957 debug LifecycleMonitor Lifecycle status change: kdk.android.simplydo.SimplyDoActivity@1e5b6de in: RESUMED
07-22 17:00:52.019 debug EGL_emulation eglMakeCurrent: 0xae654c00: ver 3 0 (tinfo 0xae64b390)
07-22 17:00:52.043 verbose SimplyDo SimplyDoActivity.onCreateOptionsMenu() called
07-22 17:00:52.043 verbose SimplyDo SimplyDoActivity.onPrepareOptionsMenu() called
07-22 17:00:52.119 info ViewInteraction Performing 'replace text' action on view (with id: kdk.android.simplydo:id/AddListEditText and with content description: is "addlistedittext" and Child at position 0 in parent (with id: kdk.android.simplydo:id/LinearLayout01 and Child at position 0 in parent with id: kdk.android.simplydo:id/listsView) and is displayed on the screen to the user)
07-22 17:00:52.149 info ViewInteraction Performing 'close keyboard' action on view (with id: kdk.android.simplydo:id/AddListEditText and with content description: is "addlistedittext" and Child at position 0 in parent (with id: kdk.android.simplydo:id/LinearLayout01 and Child at position 0 in parent with id: kdk.android.simplydo:id/listsView) and is displayed on the screen to the user)
07-22 17:00:52.150 warn CloseKeyboardAction Attempting to close soft keyboard, while it is not shown.
07-22 17:00:52.152 info ViewInteraction Performing 'single click' action on view (with id: kdk.android.simplydo:id/AddListButton and with text: is "Add" and with content description: is "Add" and Child at position 1 in parent (with id: kdk.android.simplydo:id/LinearLayout01 and Child at position 0 in parent with id: kdk.android.simplydo:id/listsView) and is displayed on the screen to the user)
07-22 17:00:52.204 debug SimplyDo Insert list List
07-22 17:00:52.230 debug SimplyDo fetchLists returned 27 items
07-22 17:00:52.668 info ViewInteraction Performing 'load adapter data' action on view (with id: kdk.android.simplydo:id/ListsListView and Child at position 1 in parent with id: kdk.android.simplydo:id/listsView)
07-22 17:00:52.681 info ViewInteraction Performing 'single click' action on view  displaying data matching: ANYTHING within adapter view matching: (with id: kdk.android.simplydo:id/ListsListView and Child at position 1 in parent with id: kdk.android.simplydo:id/listsView)
07-22 17:00:52.793 verbose SimplyDo ListsListReactor.onItemClick()
07-22 17:00:52.796 debug SimplyDo fetchItems returned 9 items
07-22 17:00:53.335 info ViewInteraction Performing 'replace text' action on view (with id: kdk.android.simplydo:id/AddItemEditText and with content description: is "addItemEditText" and Child at position 0 in parent (with id: kdk.android.simplydo:id/LinearLayout01 and Child at position 0 in parent with id: kdk.android.simplydo:id/itemsView) and is displayed on the screen to the user)
07-22 17:00:53.360 info ViewInteraction Performing 'close keyboard' action on view (with id: kdk.android.simplydo:id/AddItemEditText and with content description: is "addItemEditText" and Child at position 0 in parent (with id: kdk.android.simplydo:id/LinearLayout01 and Child at position 0 in parent with id: kdk.android.simplydo:id/itemsView) and is displayed on the screen to the user)
07-22 17:00:53.361 warn CloseKeyboardAction Attempting to close soft keyboard, while it is not shown.
07-22 17:00:53.363 info ViewInteraction Performing 'single click' action on view (with id: kdk.android.simplydo:id/AddItemButton and with text: is "Add" and with content description: is "Add" and Child at position 1 in parent (with id: kdk.android.simplydo:id/LinearLayout01 and Child at position 0 in parent with id: kdk.android.simplydo:id/itemsView) and is displayed on the screen to the user)
07-22 17:00:53.407 verbose SimplyDo DataManager.createItem(): Insert item Item
07-22 17:00:53.421 debug SimplyDo DataManager.createItem(): Inserted item and got id 17
07-22 17:00:53.666 info ViewInteraction Performing 'load adapter data' action on view (with id: kdk.android.simplydo:id/ItemsListView and Child at position 1 in parent with id: kdk.android.simplydo:id/itemsView)
07-22 17:00:53.682 info ViewInteraction Performing 'single click' action on view  displaying data matching: ANYTHING within adapter view matching: (with id: kdk.android.simplydo:id/ItemsListView and Child at position 1 in parent with id: kdk.android.simplydo:id/itemsView)
07-22 17:00:53.795 verbose SimplyDo ItemsListReactor.onItemClick()
07-22 17:00:53.796 verbose SimplyDo Item selected Item
07-22 17:00:53.796 debug SimplyDo Setting active property of 17 to false
07-22 17:00:54.028 debug LifecycleMonitor Lifecycle status change: kdk.android.simplydo.SimplyDoActivity@1e5b6de in: PAUSED
07-22 17:00:54.028 debug LifecycleMonitor running callback: android.support.test.rule.ActivityTestRule$LifecycleCallback@84fe747
07-22 17:00:54.028 debug LifecycleMonitor callback completes: android.support.test.rule.ActivityTestRule$LifecycleCallback@84fe747
07-22 17:00:54.047 debug LifecycleMonitor Lifecycle status change: kdk.android.simplydo.SimplyDoActivity@1e5b6de in: STOPPED
07-22 17:00:54.047 debug LifecycleMonitor running callback: android.support.test.rule.ActivityTestRule$LifecycleCallback@84fe747
07-22 17:00:54.047 debug LifecycleMonitor callback completes: android.support.test.rule.ActivityTestRule$LifecycleCallback@84fe747
07-22 17:00:54.047 verbose SimplyDo SimplyDoActivity.onDestroy() called
07-22 17:00:54.047 verbose SimplyDo CachingDataView.close(): Entered
07-22 17:00:54.047 debug SimplyDo CachingDataView.close(): Close interrupt required
07-22 17:00:54.047 debug SimplyDo CachingDataViewer.dbUpdateLoop(): interrupt exit
07-22 17:00:54.047 verbose SimplyDo CachingDataViewer.dbUpdateLoop(): Exit
07-22 17:00:54.049 verbose SimplyDo CachingDataView.close(): Exit
07-22 17:00:54.049 debug LifecycleMonitor Lifecycle status change: kdk.android.simplydo.SimplyDoActivity@1e5b6de in: DESTROYED
07-22 17:00:54.049 debug LifecycleMonitor running callback: android.support.test.rule.ActivityTestRule$LifecycleCallback@84fe747
07-22 17:00:54.049 debug LifecycleMonitor callback completes: android.support.test.rule.ActivityTestRule$LifecycleCallback@84fe747
07-22 17:00:54.059 debug EGL_emulation eglMakeCurrent: 0xae654c00: ver 3 0 (tinfo 0xae64b390)
07-22 17:00:54.063 error Surface getSlotFromBufferLocked: unknown buffer: 0xae6c4d60
07-22 17:00:54.068 debug OpenGLRenderer endAllStagingAnimators on 0xa132e680 (ListView) with handle 0xae478100
07-22 17:00:54.068 debug OpenGLRenderer endAllStagingAnimators on 0xa1302e00 (RippleDrawable) with handle 0xae478750
07-22 17:00:54.082 info TestRunner finished: checkItemDefault(kdk.android.simplydo.Default.CheckItemDefault)
