07-22 17:00:21.637 info TestRunner started: checkItemDefauC4(kdk.android.simplydo.C4.CheckItemC4)
07-22 17:00:21.638 info MonitoringInstr Activities that are still in CREATED to STOPPED: 0
07-22 17:00:21.643 warn ActivityTestRule getActivityIntent() returned null using default: Intent(Intent.ACTION_MAIN)
07-22 17:00:21.686 debug LifecycleMonitor Lifecycle status change: kdk.android.simplydo.SimplyDoActivity@a344fa in: PRE_ON_CREATE
07-22 17:00:21.686 verbose SimplyDo SimplyDoActivity.onCreate() called
07-22 17:00:21.701 verbose SimplyDo CachingDataViewer.dbUpdateLoop(): Entered
07-22 17:00:21.724 verbose SimplyDo CachingDataView.fetchLists(): Entered
07-22 17:00:21.735 debug SimplyDo fetchLists returned 11 items
07-22 17:00:21.737 verbose SimplyDo CachingDataView.fetchLists(): Exited
07-22 17:00:21.737 debug SimplyDo SimplyDoActivity.onCreate()
07-22 17:00:21.738 debug LifecycleMonitor Lifecycle status change: kdk.android.simplydo.SimplyDoActivity@a344fa in: CREATED
07-22 17:00:21.740 verbose SimplyDo SimplyDoActivity.onStart(): called
07-22 17:00:21.741 debug LifecycleMonitor Lifecycle status change: kdk.android.simplydo.SimplyDoActivity@a344fa in: STARTED
07-22 17:00:21.745 debug LifecycleMonitor Lifecycle status change: kdk.android.simplydo.SimplyDoActivity@a344fa in: RESUMED
07-22 17:00:21.882 debug EGL_emulation eglMakeCurrent: 0xae654c00: ver 3 0 (tinfo 0xae64b390)
07-22 17:00:21.916 verbose SimplyDo SimplyDoActivity.onCreateOptionsMenu() called
07-22 17:00:21.916 verbose SimplyDo SimplyDoActivity.onPrepareOptionsMenu() called
07-22 17:00:21.978 info ViewInteraction Performing 'replace text' action on view (with id: kdk.android.simplydo:id/AddListEditText and Child at position 0 in parent (with id: kdk.android.simplydo:id/LinearLayout01 and Child at position 0 in parent with id: kdk.android.simplydo:id/listsView) and is displayed on the screen to the user)
07-22 17:00:22.001 info ViewInteraction Performing 'close keyboard' action on view (with id: kdk.android.simplydo:id/AddListEditText and Child at position 0 in parent (with id: kdk.android.simplydo:id/LinearLayout01 and Child at position 0 in parent with id: kdk.android.simplydo:id/listsView) and is displayed on the screen to the user)
07-22 17:00:22.005 warn CloseKeyboardAction Attempting to close soft keyboard, while it is not shown.
07-22 17:00:22.009 info ViewInteraction Performing 'single click' action on view (with id: kdk.android.simplydo:id/AddListButton and with text: is "Add" and Child at position 1 in parent (with id: kdk.android.simplydo:id/LinearLayout01 and Child at position 0 in parent with id: kdk.android.simplydo:id/listsView) and is displayed on the screen to the user)
07-22 17:00:22.063 debug SimplyDo Insert list List
07-22 17:00:22.092 debug SimplyDo fetchLists returned 12 items
07-22 17:00:22.346 info ViewInteraction Performing 'load adapter data' action on view (with id: kdk.android.simplydo:id/ListsListView and Child at position 1 in parent with id: kdk.android.simplydo:id/listsView)
07-22 17:00:22.373 info ViewInteraction Performing 'single click' action on view  displaying data matching: ANYTHING within adapter view matching: (with id: kdk.android.simplydo:id/ListsListView and Child at position 1 in parent with id: kdk.android.simplydo:id/listsView)
07-22 17:00:22.498 verbose SimplyDo ListsListReactor.onItemClick()
07-22 17:00:22.519 debug SimplyDo fetchItems returned 0 items
07-22 17:00:23.053 info ViewInteraction Performing 'replace text' action on view (with id: kdk.android.simplydo:id/AddItemEditText and Child at position 0 in parent (with id: kdk.android.simplydo:id/LinearLayout01 and Child at position 0 in parent with id: kdk.android.simplydo:id/itemsView) and is displayed on the screen to the user)
07-22 17:00:23.097 info ViewInteraction Performing 'close keyboard' action on view (with id: kdk.android.simplydo:id/AddItemEditText and Child at position 0 in parent (with id: kdk.android.simplydo:id/LinearLayout01 and Child at position 0 in parent with id: kdk.android.simplydo:id/itemsView) and is displayed on the screen to the user)
07-22 17:00:23.099 warn CloseKeyboardAction Attempting to close soft keyboard, while it is not shown.
07-22 17:00:23.106 info ViewInteraction Performing 'single click' action on view (with id: kdk.android.simplydo:id/AddItemButton and with text: is "Add" and Child at position 1 in parent (with id: kdk.android.simplydo:id/LinearLayout01 and Child at position 0 in parent with id: kdk.android.simplydo:id/itemsView) and is displayed on the screen to the user)
07-22 17:00:23.152 verbose SimplyDo DataManager.createItem(): Insert item Item
07-22 17:00:23.430 info ViewInteraction Performing 'load adapter data' action on view (with id: kdk.android.simplydo:id/ItemsListView and Child at position 1 in parent with id: kdk.android.simplydo:id/itemsView)
07-22 17:00:23.456 info ViewInteraction Performing 'single click' action on view  displaying data matching: ANYTHING within adapter view matching: (with id: kdk.android.simplydo:id/ItemsListView and Child at position 1 in parent with id: kdk.android.simplydo:id/itemsView)
07-22 17:00:23.569 verbose SimplyDo ItemsListReactor.onItemClick()
07-22 17:00:23.569 verbose SimplyDo Item selected Item
07-22 17:00:23.569 verbose SimplyDo CachingDataViewer.itemIdBarrier(): Used
07-22 17:00:25.193 debug SimplyDo DataManager.createItem(): Inserted item and got id 7
07-22 17:00:25.195 debug SimplyDo Setting active property of 7 to false
07-22 17:00:25.195 info Choreographer Skipped 96 frames!  The application may be doing too much work on its main thread.
07-22 17:00:25.586 debug LifecycleMonitor Lifecycle status change: kdk.android.simplydo.SimplyDoActivity@a344fa in: PAUSED
07-22 17:00:25.587 debug LifecycleMonitor running callback: android.support.test.rule.ActivityTestRule$LifecycleCallback@89e170
07-22 17:00:25.587 debug LifecycleMonitor callback completes: android.support.test.rule.ActivityTestRule$LifecycleCallback@89e170
07-22 17:00:25.610 debug LifecycleMonitor Lifecycle status change: kdk.android.simplydo.SimplyDoActivity@a344fa in: STOPPED
07-22 17:00:25.610 debug LifecycleMonitor running callback: android.support.test.rule.ActivityTestRule$LifecycleCallback@89e170
07-22 17:00:25.611 debug LifecycleMonitor callback completes: android.support.test.rule.ActivityTestRule$LifecycleCallback@89e170
07-22 17:00:25.611 verbose SimplyDo SimplyDoActivity.onDestroy() called
07-22 17:00:25.611 verbose SimplyDo CachingDataView.close(): Entered
07-22 17:00:25.611 debug SimplyDo CachingDataView.close(): Close interrupt required
07-22 17:00:25.611 debug SimplyDo CachingDataViewer.dbUpdateLoop(): interrupt exit
07-22 17:00:25.611 verbose SimplyDo CachingDataViewer.dbUpdateLoop(): Exit
07-22 17:00:25.612 verbose SimplyDo CachingDataView.close(): Exit
07-22 17:00:25.612 debug LifecycleMonitor Lifecycle status change: kdk.android.simplydo.SimplyDoActivity@a344fa in: DESTROYED
07-22 17:00:25.613 debug LifecycleMonitor running callback: android.support.test.rule.ActivityTestRule$LifecycleCallback@89e170
07-22 17:00:25.613 debug LifecycleMonitor callback completes: android.support.test.rule.ActivityTestRule$LifecycleCallback@89e170
07-22 17:00:25.623 debug EGL_emulation eglMakeCurrent: 0xae654c00: ver 3 0 (tinfo 0xae64b390)
07-22 17:00:25.628 error Surface getSlotFromBufferLocked: unknown buffer: 0xae6c42c0
07-22 17:00:25.629 debug OpenGLRenderer endAllStagingAnimators on 0xa12cf880 (ListView) with handle 0xae4780f0
07-22 17:00:25.658 info TestRunner finished: checkItemDefauC4(kdk.android.simplydo.C4.CheckItemC4)
