07-22 16:59:58.269 info TestRunner started: addItemC2(kdk.android.simplydo.C2.AddItemC2)
07-22 16:59:58.270 info MonitoringInstr Activities that are still in CREATED to STOPPED: 0
07-22 16:59:58.270 warn ActivityTestRule getActivityIntent() returned null using default: Intent(Intent.ACTION_MAIN)
07-22 16:59:58.295 debug LifecycleMonitor Lifecycle status change: kdk.android.simplydo.SimplyDoActivity@8b8d538 in: PRE_ON_CREATE
07-22 16:59:58.295 verbose SimplyDo SimplyDoActivity.onCreate() called
07-22 16:59:58.328 verbose SimplyDo CachingDataViewer.dbUpdateLoop(): Entered
07-22 16:59:58.331 verbose SimplyDo CachingDataView.fetchLists(): Entered
07-22 16:59:58.383 debug SimplyDo fetchLists returned 0 items
07-22 16:59:58.384 verbose SimplyDo CachingDataView.fetchLists(): Exited
07-22 16:59:58.385 debug SimplyDo SimplyDoActivity.onCreate()
07-22 16:59:58.385 debug LifecycleMonitor Lifecycle status change: kdk.android.simplydo.SimplyDoActivity@8b8d538 in: CREATED
07-22 16:59:58.386 verbose SimplyDo SimplyDoActivity.onStart(): called
07-22 16:59:58.388 debug LifecycleMonitor Lifecycle status change: kdk.android.simplydo.SimplyDoActivity@8b8d538 in: STARTED
07-22 16:59:58.390 debug LifecycleMonitor Lifecycle status change: kdk.android.simplydo.SimplyDoActivity@8b8d538 in: RESUMED
07-22 16:59:58.398 debug OpenGLRenderer Use EGL_SWAP_BEHAVIOR_PRESERVED: true
07-22 16:59:58.402 debug  HostConnection::get() New Host Connection established 0xb40717c0, tid 8262
07-22 16:59:58.491 debug  HostConnection::get() New Host Connection established 0xae4a2540, tid 8280
07-22 16:59:58.493 info OpenGLRenderer Initialized EGL, version 1.4
07-22 16:59:58.494 warn OpenGLRenderer Failed to choose config with EGL_SWAP_BEHAVIOR_PRESERVED, retrying without...
07-22 16:59:58.495 debug EGL_emulation eglCreateContext: 0xae654c00: maj 3 min 0 rcv 3
07-22 16:59:58.497 debug EGL_emulation eglMakeCurrent: 0xae654c00: ver 3 0 (tinfo 0xae64b390)
07-22 16:59:58.498 error eglCodecCommon glUtilsParamSize: unknow param 0x00008cdf
07-22 16:59:58.498 error eglCodecCommon glUtilsParamSize: unknow param 0x00008824
07-22 16:59:58.511 debug EGL_emulation eglMakeCurrent: 0xae654c00: ver 3 0 (tinfo 0xae64b390)
07-22 16:59:58.524 verbose SimplyDo SimplyDoActivity.onCreateOptionsMenu() called
07-22 16:59:58.524 verbose SimplyDo SimplyDoActivity.onPrepareOptionsMenu() called
07-22 16:59:58.741 debug InputManagerEventInjectionStrategy Creating injection strategy with input manager.
07-22 16:59:58.758 info ViewInteraction Performing 'replace text' action on view (with id: kdk.android.simplydo:id/AddListEditText and with content description: is "addlistedittext" and is displayed on the screen to the user)
07-22 16:59:58.810 info ViewInteraction Performing 'close keyboard' action on view (with id: kdk.android.simplydo:id/AddListEditText and with content description: is "addlistedittext" and is displayed on the screen to the user)
07-22 16:59:58.814 warn CloseKeyboardAction Attempting to close soft keyboard, while it is not shown.
07-22 16:59:58.817 info ViewInteraction Performing 'single click' action on view (with id: kdk.android.simplydo:id/AddListButton and with text: is "Add" and with content description: is "Add" and is displayed on the screen to the user)
07-22 16:59:58.900 debug SimplyDo Insert list List
07-22 16:59:58.918 debug SimplyDo fetchLists returned 1 items
07-22 16:59:59.453 debug LifecycleMonitor Lifecycle status change: kdk.android.simplydo.SimplyDoActivity@8b8d538 in: PAUSED
07-22 16:59:59.453 debug LifecycleMonitor running callback: android.support.test.rule.ActivityTestRule$LifecycleCallback@42802cb
07-22 16:59:59.453 debug LifecycleMonitor callback completes: android.support.test.rule.ActivityTestRule$LifecycleCallback@42802cb
07-22 16:59:59.486 debug LifecycleMonitor Lifecycle status change: kdk.android.simplydo.SimplyDoActivity@8b8d538 in: STOPPED
07-22 16:59:59.486 debug LifecycleMonitor running callback: android.support.test.rule.ActivityTestRule$LifecycleCallback@42802cb
07-22 16:59:59.486 debug LifecycleMonitor callback completes: android.support.test.rule.ActivityTestRule$LifecycleCallback@42802cb
07-22 16:59:59.486 verbose SimplyDo SimplyDoActivity.onDestroy() called
07-22 16:59:59.486 verbose SimplyDo CachingDataView.close(): Entered
07-22 16:59:59.486 debug SimplyDo CachingDataView.close(): Close interrupt required
07-22 16:59:59.486 debug SimplyDo CachingDataViewer.dbUpdateLoop(): interrupt exit
07-22 16:59:59.486 verbose SimplyDo CachingDataViewer.dbUpdateLoop(): Exit
07-22 16:59:59.487 verbose SimplyDo CachingDataView.close(): Exit
07-22 16:59:59.487 debug LifecycleMonitor Lifecycle status change: kdk.android.simplydo.SimplyDoActivity@8b8d538 in: DESTROYED
07-22 16:59:59.487 debug LifecycleMonitor running callback: android.support.test.rule.ActivityTestRule$LifecycleCallback@42802cb
07-22 16:59:59.487 debug LifecycleMonitor callback completes: android.support.test.rule.ActivityTestRule$LifecycleCallback@42802cb
07-22 16:59:59.501 debug EGL_emulation eglMakeCurrent: 0xae654c00: ver 3 0 (tinfo 0xae64b390)
07-22 16:59:59.506 error Surface getSlotFromBufferLocked: unknown buffer: 0xae6c3b40
07-22 16:59:59.508 debug OpenGLRenderer endAllStagingAnimators on 0xa246ea80 (RippleDrawable) with handle 0xae64b600
07-22 16:59:59.514 info TestRunner failed: addItemC2(kdk.android.simplydo.C2.AddItemC2)
07-22 16:59:59.514 info TestRunner ----- begin exception -----
07-22 16:59:59.515 info TestRunner android.support.test.espresso.AmbiguousViewMatcherException: '(with class name: is "android.widget.LinearLayout" and is displayed on the screen to the user)' matches multiple views in the hierarchy.
07-22 16:59:59.515 info TestRunner Problem views are marked with '****MATCHES****' below.
07-22 16:59:59.515 info TestRunner View Hierarchy:
07-22 16:59:59.515 info TestRunner +>DecorView{id=-1, visibility=VISIBLE, width=720, height=1280, has-focus=true, has-focusable=true, has-window-focus=true, is-clickable=false, is-enabled=true, is-focused=false, is-focusable=false, is-layout-requested=false, is-selected=false, layout-params=WM.LayoutParams{(0,0)(fillxfill) sim=#3 ty=1 fl=#81810100 wanim=0x1030383 needsMenuKey=2}, tag=null, root-is-layout-requested=false, has-input-connection=false, x=0.0, y=0.0, child-count=3} 
07-22 16:59:59.515 info TestRunner |
07-22 16:59:59.515 info TestRunner +->ActionBarOverlayLayout{id=16909230, res-name=decor_content_parent, visibility=VISIBLE, width=720, height=1208, has-focus=true, has-focusable=true, has-window-focus=true, is-clickable=false, is-enabled=true, is-focused=false, is-focusable=false, is-layout-requested=false, is-selected=false, layout-params=android.widget.FrameLayout$LayoutParams@6c751ad, tag=null, root-is-layout-requested=false, has-input-connection=false, x=0.0, y=0.0, child-count=2} 
07-22 16:59:59.515 info TestRunner |
07-22 16:59:59.515 info TestRunner +-->FrameLayout{id=16908290, res-name=content, visibility=VISIBLE, width=720, height=1088, has-focus=true, has-focusable=true, has-window-focus=true, is-clickable=false, is-enabled=true, is-focused=false, is-focusable=false, is-layout-requested=false, is-selected=false, layout-params=com.android.internal.widget.ActionBarOverlayLayout$LayoutParams@68eace2, tag=null, root-is-layout-requested=false, has-input-connection=false, x=0.0, y=120.0, child-count=1} 
07-22 16:59:59.515 info TestRunner |
07-22 16:59:59.515 info TestRunner +--->LinearLayout{id=-1, visibility=VISIBLE, width=720, height=1088, has-focus=true, has-focusable=true, has-window-focus=true, is-clickable=false, is-enabled=true, is-focused=false, is-focusable=false, is-layout-requested=false, is-selected=false, layout-params=android.widget.FrameLayout$LayoutParams@364f330, tag=null, root-is-layout-requested=false, has-input-connection=false, x=0.0, y=0.0, child-count=1} ****MATCHES****
07-22 16:59:59.515 info TestRunner |
07-22 16:59:59.515 info TestRunner +---->ViewSwitcher{id=2130903049, res-name=ListsItemsSwitcher, visibility=VISIBLE, width=720, height=146, has-focus=true, has-focusable=true, has-window-focus=true, is-clickable=false, is-enabled=true, is-focused=false, is-focusable=false, is-layout-requested=false, is-selected=false, layout-params=android.widget.LinearLayout$LayoutParams@6eeb52e, tag=null, root-is-layout-requested=false, has-input-connection=false, x=0.0, y=0.0, child-count=2} 
07-22 16:59:59.515 info TestRunner |
07-22 16:59:59.515 info TestRunner +----->LinearLayout{id=2130903059, res-name=listsView, visibility=VISIBLE, width=720, height=146, has-focus=true, has-focusable=true, has-window-focus=true, is-clickable=false, is-enabled=true, is-focused=false, is-focusable=false, is-layout-requested=false, is-selected=false, layout-params=android.widget.FrameLayout$LayoutParams@7de125c, tag=null, root-is-layout-requested=false, has-input-connection=false, x=0.0, y=0.0, child-count=2} ****MATCHES****
07-22 16:59:59.515 info TestRunner |
07-22 16:59:59.515 info TestRunner +------>LinearLayout{id=2130903048, res-name=LinearLayout01, visibility=VISIBLE, width=720, height=72, has-focus=true, has-focusable=true, has-window-focus=true, is-clickable=false, is-enabled=true, is-focused=false, is-focusable=false, is-layout-requested=false, is-selected=false, layout-params=android.widget.LinearLayout$LayoutParams@36eb2eb, tag=null, root-is-layout-requested=false, has-input-connection=false, x=0.0, y=0.0, child-count=2} ****MATCHES****
07-22 16:59:59.515 info TestRunner |
07-22 16:59:59.515 info TestRunner +------->EditText{id=2130903043, res-name=AddListEditText, desc=addlistedittext, visibility=VISIBLE, width=588, height=72, has-focus=true, has-focusable=true, has-window-focus=true, is-clickable=true, is-enabled=true, is-focused=true, is-focusable=true, is-layout-requested=false, is-selected=false, layout-params=android.widget.LinearLayout$LayoutParams@29ad6e1, tag=null, root-is-layout-requested=false, has-input-connection=true, editor-info=[inputType=0x31 imeOptions=0x8000006 privateImeOptions=null actionLabel=null actionId=0 initialSelStart=0 initialSelEnd=0 initialCapsMode=0x0 hintText=New List Name label=nu
07-22 16:59:59.515 info TestRunner ----- end exception -----
07-22 16:59:59.519 info TestRunner finished: addItemC2(kdk.android.simplydo.C2.AddItemC2)
