07-22 17:00:52.408 info TestRunner started: createListsDefauC4(kdk.android.simplydo.C4.CreateListsC4)
07-22 17:00:52.421 info MonitoringInstr Activities that are still in CREATED to STOPPED: 0
07-22 17:00:52.423 warn ActivityTestRule getActivityIntent() returned null using default: Intent(Intent.ACTION_MAIN)
07-22 17:00:52.501 debug LifecycleMonitor Lifecycle status change: kdk.android.simplydo.SimplyDoActivity@bf36de5 in: PRE_ON_CREATE
07-22 17:00:52.501 verbose SimplyDo SimplyDoActivity.onCreate() called
07-22 17:00:52.579 verbose SimplyDo CachingDataViewer.dbUpdateLoop(): Entered
07-22 17:00:52.623 verbose SimplyDo CachingDataView.fetchLists(): Entered
07-22 17:00:52.644 debug SimplyDo fetchLists returned 12 items
07-22 17:00:52.645 verbose SimplyDo CachingDataView.fetchLists(): Exited
07-22 17:00:52.650 debug SimplyDo SimplyDoActivity.onCreate()
07-22 17:00:52.651 debug LifecycleMonitor Lifecycle status change: kdk.android.simplydo.SimplyDoActivity@bf36de5 in: CREATED
07-22 17:00:52.667 verbose SimplyDo SimplyDoActivity.onStart(): called
07-22 17:00:52.670 debug LifecycleMonitor Lifecycle status change: kdk.android.simplydo.SimplyDoActivity@bf36de5 in: STARTED
07-22 17:00:52.679 debug LifecycleMonitor Lifecycle status change: kdk.android.simplydo.SimplyDoActivity@bf36de5 in: RESUMED
07-22 17:00:52.789 verbose SimplyDo SimplyDoActivity.onCreateOptionsMenu() called
07-22 17:00:52.790 verbose SimplyDo SimplyDoActivity.onPrepareOptionsMenu() called
07-22 17:00:52.796 debug EGL_emulation eglMakeCurrent: 0xa61055a0: ver 3 0 (tinfo 0xa61032b0)
07-22 17:00:52.840 info ViewInteraction Performing 'replace text' action on view (with id: kdk.android.simplydo:id/AddListEditText and Child at position 0 in parent (with id: kdk.android.simplydo:id/LinearLayout01 and Child at position 0 in parent with id: kdk.android.simplydo:id/listsView) and is displayed on the screen to the user)
07-22 17:00:52.872 info ViewInteraction Performing 'close keyboard' action on view (with id: kdk.android.simplydo:id/AddListEditText and Child at position 0 in parent (with id: kdk.android.simplydo:id/LinearLayout01 and Child at position 0 in parent with id: kdk.android.simplydo:id/listsView) and is displayed on the screen to the user)
07-22 17:00:52.874 warn CloseKeyboardAction Attempting to close soft keyboard, while it is not shown.
07-22 17:00:52.877 info ViewInteraction Performing 'single click' action on view (with id: kdk.android.simplydo:id/AddListButton and with text: is "Add" and Child at position 1 in parent (with id: kdk.android.simplydo:id/LinearLayout01 and Child at position 0 in parent with id: kdk.android.simplydo:id/listsView) and is displayed on the screen to the user)
07-22 17:00:52.958 debug SimplyDo Insert list List
07-22 17:00:53.008 debug SimplyDo fetchLists returned 13 items
07-22 17:00:53.256 info ViewInteraction Performing 'replace text' action on view (with id: kdk.android.simplydo:id/AddListEditText and Child at position 0 in parent (with id: kdk.android.simplydo:id/LinearLayout01 and Child at position 0 in parent with id: kdk.android.simplydo:id/listsView) and is displayed on the screen to the user)
07-22 17:00:53.329 info ViewInteraction Performing 'close keyboard' action on view (with id: kdk.android.simplydo:id/AddListEditText and Child at position 0 in parent (with id: kdk.android.simplydo:id/LinearLayout01 and Child at position 0 in parent with id: kdk.android.simplydo:id/listsView) and is displayed on the screen to the user)
07-22 17:00:53.332 warn CloseKeyboardAction Attempting to close soft keyboard, while it is not shown.
07-22 17:00:53.339 info ViewInteraction Performing 'single click' action on view (with id: kdk.android.simplydo:id/AddListButton and with text: is "Add" and Child at position 1 in parent (with id: kdk.android.simplydo:id/LinearLayout01 and Child at position 0 in parent with id: kdk.android.simplydo:id/listsView) and is displayed on the screen to the user)
07-22 17:00:53.386 debug SimplyDo Insert list List2
07-22 17:00:53.479 debug SimplyDo fetchLists returned 14 items
07-22 17:00:53.947 debug LifecycleMonitor Lifecycle status change: kdk.android.simplydo.SimplyDoActivity@bf36de5 in: PAUSED
07-22 17:00:53.948 debug LifecycleMonitor running callback: android.support.test.rule.ActivityTestRule$LifecycleCallback@e86d5d8
07-22 17:00:53.948 debug LifecycleMonitor callback completes: android.support.test.rule.ActivityTestRule$LifecycleCallback@e86d5d8
07-22 17:00:54.051 info TestRunner finished: createListsDefauC4(kdk.android.simplydo.C4.CreateListsC4)
