07-22 17:00:30.915 info TestRunner started: addItemC5(kdk.android.simplydo.C5.AddItemC5)
07-22 17:00:30.927 info MonitoringInstr Activities that are still in CREATED to STOPPED: 0
07-22 17:00:30.930 warn ActivityTestRule getActivityIntent() returned null using default: Intent(Intent.ACTION_MAIN)
07-22 17:00:31.003 debug LifecycleMonitor Lifecycle status change: kdk.android.simplydo.SimplyDoActivity@6f1396d in: PRE_ON_CREATE
07-22 17:00:31.003 verbose SimplyDo SimplyDoActivity.onCreate() called
07-22 17:00:31.022 verbose SimplyDo CachingDataViewer.dbUpdateLoop(): Entered
07-22 17:00:31.023 verbose SimplyDo CachingDataView.fetchLists(): Entered
07-22 17:00:31.034 debug SimplyDo fetchLists returned 15 items
07-22 17:00:31.038 verbose SimplyDo CachingDataView.fetchLists(): Exited
07-22 17:00:31.038 debug SimplyDo SimplyDoActivity.onCreate()
07-22 17:00:31.047 debug LifecycleMonitor Lifecycle status change: kdk.android.simplydo.SimplyDoActivity@6f1396d in: CREATED
07-22 17:00:31.057 verbose SimplyDo SimplyDoActivity.onStart(): called
07-22 17:00:31.057 debug LifecycleMonitor Lifecycle status change: kdk.android.simplydo.SimplyDoActivity@6f1396d in: STARTED
07-22 17:00:31.058 debug LifecycleMonitor Lifecycle status change: kdk.android.simplydo.SimplyDoActivity@6f1396d in: RESUMED
07-22 17:00:31.135 debug EGL_emulation eglMakeCurrent: 0xae654c00: ver 3 0 (tinfo 0xae64b390)
07-22 17:00:31.166 verbose SimplyDo SimplyDoActivity.onCreateOptionsMenu() called
07-22 17:00:31.166 verbose SimplyDo SimplyDoActivity.onPrepareOptionsMenu() called
07-22 17:00:31.199 info ViewInteraction Performing 'replace text' action on view (with id: kdk.android.simplydo:id/AddListEditText and Child at position 0 in parent (with id: kdk.android.simplydo:id/LinearLayout01 and Child at position 0 in parent (with id: kdk.android.simplydo:id/listsView and Child at position 0 in parent (with id: kdk.android.simplydo:id/ListsItemsSwitcher and Child at position 0 in parent Child at position 0 in parent with id: android:id/content))) and is displayed on the screen to the user)
07-22 17:00:31.232 info ViewInteraction Performing 'close keyboard' action on view (with id: kdk.android.simplydo:id/AddListEditText and Child at position 0 in parent (with id: kdk.android.simplydo:id/LinearLayout01 and Child at position 0 in parent (with id: kdk.android.simplydo:id/listsView and Child at position 0 in parent (with id: kdk.android.simplydo:id/ListsItemsSwitcher and Child at position 0 in parent Child at position 0 in parent with id: android:id/content))) and is displayed on the screen to the user)
07-22 17:00:31.233 warn CloseKeyboardAction Attempting to close soft keyboard, while it is not shown.
07-22 17:00:31.238 info ViewInteraction Performing 'single click' action on view (with id: kdk.android.simplydo:id/AddListButton and with text: is "Add" and Child at position 1 in parent (with id: kdk.android.simplydo:id/LinearLayout01 and Child at position 0 in parent (with id: kdk.android.simplydo:id/listsView and Child at position 0 in parent (with id: kdk.android.simplydo:id/ListsItemsSwitcher and Child at position 0 in parent Child at position 0 in parent with id: android:id/content))) and is displayed on the screen to the user)
07-22 17:00:31.281 debug SimplyDo Insert list List
07-22 17:00:31.303 debug SimplyDo fetchLists returned 16 items
07-22 17:00:31.541 info ViewInteraction Performing 'load adapter data' action on view (with id: kdk.android.simplydo:id/ListsListView and Child at position 1 in parent (with id: kdk.android.simplydo:id/listsView and Child at position 0 in parent (with id: kdk.android.simplydo:id/ListsItemsSwitcher and Child at position 0 in parent Child at position 0 in parent with id: android:id/content)))
07-22 17:00:31.551 info ViewInteraction Performing 'single click' action on view  displaying data matching: ANYTHING within adapter view matching: (with id: kdk.android.simplydo:id/ListsListView and Child at position 1 in parent (with id: kdk.android.simplydo:id/listsView and Child at position 0 in parent (with id: kdk.android.simplydo:id/ListsItemsSwitcher and Child at position 0 in parent Child at position 0 in parent with id: android:id/content)))
07-22 17:00:31.657 verbose SimplyDo ListsListReactor.onItemClick()
07-22 17:00:31.660 debug SimplyDo fetchItems returned 3 items
07-22 17:00:32.194 info ViewInteraction Performing 'replace text' action on view (with id: kdk.android.simplydo:id/AddItemEditText and Child at position 0 in parent (with id: kdk.android.simplydo:id/LinearLayout01 and Child at position 0 in parent (with id: kdk.android.simplydo:id/itemsView and Child at position 1 in parent (with id: kdk.android.simplydo:id/ListsItemsSwitcher and Child at position 0 in parent Child at position 0 in parent with id: android:id/content))) and is displayed on the screen to the user)
07-22 17:00:32.219 info ViewInteraction Performing 'close keyboard' action on view (with id: kdk.android.simplydo:id/AddItemEditText and Child at position 0 in parent (with id: kdk.android.simplydo:id/LinearLayout01 and Child at position 0 in parent (with id: kdk.android.simplydo:id/itemsView and Child at position 1 in parent (with id: kdk.android.simplydo:id/ListsItemsSwitcher and Child at position 0 in parent Child at position 0 in parent with id: android:id/content))) and is displayed on the screen to the user)
07-22 17:00:32.220 warn CloseKeyboardAction Attempting to close soft keyboard, while it is not shown.
07-22 17:00:32.223 info ViewInteraction Performing 'single click' action on view (with id: kdk.android.simplydo:id/AddItemButton and with text: is "Add" and Child at position 1 in parent (with id: kdk.android.simplydo:id/LinearLayout01 and Child at position 0 in parent (with id: kdk.android.simplydo:id/itemsView and Child at position 1 in parent (with id: kdk.android.simplydo:id/ListsItemsSwitcher and Child at position 0 in parent Child at position 0 in parent with id: android:id/content))) and is displayed on the screen to the user)
07-22 17:00:32.271 verbose SimplyDo DataManager.createItem(): Insert item Item
07-22 17:00:32.287 debug SimplyDo DataManager.createItem(): Inserted item and got id 11
07-22 17:00:32.566 debug LifecycleMonitor Lifecycle status change: kdk.android.simplydo.SimplyDoActivity@6f1396d in: PAUSED
07-22 17:00:32.566 debug LifecycleMonitor running callback: android.support.test.rule.ActivityTestRule$LifecycleCallback@f573c35
07-22 17:00:32.566 debug LifecycleMonitor callback completes: android.support.test.rule.ActivityTestRule$LifecycleCallback@f573c35
07-22 17:00:32.619 debug LifecycleMonitor Lifecycle status change: kdk.android.simplydo.SimplyDoActivity@6f1396d in: STOPPED
07-22 17:00:32.619 debug LifecycleMonitor running callback: android.support.test.rule.ActivityTestRule$LifecycleCallback@f573c35
07-22 17:00:32.619 debug LifecycleMonitor callback completes: android.support.test.rule.ActivityTestRule$LifecycleCallback@f573c35
07-22 17:00:32.619 verbose SimplyDo SimplyDoActivity.onDestroy() called
07-22 17:00:32.619 verbose SimplyDo CachingDataView.close(): Entered
07-22 17:00:32.619 debug SimplyDo CachingDataView.close(): Close interrupt required
07-22 17:00:32.619 debug SimplyDo CachingDataViewer.dbUpdateLoop(): interrupt exit
07-22 17:00:32.619 verbose SimplyDo CachingDataViewer.dbUpdateLoop(): Exit
07-22 17:00:32.620 verbose SimplyDo CachingDataView.close(): Exit
07-22 17:00:32.621 debug LifecycleMonitor Lifecycle status change: kdk.android.simplydo.SimplyDoActivity@6f1396d in: DESTROYED
07-22 17:00:32.621 debug LifecycleMonitor running callback: android.support.test.rule.ActivityTestRule$LifecycleCallback@f573c35
07-22 17:00:32.621 debug LifecycleMonitor callback completes: android.support.test.rule.ActivityTestRule$LifecycleCallback@f573c35
07-22 17:00:32.653 debug EGL_emulation eglMakeCurrent: 0xae654c00: ver 3 0 (tinfo 0xae64b390)
07-22 17:00:32.656 error Surface getSlotFromBufferLocked: unknown buffer: 0xae6c47c0
07-22 17:00:32.658 debug OpenGLRenderer endAllStagingAnimators on 0xa10def80 (RippleDrawable) with handle 0xae478740
07-22 17:00:32.664 info TestRunner finished: addItemC5(kdk.android.simplydo.C5.AddItemC5)
