07-22 17:00:10.323 info TestRunner started: createListsC2(kdk.android.simplydo.C2.CreateListsC2)
07-22 17:00:10.329 info MonitoringInstr Activities that are still in CREATED to STOPPED: 0
07-22 17:00:10.337 warn ActivityTestRule getActivityIntent() returned null using default: Intent(Intent.ACTION_MAIN)
07-22 17:00:10.390 debug LifecycleMonitor Lifecycle status change: kdk.android.simplydo.SimplyDoActivity@b85e4b2 in: PRE_ON_CREATE
07-22 17:00:10.391 verbose SimplyDo SimplyDoActivity.onCreate() called
07-22 17:00:10.457 verbose SimplyDo CachingDataViewer.dbUpdateLoop(): Entered
07-22 17:00:10.501 verbose SimplyDo CachingDataView.fetchLists(): Entered
07-22 17:00:10.520 debug SimplyDo fetchLists returned 2 items
07-22 17:00:10.521 verbose SimplyDo CachingDataView.fetchLists(): Exited
07-22 17:00:10.521 debug SimplyDo SimplyDoActivity.onCreate()
07-22 17:00:10.526 debug LifecycleMonitor Lifecycle status change: kdk.android.simplydo.SimplyDoActivity@b85e4b2 in: CREATED
07-22 17:00:10.526 verbose SimplyDo SimplyDoActivity.onStart(): called
07-22 17:00:10.535 debug LifecycleMonitor Lifecycle status change: kdk.android.simplydo.SimplyDoActivity@b85e4b2 in: STARTED
07-22 17:00:10.545 debug LifecycleMonitor Lifecycle status change: kdk.android.simplydo.SimplyDoActivity@b85e4b2 in: RESUMED
07-22 17:00:10.763 verbose SimplyDo SimplyDoActivity.onCreateOptionsMenu() called
07-22 17:00:10.763 verbose SimplyDo SimplyDoActivity.onPrepareOptionsMenu() called
07-22 17:00:10.789 debug EGL_emulation eglMakeCurrent: 0xa61055a0: ver 3 0 (tinfo 0xa61032b0)
07-22 17:00:10.898 info ViewInteraction Performing 'replace text' action on view (with id: kdk.android.simplydo:id/AddListEditText and with content description: is "addlistedittext" and is displayed on the screen to the user)
07-22 17:00:11.146 info ViewInteraction Performing 'close keyboard' action on view (with id: kdk.android.simplydo:id/AddListEditText and with content description: is "addlistedittext" and is displayed on the screen to the user)
07-22 17:00:11.149 warn CloseKeyboardAction Attempting to close soft keyboard, while it is not shown.
07-22 17:00:11.165 info ViewInteraction Performing 'single click' action on view (with id: kdk.android.simplydo:id/AddListButton and with text: is "Add" and with content description: is "Add" and is displayed on the screen to the user)
07-22 17:00:11.237 debug SimplyDo Insert list List1
07-22 17:00:11.294 debug SimplyDo fetchLists returned 3 items
07-22 17:00:11.554 info ViewInteraction Performing 'replace text' action on view (with id: kdk.android.simplydo:id/AddListEditText and with content description: is "addlistedittext" and is displayed on the screen to the user)
07-22 17:00:11.653 info ViewInteraction Performing 'close keyboard' action on view (with id: kdk.android.simplydo:id/AddListEditText and with content description: is "addlistedittext" and is displayed on the screen to the user)
07-22 17:00:11.655 warn CloseKeyboardAction Attempting to close soft keyboard, while it is not shown.
07-22 17:00:11.678 info ViewInteraction Performing 'single click' action on view (with id: kdk.android.simplydo:id/AddListButton and with text: is "Add" and with content description: is "Add" and is displayed on the screen to the user)
07-22 17:00:11.693 info zygote JIT allocated 67KB for compiled code of void android.view.View.<init>(android.content.Context, android.util.AttributeSet, int, int)
07-22 17:00:11.734 debug SimplyDo Insert list List2
07-22 17:00:11.783 debug SimplyDo fetchLists returned 4 items
07-22 17:00:11.784 info zygote Do full code cache collection, code=496KB, data=320KB
07-22 17:00:11.787 info zygote After code cache collection, code=419KB, data=239KB
07-22 17:00:12.087 debug LifecycleMonitor Lifecycle status change: kdk.android.simplydo.SimplyDoActivity@b85e4b2 in: PAUSED
07-22 17:00:12.087 debug LifecycleMonitor running callback: android.support.test.rule.ActivityTestRule$LifecycleCallback@8a840d5
07-22 17:00:12.087 debug LifecycleMonitor callback completes: android.support.test.rule.ActivityTestRule$LifecycleCallback@8a840d5
07-22 17:00:12.187 info TestRunner finished: createListsC2(kdk.android.simplydo.C2.CreateListsC2)
