07-22 17:00:23.238 info TestRunner started: changeSettingsC3(kdk.android.simplydo.C3.ChangeSettingsC3)
07-22 17:00:23.269 info MonitoringInstr Activities that are still in CREATED to STOPPED: 0
07-22 17:00:23.271 warn ActivityTestRule getActivityIntent() returned null using default: Intent(Intent.ACTION_MAIN)
07-22 17:00:23.335 debug LifecycleMonitor Lifecycle status change: kdk.android.simplydo.SimplyDoActivity@ce01414 in: PRE_ON_CREATE
07-22 17:00:23.336 verbose SimplyDo SimplyDoActivity.onCreate() called
07-22 17:00:23.401 verbose SimplyDo CachingDataViewer.dbUpdateLoop(): Entered
07-22 17:00:23.422 verbose SimplyDo CachingDataView.fetchLists(): Entered
07-22 17:00:23.458 debug SimplyDo fetchLists returned 6 items
07-22 17:00:23.459 verbose SimplyDo CachingDataView.fetchLists(): Exited
07-22 17:00:23.460 debug SimplyDo SimplyDoActivity.onCreate()
07-22 17:00:23.461 debug LifecycleMonitor Lifecycle status change: kdk.android.simplydo.SimplyDoActivity@ce01414 in: CREATED
07-22 17:00:23.463 verbose SimplyDo SimplyDoActivity.onStart(): called
07-22 17:00:23.465 debug LifecycleMonitor Lifecycle status change: kdk.android.simplydo.SimplyDoActivity@ce01414 in: STARTED
07-22 17:00:23.471 debug LifecycleMonitor Lifecycle status change: kdk.android.simplydo.SimplyDoActivity@ce01414 in: RESUMED
07-22 17:00:23.904 verbose SimplyDo SimplyDoActivity.onCreateOptionsMenu() called
07-22 17:00:23.905 verbose SimplyDo SimplyDoActivity.onPrepareOptionsMenu() called
07-22 17:00:23.940 debug EGL_emulation eglMakeCurrent: 0xa61055a0: ver 3 0 (tinfo 0xa61032b0)
07-22 17:00:24.034 info ViewInteraction Performing 'Handle transition between action bar and action bar context.' action on view is a root view.
07-22 17:00:24.090 info ViewInteraction Performing 'single click' action on view ((is displayed on the screen to the user and with content description: is "More options") or (is displayed on the screen to the user and with class name: a string ending with "OverflowMenuButton"))
07-22 17:00:24.169 verbose SimplyDo SimplyDoActivity.onPrepareOptionsMenu() called
07-22 17:00:24.542 debug EGL_emulation eglMakeCurrent: 0xa61055a0: ver 3 0 (tinfo 0xa61032b0)
07-22 17:00:24.599 debug EGL_emulation eglMakeCurrent: 0xa61055a0: ver 3 0 (tinfo 0xa61032b0)
07-22 17:00:24.636 info chatty uid=10114(u0_a114) RenderThread identical 2 lines
07-22 17:00:24.650 debug EGL_emulation eglMakeCurrent: 0xa61055a0: ver 3 0 (tinfo 0xa61032b0)
07-22 17:00:24.886 info ViewInteraction Performing 'single click' action on view (with id: android:id/title and with text: is "Settings" and Child at position 0 in parent Child at position 0 in parent has parent matching: Child at position 0 in parent with class name: is "android.widget.PopupWindow$PopupBackgroundView" and is displayed on the screen to the user)
07-22 17:00:25.012 verbose SimplyDo SimplyDoActivity.onMenuItemSelected() called
07-22 17:00:25.078 debug LifecycleMonitor Lifecycle status change: kdk.android.simplydo.SimplyDoActivity@ce01414 in: PAUSED
07-22 17:00:25.078 debug LifecycleMonitor running callback: android.support.test.rule.ActivityTestRule$LifecycleCallback@4f29594
07-22 17:00:25.078 debug LifecycleMonitor callback completes: android.support.test.rule.ActivityTestRule$LifecycleCallback@4f29594
07-22 17:00:25.178 debug EGL_emulation eglMakeCurrent: 0xa61055a0: ver 3 0 (tinfo 0xa61032b0)
07-22 17:00:25.195 debug EGL_emulation eglMakeCurrent: 0xa61055a0: ver 3 0 (tinfo 0xa61032b0)
07-22 17:00:25.199 debug LifecycleMonitor Lifecycle status change: kdk.android.simplydo.SettingsActivity@8fe7832 in: PRE_ON_CREATE
07-22 17:00:25.200 debug LifecycleMonitor running callback: android.support.test.rule.ActivityTestRule$LifecycleCallback@4f29594
07-22 17:00:25.200 debug LifecycleMonitor callback completes: android.support.test.rule.ActivityTestRule$LifecycleCallback@4f29594
07-22 17:00:25.302 debug LifecycleMonitor Lifecycle status change: kdk.android.simplydo.SettingsActivity@8fe7832 in: CREATED
07-22 17:00:25.302 debug LifecycleMonitor running callback: android.support.test.rule.ActivityTestRule$LifecycleCallback@4f29594
07-22 17:00:25.302 debug LifecycleMonitor callback completes: android.support.test.rule.ActivityTestRule$LifecycleCallback@4f29594
07-22 17:00:25.307 debug LifecycleMonitor Lifecycle status change: kdk.android.simplydo.SettingsActivity@8fe7832 in: STARTED
07-22 17:00:25.307 debug LifecycleMonitor running callback: android.support.test.rule.ActivityTestRule$LifecycleCallback@4f29594
07-22 17:00:25.307 debug LifecycleMonitor callback completes: android.support.test.rule.ActivityTestRule$LifecycleCallback@4f29594
07-22 17:00:25.317 debug LifecycleMonitor Lifecycle status change: kdk.android.simplydo.SettingsActivity@8fe7832 in: RESUMED
07-22 17:00:25.317 debug LifecycleMonitor running callback: android.support.test.rule.ActivityTestRule$LifecycleCallback@4f29594
07-22 17:00:25.317 debug LifecycleMonitor callback completes: android.support.test.rule.ActivityTestRule$LifecycleCallback@4f29594
07-22 17:00:25.477 debug EGL_emulation eglMakeCurrent: 0xa61055a0: ver 3 0 (tinfo 0xa61032b0)
07-22 17:00:25.488 info chatty uid=10114(u0_a114) RenderThread identical 1 line
07-22 17:00:25.537 debug EGL_emulation eglMakeCurrent: 0xa61055a0: ver 3 0 (tinfo 0xa61032b0)
07-22 17:00:25.541 debug OpenGLRenderer endAllActiveAnimators on 0x9257a280 (MenuPopupWindow$MenuDropDownListView) with handle 0x9010c560
07-22 17:00:25.624 debug EGL_emulation eglMakeCurrent: 0xa61055a0: ver 3 0 (tinfo 0xa61032b0)
07-22 17:00:25.774 info ViewInteraction Performing 'load adapter data' action on view (with id: android:id/list and Child at position 0 in parent (with class name: is "android.widget.LinearLayout" and Child at position 0 in parent Child at position 0 in parent Child at position 0 in parent with id: android:id/content))
07-22 17:00:25.835 info ViewInteraction Performing 'single click' action on view  displaying data matching: ANYTHING within adapter view matching: (with id: android:id/list and Child at position 0 in parent (with class name: is "android.widget.LinearLayout" and Child at position 0 in parent Child at position 0 in parent Child at position 0 in parent with id: android:id/content))
07-22 17:00:26.000 verbose SimplyDo onPreferenceTreeClick() for key listSorting
07-22 17:00:26.205 debug EGL_emulation eglMakeCurrent: 0xa61055a0: ver 3 0 (tinfo 0xa61032b0)
07-22 17:00:26.404 info chatty uid=10114(u0_a114) RenderThread identical 3 lines
07-22 17:00:26.439 debug EGL_emulation eglMakeCurrent: 0xa61055a0: ver 3 0 (tinfo 0xa61032b0)
07-22 17:00:26.441 verbose SimplyDo SimplyDoActivity.onSaveInstanceState() called
07-22 17:00:26.456 debug LifecycleMonitor Lifecycle status change: kdk.android.simplydo.SimplyDoActivity@ce01414 in: STOPPED
07-22 17:00:26.456 debug LifecycleMonitor running callback: android.support.test.rule.ActivityTestRule$LifecycleCallback@4f29594
07-22 17:00:26.458 debug LifecycleMonitor callback completes: android.support.test.rule.ActivityTestRule$LifecycleCallback@4f29594
07-22 17:00:26.458 debug EGL_emulation eglMakeCurrent: 0xa61055a0: ver 3 0 (tinfo 0xa61032b0)
07-22 17:00:26.568 info ViewInteraction Performing 'load adapter data' action on view (with class name: is "com.android.internal.app.AlertController$RecycleListView" and Child at position 0 in parent (with class name: is "android.widget.FrameLayout" and Child at position 1 in parent (with class name: is "com.android.internal.widget.AlertDialogLayout" and Child at position 0 in parent (with id: android:id/content and Child at position 0 in parent with class name: is "android.widget.FrameLayout"))))
07-22 17:00:26.599 debug EGL_emulation eglMakeCurrent: 0xa61055a0: ver 3 0 (tinfo 0xa61032b0)
07-22 17:00:26.609 info ViewInteraction Performing 'single click' action on view  displaying data matching: ANYTHING within adapter view matching: (with class name: is "com.android.internal.app.AlertController$RecycleListView" and Child at position 0 in parent (with class name: is "android.widget.FrameLayout" and Child at position 1 in parent (with class name: is "com.android.internal.widget.AlertDialogLayout" and Child at position 0 in parent (with id: android:id/content and Child at position 0 in parent with class name: is "android.widget.FrameLayout"))))
07-22 17:00:26.614 debug EGL_emulation eglMakeCurrent: 0xa61055a0: ver 3 0 (tinfo 0xa61032b0)
07-22 17:00:26.767 info chatty uid=10114(u0_a114) RenderThread identical 7 lines
07-22 17:00:26.811 debug EGL_emulation eglMakeCurrent: 0xa61055a0: ver 3 0 (tinfo 0xa61032b0)
07-22 17:00:27.099 info ViewInteraction Performing 'load adapter data' action on view (with id: android:id/list and Child at position 0 in parent (with class name: is "android.widget.LinearLayout" and Child at position 0 in parent Child at position 0 in parent Child at position 0 in parent with id: android:id/content))
07-22 17:00:27.112 info ViewInteraction Performing 'single click' action on view  displaying data matching: ANYTHING within adapter view matching: (with id: android:id/list and Child at position 0 in parent (with class name: is "android.widget.LinearLayout" and Child at position 0 in parent Child at position 0 in parent Child at position 0 in parent with id: android:id/content))
07-22 17:00:27.258 verbose SimplyDo onPreferenceTreeClick() for key itemSorting
07-22 17:00:27.356 debug EGL_emulation eglMakeCurrent: 0xa61055a0: ver 3 0 (tinfo 0xa61032b0)
07-22 17:00:27.477 info chatty uid=10114(u0_a114) RenderThread identical 4 lines
07-22 17:00:27.486 debug EGL_emulation eglMakeCurrent: 0xa61055a0: ver 3 0 (tinfo 0xa61032b0)
07-22 17:00:27.556 info ViewInteraction Performing 'load adapter data' action on view (with class name: is "com.android.internal.app.AlertController$RecycleListView" and Child at position 0 in parent (with class name: is "android.widget.FrameLayout" and Child at position 1 in parent (with class name: is "com.android.internal.widget.AlertDialogLayout" and Child at position 0 in parent (with id: android:id/content and Child at position 0 in parent with class name: is "android.widget.FrameLayout"))))
07-22 17:00:27.582 debug EGL_emulation eglMakeCurrent: 0xa61055a0: ver 3 0 (tinfo 0xa61032b0)
07-22 17:00:27.592 debug EGL_emulation eglMakeCurrent: 0xa61055a0: ver 3 0 (tinfo 0xa61032b0)
07-22 17:00:27.598 info ViewInteraction Performing 'single click' action on view  displaying data matching: ANYTHING within adapter view matching: (with class name: is "com.android.internal.app.AlertController$RecycleListView" and Child at position 0 in parent (with class name: is "android.widget.FrameLayout" and Child at position 1 in parent (with class name: is "com.android.internal.widget.AlertDialogLayout" and Child at position 0 in parent (with id: android:id/content and Child at position 0 in parent with class name: is "android.widget.FrameLayout"))))
07-22 17:00:27.613 debug EGL_emulation eglMakeCurrent: 0xa61055a0: ver 3 0 (tinfo 0xa61032b0)
07-22 17:00:27.716 info chatty uid=10114(u0_a114) RenderThread identical 6 lines
07-22 17:00:27.728 debug EGL_emulation eglMakeCurrent: 0xa61055a0: ver 3 0 (tinfo 0xa61032b0)
07-22 17:00:27.917 info ViewInteraction Performing 'load adapter data' action on view (with id: android:id/list and Child at position 0 in parent (with class name: is "android.widget.LinearLayout" and Child at position 0 in parent Child at position 0 in parent Child at position 0 in parent with id: android:id/content))
07-22 17:00:27.957 info ViewInteraction Performing 'single click' action on view  displaying data matching: ANYTHING within adapter view matching: (with id: android:id/list and Child at position 0 in parent (with class name: is "android.widget.LinearLayout" and Child at position 0 in parent Child at position 0 in parent Child at position 0 in parent with id: android:id/content))
07-22 17:00:28.077 verbose SimplyDo onPreferenceTreeClick() for key restoreDb
07-22 17:00:28.094 debug LifecycleMonitor Lifecycle status change: kdk.android.simplydo.SettingsActivity@8fe7832 in: PAUSED
07-22 17:00:28.094 debug LifecycleMonitor running callback: android.support.test.rule.ActivityTestRule$LifecycleCallback@4f29594
07-22 17:00:28.094 debug LifecycleMonitor callback completes: android.support.test.rule.ActivityTestRule$LifecycleCallback@4f29594
07-22 17:00:28.119 debug LifecycleMonitor Lifecycle status change: kdk.android.simplydo.RestoreActivity@b9c3e1c in: PRE_ON_CREATE
07-22 17:00:28.120 debug LifecycleMonitor running callback: android.support.test.rule.ActivityTestRule$LifecycleCallback@4f29594
07-22 17:00:28.121 debug LifecycleMonitor callback completes: android.support.test.rule.ActivityTestRule$LifecycleCallback@4f29594
07-22 17:00:28.121 verbose SimplyDo RestoreActivity.onCreate() called
07-22 17:00:28.184 debug LifecycleMonitor Lifecycle status change: kdk.android.simplydo.RestoreActivity@b9c3e1c in: CREATED
07-22 17:00:28.184 debug LifecycleMonitor running callback: android.support.test.rule.ActivityTestRule$LifecycleCallback@4f29594
07-22 17:00:28.184 debug LifecycleMonitor callback completes: android.support.test.rule.ActivityTestRule$LifecycleCallback@4f29594
07-22 17:00:28.185 debug LifecycleMonitor Lifecycle status change: kdk.android.simplydo.RestoreActivity@b9c3e1c in: STARTED
07-22 17:00:28.185 debug LifecycleMonitor running callback: android.support.test.rule.ActivityTestRule$LifecycleCallback@4f29594
07-22 17:00:28.185 debug LifecycleMonitor callback completes: android.support.test.rule.ActivityTestRule$LifecycleCallback@4f29594
07-22 17:00:28.188 debug LifecycleMonitor Lifecycle status change: kdk.android.simplydo.RestoreActivity@b9c3e1c in: RESUMED
07-22 17:00:28.189 debug LifecycleMonitor running callback: android.support.test.rule.ActivityTestRule$LifecycleCallback@4f29594
07-22 17:00:28.189 debug LifecycleMonitor callback completes: android.support.test.rule.ActivityTestRule$LifecycleCallback@4f29594
07-22 17:00:28.312 debug EGL_emulation eglMakeCurrent: 0xa61055a0: ver 3 0 (tinfo 0xa61032b0)
07-22 17:00:28.332 debug EGL_emulation eglMakeCurrent: 0xa61055a0: ver 3 0 (tinfo 0xa61032b0)
07-22 17:00:28.382 debug EGL_emulation eglMakeCurrent: 0xa61055a0: ver 3 0 (tinfo 0xa61032b0)
07-22 17:00:28.398 info chatty uid=10114(u0_a114) RenderThread identical 1 line
07-22 17:00:28.468 debug EGL_emulation eglMakeCurrent: 0xa61055a0: ver 3 0 (tinfo 0xa61032b0)
07-22 17:00:28.476 debug OpenGLRenderer endAllActiveAnimators on 0x924c2080 (ListView) with handle 0xa6103ce0
07-22 17:00:28.560 info ViewInteraction Performing 'send keyCode: 4, metaState: 0 key event' action on view is a root view.
07-22 17:00:28.587 debug LifecycleMonitor Lifecycle status change: kdk.android.simplydo.RestoreActivity@b9c3e1c in: PAUSED
07-22 17:00:28.587 debug LifecycleMonitor running callback: android.support.test.rule.ActivityTestRule$LifecycleCallback@4f29594
07-22 17:00:28.587 debug LifecycleMonitor callback completes: android.support.test.rule.ActivityTestRule$LifecycleCallback@4f29594
07-22 17:00:28.632 debug LifecycleMonitor Lifecycle status change: kdk.android.simplydo.SettingsActivity@8fe7832 in: RESUMED
07-22 17:00:28.632 debug LifecycleMonitor running callback: android.support.test.rule.ActivityTestRule$LifecycleCallback@4f29594
07-22 17:00:28.633 debug LifecycleMonitor callback completes: android.support.test.rule.ActivityTestRule$LifecycleCallback@4f29594
07-22 17:00:28.718 debug EGL_emulation eglMakeCurrent: 0xa61055a0: ver 3 0 (tinfo 0xa61032b0)
07-22 17:00:28.878 debug LifecycleMonitor Lifecycle status change: kdk.android.simplydo.RestoreActivity@b9c3e1c in: STOPPED
07-22 17:00:28.878 debug LifecycleMonitor running callback: android.support.test.rule.ActivityTestRule$LifecycleCallback@4f29594
07-22 17:00:28.878 debug LifecycleMonitor callback completes: android.support.test.rule.ActivityTestRule$LifecycleCallback@4f29594
07-22 17:00:28.879 debug LifecycleMonitor Lifecycle status change: kdk.android.simplydo.RestoreActivity@b9c3e1c in: DESTROYED
07-22 17:00:28.879 debug LifecycleMonitor running callback: android.support.test.rule.ActivityTestRule$LifecycleCallback@4f29594
07-22 17:00:28.879 debug LifecycleMonitor callback completes: android.support.test.rule.ActivityTestRule$LifecycleCallback@4f29594
07-22 17:00:28.898 info ViewInteraction Performing 'send keyCode: 4, metaState: 0 key event' action on view is a root view.
07-22 17:00:28.920 debug LifecycleMonitor Lifecycle status change: kdk.android.simplydo.SettingsActivity@8fe7832 in: PAUSED
07-22 17:00:28.921 debug LifecycleMonitor running callback: android.support.test.rule.ActivityTestRule$LifecycleCallback@4f29594
07-22 17:00:28.921 debug LifecycleMonitor callback completes: android.support.test.rule.ActivityTestRule$LifecycleCallback@4f29594
07-22 17:00:28.943 debug LifecycleMonitor Lifecycle status change: kdk.android.simplydo.SimplyDoActivity@ce01414 in: RESTARTED
07-22 17:00:28.943 debug LifecycleMonitor running callback: android.support.test.rule.ActivityTestRule$LifecycleCallback@4f29594
07-22 17:00:28.943 debug LifecycleMonitor callback completes: android.support.test.rule.ActivityTestRule$LifecycleCallback@4f29594
07-22 17:00:28.944 verbose SimplyDo SimplyDoActivity.onStart(): called
07-22 17:00:28.948 debug LifecycleMonitor Lifecycle status change: kdk.android.simplydo.SimplyDoActivity@ce01414 in: STARTED
07-22 17:00:28.948 debug LifecycleMonitor running callback: android.support.test.rule.ActivityTestRule$LifecycleCallback@4f29594
07-22 17:00:28.948 debug LifecycleMonitor callback completes: android.support.test.rule.ActivityTestRule$LifecycleCallback@4f29594
07-22 17:00:28.951 debug LifecycleMonitor Lifecycle status change: kdk.android.simplydo.SimplyDoActivity@ce01414 in: RESUMED
07-22 17:00:28.953 debug LifecycleMonitor running callback: android.support.test.rule.ActivityTestRule$LifecycleCallback@4f29594
07-22 17:00:28.953 debug LifecycleMonitor callback completes: android.support.test.rule.ActivityTestRule$LifecycleCallback@4f29594
07-22 17:00:29.040 debug EGL_emulation eglMakeCurrent: 0xa61055a0: ver 3 0 (tinfo 0xa61032b0)
07-22 17:00:29.332 debug LifecycleMonitor Lifecycle status change: kdk.android.simplydo.SettingsActivity@8fe7832 in: STOPPED
07-22 17:00:29.332 debug LifecycleMonitor running callback: android.support.test.rule.ActivityTestRule$LifecycleCallback@4f29594
07-22 17:00:29.333 debug LifecycleMonitor callback completes: android.support.test.rule.ActivityTestRule$LifecycleCallback@4f29594
07-22 17:00:29.333 debug LifecycleMonitor Lifecycle status change: kdk.android.simplydo.SettingsActivity@8fe7832 in: DESTROYED
07-22 17:00:29.334 debug LifecycleMonitor running callback: android.support.test.rule.ActivityTestRule$LifecycleCallback@4f29594
07-22 17:00:29.334 debug LifecycleMonitor callback completes: android.support.test.rule.ActivityTestRule$LifecycleCallback@4f29594
07-22 17:00:29.421 debug LifecycleMonitor Lifecycle status change: kdk.android.simplydo.SimplyDoActivity@ce01414 in: PAUSED
07-22 17:00:29.422 debug LifecycleMonitor running callback: android.support.test.rule.ActivityTestRule$LifecycleCallback@4f29594
07-22 17:00:29.422 debug LifecycleMonitor callback completes: android.support.test.rule.ActivityTestRule$LifecycleCallback@4f29594
07-22 17:00:29.454 info TestRunner finished: changeSettingsC3(kdk.android.simplydo.C3.ChangeSettingsC3)
