07-22 17:01:23.381 info TestRunner started: createListsC6(kdk.android.simplydo.C6.CreateListsC6)
07-22 17:01:23.386 info MonitoringInstr Activities that are still in CREATED to STOPPED: 0
07-22 17:01:23.387 warn ActivityTestRule getActivityIntent() returned null using default: Intent(Intent.ACTION_MAIN)
07-22 17:01:23.417 debug LifecycleMonitor Lifecycle status change: kdk.android.simplydo.SimplyDoActivity@6d130ae in: PRE_ON_CREATE
07-22 17:01:23.417 verbose SimplyDo SimplyDoActivity.onCreate() called
07-22 17:01:23.428 verbose SimplyDo CachingDataViewer.dbUpdateLoop(): Entered
07-22 17:01:23.432 verbose SimplyDo CachingDataView.fetchLists(): Entered
07-22 17:01:23.452 debug SimplyDo fetchLists returned 22 items
07-22 17:01:23.453 verbose SimplyDo CachingDataView.fetchLists(): Exited
07-22 17:01:23.453 debug SimplyDo SimplyDoActivity.onCreate()
07-22 17:01:23.454 debug LifecycleMonitor Lifecycle status change: kdk.android.simplydo.SimplyDoActivity@6d130ae in: CREATED
07-22 17:01:23.455 verbose SimplyDo SimplyDoActivity.onStart(): called
07-22 17:01:23.456 debug LifecycleMonitor Lifecycle status change: kdk.android.simplydo.SimplyDoActivity@6d130ae in: STARTED
07-22 17:01:23.457 debug LifecycleMonitor Lifecycle status change: kdk.android.simplydo.SimplyDoActivity@6d130ae in: RESUMED
07-22 17:01:23.560 verbose SimplyDo SimplyDoActivity.onCreateOptionsMenu() called
07-22 17:01:23.560 verbose SimplyDo SimplyDoActivity.onPrepareOptionsMenu() called
07-22 17:01:23.572 debug EGL_emulation eglMakeCurrent: 0xa61055a0: ver 3 0 (tinfo 0xa61032b0)
07-22 17:01:23.597 info ViewInteraction Performing 'replace text' action on view (with id: kdk.android.simplydo:id/AddListEditText and is displayed on the screen to the user)
07-22 17:01:23.620 info ViewInteraction Performing 'close keyboard' action on view (with id: kdk.android.simplydo:id/AddListEditText and is displayed on the screen to the user)
07-22 17:01:23.621 warn CloseKeyboardAction Attempting to close soft keyboard, while it is not shown.
07-22 17:01:23.626 info ViewInteraction Performing 'single click' action on view (with id: kdk.android.simplydo:id/AddListButton and with text: is "Add" and is displayed on the screen to the user)
07-22 17:01:23.699 debug SimplyDo Insert list List1
07-22 17:01:23.741 debug SimplyDo fetchLists returned 23 items
07-22 17:01:23.977 info ViewInteraction Performing 'replace text' action on view (with id: kdk.android.simplydo:id/AddListEditText and is displayed on the screen to the user)
07-22 17:01:24.025 info ViewInteraction Performing 'close keyboard' action on view (with id: kdk.android.simplydo:id/AddListEditText and is displayed on the screen to the user)
07-22 17:01:24.026 warn CloseKeyboardAction Attempting to close soft keyboard, while it is not shown.
07-22 17:01:24.028 info ViewInteraction Performing 'single click' action on view (with id: kdk.android.simplydo:id/AddListButton and with text: is "Add" and is displayed on the screen to the user)
07-22 17:01:24.079 debug SimplyDo Insert list List2
07-22 17:01:24.118 debug SimplyDo fetchLists returned 24 items
07-22 17:01:24.361 debug LifecycleMonitor Lifecycle status change: kdk.android.simplydo.SimplyDoActivity@6d130ae in: PAUSED
07-22 17:01:24.361 debug LifecycleMonitor running callback: android.support.test.rule.ActivityTestRule$LifecycleCallback@23e27b5
07-22 17:01:24.361 debug LifecycleMonitor callback completes: android.support.test.rule.ActivityTestRule$LifecycleCallback@23e27b5
07-22 17:01:24.391 info TestRunner finished: createListsC6(kdk.android.simplydo.C6.CreateListsC6)
