07-22 17:00:54.750 info TestRunner started: checkItemDefault(kdk.android.simplydo.Default.CheckItemDefault)
07-22 17:00:54.780 info MonitoringInstr Activities that are still in CREATED to STOPPED: 0
07-22 17:00:54.791 warn ActivityTestRule getActivityIntent() returned null using default: Intent(Intent.ACTION_MAIN)
07-22 17:00:54.845 debug LifecycleMonitor Lifecycle status change: kdk.android.simplydo.SimplyDoActivity@dfd904c in: PRE_ON_CREATE
07-22 17:00:54.845 verbose SimplyDo SimplyDoActivity.onCreate() called
07-22 17:00:54.855 verbose SimplyDo CachingDataViewer.dbUpdateLoop(): Entered
07-22 17:00:54.868 verbose SimplyDo CachingDataView.fetchLists(): Entered
07-22 17:00:54.878 debug SimplyDo fetchLists returned 26 items
07-22 17:00:54.879 verbose SimplyDo CachingDataView.fetchLists(): Exited
07-22 17:00:54.880 debug SimplyDo SimplyDoActivity.onCreate()
07-22 17:00:54.885 debug LifecycleMonitor Lifecycle status change: kdk.android.simplydo.SimplyDoActivity@dfd904c in: CREATED
07-22 17:00:54.886 verbose SimplyDo SimplyDoActivity.onStart(): called
07-22 17:00:54.889 debug LifecycleMonitor Lifecycle status change: kdk.android.simplydo.SimplyDoActivity@dfd904c in: STARTED
07-22 17:00:54.890 debug LifecycleMonitor Lifecycle status change: kdk.android.simplydo.SimplyDoActivity@dfd904c in: RESUMED
07-22 17:00:54.978 debug EGL_emulation eglMakeCurrent: 0xae4d4a80: ver 3 0 (tinfo 0xae4e77e0)
07-22 17:00:55.012 verbose SimplyDo SimplyDoActivity.onCreateOptionsMenu() called
07-22 17:00:55.012 verbose SimplyDo SimplyDoActivity.onPrepareOptionsMenu() called
07-22 17:00:55.054 info ViewInteraction Performing 'replace text' action on view (with id: kdk.android.simplydo:id/AddListEditText and with content description: is "addlistedittext" and Child at position 0 in parent (with id: kdk.android.simplydo:id/LinearLayout01 and Child at position 0 in parent with id: kdk.android.simplydo:id/listsView) and is displayed on the screen to the user)
07-22 17:00:55.072 info ViewInteraction Performing 'close keyboard' action on view (with id: kdk.android.simplydo:id/AddListEditText and with content description: is "addlistedittext" and Child at position 0 in parent (with id: kdk.android.simplydo:id/LinearLayout01 and Child at position 0 in parent with id: kdk.android.simplydo:id/listsView) and is displayed on the screen to the user)
07-22 17:00:55.073 warn CloseKeyboardAction Attempting to close soft keyboard, while it is not shown.
07-22 17:00:55.078 info ViewInteraction Performing 'single click' action on view (with id: kdk.android.simplydo:id/AddListButton and with text: is "Add" and with content description: is "Add" and Child at position 1 in parent (with id: kdk.android.simplydo:id/LinearLayout01 and Child at position 0 in parent with id: kdk.android.simplydo:id/listsView) and is displayed on the screen to the user)
07-22 17:00:55.125 debug SimplyDo Insert list List
07-22 17:00:55.146 debug SimplyDo fetchLists returned 27 items
07-22 17:00:55.398 info ViewInteraction Performing 'load adapter data' action on view (with id: kdk.android.simplydo:id/ListsListView and Child at position 1 in parent with id: kdk.android.simplydo:id/listsView)
07-22 17:00:55.420 info ViewInteraction Performing 'single click' action on view  displaying data matching: ANYTHING within adapter view matching: (with id: kdk.android.simplydo:id/ListsListView and Child at position 1 in parent with id: kdk.android.simplydo:id/listsView)
07-22 17:00:55.535 verbose SimplyDo ListsListReactor.onItemClick()
07-22 17:00:55.539 debug SimplyDo fetchItems returned 9 items
07-22 17:00:56.078 info ViewInteraction Performing 'replace text' action on view (with id: kdk.android.simplydo:id/AddItemEditText and with content description: is "addItemEditText" and Child at position 0 in parent (with id: kdk.android.simplydo:id/LinearLayout01 and Child at position 0 in parent with id: kdk.android.simplydo:id/itemsView) and is displayed on the screen to the user)
07-22 17:00:56.107 info ViewInteraction Performing 'close keyboard' action on view (with id: kdk.android.simplydo:id/AddItemEditText and with content description: is "addItemEditText" and Child at position 0 in parent (with id: kdk.android.simplydo:id/LinearLayout01 and Child at position 0 in parent with id: kdk.android.simplydo:id/itemsView) and is displayed on the screen to the user)
07-22 17:00:56.108 warn CloseKeyboardAction Attempting to close soft keyboard, while it is not shown.
07-22 17:00:56.110 info ViewInteraction Performing 'single click' action on view (with id: kdk.android.simplydo:id/AddItemButton and with text: is "Add" and with content description: is "Add" and Child at position 1 in parent (with id: kdk.android.simplydo:id/LinearLayout01 and Child at position 0 in parent with id: kdk.android.simplydo:id/itemsView) and is displayed on the screen to the user)
07-22 17:00:56.153 verbose SimplyDo DataManager.createItem(): Insert item Item
07-22 17:00:56.161 debug SimplyDo DataManager.createItem(): Inserted item and got id 17
07-22 17:00:56.404 info ViewInteraction Performing 'load adapter data' action on view (with id: kdk.android.simplydo:id/ItemsListView and Child at position 1 in parent with id: kdk.android.simplydo:id/itemsView)
07-22 17:00:56.419 info ViewInteraction Performing 'single click' action on view  displaying data matching: ANYTHING within adapter view matching: (with id: kdk.android.simplydo:id/ItemsListView and Child at position 1 in parent with id: kdk.android.simplydo:id/itemsView)
07-22 17:00:56.527 verbose SimplyDo ItemsListReactor.onItemClick()
07-22 17:00:56.527 verbose SimplyDo Item selected Item
07-22 17:00:56.528 debug SimplyDo Setting active property of 17 to false
07-22 17:00:56.719 debug LifecycleMonitor Lifecycle status change: kdk.android.simplydo.SimplyDoActivity@dfd904c in: PAUSED
07-22 17:00:56.719 debug LifecycleMonitor running callback: android.support.test.rule.ActivityTestRule$LifecycleCallback@ed153d2
07-22 17:00:56.719 debug LifecycleMonitor callback completes: android.support.test.rule.ActivityTestRule$LifecycleCallback@ed153d2
07-22 17:00:56.739 debug LifecycleMonitor Lifecycle status change: kdk.android.simplydo.SimplyDoActivity@dfd904c in: STOPPED
07-22 17:00:56.739 debug LifecycleMonitor running callback: android.support.test.rule.ActivityTestRule$LifecycleCallback@ed153d2
07-22 17:00:56.739 debug LifecycleMonitor callback completes: android.support.test.rule.ActivityTestRule$LifecycleCallback@ed153d2
07-22 17:00:56.739 verbose SimplyDo SimplyDoActivity.onDestroy() called
07-22 17:00:56.739 verbose SimplyDo CachingDataView.close(): Entered
07-22 17:00:56.739 debug SimplyDo CachingDataView.close(): Close interrupt required
07-22 17:00:56.739 debug SimplyDo CachingDataViewer.dbUpdateLoop(): interrupt exit
07-22 17:00:56.739 verbose SimplyDo CachingDataViewer.dbUpdateLoop(): Exit
07-22 17:00:56.739 verbose SimplyDo CachingDataView.close(): Exit
07-22 17:00:56.739 debug LifecycleMonitor Lifecycle status change: kdk.android.simplydo.SimplyDoActivity@dfd904c in: DESTROYED
07-22 17:00:56.739 debug LifecycleMonitor running callback: android.support.test.rule.ActivityTestRule$LifecycleCallback@ed153d2
07-22 17:00:56.739 debug LifecycleMonitor callback completes: android.support.test.rule.ActivityTestRule$LifecycleCallback@ed153d2
07-22 17:00:56.773 debug EGL_emulation eglMakeCurrent: 0xae4d4a80: ver 3 0 (tinfo 0xae4e77e0)
07-22 17:00:56.775 error Surface getSlotFromBufferLocked: unknown buffer: 0xae483b40
07-22 17:00:56.781 debug OpenGLRenderer endAllStagingAnimators on 0xa0e13080 (ListView) with handle 0xaa115a90
07-22 17:00:56.781 debug OpenGLRenderer endAllStagingAnimators on 0xa127ad00 (RippleDrawable) with handle 0xaa115a80
07-22 17:00:56.785 info TestRunner finished: checkItemDefault(kdk.android.simplydo.Default.CheckItemDefault)
