07-22 17:01:20.871 info TestRunner started: changeSettingsC6(kdk.android.simplydo.C6.ChangeSettingsC6)
07-22 17:01:20.874 info MonitoringInstr Activities that are still in CREATED to STOPPED: 0
07-22 17:01:20.875 warn ActivityTestRule getActivityIntent() returned null using default: Intent(Intent.ACTION_MAIN)
07-22 17:01:20.894 debug LifecycleMonitor Lifecycle status change: kdk.android.simplydo.SimplyDoActivity@d5235e8 in: PRE_ON_CREATE
07-22 17:01:20.894 verbose SimplyDo SimplyDoActivity.onCreate() called
07-22 17:01:20.913 verbose SimplyDo CachingDataViewer.dbUpdateLoop(): Entered
07-22 17:01:20.916 verbose SimplyDo CachingDataView.fetchLists(): Entered
07-22 17:01:20.938 debug SimplyDo fetchLists returned 21 items
07-22 17:01:20.939 verbose SimplyDo CachingDataView.fetchLists(): Exited
07-22 17:01:20.939 debug SimplyDo SimplyDoActivity.onCreate()
07-22 17:01:20.939 debug LifecycleMonitor Lifecycle status change: kdk.android.simplydo.SimplyDoActivity@d5235e8 in: CREATED
07-22 17:01:20.940 verbose SimplyDo SimplyDoActivity.onStart(): called
07-22 17:01:20.940 debug LifecycleMonitor Lifecycle status change: kdk.android.simplydo.SimplyDoActivity@d5235e8 in: STARTED
07-22 17:01:20.943 debug LifecycleMonitor Lifecycle status change: kdk.android.simplydo.SimplyDoActivity@d5235e8 in: RESUMED
07-22 17:01:21.053 verbose SimplyDo SimplyDoActivity.onCreateOptionsMenu() called
07-22 17:01:21.053 verbose SimplyDo SimplyDoActivity.onPrepareOptionsMenu() called
07-22 17:01:21.058 debug EGL_emulation eglMakeCurrent: 0xa61055a0: ver 3 0 (tinfo 0xa61032b0)
07-22 17:01:21.092 info ViewInteraction Performing 'Handle transition between action bar and action bar context.' action on view is a root view.
07-22 17:01:21.097 info ViewInteraction Performing 'single click' action on view ((is displayed on the screen to the user and with content description: is "More options") or (is displayed on the screen to the user and with class name: a string ending with "OverflowMenuButton"))
07-22 17:01:21.165 verbose SimplyDo SimplyDoActivity.onPrepareOptionsMenu() called
07-22 17:01:21.223 debug EGL_emulation eglMakeCurrent: 0xa61055a0: ver 3 0 (tinfo 0xa61032b0)
07-22 17:01:21.279 info chatty uid=10114(u0_a114) RenderThread identical 1 line
07-22 17:01:21.283 debug EGL_emulation eglMakeCurrent: 0xa61055a0: ver 3 0 (tinfo 0xa61032b0)
07-22 17:01:21.503 info ViewInteraction Performing 'single click' action on view (with id: android:id/title and with text: is "Settings" and is displayed on the screen to the user)
07-22 17:01:21.618 verbose SimplyDo SimplyDoActivity.onMenuItemSelected() called
07-22 17:01:21.645 debug LifecycleMonitor Lifecycle status change: kdk.android.simplydo.SimplyDoActivity@d5235e8 in: PAUSED
07-22 17:01:21.645 debug LifecycleMonitor running callback: android.support.test.rule.ActivityTestRule$LifecycleCallback@721ddb9
07-22 17:01:21.645 debug LifecycleMonitor callback completes: android.support.test.rule.ActivityTestRule$LifecycleCallback@721ddb9
07-22 17:01:21.673 debug EGL_emulation eglMakeCurrent: 0xa61055a0: ver 3 0 (tinfo 0xa61032b0)
07-22 17:01:21.682 debug LifecycleMonitor Lifecycle status change: kdk.android.simplydo.SettingsActivity@133515f in: PRE_ON_CREATE
07-22 17:01:21.682 debug LifecycleMonitor running callback: android.support.test.rule.ActivityTestRule$LifecycleCallback@721ddb9
07-22 17:01:21.682 debug LifecycleMonitor callback completes: android.support.test.rule.ActivityTestRule$LifecycleCallback@721ddb9
07-22 17:01:21.688 debug EGL_emulation eglMakeCurrent: 0xa61055a0: ver 3 0 (tinfo 0xa61032b0)
07-22 17:01:21.718 debug LifecycleMonitor Lifecycle status change: kdk.android.simplydo.SettingsActivity@133515f in: CREATED
07-22 17:01:21.718 debug LifecycleMonitor running callback: android.support.test.rule.ActivityTestRule$LifecycleCallback@721ddb9
07-22 17:01:21.718 debug LifecycleMonitor callback completes: android.support.test.rule.ActivityTestRule$LifecycleCallback@721ddb9
07-22 17:01:21.718 debug LifecycleMonitor Lifecycle status change: kdk.android.simplydo.SettingsActivity@133515f in: STARTED
07-22 17:01:21.718 debug LifecycleMonitor running callback: android.support.test.rule.ActivityTestRule$LifecycleCallback@721ddb9
07-22 17:01:21.718 debug LifecycleMonitor callback completes: android.support.test.rule.ActivityTestRule$LifecycleCallback@721ddb9
07-22 17:01:21.720 debug LifecycleMonitor Lifecycle status change: kdk.android.simplydo.SettingsActivity@133515f in: RESUMED
07-22 17:01:21.720 debug LifecycleMonitor running callback: android.support.test.rule.ActivityTestRule$LifecycleCallback@721ddb9
07-22 17:01:21.720 debug LifecycleMonitor callback completes: android.support.test.rule.ActivityTestRule$LifecycleCallback@721ddb9
07-22 17:01:21.829 debug EGL_emulation eglMakeCurrent: 0xa61055a0: ver 3 0 (tinfo 0xa61032b0)
07-22 17:01:21.891 info chatty uid=10114(u0_a114) RenderThread identical 3 lines
07-22 17:01:21.909 debug EGL_emulation eglMakeCurrent: 0xa61055a0: ver 3 0 (tinfo 0xa61032b0)
07-22 17:01:21.926 debug EGL_emulation eglMakeCurrent: 0xa61055a0: ver 3 0 (tinfo 0xa61032b0)
07-22 17:01:21.939 debug EGL_emulation eglMakeCurrent: 0xa61055a0: ver 3 0 (tinfo 0xa61032b0)
07-22 17:01:21.943 debug OpenGLRenderer endAllActiveAnimators on 0x91e51a80 (MenuPopupWindow$MenuDropDownListView) with handle 0x9010ca10
07-22 17:01:22.072 debug LifecycleMonitor Lifecycle status change: kdk.android.simplydo.SimplyDoActivity@d5235e8 in: STOPPED
07-22 17:01:22.072 debug LifecycleMonitor running callback: android.support.test.rule.ActivityTestRule$LifecycleCallback@721ddb9
07-22 17:01:22.072 debug LifecycleMonitor callback completes: android.support.test.rule.ActivityTestRule$LifecycleCallback@721ddb9
07-22 17:01:22.072 verbose SimplyDo SimplyDoActivity.onDestroy() called
07-22 17:01:22.072 verbose SimplyDo CachingDataView.close(): Entered
07-22 17:01:22.072 debug SimplyDo CachingDataView.close(): Close interrupt required
07-22 17:01:22.072 debug SimplyDo CachingDataViewer.dbUpdateLoop(): interrupt exit
07-22 17:01:22.072 verbose SimplyDo CachingDataViewer.dbUpdateLoop(): Exit
07-22 17:01:22.073 verbose SimplyDo CachingDataView.close(): Exit
07-22 17:01:22.074 debug LifecycleMonitor Lifecycle status change: kdk.android.simplydo.SimplyDoActivity@d5235e8 in: DESTROYED
07-22 17:01:22.074 debug LifecycleMonitor running callback: android.support.test.rule.ActivityTestRule$LifecycleCallback@721ddb9
07-22 17:01:22.074 debug LifecycleMonitor callback completes: android.support.test.rule.ActivityTestRule$LifecycleCallback@721ddb9
07-22 17:01:22.079 info TestRunner failed: changeSettingsC6(kdk.android.simplydo.C6.ChangeSettingsC6)
07-22 17:01:22.079 info TestRunner ----- begin exception -----
07-22 17:01:22.083 info TestRunner android.support.test.espresso.AmbiguousViewMatcherException: '(with class name: is "android.widget.LinearLayout" and is displayed on the screen to the user)' matches multiple views in the hierarchy.
07-22 17:01:22.083 info TestRunner Problem views are marked with '****MATCHES****' below.
07-22 17:01:22.083 info TestRunner View Hierarchy:
07-22 17:01:22.083 info TestRunner +>DecorView{id=-1, visibility=VISIBLE, width=1080, height=1920, has-focus=true, has-focusable=true, has-window-focus=true, is-clickable=false, is-enabled=true, is-focused=false, is-focusable=false, is-layout-requested=false, is-selected=false, layout-params=WM.LayoutParams{(0,0)(fillxfill) ty=1 fl=#81810100 pfl=0x20000 wanim=0x10302f6 needsMenuKey=2 colorMode=0}, tag=null, root-is-layout-requested=false, has-input-connection=false, x=0.0, y=0.0, child-count=3} 
07-22 17:01:22.083 info TestRunner |
07-22 17:01:22.083 info TestRunner +->ActionBarOverlayLayout{id=16908822, res-name=decor_content_parent, visibility=VISIBLE, width=1080, height=1794, has-focus=true, has-focusable=true, has-window-focus=true, is-clickable=false, is-enabled=true, is-focused=false, is-focusable=false, is-layout-requested=false, is-selected=false, layout-params=android.widget.FrameLayout$LayoutParams@cf75f16, tag=null, root-is-layout-requested=false, has-input-connection=false, x=0.0, y=0.0, child-count=2} 
07-22 17:01:22.083 info TestRunner |
07-22 17:01:22.083 info TestRunner +-->FrameLayout{id=16908290, res-name=content, visibility=VISIBLE, width=1080, height=1584, has-focus=true, has-focusable=true, has-window-focus=true, is-clickable=false, is-enabled=true, is-focused=false, is-focusable=false, is-layout-requested=false, is-selected=false, layout-params=com.android.internal.widget.ActionBarOverlayLayout$LayoutParams@5506097, tag=null, root-is-layout-requested=false, has-input-connection=false, x=0.0, y=210.0, child-count=1} 
07-22 17:01:22.083 info TestRunner |
07-22 17:01:22.083 info TestRunner +--->LinearLayout{id=-1, visibility=VISIBLE, width=1080, height=1584, has-focus=true, has-focusable=true, has-window-focus=true, is-clickable=false, is-enabled=true, is-focused=false, is-focusable=false, is-layout-requested=false, is-selected=false, layout-params=android.widget.FrameLayout$LayoutParams@97c8a6d, tag=null, root-is-layout-requested=false, has-input-connection=false, x=0.0, y=0.0, child-count=2} ****MATCHES****
07-22 17:01:22.083 info TestRunner |
07-22 17:01:22.083 info TestRunner +---->LinearLayout{id=-1, visibility=VISIBLE, width=1080, height=1584, has-focus=true, has-focusable=true, has-window-focus=true, is-clickable=false, is-enabled=true, is-focused=false, is-focusable=false, is-layout-requested=false, is-selected=false, layout-params=android.widget.LinearLayout$LayoutParams@98256a2, tag=null, root-is-layout-requested=false, has-input-connection=false, x=0.0, y=0.0, child-count=1} ****MATCHES****
07-22 17:01:22.083 info TestRunner |
07-22 17:01:22.083 info TestRunner +----->LinearLayout{id=16908926, res-name=headers, visibility=VISIBLE, width=1080, height=1584, has-focus=true, has-focusable=true, has-window-focus=true, is-clickable=false, is-enabled=true, is-focused=false, is-focusable=false, is-layout-requested=false, is-selected=false, layout-params=android.widget.LinearLayout$LayoutParams@4e46069, tag=null, root-is-layout-requested=false, has-input-connection=false, x=0.0, y=0.0, child-count=2} ****MATCHES****
07-22 17:01:22.083 info TestRunner |
07-22 17:01:22.083 info TestRunner +------>ListView{id=16908298, res-name=list, visibility=VISIBLE, width=1080, height=1584, has-focus=true, has-focusable=true, has-window-focus=true, is-clickable=true, is-enabled=true, is-focused=true, is-focusable=true, is-layout-requested=false, is-selected=false, layout-params=android.widget.LinearLayout$LayoutParams@4d33aee, tag=null, root-is-layout-requested=false, has-input-connection=false, x=0.0, y=0.0, child-count=6} 
07-22 17:01:22.083 info TestRunner |
07-22 17:01:22.083 info TestRunner +------->LinearLayout{id=-1, visibility=VISIBLE, width=1080, height=141, has-focus=false, has-focusable=false, has-window-focus=true, is-clickable=false, is-enabled=true, is-focused=false, is-focusable=false, is-layout-requested=false, is-selected=false, layout-params=android.widget.AbsListView$LayoutParams@83c17fa, tag=null, root-is-layout-requested=false, has-input-connection=false, x=0.0, y=0.0, child-count=3} ****MATCHES****
07-22 17:01:22.083 info TestRunner |
07-22 17:01:22.083 info TestRunner +-------->LinearLayout{id=16908350, res-name=icon_frame, visibility=GONE, width=0, height=0, has-focus=false, has-focusable=false, has-window-focus=true, is-clickable=false, is-enabled=true, is-focused=fals
07-22 17:01:22.086 info TestRunner ----- end exception -----
07-22 17:01:22.091 info TestRunner finished: changeSettingsC6(kdk.android.simplydo.C6.ChangeSettingsC6)
