07-22 17:00:55.221 info TestRunner started: sortItemsDefault(kdk.android.simplydo.Default.SortItemsDefault)
07-22 17:00:55.235 info MonitoringInstr Activities that are still in CREATED to STOPPED: 0
07-22 17:00:55.237 warn ActivityTestRule getActivityIntent() returned null using default: Intent(Intent.ACTION_MAIN)
07-22 17:00:55.305 debug LifecycleMonitor Lifecycle status change: kdk.android.simplydo.SimplyDoActivity@1377f78 in: PRE_ON_CREATE
07-22 17:00:55.305 verbose SimplyDo SimplyDoActivity.onCreate() called
07-22 17:00:55.316 verbose SimplyDo CachingDataViewer.dbUpdateLoop(): Entered
07-22 17:00:55.326 verbose SimplyDo CachingDataView.fetchLists(): Entered
07-22 17:00:55.334 debug SimplyDo fetchLists returned 29 items
07-22 17:00:55.335 verbose SimplyDo CachingDataView.fetchLists(): Exited
07-22 17:00:55.335 debug SimplyDo SimplyDoActivity.onCreate()
07-22 17:00:55.341 debug LifecycleMonitor Lifecycle status change: kdk.android.simplydo.SimplyDoActivity@1377f78 in: CREATED
07-22 17:00:55.344 verbose SimplyDo SimplyDoActivity.onStart(): called
07-22 17:00:55.344 debug LifecycleMonitor Lifecycle status change: kdk.android.simplydo.SimplyDoActivity@1377f78 in: STARTED
07-22 17:00:55.345 debug LifecycleMonitor Lifecycle status change: kdk.android.simplydo.SimplyDoActivity@1377f78 in: RESUMED
07-22 17:00:55.452 debug EGL_emulation eglMakeCurrent: 0xae654c00: ver 3 0 (tinfo 0xae64b390)
07-22 17:00:55.490 verbose SimplyDo SimplyDoActivity.onCreateOptionsMenu() called
07-22 17:00:55.490 verbose SimplyDo SimplyDoActivity.onPrepareOptionsMenu() called
07-22 17:00:55.592 info ViewInteraction Performing 'single click' action on view (with id: kdk.android.simplydo:id/AddListEditText and with content description: is "addlistedittext" and Child at position 0 in parent (with id: kdk.android.simplydo:id/LinearLayout01 and Child at position 0 in parent with id: kdk.android.simplydo:id/listsView) and is displayed on the screen to the user)
07-22 17:00:55.873 info ViewInteraction Performing 'replace text' action on view (with id: kdk.android.simplydo:id/AddListEditText and with content description: is "addlistedittext" and Child at position 0 in parent (with id: kdk.android.simplydo:id/LinearLayout01 and Child at position 0 in parent with id: kdk.android.simplydo:id/listsView) and is displayed on the screen to the user)
07-22 17:00:55.899 info ViewInteraction Performing 'close keyboard' action on view (with id: kdk.android.simplydo:id/AddListEditText and with content description: is "addlistedittext" and Child at position 0 in parent (with id: kdk.android.simplydo:id/LinearLayout01 and Child at position 0 in parent with id: kdk.android.simplydo:id/listsView) and is displayed on the screen to the user)
07-22 17:00:56.225 info ViewInteraction Performing 'single click' action on view (with id: kdk.android.simplydo:id/AddListButton and with text: is "Add" and with content description: is "Add" and Child at position 1 in parent (with id: kdk.android.simplydo:id/LinearLayout01 and Child at position 0 in parent with id: kdk.android.simplydo:id/listsView) and is displayed on the screen to the user)
07-22 17:00:56.271 debug SimplyDo Insert list list
07-22 17:00:56.286 debug SimplyDo fetchLists returned 30 items
07-22 17:00:56.518 info ViewInteraction Performing 'load adapter data' action on view (with id: kdk.android.simplydo:id/ListsListView and Child at position 1 in parent with id: kdk.android.simplydo:id/listsView)
07-22 17:00:56.537 info ViewInteraction Performing 'single click' action on view  displaying data matching: ANYTHING within adapter view matching: (with id: kdk.android.simplydo:id/ListsListView and Child at position 1 in parent with id: kdk.android.simplydo:id/listsView)
07-22 17:00:56.645 verbose SimplyDo ListsListReactor.onItemClick()
07-22 17:00:56.648 debug SimplyDo fetchItems returned 0 items
07-22 17:00:57.168 info ViewInteraction Performing 'replace text' action on view (with id: kdk.android.simplydo:id/AddItemEditText and with content description: is "addItemEditText" and Child at position 0 in parent (with id: kdk.android.simplydo:id/LinearLayout01 and Child at position 0 in parent with id: kdk.android.simplydo:id/itemsView) and is displayed on the screen to the user)
07-22 17:00:57.188 info ViewInteraction Performing 'close keyboard' action on view (with id: kdk.android.simplydo:id/AddItemEditText and with content description: is "addItemEditText" and Child at position 0 in parent (with id: kdk.android.simplydo:id/LinearLayout01 and Child at position 0 in parent with id: kdk.android.simplydo:id/itemsView) and is displayed on the screen to the user)
07-22 17:00:57.189 warn CloseKeyboardAction Attempting to close soft keyboard, while it is not shown.
07-22 17:00:57.192 info ViewInteraction Performing 'single click' action on view (with id: kdk.android.simplydo:id/AddItemButton and with text: is "Add" and with content description: is "Add" and Child at position 1 in parent (with id: kdk.android.simplydo:id/LinearLayout01 and Child at position 0 in parent with id: kdk.android.simplydo:id/itemsView) and is displayed on the screen to the user)
07-22 17:00:57.246 verbose SimplyDo DataManager.createItem(): Insert item A
07-22 17:00:57.254 debug SimplyDo DataManager.createItem(): Inserted item and got id 18
07-22 17:00:57.482 info ViewInteraction Performing 'replace text' action on view (with id: kdk.android.simplydo:id/AddItemEditText and with content description: is "addItemEditText" and Child at position 0 in parent (with id: kdk.android.simplydo:id/LinearLayout01 and Child at position 0 in parent with id: kdk.android.simplydo:id/itemsView) and is displayed on the screen to the user)
07-22 17:00:57.537 info ViewInteraction Performing 'close keyboard' action on view (with id: kdk.android.simplydo:id/AddItemEditText and with content description: is "addItemEditText" and Child at position 0 in parent (with id: kdk.android.simplydo:id/LinearLayout01 and Child at position 0 in parent with id: kdk.android.simplydo:id/itemsView) and is displayed on the screen to the user)
07-22 17:00:57.537 warn CloseKeyboardAction Attempting to close soft keyboard, while it is not shown.
07-22 17:00:57.540 info ViewInteraction Performing 'single click' action on view (with id: kdk.android.simplydo:id/AddItemButton and with text: is "Add" and with content description: is "Add" and Child at position 1 in parent (with id: kdk.android.simplydo:id/LinearLayout01 and Child at position 0 in parent with id: kdk.android.simplydo:id/itemsView) and is displayed on the screen to the user)
07-22 17:00:58.000 verbose SimplyDo DataManager.createItem(): Insert item B
07-22 17:00:58.018 debug SimplyDo DataManager.createItem(): Inserted item and got id 19
07-22 17:00:58.570 info ViewInteraction Performing 'replace text' action on view (with id: kdk.android.simplydo:id/AddItemEditText and with content description: is "addItemEditText" and Child at position 0 in parent (with id: kdk.android.simplydo:id/LinearLayout01 and Child at position 0 in parent with id: kdk.android.simplydo:id/itemsView) and is displayed on the screen to the user)
07-22 17:00:58.597 info ViewInteraction Performing 'close keyboard' action on view (with id: kdk.android.simplydo:id/AddItemEditText and with content description: is "addItemEditText" and Child at position 0 in parent (with id: kdk.android.simplydo:id/LinearLayout01 and Child at position 0 in parent with id: kdk.android.simplydo:id/itemsView) and is displayed on the screen to the user)
07-22 17:00:58.598 warn CloseKeyboardAction Attempting to close soft keyboard, while it is not shown.
07-22 17:00:58.603 info ViewInteraction Performing 'single click' action on view (with id: kdk.android.simplydo:id/AddItemButton and with text: is "Add" and with content description: is "Add" and Child at position 1 in parent (with id: kdk.android.simplydo:id/LinearLayout01 and Child at position 0 in parent with id: kdk.android.simplydo:id/itemsView) and is displayed on the screen to the user)
07-22 17:00:58.649 verbose SimplyDo DataManager.createItem(): Insert item D
07-22 17:00:58.671 debug SimplyDo DataManager.createItem(): Inserted item and got id 20
07-22 17:00:58.902 info ViewInteraction Performing 'Handle transition between action bar and action bar context.' action on view is a root view.
07-22 17:00:58.908 info ViewInteraction Performing 'single click' action on view ((is displayed on the screen to the user and with content description: is "More options") or (is displayed on the screen to the user and with class name: a string ending with "OverflowMenuButton"))
07-22 17:00:58.959 verbose SimplyDo SimplyDoActivity.onPrepareOptionsMenu() called
07-22 17:00:59.293 debug EGL_emulation eglMakeCurrent: 0xae654c00: ver 3 0 (tinfo 0xae64b390)
07-22 17:00:59.320 debug EGL_emulation eglMakeCurrent: 0xae654c00: ver 3 0 (tinfo 0xae64b390)
07-22 17:00:59.356 debug EGL_emulation eglMakeCurrent: 0xae654c00: ver 3 0 (tinfo 0xae64b390)
07-22 17:00:59.385 debug EGL_emulation eglMakeCurrent: 0xae654c00: ver 3 0 (tinfo 0xae64b390)
07-22 17:00:59.423 debug EGL_emulation eglMakeCurrent: 0xae654c00: ver 3 0 (tinfo 0xae64b390)
07-22 17:00:59.440 debug EGL_emulation eglMakeCurrent: 0xae654c00: ver 3 0 (tinfo 0xae64b390)
07-22 17:00:59.485 debug EGL_emulation eglMakeCurrent: 0xae654c00: ver 3 0 (tinfo 0xae64b390)
07-22 17:00:59.680 debug EGL_emulation eglMakeCurrent: 0xae654c00: ver 3 0 (tinfo 0xae64b390)
07-22 17:00:59.717 info ViewInteraction Performing 'single click' action on view (with id: android:id/title and with text: is "Sort Now" and Child at position 0 in parent Child at position 0 in parent with class name: is "com.android.internal.view.menu.ListMenuItemView" and is displayed on the screen to the user)
07-22 17:00:59.782 debug EGL_emulation eglMakeCurrent: 0xae654c00: ver 3 0 (tinfo 0xae64b390)
07-22 17:00:59.837 verbose SimplyDo SimplyDoActivity.onMenuItemSelected() called
07-22 17:00:59.871 debug EGL_emulation eglMakeCurrent: 0xae654c00: ver 3 0 (tinfo 0xae64b390)
07-22 17:00:59.893 debug EGL_emulation eglMakeCurrent: 0xae654c00: ver 3 0 (tinfo 0xae64b390)
07-22 17:00:59.934 debug EGL_emulation eglMakeCurrent: 0xae654c00: ver 3 0 (tinfo 0xae64b390)
07-22 17:00:59.958 debug EGL_emulation eglMakeCurrent: 0xae654c00: ver 3 0 (tinfo 0xae64b390)
07-22 17:01:00.213 debug LifecycleMonitor Lifecycle status change: kdk.android.simplydo.SimplyDoActivity@1377f78 in: PAUSED
07-22 17:01:00.213 debug LifecycleMonitor running callback: android.support.test.rule.ActivityTestRule$LifecycleCallback@7c05deb
07-22 17:01:00.213 debug LifecycleMonitor callback completes: android.support.test.rule.ActivityTestRule$LifecycleCallback@7c05deb
07-22 17:01:00.264 debug EGL_emulation eglMakeCurrent: 0xae654c00: ver 3 0 (tinfo 0xae64b390)
07-22 17:01:00.269 error Surface getSlotFromBufferLocked: unknown buffer: 0xae6c3a00
07-22 17:01:00.276 debug OpenGLRenderer endAllStagingAnimators on 0xa1102700 (ListPopupWindow$DropDownListView) with handle 0xae478820
07-22 17:01:00.298 debug EGL_emulation eglMakeCurrent: 0xae654c00: ver 3 0 (tinfo 0xae64b390)
07-22 17:01:00.301 debug LifecycleMonitor Lifecycle status change: kdk.android.simplydo.SimplyDoActivity@1377f78 in: STOPPED
07-22 17:01:00.301 debug LifecycleMonitor running callback: android.support.test.rule.ActivityTestRule$LifecycleCallback@7c05deb
07-22 17:01:00.301 debug LifecycleMonitor callback completes: android.support.test.rule.ActivityTestRule$LifecycleCallback@7c05deb
07-22 17:01:00.301 verbose SimplyDo SimplyDoActivity.onDestroy() called
07-22 17:01:00.301 verbose SimplyDo CachingDataView.close(): Entered
07-22 17:01:00.301 debug SimplyDo CachingDataView.close(): Close interrupt required
07-22 17:01:00.301 debug SimplyDo CachingDataViewer.dbUpdateLoop(): interrupt exit
07-22 17:01:00.301 verbose SimplyDo CachingDataViewer.dbUpdateLoop(): Exit
07-22 17:01:00.301 verbose SimplyDo CachingDataView.close(): Exit
07-22 17:01:00.301 debug LifecycleMonitor Lifecycle status change: kdk.android.simplydo.SimplyDoActivity@1377f78 in: DESTROYED
07-22 17:01:00.301 debug LifecycleMonitor running callback: android.support.test.rule.ActivityTestRule$LifecycleCallback@7c05deb
07-22 17:01:00.301 debug LifecycleMonitor callback completes: android.support.test.rule.ActivityTestRule$LifecycleCallback@7c05deb
07-22 17:01:00.314 debug EGL_emulation eglMakeCurrent: 0xae654c00: ver 3 0 (tinfo 0xae64b390)
07-22 17:01:00.318 error Surface getSlotFromBufferLocked: unknown buffer: 0xae6c4ea0
07-22 17:01:00.330 info TestRunner finished: sortItemsDefault(kdk.android.simplydo.Default.SortItemsDefault)
