07-22 17:00:02.931 info TestRunner started: createListsC2(kdk.android.simplydo.C2.CreateListsC2)
07-22 17:00:02.933 info MonitoringInstr Activities that are still in CREATED to STOPPED: 0
07-22 17:00:02.933 warn ActivityTestRule getActivityIntent() returned null using default: Intent(Intent.ACTION_MAIN)
07-22 17:00:02.968 debug LifecycleMonitor Lifecycle status change: kdk.android.simplydo.SimplyDoActivity@da6db57 in: PRE_ON_CREATE
07-22 17:00:02.968 verbose SimplyDo SimplyDoActivity.onCreate() called
07-22 17:00:02.981 verbose SimplyDo CachingDataViewer.dbUpdateLoop(): Entered
07-22 17:00:03.012 verbose SimplyDo CachingDataView.fetchLists(): Entered
07-22 17:00:03.021 debug SimplyDo fetchLists returned 2 items
07-22 17:00:03.021 verbose SimplyDo CachingDataView.fetchLists(): Exited
07-22 17:00:03.021 debug SimplyDo SimplyDoActivity.onCreate()
07-22 17:00:03.022 debug LifecycleMonitor Lifecycle status change: kdk.android.simplydo.SimplyDoActivity@da6db57 in: CREATED
07-22 17:00:03.022 verbose SimplyDo SimplyDoActivity.onStart(): called
07-22 17:00:03.022 debug LifecycleMonitor Lifecycle status change: kdk.android.simplydo.SimplyDoActivity@da6db57 in: STARTED
07-22 17:00:03.023 debug LifecycleMonitor Lifecycle status change: kdk.android.simplydo.SimplyDoActivity@da6db57 in: RESUMED
07-22 17:00:03.107 debug EGL_emulation eglMakeCurrent: 0xae654c00: ver 3 0 (tinfo 0xae64b390)
07-22 17:00:03.126 verbose SimplyDo SimplyDoActivity.onCreateOptionsMenu() called
07-22 17:00:03.126 verbose SimplyDo SimplyDoActivity.onPrepareOptionsMenu() called
07-22 17:00:03.179 info ViewInteraction Performing 'replace text' action on view (with id: kdk.android.simplydo:id/AddListEditText and with content description: is "addlistedittext" and is displayed on the screen to the user)
07-22 17:00:03.208 info ViewInteraction Performing 'close keyboard' action on view (with id: kdk.android.simplydo:id/AddListEditText and with content description: is "addlistedittext" and is displayed on the screen to the user)
07-22 17:00:03.209 warn CloseKeyboardAction Attempting to close soft keyboard, while it is not shown.
07-22 17:00:03.211 info ViewInteraction Performing 'single click' action on view (with id: kdk.android.simplydo:id/AddListButton and with text: is "Add" and with content description: is "Add" and is displayed on the screen to the user)
07-22 17:00:03.266 debug SimplyDo Insert list List1
07-22 17:00:03.282 debug SimplyDo fetchLists returned 3 items
07-22 17:00:03.515 info ViewInteraction Performing 'replace text' action on view (with id: kdk.android.simplydo:id/AddListEditText and with content description: is "addlistedittext" and is displayed on the screen to the user)
07-22 17:00:03.543 info ViewInteraction Performing 'close keyboard' action on view (with id: kdk.android.simplydo:id/AddListEditText and with content description: is "addlistedittext" and is displayed on the screen to the user)
07-22 17:00:03.549 warn CloseKeyboardAction Attempting to close soft keyboard, while it is not shown.
07-22 17:00:03.555 info ViewInteraction Performing 'single click' action on view (with id: kdk.android.simplydo:id/AddListButton and with text: is "Add" and with content description: is "Add" and is displayed on the screen to the user)
07-22 17:00:03.648 debug SimplyDo Insert list List2
07-22 17:00:03.670 debug SimplyDo fetchLists returned 4 items
07-22 17:00:03.956 debug LifecycleMonitor Lifecycle status change: kdk.android.simplydo.SimplyDoActivity@da6db57 in: PAUSED
07-22 17:00:03.956 debug LifecycleMonitor running callback: android.support.test.rule.ActivityTestRule$LifecycleCallback@b87b256
07-22 17:00:03.957 debug LifecycleMonitor callback completes: android.support.test.rule.ActivityTestRule$LifecycleCallback@b87b256
07-22 17:00:03.973 debug LifecycleMonitor Lifecycle status change: kdk.android.simplydo.SimplyDoActivity@da6db57 in: STOPPED
07-22 17:00:03.973 debug LifecycleMonitor running callback: android.support.test.rule.ActivityTestRule$LifecycleCallback@b87b256
07-22 17:00:03.973 debug LifecycleMonitor callback completes: android.support.test.rule.ActivityTestRule$LifecycleCallback@b87b256
07-22 17:00:03.973 verbose SimplyDo SimplyDoActivity.onDestroy() called
07-22 17:00:03.973 verbose SimplyDo CachingDataView.close(): Entered
07-22 17:00:03.973 debug SimplyDo CachingDataView.close(): Close interrupt required
07-22 17:00:03.973 debug SimplyDo CachingDataViewer.dbUpdateLoop(): interrupt exit
07-22 17:00:03.973 verbose SimplyDo CachingDataViewer.dbUpdateLoop(): Exit
07-22 17:00:03.974 verbose SimplyDo CachingDataView.close(): Exit
07-22 17:00:03.974 debug LifecycleMonitor Lifecycle status change: kdk.android.simplydo.SimplyDoActivity@da6db57 in: DESTROYED
07-22 17:00:03.974 debug LifecycleMonitor running callback: android.support.test.rule.ActivityTestRule$LifecycleCallback@b87b256
07-22 17:00:03.974 debug LifecycleMonitor callback completes: android.support.test.rule.ActivityTestRule$LifecycleCallback@b87b256
07-22 17:00:03.979 debug EGL_emulation eglMakeCurrent: 0xae654c00: ver 3 0 (tinfo 0xae64b390)
07-22 17:00:03.981 error Surface getSlotFromBufferLocked: unknown buffer: 0xae6c49a0
07-22 17:00:03.984 debug OpenGLRenderer endAllStagingAnimators on 0xa1eb6380 (RippleDrawable) with handle 0xae64b2c0
07-22 17:00:03.993 info TestRunner finished: createListsC2(kdk.android.simplydo.C2.CreateListsC2)
