07-22 17:00:11.722 info TestRunner started: createListC3(kdk.android.simplydo.C3.CreateListC3)
07-22 17:00:11.722 info MonitoringInstr Activities that are still in CREATED to STOPPED: 0
07-22 17:00:11.723 warn ActivityTestRule getActivityIntent() returned null using default: Intent(Intent.ACTION_MAIN)
07-22 17:00:11.819 debug LifecycleMonitor Lifecycle status change: kdk.android.simplydo.SimplyDoActivity@ba3ffdd in: PRE_ON_CREATE
07-22 17:00:11.819 verbose SimplyDo SimplyDoActivity.onCreate() called
07-22 17:00:11.829 verbose SimplyDo CachingDataViewer.dbUpdateLoop(): Entered
07-22 17:00:11.833 verbose SimplyDo CachingDataView.fetchLists(): Entered
07-22 17:00:11.836 debug SimplyDo fetchLists returned 7 items
07-22 17:00:11.837 verbose SimplyDo CachingDataView.fetchLists(): Exited
07-22 17:00:11.837 debug SimplyDo SimplyDoActivity.onCreate()
07-22 17:00:11.838 debug LifecycleMonitor Lifecycle status change: kdk.android.simplydo.SimplyDoActivity@ba3ffdd in: CREATED
07-22 17:00:11.838 verbose SimplyDo SimplyDoActivity.onStart(): called
07-22 17:00:11.839 debug LifecycleMonitor Lifecycle status change: kdk.android.simplydo.SimplyDoActivity@ba3ffdd in: STARTED
07-22 17:00:11.839 debug LifecycleMonitor Lifecycle status change: kdk.android.simplydo.SimplyDoActivity@ba3ffdd in: RESUMED
07-22 17:00:11.909 debug EGL_emulation eglMakeCurrent: 0xae4d4a80: ver 3 0 (tinfo 0xae4e77e0)
07-22 17:00:11.952 verbose SimplyDo SimplyDoActivity.onCreateOptionsMenu() called
07-22 17:00:11.952 verbose SimplyDo SimplyDoActivity.onPrepareOptionsMenu() called
07-22 17:00:12.016 info ViewInteraction Performing 'replace text' action on view (with id: kdk.android.simplydo:id/AddListEditText and with content description: is "addlistedittext" and Child at position 0 in parent (with id: kdk.android.simplydo:id/LinearLayout01 and Child at position 0 in parent (with id: kdk.android.simplydo:id/listsView and Child at position 0 in parent (with id: kdk.android.simplydo:id/ListsItemsSwitcher and Child at position 0 in parent Child at position 0 in parent with id: android:id/content))) and is displayed on the screen to the user)
07-22 17:00:12.037 info ViewInteraction Performing 'close keyboard' action on view (with id: kdk.android.simplydo:id/AddListEditText and with content description: is "addlistedittext" and Child at position 0 in parent (with id: kdk.android.simplydo:id/LinearLayout01 and Child at position 0 in parent (with id: kdk.android.simplydo:id/listsView and Child at position 0 in parent (with id: kdk.android.simplydo:id/ListsItemsSwitcher and Child at position 0 in parent Child at position 0 in parent with id: android:id/content))) and is displayed on the screen to the user)
07-22 17:00:12.038 warn CloseKeyboardAction Attempting to close soft keyboard, while it is not shown.
07-22 17:00:12.043 info ViewInteraction Performing 'single click' action on view (with id: kdk.android.simplydo:id/AddListButton and with text: is "Add" and with content description: is "Add" and Child at position 1 in parent (with id: kdk.android.simplydo:id/LinearLayout01 and Child at position 0 in parent (with id: kdk.android.simplydo:id/listsView and Child at position 0 in parent (with id: kdk.android.simplydo:id/ListsItemsSwitcher and Child at position 0 in parent Child at position 0 in parent with id: android:id/content))) and is displayed on the screen to the user)
07-22 17:00:12.091 debug SimplyDo Insert list List
07-22 17:00:12.118 debug SimplyDo fetchLists returned 8 items
07-22 17:00:12.355 info ViewInteraction Performing 'replace text' action on view (with id: kdk.android.simplydo:id/AddListEditText and with content description: is "addlistedittext" and Child at position 0 in parent (with id: kdk.android.simplydo:id/LinearLayout01 and Child at position 0 in parent (with id: kdk.android.simplydo:id/listsView and Child at position 0 in parent (with id: kdk.android.simplydo:id/ListsItemsSwitcher and Child at position 0 in parent Child at position 0 in parent with id: android:id/content))) and is displayed on the screen to the user)
07-22 17:00:12.393 info ViewInteraction Performing 'close keyboard' action on view (with id: kdk.android.simplydo:id/AddListEditText and with content description: is "addlistedittext" and Child at position 0 in parent (with id: kdk.android.simplydo:id/LinearLayout01 and Child at position 0 in parent (with id: kdk.android.simplydo:id/listsView and Child at position 0 in parent (with id: kdk.android.simplydo:id/ListsItemsSwitcher and Child at position 0 in parent Child at position 0 in parent with id: android:id/content))) and is displayed on the screen to the user)
07-22 17:00:12.401 warn CloseKeyboardAction Attempting to close soft keyboard, while it is not shown.
07-22 17:00:12.406 info ViewInteraction Performing 'single click' action on view (with id: kdk.android.simplydo:id/AddListButton and with text: is "Add" and with content description: is "Add" and Child at position 1 in parent (with id: kdk.android.simplydo:id/LinearLayout01 and Child at position 0 in parent (with id: kdk.android.simplydo:id/listsView and Child at position 0 in parent (with id: kdk.android.simplydo:id/ListsItemsSwitcher and Child at position 0 in parent Child at position 0 in parent with id: android:id/content))) and is displayed on the screen to the user)
07-22 17:00:12.567 debug SimplyDo Insert list List2
07-22 17:00:12.599 debug SimplyDo fetchLists returned 9 items
07-22 17:00:13.087 debug LifecycleMonitor Lifecycle status change: kdk.android.simplydo.SimplyDoActivity@ba3ffdd in: PAUSED
07-22 17:00:13.088 debug LifecycleMonitor running callback: android.support.test.rule.ActivityTestRule$LifecycleCallback@710b07a
07-22 17:00:13.088 debug LifecycleMonitor callback completes: android.support.test.rule.ActivityTestRule$LifecycleCallback@710b07a
07-22 17:00:13.114 debug LifecycleMonitor Lifecycle status change: kdk.android.simplydo.SimplyDoActivity@ba3ffdd in: STOPPED
07-22 17:00:13.114 debug LifecycleMonitor running callback: android.support.test.rule.ActivityTestRule$LifecycleCallback@710b07a
07-22 17:00:13.114 debug LifecycleMonitor callback completes: android.support.test.rule.ActivityTestRule$LifecycleCallback@710b07a
07-22 17:00:13.114 verbose SimplyDo SimplyDoActivity.onDestroy() called
07-22 17:00:13.114 verbose SimplyDo CachingDataView.close(): Entered
07-22 17:00:13.114 debug SimplyDo CachingDataView.close(): Close interrupt required
07-22 17:00:13.114 debug SimplyDo CachingDataViewer.dbUpdateLoop(): interrupt exit
07-22 17:00:13.115 verbose SimplyDo CachingDataViewer.dbUpdateLoop(): Exit
07-22 17:00:13.117 verbose SimplyDo CachingDataView.close(): Exit
07-22 17:00:13.117 debug LifecycleMonitor Lifecycle status change: kdk.android.simplydo.SimplyDoActivity@ba3ffdd in: DESTROYED
07-22 17:00:13.117 debug LifecycleMonitor running callback: android.support.test.rule.ActivityTestRule$LifecycleCallback@710b07a
07-22 17:00:13.117 debug LifecycleMonitor callback completes: android.support.test.rule.ActivityTestRule$LifecycleCallback@710b07a
07-22 17:00:13.125 debug EGL_emulation eglMakeCurrent: 0xae4d4a80: ver 3 0 (tinfo 0xae4e77e0)
07-22 17:00:13.127 error Surface getSlotFromBufferLocked: unknown buffer: 0xae484220
07-22 17:00:13.130 debug OpenGLRenderer endAllStagingAnimators on 0xa1145b80 (RippleDrawable) with handle 0xaa1155a0
07-22 17:00:13.141 info TestRunner finished: createListC3(kdk.android.simplydo.C3.CreateListC3)
