07-22 17:00:16.927 info TestRunner started: addItemDefauC4(kdk.android.simplydo.C4.AddItemC4)
07-22 17:00:16.933 info MonitoringInstr Activities that are still in CREATED to STOPPED: 0
07-22 17:00:16.951 warn ActivityTestRule getActivityIntent() returned null using default: Intent(Intent.ACTION_MAIN)
07-22 17:00:17.061 debug LifecycleMonitor Lifecycle status change: kdk.android.simplydo.SimplyDoActivity@727717b in: PRE_ON_CREATE
07-22 17:00:17.061 verbose SimplyDo SimplyDoActivity.onCreate() called
07-22 17:00:17.073 verbose SimplyDo CachingDataViewer.dbUpdateLoop(): Entered
07-22 17:00:17.094 verbose SimplyDo CachingDataView.fetchLists(): Entered
07-22 17:00:17.105 debug SimplyDo fetchLists returned 10 items
07-22 17:00:17.109 verbose SimplyDo CachingDataView.fetchLists(): Exited
07-22 17:00:17.110 debug SimplyDo SimplyDoActivity.onCreate()
07-22 17:00:17.112 debug LifecycleMonitor Lifecycle status change: kdk.android.simplydo.SimplyDoActivity@727717b in: CREATED
07-22 17:00:17.112 verbose SimplyDo SimplyDoActivity.onStart(): called
07-22 17:00:17.113 debug LifecycleMonitor Lifecycle status change: kdk.android.simplydo.SimplyDoActivity@727717b in: STARTED
07-22 17:00:17.115 debug LifecycleMonitor Lifecycle status change: kdk.android.simplydo.SimplyDoActivity@727717b in: RESUMED
07-22 17:00:17.240 debug EGL_emulation eglMakeCurrent: 0xae4d4a80: ver 3 0 (tinfo 0xae4e77e0)
07-22 17:00:17.305 verbose SimplyDo SimplyDoActivity.onCreateOptionsMenu() called
07-22 17:00:17.305 verbose SimplyDo SimplyDoActivity.onPrepareOptionsMenu() called
07-22 17:00:17.345 info ViewInteraction Performing 'replace text' action on view (with id: kdk.android.simplydo:id/AddListEditText and Child at position 0 in parent (with id: kdk.android.simplydo:id/LinearLayout01 and Child at position 0 in parent with id: kdk.android.simplydo:id/listsView) and is displayed on the screen to the user)
07-22 17:00:17.371 info ViewInteraction Performing 'close keyboard' action on view (with id: kdk.android.simplydo:id/AddListEditText and Child at position 0 in parent (with id: kdk.android.simplydo:id/LinearLayout01 and Child at position 0 in parent with id: kdk.android.simplydo:id/listsView) and is displayed on the screen to the user)
07-22 17:00:17.374 warn CloseKeyboardAction Attempting to close soft keyboard, while it is not shown.
07-22 17:00:17.378 info ViewInteraction Performing 'single click' action on view (with id: kdk.android.simplydo:id/AddListButton and with text: is "Add" and Child at position 1 in parent (with id: kdk.android.simplydo:id/LinearLayout01 and Child at position 0 in parent with id: kdk.android.simplydo:id/listsView) and is displayed on the screen to the user)
07-22 17:00:17.427 debug SimplyDo Insert list List
07-22 17:00:17.449 debug SimplyDo fetchLists returned 11 items
07-22 17:00:17.696 info ViewInteraction Performing 'load adapter data' action on view (with id: kdk.android.simplydo:id/ListsListView and Child at position 1 in parent with id: kdk.android.simplydo:id/listsView)
07-22 17:00:17.728 info ViewInteraction Performing 'single click' action on view  displaying data matching: ANYTHING within adapter view matching: (with id: kdk.android.simplydo:id/ListsListView and Child at position 1 in parent with id: kdk.android.simplydo:id/listsView)
07-22 17:00:17.842 verbose SimplyDo ListsListReactor.onItemClick()
07-22 17:00:17.848 debug SimplyDo fetchItems returned 0 items
07-22 17:00:18.360 info ViewInteraction Performing 'replace text' action on view (with id: kdk.android.simplydo:id/AddItemEditText and Child at position 0 in parent (with id: kdk.android.simplydo:id/LinearLayout01 and Child at position 0 in parent with id: kdk.android.simplydo:id/itemsView) and is displayed on the screen to the user)
07-22 17:00:18.388 info ViewInteraction Performing 'close keyboard' action on view (with id: kdk.android.simplydo:id/AddItemEditText and Child at position 0 in parent (with id: kdk.android.simplydo:id/LinearLayout01 and Child at position 0 in parent with id: kdk.android.simplydo:id/itemsView) and is displayed on the screen to the user)
07-22 17:00:18.390 warn CloseKeyboardAction Attempting to close soft keyboard, while it is not shown.
07-22 17:00:18.393 info ViewInteraction Performing 'single click' action on view (with id: kdk.android.simplydo:id/AddItemButton and with text: is "Add" and Child at position 1 in parent (with id: kdk.android.simplydo:id/LinearLayout01 and Child at position 0 in parent with id: kdk.android.simplydo:id/itemsView) and is displayed on the screen to the user)
07-22 17:00:18.437 verbose SimplyDo DataManager.createItem(): Insert item Item
07-22 17:00:18.450 debug SimplyDo DataManager.createItem(): Inserted item and got id 6
07-22 17:00:18.716 debug LifecycleMonitor Lifecycle status change: kdk.android.simplydo.SimplyDoActivity@727717b in: PAUSED
07-22 17:00:18.716 debug LifecycleMonitor running callback: android.support.test.rule.ActivityTestRule$LifecycleCallback@4b33600
07-22 17:00:18.716 debug LifecycleMonitor callback completes: android.support.test.rule.ActivityTestRule$LifecycleCallback@4b33600
07-22 17:00:18.748 debug LifecycleMonitor Lifecycle status change: kdk.android.simplydo.SimplyDoActivity@727717b in: STOPPED
07-22 17:00:18.748 debug LifecycleMonitor running callback: android.support.test.rule.ActivityTestRule$LifecycleCallback@4b33600
07-22 17:00:18.748 debug LifecycleMonitor callback completes: android.support.test.rule.ActivityTestRule$LifecycleCallback@4b33600
07-22 17:00:18.748 verbose SimplyDo SimplyDoActivity.onDestroy() called
07-22 17:00:18.748 verbose SimplyDo CachingDataView.close(): Entered
07-22 17:00:18.748 debug SimplyDo CachingDataView.close(): Close interrupt required
07-22 17:00:18.748 debug SimplyDo CachingDataViewer.dbUpdateLoop(): interrupt exit
07-22 17:00:18.748 verbose SimplyDo CachingDataViewer.dbUpdateLoop(): Exit
07-22 17:00:18.749 verbose SimplyDo CachingDataView.close(): Exit
07-22 17:00:18.749 debug LifecycleMonitor Lifecycle status change: kdk.android.simplydo.SimplyDoActivity@727717b in: DESTROYED
07-22 17:00:18.749 debug LifecycleMonitor running callback: android.support.test.rule.ActivityTestRule$LifecycleCallback@4b33600
07-22 17:00:18.749 debug LifecycleMonitor callback completes: android.support.test.rule.ActivityTestRule$LifecycleCallback@4b33600
07-22 17:00:18.763 debug EGL_emulation eglMakeCurrent: 0xae4d4a80: ver 3 0 (tinfo 0xae4e77e0)
07-22 17:00:18.766 error Surface getSlotFromBufferLocked: unknown buffer: 0xae484040
07-22 17:00:18.769 debug OpenGLRenderer endAllStagingAnimators on 0xa0ed6400 (RippleDrawable) with handle 0xaa1154c0
07-22 17:00:18.794 info TestRunner finished: addItemDefauC4(kdk.android.simplydo.C4.AddItemC4)
