07-22 17:00:13.145 info TestRunner started: sortItemsC3(kdk.android.simplydo.C3.SortItemsC3)
07-22 17:00:13.158 info MonitoringInstr Activities that are still in CREATED to STOPPED: 0
07-22 17:00:13.163 warn ActivityTestRule getActivityIntent() returned null using default: Intent(Intent.ACTION_MAIN)
07-22 17:00:13.194 warn IInputConnectionWrapper reportFullscreenMode on inexistent InputConnection
07-22 17:00:13.202 warn IInputConnectionWrapper finishComposingText on inactive InputConnection
07-22 17:00:13.216 debug LifecycleMonitor Lifecycle status change: kdk.android.simplydo.SimplyDoActivity@2fc8621 in: PRE_ON_CREATE
07-22 17:00:13.216 verbose SimplyDo SimplyDoActivity.onCreate() called
07-22 17:00:13.237 verbose SimplyDo CachingDataViewer.dbUpdateLoop(): Entered
07-22 17:00:13.241 verbose SimplyDo CachingDataView.fetchLists(): Entered
07-22 17:00:13.249 debug SimplyDo fetchLists returned 9 items
07-22 17:00:13.249 verbose SimplyDo CachingDataView.fetchLists(): Exited
07-22 17:00:13.249 debug SimplyDo SimplyDoActivity.onCreate()
07-22 17:00:13.249 debug LifecycleMonitor Lifecycle status change: kdk.android.simplydo.SimplyDoActivity@2fc8621 in: CREATED
07-22 17:00:13.250 verbose SimplyDo SimplyDoActivity.onStart(): called
07-22 17:00:13.250 debug LifecycleMonitor Lifecycle status change: kdk.android.simplydo.SimplyDoActivity@2fc8621 in: STARTED
07-22 17:00:13.250 debug LifecycleMonitor Lifecycle status change: kdk.android.simplydo.SimplyDoActivity@2fc8621 in: RESUMED
07-22 17:00:13.365 debug EGL_emulation eglMakeCurrent: 0xae4d4a80: ver 3 0 (tinfo 0xae4e77e0)
07-22 17:00:13.404 verbose SimplyDo SimplyDoActivity.onCreateOptionsMenu() called
07-22 17:00:13.404 verbose SimplyDo SimplyDoActivity.onPrepareOptionsMenu() called
07-22 17:00:13.465 info ViewInteraction Performing 'replace text' action on view (with id: kdk.android.simplydo:id/AddListEditText and with content description: is "addlistedittext" and Child at position 0 in parent (with id: kdk.android.simplydo:id/LinearLayout01 and Child at position 0 in parent (with id: kdk.android.simplydo:id/listsView and Child at position 0 in parent (with id: kdk.android.simplydo:id/ListsItemsSwitcher and Child at position 0 in parent Child at position 0 in parent with id: android:id/content))) and is displayed on the screen to the user)
07-22 17:00:13.485 info ViewInteraction Performing 'close keyboard' action on view (with id: kdk.android.simplydo:id/AddListEditText and with content description: is "addlistedittext" and Child at position 0 in parent (with id: kdk.android.simplydo:id/LinearLayout01 and Child at position 0 in parent (with id: kdk.android.simplydo:id/listsView and Child at position 0 in parent (with id: kdk.android.simplydo:id/ListsItemsSwitcher and Child at position 0 in parent Child at position 0 in parent with id: android:id/content))) and is displayed on the screen to the user)
07-22 17:00:13.486 warn CloseKeyboardAction Attempting to close soft keyboard, while it is not shown.
07-22 17:00:13.490 info ViewInteraction Performing 'single click' action on view (with id: kdk.android.simplydo:id/AddListButton and with text: is "Add" and with content description: is "Add" and Child at position 1 in parent (with id: kdk.android.simplydo:id/LinearLayout01 and Child at position 0 in parent (with id: kdk.android.simplydo:id/listsView and Child at position 0 in parent (with id: kdk.android.simplydo:id/ListsItemsSwitcher and Child at position 0 in parent Child at position 0 in parent with id: android:id/content))) and is displayed on the screen to the user)
07-22 17:00:13.537 debug SimplyDo Insert list List
07-22 17:00:13.551 debug SimplyDo fetchLists returned 10 items
07-22 17:00:13.986 info ViewInteraction Performing 'load adapter data' action on view (with id: kdk.android.simplydo:id/ListsListView and Child at position 1 in parent (with id: kdk.android.simplydo:id/listsView and Child at position 0 in parent (with id: kdk.android.simplydo:id/ListsItemsSwitcher and Child at position 0 in parent Child at position 0 in parent with id: android:id/content)))
07-22 17:00:14.000 info ViewInteraction Performing 'single click' action on view  displaying data matching: ANYTHING within adapter view matching: (with id: kdk.android.simplydo:id/ListsListView and Child at position 1 in parent (with id: kdk.android.simplydo:id/listsView and Child at position 0 in parent (with id: kdk.android.simplydo:id/ListsItemsSwitcher and Child at position 0 in parent Child at position 0 in parent with id: android:id/content)))
07-22 17:00:14.111 verbose SimplyDo ListsListReactor.onItemClick()
07-22 17:00:14.113 debug SimplyDo fetchItems returned 0 items
07-22 17:00:14.633 info ViewInteraction Performing 'replace text' action on view (with id: kdk.android.simplydo:id/AddItemEditText and with content description: is "addItemEditText" and Child at position 0 in parent (with id: kdk.android.simplydo:id/LinearLayout01 and Child at position 0 in parent (with id: kdk.android.simplydo:id/itemsView and Child at position 1 in parent (with id: kdk.android.simplydo:id/ListsItemsSwitcher and Child at position 0 in parent Child at position 0 in parent with id: android:id/content))) and is displayed on the screen to the user)
07-22 17:00:14.656 info ViewInteraction Performing 'close keyboard' action on view (with id: kdk.android.simplydo:id/AddItemEditText and with content description: is "addItemEditText" and Child at position 0 in parent (with id: kdk.android.simplydo:id/LinearLayout01 and Child at position 0 in parent (with id: kdk.android.simplydo:id/itemsView and Child at position 1 in parent (with id: kdk.android.simplydo:id/ListsItemsSwitcher and Child at position 0 in parent Child at position 0 in parent with id: android:id/content))) and is displayed on the screen to the user)
07-22 17:00:14.658 warn CloseKeyboardAction Attempting to close soft keyboard, while it is not shown.
07-22 17:00:14.662 info ViewInteraction Performing 'single click' action on view (with id: kdk.android.simplydo:id/AddItemButton and with text: is "Add" and with content description: is "Add" and Child at position 1 in parent (with id: kdk.android.simplydo:id/LinearLayout01 and Child at position 0 in parent (with id: kdk.android.simplydo:id/itemsView and Child at position 1 in parent (with id: kdk.android.simplydo:id/ListsItemsSwitcher and Child at position 0 in parent Child at position 0 in parent with id: android:id/content))) and is displayed on the screen to the user)
07-22 17:00:14.707 verbose SimplyDo DataManager.createItem(): Insert item A
07-22 17:00:14.723 debug SimplyDo DataManager.createItem(): Inserted item and got id 3
07-22 17:00:14.951 info ViewInteraction Performing 'replace text' action on view (with id: kdk.android.simplydo:id/AddItemEditText and with content description: is "addItemEditText" and Child at position 0 in parent (with id: kdk.android.simplydo:id/LinearLayout01 and Child at position 0 in parent (with id: kdk.android.simplydo:id/itemsView and Child at position 1 in parent (with id: kdk.android.simplydo:id/ListsItemsSwitcher and Child at position 0 in parent Child at position 0 in parent with id: android:id/content))) and is displayed on the screen to the user)
07-22 17:00:14.974 info ViewInteraction Performing 'close keyboard' action on view (with id: kdk.android.simplydo:id/AddItemEditText and with content description: is "addItemEditText" and Child at position 0 in parent (with id: kdk.android.simplydo:id/LinearLayout01 and Child at position 0 in parent (with id: kdk.android.simplydo:id/itemsView and Child at position 1 in parent (with id: kdk.android.simplydo:id/ListsItemsSwitcher and Child at position 0 in parent Child at position 0 in parent with id: android:id/content))) and is displayed on the screen to the user)
07-22 17:00:14.976 warn CloseKeyboardAction Attempting to close soft keyboard, while it is not shown.
07-22 17:00:14.981 info ViewInteraction Performing 'single click' action on view (with id: kdk.android.simplydo:id/AddItemButton and with text: is "Add" and with content description: is "Add" and Child at position 1 in parent (with id: kdk.android.simplydo:id/LinearLayout01 and Child at position 0 in parent (with id: kdk.android.simplydo:id/itemsView and Child at position 1 in parent (with id: kdk.android.simplydo:id/ListsItemsSwitcher and Child at position 0 in parent Child at position 0 in parent with id: android:id/content))) and is displayed on the screen to the user)
07-22 17:00:15.038 verbose SimplyDo DataManager.createItem(): Insert item B
07-22 17:00:15.062 debug SimplyDo DataManager.createItem(): Inserted item and got id 4
07-22 17:00:15.329 info ViewInteraction Performing 'replace text' action on view (with id: kdk.android.simplydo:id/AddItemEditText and with content description: is "addItemEditText" and Child at position 0 in parent (with id: kdk.android.simplydo:id/LinearLayout01 and Child at position 0 in parent (with id: kdk.android.simplydo:id/itemsView and Child at position 1 in parent (with id: kdk.android.simplydo:id/ListsItemsSwitcher and Child at position 0 in parent Child at position 0 in parent with id: android:id/content))) and is displayed on the screen to the user)
07-22 17:00:15.351 info ViewInteraction Performing 'close keyboard' action on view (with id: kdk.android.simplydo:id/AddItemEditText and with content description: is "addItemEditText" and Child at position 0 in parent (with id: kdk.android.simplydo:id/LinearLayout01 and Child at position 0 in parent (with id: kdk.android.simplydo:id/itemsView and Child at position 1 in parent (with id: kdk.android.simplydo:id/ListsItemsSwitcher and Child at position 0 in parent Child at position 0 in parent with id: android:id/content))) and is displayed on the screen to the user)
07-22 17:00:15.355 warn CloseKeyboardAction Attempting to close soft keyboard, while it is not shown.
07-22 17:00:15.359 info ViewInteraction Performing 'single click' action on view (with id: kdk.android.simplydo:id/AddItemButton and with text: is "Add" and with content description: is "Add" and Child at position 1 in parent (with id: kdk.android.simplydo:id/LinearLayout01 and Child at position 0 in parent (with id: kdk.android.simplydo:id/itemsView and Child at position 1 in parent (with id: kdk.android.simplydo:id/ListsItemsSwitcher and Child at position 0 in parent Child at position 0 in parent with id: android:id/content))) and is displayed on the screen to the user)
07-22 17:00:15.415 verbose SimplyDo DataManager.createItem(): Insert item D
07-22 17:00:15.432 debug SimplyDo DataManager.createItem(): Inserted item and got id 5
07-22 17:00:15.683 info ViewInteraction Performing 'Handle transition between action bar and action bar context.' action on view is a root view.
07-22 17:00:15.690 info ViewInteraction Performing 'single click' action on view ((is displayed on the screen to the user and with content description: is "More options") or (is displayed on the screen to the user and with class name: a string ending with "OverflowMenuButton"))
07-22 17:00:15.998 verbose SimplyDo SimplyDoActivity.onPrepareOptionsMenu() called
07-22 17:00:16.072 debug EGL_emulation eglMakeCurrent: 0xae4d4a80: ver 3 0 (tinfo 0xae4e77e0)
07-22 17:00:16.077 debug EGL_emulation eglMakeCurrent: 0xae4d4a80: ver 3 0 (tinfo 0xae4e77e0)
07-22 17:00:16.118 debug EGL_emulation eglMakeCurrent: 0xae4d4a80: ver 3 0 (tinfo 0xae4e77e0)
07-22 17:00:16.128 debug EGL_emulation eglMakeCurrent: 0xae4d4a80: ver 3 0 (tinfo 0xae4e77e0)
07-22 17:00:16.135 debug EGL_emulation eglMakeCurrent: 0xae4d4a80: ver 3 0 (tinfo 0xae4e77e0)
07-22 17:00:16.145 debug EGL_emulation eglMakeCurrent: 0xae4d4a80: ver 3 0 (tinfo 0xae4e77e0)
07-22 17:00:16.154 debug EGL_emulation eglMakeCurrent: 0xae4d4a80: ver 3 0 (tinfo 0xae4e77e0)
07-22 17:00:16.164 debug EGL_emulation eglMakeCurrent: 0xae4d4a80: ver 3 0 (tinfo 0xae4e77e0)
07-22 17:00:16.173 debug EGL_emulation eglMakeCurrent: 0xae4d4a80: ver 3 0 (tinfo 0xae4e77e0)
07-22 17:00:16.401 debug EGL_emulation eglMakeCurrent: 0xae4d4a80: ver 3 0 (tinfo 0xae4e77e0)
07-22 17:00:16.403 info ViewInteraction Performing 'single click' action on view (with id: android:id/title and with text: is "Sort Now" and Child at position 0 in parent Child at position 0 in parent has parent matching: Child at position 0 in parent with class name: is "android.widget.PopupWindow$PopupBackgroundView" and is displayed on the screen to the user)
07-22 17:00:16.469 debug EGL_emulation eglMakeCurrent: 0xae4d4a80: ver 3 0 (tinfo 0xae4e77e0)
07-22 17:00:16.514 verbose SimplyDo SimplyDoActivity.onMenuItemSelected() called
07-22 17:00:16.541 debug EGL_emulation eglMakeCurrent: 0xae4d4a80: ver 3 0 (tinfo 0xae4e77e0)
07-22 17:00:16.554 debug EGL_emulation eglMakeCurrent: 0xae4d4a80: ver 3 0 (tinfo 0xae4e77e0)
07-22 17:00:16.561 debug EGL_emulation eglMakeCurrent: 0xae4d4a80: ver 3 0 (tinfo 0xae4e77e0)
07-22 17:00:16.568 debug EGL_emulation eglMakeCurrent: 0xae4d4a80: ver 3 0 (tinfo 0xae4e77e0)
07-22 17:00:16.722 debug LifecycleMonitor Lifecycle status change: kdk.android.simplydo.SimplyDoActivity@2fc8621 in: PAUSED
07-22 17:00:16.722 debug LifecycleMonitor running callback: android.support.test.rule.ActivityTestRule$LifecycleCallback@b824e5f
07-22 17:00:16.722 debug LifecycleMonitor callback completes: android.support.test.rule.ActivityTestRule$LifecycleCallback@b824e5f
07-22 17:00:16.753 debug EGL_emulation eglMakeCurrent: 0xae4d4a80: ver 3 0 (tinfo 0xae4e77e0)
07-22 17:00:16.762 debug EGL_emulation eglMakeCurrent: 0xae4d4a80: ver 3 0 (tinfo 0xae4e77e0)
07-22 17:00:16.766 debug LifecycleMonitor Lifecycle status change: kdk.android.simplydo.SimplyDoActivity@2fc8621 in: STOPPED
07-22 17:00:16.766 debug LifecycleMonitor running callback: android.support.test.rule.ActivityTestRule$LifecycleCallback@b824e5f
07-22 17:00:16.766 debug LifecycleMonitor callback completes: android.support.test.rule.ActivityTestRule$LifecycleCallback@b824e5f
07-22 17:00:16.766 verbose SimplyDo SimplyDoActivity.onDestroy() called
07-22 17:00:16.766 verbose SimplyDo CachingDataView.close(): Entered
07-22 17:00:16.766 debug SimplyDo CachingDataView.close(): Close interrupt required
07-22 17:00:16.766 debug SimplyDo CachingDataViewer.dbUpdateLoop(): interrupt exit
07-22 17:00:16.766 verbose SimplyDo CachingDataViewer.dbUpdateLoop(): Exit
07-22 17:00:16.767 verbose SimplyDo CachingDataView.close(): Exit
07-22 17:00:16.767 debug LifecycleMonitor Lifecycle status change: kdk.android.simplydo.SimplyDoActivity@2fc8621 in: DESTROYED
07-22 17:00:16.767 debug LifecycleMonitor running callback: android.support.test.rule.ActivityTestRule$LifecycleCallback@b824e5f
07-22 17:00:16.767 debug LifecycleMonitor callback completes: android.support.test.rule.ActivityTestRule$LifecycleCallback@b824e5f
07-22 17:00:16.810 error Surface getSlotFromBufferLocked: unknown buffer: 0xae483b40
07-22 17:00:16.853 error WindowManager android.view.WindowLeaked: Activity kdk.android.simplydo.SimplyDoActivity has leaked window android.widget.PopupWindow$PopupDecorView{68db926 V.E...... ........ 0,0-588,432} that was originally added here
07-22 17:00:16.853 error WindowManager 	at android.view.ViewRootImpl.<init>(ViewRootImpl.java:368)
07-22 17:00:16.853 error WindowManager 	at android.view.WindowManagerGlobal.addView(WindowManagerGlobal.java:299)
07-22 17:00:16.853 error WindowManager 	at android.view.WindowManagerImpl.addView(WindowManagerImpl.java:85)
07-22 17:00:16.853 error WindowManager 	at android.widget.PopupWindow.invokePopup(PopupWindow.java:1258)
07-22 17:00:16.853 error WindowManager 	at android.widget.PopupWindow.showAsDropDown(PopupWindow.java:1110)
07-22 17:00:16.853 error WindowManager 	at android.widget.ListPopupWindow.show(ListPopupWindow.java:658)
07-22 17:00:16.853 error WindowManager 	at com.android.internal.view.menu.MenuPopupHelper.tryShow(MenuPopupHelper.java:170)
07-22 17:00:16.853 error WindowManager 	at android.widget.ActionMenuPresenter$OpenOverflowRunnable.run(ActionMenuPresenter.java:997)
07-22 17:00:16.853 error WindowManager 	at android.os.Handler.handleCallback(Handler.java:739)
07-22 17:00:16.853 error WindowManager 	at android.os.Handler.dispatchMessage(Handler.java:95)
07-22 17:00:16.853 error WindowManager 	at android.support.test.espresso.base.Interrogator.loopAndInterrogate(Interrogator.java:148)
07-22 17:00:16.853 error WindowManager 	at android.support.test.espresso.base.UiControllerImpl.loopUntil(UiControllerImpl.java:462)
07-22 17:00:16.853 error WindowManager 	at android.support.test.espresso.base.UiControllerImpl.loopUntil(UiControllerImpl.java:421)
07-22 17:00:16.853 error WindowManager 	at android.support.test.espresso.base.UiControllerImpl.loopMainThreadForAtLeast(UiControllerImpl.java:405)
07-22 17:00:16.853 error WindowManager 	at android.support.test.espresso.action.MotionEvents.sendDown(MotionEvents.java:92)
07-22 17:00:16.853 error WindowManager 	at android.support.test.espresso.action.Tap.sendSingleTap(Tap.java:168)
07-22 17:00:16.853 error WindowManager 	at android.support.test.espresso.action.Tap.access$100(Tap.java:31)
07-22 17:00:16.853 error WindowManager 	at android.support.test.espresso.action.Tap$1.sendTap(Tap.java:47)
07-22 17:00:16.853 error WindowManager 	at android.support.test.espresso.action.GeneralClickAction.perform(GeneralClickAction.java:136)
07-22 17:00:16.853 error WindowManager 	at android.support.test.espresso.ViewInteraction$SingleExecutionViewAction.perform(ViewInteraction.java:356)
07-22 17:00:16.853 error WindowManager 	at android.support.test.espresso.ViewInteraction.doPerform(ViewInteraction.java:248)
07-22 17:00:16.853 error WindowManager 	at android.support.test.espresso.ViewInteraction.access$100(ViewInteraction.java:63)
07-22 17:00:16.853 error WindowManager 	at android.support.test.espresso.ViewInteraction$1.call(ViewInteraction.java:153)
07-22 17:00:16.853 error WindowManager 	at android.support.test.espresso.ViewInteraction$1.call(ViewInteraction.java:150)
07-22 17:00:16.853 error WindowManager 	at java.util.concurrent.FutureTask.run(FutureTask.java:237)
07-22 17:00:16.853 error WindowManager 	at android.os.Handler.handleCallback(Handler.java:739)
07-22 17:00:16.853 error WindowManager 	at android.os.Handler.dispatchMessage(Handler.java:95)
07-22 17:00:16.853 error WindowManager 	at android.os.Looper.loop(Looper.java:148)
07-22 17:00:16.853 error WindowManager 	at android.app.ActivityThread.main(ActivityThread.java:5417)
07-22 17:00:16.853 error WindowManager 	at java.lang.reflect.Method.invoke(Native Method)
07-22 17:00:16.853 error WindowManager 	at com.android.internal.os.ZygoteInit$MethodAndArgsCaller.run(ZygoteInit.java:726)
07-22 17:00:16.853 error WindowManager 	at com.android.internal.os.ZygoteInit.main(ZygoteInit.java:616)
07-22 17:00:16.867 debug EGL_emulation eglMakeCurrent: 0xae4d4a80: ver 3 0 (tinfo 0xae4e77e0)
07-22 17:00:16.872 error Surface getSlotFromBufferLocked: unknown buffer: 0xae484040
07-22 17:00:16.882 debug OpenGLRenderer endAllStagingAnimators on 0xa16e0980 (ListPopupWindow$DropDownListView) with handle 0xaa115800
07-22 17:00:16.912 info TestRunner finished: sortItemsC3(kdk.android.simplydo.C3.SortItemsC3)
