07-22 17:00:56.789 info TestRunner started: createListsDefault(kdk.android.simplydo.Default.CreateListsDefault)
07-22 17:00:56.791 info MonitoringInstr Activities that are still in CREATED to STOPPED: 0
07-22 17:00:56.793 warn ActivityTestRule getActivityIntent() returned null using default: Intent(Intent.ACTION_MAIN)
07-22 17:00:56.878 debug LifecycleMonitor Lifecycle status change: kdk.android.simplydo.SimplyDoActivity@2309fff in: PRE_ON_CREATE
07-22 17:00:56.878 verbose SimplyDo SimplyDoActivity.onCreate() called
07-22 17:00:56.898 verbose SimplyDo CachingDataViewer.dbUpdateLoop(): Entered
07-22 17:00:56.900 verbose SimplyDo CachingDataView.fetchLists(): Entered
07-22 17:00:56.910 debug SimplyDo fetchLists returned 27 items
07-22 17:00:56.910 verbose SimplyDo CachingDataView.fetchLists(): Exited
07-22 17:00:56.914 debug SimplyDo SimplyDoActivity.onCreate()
07-22 17:00:56.920 debug LifecycleMonitor Lifecycle status change: kdk.android.simplydo.SimplyDoActivity@2309fff in: CREATED
07-22 17:00:56.921 verbose SimplyDo SimplyDoActivity.onStart(): called
07-22 17:00:56.921 debug LifecycleMonitor Lifecycle status change: kdk.android.simplydo.SimplyDoActivity@2309fff in: STARTED
07-22 17:00:56.922 debug LifecycleMonitor Lifecycle status change: kdk.android.simplydo.SimplyDoActivity@2309fff in: RESUMED
07-22 17:00:57.012 debug EGL_emulation eglMakeCurrent: 0xae4d4a80: ver 3 0 (tinfo 0xae4e77e0)
07-22 17:00:57.045 verbose SimplyDo SimplyDoActivity.onCreateOptionsMenu() called
07-22 17:00:57.045 verbose SimplyDo SimplyDoActivity.onPrepareOptionsMenu() called
07-22 17:00:57.079 info ViewInteraction Performing 'replace text' action on view (with id: kdk.android.simplydo:id/AddListEditText and with content description: is "addlistedittext" and Child at position 0 in parent (with id: kdk.android.simplydo:id/LinearLayout01 and Child at position 0 in parent with id: kdk.android.simplydo:id/listsView) and is displayed on the screen to the user)
07-22 17:00:57.096 info ViewInteraction Performing 'close keyboard' action on view (with id: kdk.android.simplydo:id/AddListEditText and with content description: is "addlistedittext" and Child at position 0 in parent (with id: kdk.android.simplydo:id/LinearLayout01 and Child at position 0 in parent with id: kdk.android.simplydo:id/listsView) and is displayed on the screen to the user)
07-22 17:00:57.097 warn CloseKeyboardAction Attempting to close soft keyboard, while it is not shown.
07-22 17:00:57.099 info ViewInteraction Performing 'single click' action on view (with id: kdk.android.simplydo:id/AddListButton and with text: is "Add" and with content description: is "Add" and Child at position 1 in parent (with id: kdk.android.simplydo:id/LinearLayout01 and Child at position 0 in parent with id: kdk.android.simplydo:id/listsView) and is displayed on the screen to the user)
07-22 17:00:57.142 debug SimplyDo Insert list List
07-22 17:00:57.160 debug SimplyDo fetchLists returned 28 items
07-22 17:00:57.399 info ViewInteraction Performing 'replace text' action on view (with id: kdk.android.simplydo:id/AddListEditText and with content description: is "addlistedittext" and Child at position 0 in parent (with id: kdk.android.simplydo:id/LinearLayout01 and Child at position 0 in parent with id: kdk.android.simplydo:id/listsView) and is displayed on the screen to the user)
07-22 17:00:57.444 info ViewInteraction Performing 'close keyboard' action on view (with id: kdk.android.simplydo:id/AddListEditText and with content description: is "addlistedittext" and Child at position 0 in parent (with id: kdk.android.simplydo:id/LinearLayout01 and Child at position 0 in parent with id: kdk.android.simplydo:id/listsView) and is displayed on the screen to the user)
07-22 17:00:57.446 warn CloseKeyboardAction Attempting to close soft keyboard, while it is not shown.
07-22 17:00:57.451 info ViewInteraction Performing 'single click' action on view (with id: kdk.android.simplydo:id/AddListButton and with text: is "Add" and with content description: is "Add" and Child at position 1 in parent (with id: kdk.android.simplydo:id/LinearLayout01 and Child at position 0 in parent with id: kdk.android.simplydo:id/listsView) and is displayed on the screen to the user)
07-22 17:00:57.545 debug SimplyDo Insert list List2
07-22 17:00:57.568 debug SimplyDo fetchLists returned 29 items
07-22 17:00:57.886 debug LifecycleMonitor Lifecycle status change: kdk.android.simplydo.SimplyDoActivity@2309fff in: PAUSED
07-22 17:00:57.886 debug LifecycleMonitor running callback: android.support.test.rule.ActivityTestRule$LifecycleCallback@acbb152
07-22 17:00:57.886 debug LifecycleMonitor callback completes: android.support.test.rule.ActivityTestRule$LifecycleCallback@acbb152
07-22 17:00:57.911 debug LifecycleMonitor Lifecycle status change: kdk.android.simplydo.SimplyDoActivity@2309fff in: STOPPED
07-22 17:00:57.911 debug LifecycleMonitor running callback: android.support.test.rule.ActivityTestRule$LifecycleCallback@acbb152
07-22 17:00:57.911 debug LifecycleMonitor callback completes: android.support.test.rule.ActivityTestRule$LifecycleCallback@acbb152
07-22 17:00:57.911 verbose SimplyDo SimplyDoActivity.onDestroy() called
07-22 17:00:57.911 verbose SimplyDo CachingDataView.close(): Entered
07-22 17:00:57.911 debug SimplyDo CachingDataView.close(): Close interrupt required
07-22 17:00:57.911 debug SimplyDo CachingDataViewer.dbUpdateLoop(): interrupt exit
07-22 17:00:57.911 verbose SimplyDo CachingDataViewer.dbUpdateLoop(): Exit
07-22 17:00:57.914 verbose SimplyDo CachingDataView.close(): Exit
07-22 17:00:57.914 debug LifecycleMonitor Lifecycle status change: kdk.android.simplydo.SimplyDoActivity@2309fff in: DESTROYED
07-22 17:00:57.914 debug LifecycleMonitor running callback: android.support.test.rule.ActivityTestRule$LifecycleCallback@acbb152
07-22 17:00:57.914 debug LifecycleMonitor callback completes: android.support.test.rule.ActivityTestRule$LifecycleCallback@acbb152
07-22 17:00:58.294 debug EGL_emulation eglMakeCurrent: 0xae4d4a80: ver 3 0 (tinfo 0xae4e77e0)
07-22 17:00:58.310 error Surface getSlotFromBufferLocked: unknown buffer: 0xae483b40
07-22 17:00:58.318 debug OpenGLRenderer endAllStagingAnimators on 0xa0e8b600 (RippleDrawable) with handle 0xa1549170
07-22 17:00:58.362 info TestRunner finished: createListsDefault(kdk.android.simplydo.Default.CreateListsDefault)
