07-22 17:01:25.899 info TestRunner started: addItemDefault(kdk.android.simplydo.Default.AddItemDefault)
07-22 17:01:25.902 info MonitoringInstr Activities that are still in CREATED to STOPPED: 0
07-22 17:01:25.902 warn ActivityTestRule getActivityIntent() returned null using default: Intent(Intent.ACTION_MAIN)
07-22 17:01:25.927 debug LifecycleMonitor Lifecycle status change: kdk.android.simplydo.SimplyDoActivity@e37ac1d in: PRE_ON_CREATE
07-22 17:01:25.927 verbose SimplyDo SimplyDoActivity.onCreate() called
07-22 17:01:25.944 verbose SimplyDo CachingDataViewer.dbUpdateLoop(): Entered
07-22 17:01:25.953 verbose SimplyDo CachingDataView.fetchLists(): Entered
07-22 17:01:25.974 debug SimplyDo fetchLists returned 25 items
07-22 17:01:25.975 verbose SimplyDo CachingDataView.fetchLists(): Exited
07-22 17:01:25.976 debug SimplyDo SimplyDoActivity.onCreate()
07-22 17:01:25.976 debug LifecycleMonitor Lifecycle status change: kdk.android.simplydo.SimplyDoActivity@e37ac1d in: CREATED
07-22 17:01:25.977 verbose SimplyDo SimplyDoActivity.onStart(): called
07-22 17:01:25.979 debug LifecycleMonitor Lifecycle status change: kdk.android.simplydo.SimplyDoActivity@e37ac1d in: STARTED
07-22 17:01:25.980 debug LifecycleMonitor Lifecycle status change: kdk.android.simplydo.SimplyDoActivity@e37ac1d in: RESUMED
07-22 17:01:26.077 verbose SimplyDo SimplyDoActivity.onCreateOptionsMenu() called
07-22 17:01:26.077 verbose SimplyDo SimplyDoActivity.onPrepareOptionsMenu() called
07-22 17:01:26.094 debug EGL_emulation eglMakeCurrent: 0xa61055a0: ver 3 0 (tinfo 0xa61032b0)
07-22 17:01:26.112 info ViewInteraction Performing 'replace text' action on view (with id: kdk.android.simplydo:id/AddListEditText and with content description: is "addlistedittext" and Child at position 0 in parent (with id: kdk.android.simplydo:id/LinearLayout01 and Child at position 0 in parent with id: kdk.android.simplydo:id/listsView) and is displayed on the screen to the user)
07-22 17:01:26.130 info ViewInteraction Performing 'close keyboard' action on view (with id: kdk.android.simplydo:id/AddListEditText and with content description: is "addlistedittext" and Child at position 0 in parent (with id: kdk.android.simplydo:id/LinearLayout01 and Child at position 0 in parent with id: kdk.android.simplydo:id/listsView) and is displayed on the screen to the user)
07-22 17:01:26.131 warn CloseKeyboardAction Attempting to close soft keyboard, while it is not shown.
07-22 17:01:26.133 info ViewInteraction Performing 'single click' action on view (with id: kdk.android.simplydo:id/AddListButton and with text: is "Add" and with content description: is "Add" and Child at position 1 in parent (with id: kdk.android.simplydo:id/LinearLayout01 and Child at position 0 in parent with id: kdk.android.simplydo:id/listsView) and is displayed on the screen to the user)
07-22 17:01:26.199 debug SimplyDo Insert list List
07-22 17:01:26.229 debug SimplyDo fetchLists returned 26 items
07-22 17:01:26.468 info ViewInteraction Performing 'load adapter data' action on view (with id: kdk.android.simplydo:id/ListsListView and Child at position 1 in parent with id: kdk.android.simplydo:id/listsView)
07-22 17:01:26.495 info ViewInteraction Performing 'single click' action on view  displaying data matching: ANYTHING within adapter view matching: (with id: kdk.android.simplydo:id/ListsListView and Child at position 1 in parent with id: kdk.android.simplydo:id/listsView)
07-22 17:01:26.613 verbose SimplyDo ListsListReactor.onItemClick()
07-22 17:01:26.619 debug SimplyDo fetchItems returned 8 items
07-22 17:01:26.675 info AssistStructure Flattened final assist data: 12464 bytes, containing 1 windows, 58 views
07-22 17:01:27.227 info ViewInteraction Performing 'replace text' action on view (with id: kdk.android.simplydo:id/AddItemEditText and with content description: is "addItemEditText" and Child at position 0 in parent (with id: kdk.android.simplydo:id/LinearLayout01 and Child at position 0 in parent with id: kdk.android.simplydo:id/itemsView) and is displayed on the screen to the user)
07-22 17:01:27.249 info ViewInteraction Performing 'close keyboard' action on view (with id: kdk.android.simplydo:id/AddItemEditText and with content description: is "addItemEditText" and Child at position 0 in parent (with id: kdk.android.simplydo:id/LinearLayout01 and Child at position 0 in parent with id: kdk.android.simplydo:id/itemsView) and is displayed on the screen to the user)
07-22 17:01:27.250 warn CloseKeyboardAction Attempting to close soft keyboard, while it is not shown.
07-22 17:01:27.253 info ViewInteraction Performing 'single click' action on view (with id: kdk.android.simplydo:id/AddItemButton and with text: is "Add" and with content description: is "Add" and Child at position 1 in parent (with id: kdk.android.simplydo:id/LinearLayout01 and Child at position 0 in parent with id: kdk.android.simplydo:id/itemsView) and is displayed on the screen to the user)
07-22 17:01:27.319 verbose SimplyDo DataManager.createItem(): Insert item Item
07-22 17:01:27.339 debug SimplyDo DataManager.createItem(): Inserted item and got id 16
07-22 17:01:27.571 debug LifecycleMonitor Lifecycle status change: kdk.android.simplydo.SimplyDoActivity@e37ac1d in: PAUSED
07-22 17:01:27.571 debug LifecycleMonitor running callback: android.support.test.rule.ActivityTestRule$LifecycleCallback@ea04522
07-22 17:01:27.571 debug LifecycleMonitor callback completes: android.support.test.rule.ActivityTestRule$LifecycleCallback@ea04522
07-22 17:01:27.599 info TestRunner finished: addItemDefault(kdk.android.simplydo.Default.AddItemDefault)
