07-22 17:00:41.674 info TestRunner started: changeSettingsC6(kdk.android.simplydo.C6.ChangeSettingsC6)
07-22 17:00:41.676 info MonitoringInstr Activities that are still in CREATED to STOPPED: 0
07-22 17:00:41.680 warn ActivityTestRule getActivityIntent() returned null using default: Intent(Intent.ACTION_MAIN)
07-22 17:00:41.702 debug LifecycleMonitor Lifecycle status change: kdk.android.simplydo.SimplyDoActivity@24db233 in: PRE_ON_CREATE
07-22 17:00:41.703 verbose SimplyDo SimplyDoActivity.onCreate() called
07-22 17:00:41.710 verbose SimplyDo CachingDataViewer.dbUpdateLoop(): Entered
07-22 17:00:41.729 verbose SimplyDo CachingDataView.fetchLists(): Entered
07-22 17:00:41.737 debug SimplyDo fetchLists returned 21 items
07-22 17:00:41.737 verbose SimplyDo CachingDataView.fetchLists(): Exited
07-22 17:00:41.737 debug SimplyDo SimplyDoActivity.onCreate()
07-22 17:00:41.739 debug LifecycleMonitor Lifecycle status change: kdk.android.simplydo.SimplyDoActivity@24db233 in: CREATED
07-22 17:00:41.740 verbose SimplyDo SimplyDoActivity.onStart(): called
07-22 17:00:41.740 debug LifecycleMonitor Lifecycle status change: kdk.android.simplydo.SimplyDoActivity@24db233 in: STARTED
07-22 17:00:41.741 debug LifecycleMonitor Lifecycle status change: kdk.android.simplydo.SimplyDoActivity@24db233 in: RESUMED
07-22 17:00:41.798 debug EGL_emulation eglMakeCurrent: 0xae654c00: ver 3 0 (tinfo 0xae64b390)
07-22 17:00:41.821 verbose SimplyDo SimplyDoActivity.onCreateOptionsMenu() called
07-22 17:00:41.821 verbose SimplyDo SimplyDoActivity.onPrepareOptionsMenu() called
07-22 17:00:41.868 info ViewInteraction Performing 'Handle transition between action bar and action bar context.' action on view is a root view.
07-22 17:00:41.873 info ViewInteraction Performing 'single click' action on view ((is displayed on the screen to the user and with content description: is "More options") or (is displayed on the screen to the user and with class name: a string ending with "OverflowMenuButton"))
07-22 17:00:41.925 verbose SimplyDo SimplyDoActivity.onPrepareOptionsMenu() called
07-22 17:00:41.967 debug EGL_emulation eglMakeCurrent: 0xae654c00: ver 3 0 (tinfo 0xae64b390)
07-22 17:00:42.000 debug EGL_emulation eglMakeCurrent: 0xae654c00: ver 3 0 (tinfo 0xae64b390)
07-22 17:00:42.008 debug EGL_emulation eglMakeCurrent: 0xae654c00: ver 3 0 (tinfo 0xae64b390)
07-22 17:00:42.234 info ViewInteraction Performing 'single click' action on view (with id: android:id/title and with text: is "Settings" and is displayed on the screen to the user)
07-22 17:00:42.345 verbose SimplyDo SimplyDoActivity.onMenuItemSelected() called
07-22 17:00:42.362 debug LifecycleMonitor Lifecycle status change: kdk.android.simplydo.SimplyDoActivity@24db233 in: PAUSED
07-22 17:00:42.362 debug LifecycleMonitor running callback: android.support.test.rule.ActivityTestRule$LifecycleCallback@55bbdd3
07-22 17:00:42.362 debug LifecycleMonitor callback completes: android.support.test.rule.ActivityTestRule$LifecycleCallback@55bbdd3
07-22 17:00:42.377 debug LifecycleMonitor Lifecycle status change: kdk.android.simplydo.SettingsActivity@184d10 in: PRE_ON_CREATE
07-22 17:00:42.377 debug LifecycleMonitor running callback: android.support.test.rule.ActivityTestRule$LifecycleCallback@55bbdd3
07-22 17:00:42.377 debug LifecycleMonitor callback completes: android.support.test.rule.ActivityTestRule$LifecycleCallback@55bbdd3
07-22 17:00:42.394 debug LifecycleMonitor Lifecycle status change: kdk.android.simplydo.SettingsActivity@184d10 in: CREATED
07-22 17:00:42.394 debug LifecycleMonitor running callback: android.support.test.rule.ActivityTestRule$LifecycleCallback@55bbdd3
07-22 17:00:42.394 debug LifecycleMonitor callback completes: android.support.test.rule.ActivityTestRule$LifecycleCallback@55bbdd3
07-22 17:00:42.395 debug LifecycleMonitor Lifecycle status change: kdk.android.simplydo.SettingsActivity@184d10 in: STARTED
07-22 17:00:42.395 debug LifecycleMonitor running callback: android.support.test.rule.ActivityTestRule$LifecycleCallback@55bbdd3
07-22 17:00:42.395 debug LifecycleMonitor callback completes: android.support.test.rule.ActivityTestRule$LifecycleCallback@55bbdd3
07-22 17:00:42.395 debug LifecycleMonitor Lifecycle status change: kdk.android.simplydo.SettingsActivity@184d10 in: RESUMED
07-22 17:00:42.395 debug LifecycleMonitor running callback: android.support.test.rule.ActivityTestRule$LifecycleCallback@55bbdd3
07-22 17:00:42.395 debug LifecycleMonitor callback completes: android.support.test.rule.ActivityTestRule$LifecycleCallback@55bbdd3
07-22 17:00:42.433 debug EGL_emulation eglMakeCurrent: 0xae654c00: ver 3 0 (tinfo 0xae64b390)
07-22 17:00:42.443 debug EGL_emulation eglMakeCurrent: 0xae654c00: ver 3 0 (tinfo 0xae64b390)
07-22 17:00:42.475 debug EGL_emulation eglMakeCurrent: 0xae654c00: ver 3 0 (tinfo 0xae64b390)
07-22 17:00:42.483 debug EGL_emulation eglMakeCurrent: 0xae654c00: ver 3 0 (tinfo 0xae64b390)
07-22 17:00:42.529 debug EGL_emulation eglMakeCurrent: 0xae654c00: ver 3 0 (tinfo 0xae64b390)
07-22 17:00:42.538 debug EGL_emulation eglMakeCurrent: 0xae654c00: ver 3 0 (tinfo 0xae64b390)
07-22 17:00:42.566 error Surface getSlotFromBufferLocked: unknown buffer: 0xae6c3280
07-22 17:00:42.576 debug EGL_emulation eglMakeCurrent: 0xae654c00: ver 3 0 (tinfo 0xae64b390)
07-22 17:00:42.577 error Surface getSlotFromBufferLocked: unknown buffer: 0xae6c4ae0
07-22 17:00:42.578 debug OpenGLRenderer endAllStagingAnimators on 0xa0f47380 (ListPopupWindow$DropDownListView) with handle 0xae478450
07-22 17:00:42.658 debug LifecycleMonitor Lifecycle status change: kdk.android.simplydo.SimplyDoActivity@24db233 in: STOPPED
07-22 17:00:42.658 debug LifecycleMonitor running callback: android.support.test.rule.ActivityTestRule$LifecycleCallback@55bbdd3
07-22 17:00:42.658 debug LifecycleMonitor callback completes: android.support.test.rule.ActivityTestRule$LifecycleCallback@55bbdd3
07-22 17:00:42.658 verbose SimplyDo SimplyDoActivity.onDestroy() called
07-22 17:00:42.658 verbose SimplyDo CachingDataView.close(): Entered
07-22 17:00:42.658 debug SimplyDo CachingDataView.close(): Close interrupt required
07-22 17:00:42.659 debug SimplyDo CachingDataViewer.dbUpdateLoop(): interrupt exit
07-22 17:00:42.659 verbose SimplyDo CachingDataViewer.dbUpdateLoop(): Exit
07-22 17:00:42.659 verbose SimplyDo CachingDataView.close(): Exit
07-22 17:00:42.659 debug LifecycleMonitor Lifecycle status change: kdk.android.simplydo.SimplyDoActivity@24db233 in: DESTROYED
07-22 17:00:42.660 debug LifecycleMonitor running callback: android.support.test.rule.ActivityTestRule$LifecycleCallback@55bbdd3
07-22 17:00:42.660 debug LifecycleMonitor callback completes: android.support.test.rule.ActivityTestRule$LifecycleCallback@55bbdd3
07-22 17:00:42.663 error WindowManager android.view.WindowLeaked: Activity kdk.android.simplydo.SimplyDoActivity has leaked window android.widget.PopupWindow$PopupDecorView{2d4e96a V.E...... ......ID 0,0-294,72} that was originally added here
07-22 17:00:42.663 error WindowManager 	at android.view.ViewRootImpl.<init>(ViewRootImpl.java:368)
07-22 17:00:42.663 error WindowManager 	at android.view.WindowManagerGlobal.addView(WindowManagerGlobal.java:299)
07-22 17:00:42.663 error WindowManager 	at android.view.WindowManagerImpl.addView(WindowManagerImpl.java:85)
07-22 17:00:42.663 error WindowManager 	at android.widget.PopupWindow.invokePopup(PopupWindow.java:1258)
07-22 17:00:42.663 error WindowManager 	at android.widget.PopupWindow.showAsDropDown(PopupWindow.java:1110)
07-22 17:00:42.663 error WindowManager 	at android.widget.ListPopupWindow.show(ListPopupWindow.java:658)
07-22 17:00:42.663 error WindowManager 	at com.android.internal.view.menu.MenuPopupHelper.tryShow(MenuPopupHelper.java:170)
07-22 17:00:42.663 error WindowManager 	at android.widget.ActionMenuPresenter$OpenOverflowRunnable.run(ActionMenuPresenter.java:997)
07-22 17:00:42.663 error WindowManager 	at android.os.Handler.handleCallback(Handler.java:739)
07-22 17:00:42.663 error WindowManager 	at android.os.Handler.dispatchMessage(Handler.java:95)
07-22 17:00:42.663 error WindowManager 	at android.support.test.espresso.base.Interrogator.loopAndInterrogate(Interrogator.java:148)
07-22 17:00:42.663 error WindowManager 	at android.support.test.espresso.base.UiControllerImpl.loopUntil(UiControllerImpl.java:462)
07-22 17:00:42.663 error WindowManager 	at android.support.test.espresso.base.UiControllerImpl.loopUntil(UiControllerImpl.java:421)
07-22 17:00:42.663 error WindowManager 	at android.support.test.espresso.base.UiControllerImpl.injectMotionEvent(UiControllerImpl.java:235)
07-22 17:00:42.663 error WindowManager 	at android.support.test.espresso.action.MotionEvents.sendUp(MotionEvents.java:140)
07-22 17:00:42.663 error WindowManager 	at android.support.test.espresso.action.MotionEvents.sendUp(MotionEvents.java:123)
07-22 17:00:42.663 error WindowManager 	at android.support.test.espresso.action.Tap.sendSingleTap(Tap.java:170)
07-22 17:00:42.663 error WindowManager 	at android.support.test.espresso.action.Tap.access$100(Tap.java:31)
07-22 17:00:42.663 error WindowManager 	at android.support.test.espresso.action.Tap$1.sendTap(Tap.java:47)
07-22 17:00:42.663 error WindowManager 	at android.support.test.espresso.action.GeneralClickAction.perform(GeneralClickAction.java:136)
07-22 17:00:42.663 error WindowManager 	at android.support.test.espresso.ViewInteraction$SingleExecutionViewAction.perform(ViewInteraction.java:356)
07-22 17:00:42.663 error WindowManager 	at android.support.test.espresso.ViewInteraction.doPerform(ViewInteraction.java:248)
07-22 17:00:42.663 error WindowManager 	at android.support.test.espresso.ViewInteraction.access$100(ViewInteraction.java:63)
07-22 17:00:42.663 error WindowManager 	at android.support.test.espresso.ViewInteraction$1.call(ViewInteraction.java:153)
07-22 17:00:42.663 error WindowManager 	at android.support.test.espresso.ViewInteraction$1.call(ViewInteraction.java:150)
07-22 17:00:42.663 error WindowManager 	at java.util.concurrent.FutureTask.run(FutureTask.java:237)
07-22 17:00:42.663 error WindowManager 	at android.os.Handler.handleCallback(Handler.java:739)
07-22 17:00:42.663 error WindowManager 	at android.os.Handler.dispatchMessage(Handler.java:95)
07-22 17:00:42.663 error WindowManager 	at android.os.Looper.loop(Looper.java:148)
07-22 17:00:42.663 error WindowManager 	at android.app.ActivityThread.main(ActivityThread.java:5417)
07-22 17:00:42.663 error WindowManager 	at java.lang.reflect.Method.invoke(Native Method)
07-22 17:00:42.663 error WindowManager 	at com.android.internal.os.ZygoteInit$MethodAndArgsCaller.run(ZygoteInit.java:726)
07-22 17:00:42.663 error WindowManager 	at com.android.internal.os.ZygoteInit.main(ZygoteInit.java:616)
07-22 17:00:42.667 info TestRunner failed: changeSettingsC6(kdk.android.simplydo.C6.ChangeSettingsC6)
07-22 17:00:42.667 info TestRunner ----- begin exception -----
07-22 17:00:42.681 info TestRunner android.support.test.espresso.AmbiguousViewMatcherException: '(with class name: is "android.widget.LinearLayout" and is displayed on the screen to the user)' matches multiple views in the hierarchy.
07-22 17:00:42.681 info TestRunner Problem views are marked with '****MATCHES****' below.
07-22 17:00:42.681 info TestRunner View Hierarchy:
07-22 17:00:42.681 info TestRunner +>DecorView{id=-1, visibility=VISIBLE, width=720, height=1280, has-focus=true, has-focusable=true, has-window-focus=true, is-clickable=false, is-enabled=true, is-focused=false, is-focusable=false, is-layout-requested=false, is-selected=false, layout-params=WM.LayoutParams{(0,0)(fillxfill) ty=1 fl=#81810100 wanim=0x1030383 needsMenuKey=2}, tag=null, root-is-layout-requested=false, has-input-connection=false, x=0.0, y=0.0, child-count=3} 
07-22 17:00:42.681 info TestRunner |
07-22 17:00:42.681 info TestRunner +->ActionBarOverlayLayout{id=16909230, res-name=decor_content_parent, visibility=VISIBLE, width=720, height=1208, has-focus=true, has-focusable=true, has-window-focus=true, is-clickable=false, is-enabled=true, is-focused=false, is-focusable=false, is-layout-requested=false, is-selected=false, layout-params=android.widget.FrameLayout$LayoutParams@cf461e2, tag=null, root-is-layout-requested=false, has-input-connection=false, x=0.0, y=0.0, child-count=2} 
07-22 17:00:42.681 info TestRunner |
07-22 17:00:42.681 info TestRunner +-->FrameLayout{id=16908290, res-name=content, visibility=VISIBLE, width=720, height=1088, has-focus=true, has-focusable=true, has-window-focus=true, is-clickable=false, is-enabled=true, is-focused=false, is-focusable=false, is-layout-requested=false, is-selected=false, layout-params=com.android.internal.widget.ActionBarOverlayLayout$LayoutParams@acb973, tag=null, root-is-layout-requested=false, has-input-connection=false, x=0.0, y=120.0, child-count=1} 
07-22 17:00:42.681 info TestRunner |
07-22 17:00:42.681 info TestRunner +--->LinearLayout{id=-1, visibility=VISIBLE, width=720, height=1088, has-focus=true, has-focusable=true, has-window-focus=true, is-clickable=false, is-enabled=true, is-focused=false, is-focusable=false, is-layout-requested=false, is-selected=false, layout-params=android.widget.FrameLayout$LayoutParams@30954a9, tag=null, root-is-layout-requested=false, has-input-connection=false, x=0.0, y=0.0, child-count=2} ****MATCHES****
07-22 17:00:42.681 info TestRunner |
07-22 17:00:42.681 info TestRunner +---->LinearLayout{id=-1, visibility=VISIBLE, width=720, height=1088, has-focus=true, has-focusable=true, has-window-focus=true, is-clickable=false, is-enabled=true, is-focused=false, is-focusable=false, is-layout-requested=false, is-selected=false, layout-params=android.widget.LinearLayout$LayoutParams@67aba2e, tag=null, root-is-layout-requested=false, has-input-connection=false, x=0.0, y=0.0, child-count=1} ****MATCHES****
07-22 17:00:42.681 info TestRunner |
07-22 17:00:42.681 info TestRunner +----->LinearLayout{id=16909198, res-name=headers, visibility=VISIBLE, width=720, height=1088, has-focus=true, has-focusable=true, has-window-focus=true, is-clickable=false, is-enabled=true, is-focused=false, is-focusable=false, is-layout-requested=false, is-selected=false, layout-params=android.widget.LinearLayout$LayoutParams@4f99265, tag=null, root-is-layout-requested=false, has-input-connection=false, x=0.0, y=0.0, child-count=2} ****MATCHES****
07-22 17:00:42.681 info TestRunner |
07-22 17:00:42.681 info TestRunner +------>ListView{id=16908298, res-name=list, visibility=VISIBLE, width=720, height=1088, has-focus=true, has-focusable=true, has-window-focus=true, is-clickable=true, is-enabled=true, is-focused=true, is-focusable=true, is-layout-requested=false, is-selected=false, layout-params=android.widget.LinearLayout$LayoutParams@7fc4b3a, tag=null, root-is-layout-requested=false, has-input-connection=false, x=0.0, y=0.0, child-count=6} 
07-22 17:00:42.681 info TestRunner |
07-22 17:00:42.681 info TestRunner +------->LinearLayout{id=-1, visibility=VISIBLE, width=720, height=81, has-focus=false, has-focusable=false, has-window-focus=true, is-clickable=false, is-enabled=true, is-focused=false, is-focusable=false, is-layout-requested=false, is-selected=false, layout-params=android.widget.AbsListView$LayoutParams@6d3e106, tag=null, root-is-layout-requested=false, has-input-connection=false, x=0.0, y=0.0, child-count=3} ****MATCHES****
07-22 17:00:42.681 info TestRunner |
07-22 17:00:42.681 info TestRunner +-------->LinearLayout{id=16909195, res-name=icon_frame, visibility=GONE, width=0, height=0, has-focus=false, has-focusable=false, has-window-focus=true, is-clickable=false, is-enabled=true, is-focused=false, is-focusable=false, is-layout-requested
07-22 17:00:42.681 info TestRunner ----- end exception -----
07-22 17:00:42.685 info TestRunner finished: changeSettingsC6(kdk.android.simplydo.C6.ChangeSettingsC6)
