07-22 17:00:41.274 info TestRunner started: changeSettingsDefauC4(kdk.android.simplydo.C4.ChangeSettingsC4)
07-22 17:00:41.287 info MonitoringInstr Activities that are still in CREATED to STOPPED: 0
07-22 17:00:41.288 warn ActivityTestRule getActivityIntent() returned null using default: Intent(Intent.ACTION_MAIN)
07-22 17:00:41.373 debug LifecycleMonitor Lifecycle status change: kdk.android.simplydo.SimplyDoActivity@48d5569 in: PRE_ON_CREATE
07-22 17:00:41.374 verbose SimplyDo SimplyDoActivity.onCreate() called
07-22 17:00:41.415 verbose SimplyDo CachingDataViewer.dbUpdateLoop(): Entered
07-22 17:00:41.448 verbose SimplyDo CachingDataView.fetchLists(): Entered
07-22 17:00:41.484 debug SimplyDo fetchLists returned 11 items
07-22 17:00:41.485 verbose SimplyDo CachingDataView.fetchLists(): Exited
07-22 17:00:41.486 debug SimplyDo SimplyDoActivity.onCreate()
07-22 17:00:41.487 debug LifecycleMonitor Lifecycle status change: kdk.android.simplydo.SimplyDoActivity@48d5569 in: CREATED
07-22 17:00:41.488 verbose SimplyDo SimplyDoActivity.onStart(): called
07-22 17:00:41.492 debug LifecycleMonitor Lifecycle status change: kdk.android.simplydo.SimplyDoActivity@48d5569 in: STARTED
07-22 17:00:41.496 debug LifecycleMonitor Lifecycle status change: kdk.android.simplydo.SimplyDoActivity@48d5569 in: RESUMED
07-22 17:00:41.607 verbose SimplyDo SimplyDoActivity.onCreateOptionsMenu() called
07-22 17:00:41.607 verbose SimplyDo SimplyDoActivity.onPrepareOptionsMenu() called
07-22 17:00:41.619 debug EGL_emulation eglMakeCurrent: 0xa61055a0: ver 3 0 (tinfo 0xa61032b0)
07-22 17:00:41.666 info ViewInteraction Performing 'Handle transition between action bar and action bar context.' action on view is a root view.
07-22 17:00:41.681 info ViewInteraction Performing 'single click' action on view ((is displayed on the screen to the user and with content description: is "More options") or (is displayed on the screen to the user and with class name: a string ending with "OverflowMenuButton"))
07-22 17:00:41.742 verbose SimplyDo SimplyDoActivity.onPrepareOptionsMenu() called
07-22 17:00:41.848 debug EGL_emulation eglMakeCurrent: 0xa61055a0: ver 3 0 (tinfo 0xa61032b0)
07-22 17:00:41.892 info chatty uid=10114(u0_a114) RenderThread identical 1 line
07-22 17:00:41.900 debug EGL_emulation eglMakeCurrent: 0xa61055a0: ver 3 0 (tinfo 0xa61032b0)
07-22 17:00:42.124 info ViewInteraction Performing 'single click' action on view (with id: android:id/title and with text: is "Settings" and Child at position 0 in parent Child at position 0 in parent with class name: is "com.android.internal.view.menu.ListMenuItemView" and is displayed on the screen to the user)
07-22 17:00:42.267 verbose SimplyDo SimplyDoActivity.onMenuItemSelected() called
07-22 17:00:42.329 debug LifecycleMonitor Lifecycle status change: kdk.android.simplydo.SimplyDoActivity@48d5569 in: PAUSED
07-22 17:00:42.330 debug LifecycleMonitor running callback: android.support.test.rule.ActivityTestRule$LifecycleCallback@1959207
07-22 17:00:42.330 debug LifecycleMonitor callback completes: android.support.test.rule.ActivityTestRule$LifecycleCallback@1959207
07-22 17:00:42.376 debug EGL_emulation eglMakeCurrent: 0xa61055a0: ver 3 0 (tinfo 0xa61032b0)
07-22 17:00:42.394 debug EGL_emulation eglMakeCurrent: 0xa61055a0: ver 3 0 (tinfo 0xa61032b0)
07-22 17:00:42.389 debug LifecycleMonitor Lifecycle status change: kdk.android.simplydo.SettingsActivity@a7b315d in: PRE_ON_CREATE
07-22 17:00:42.394 debug EGL_emulation eglMakeCurrent: 0xa61055a0: ver 3 0 (tinfo 0xa61032b0)
07-22 17:00:42.397 debug LifecycleMonitor running callback: android.support.test.rule.ActivityTestRule$LifecycleCallback@1959207
07-22 17:00:42.397 debug LifecycleMonitor callback completes: android.support.test.rule.ActivityTestRule$LifecycleCallback@1959207
07-22 17:00:42.443 debug LifecycleMonitor Lifecycle status change: kdk.android.simplydo.SettingsActivity@a7b315d in: CREATED
07-22 17:00:42.443 debug LifecycleMonitor running callback: android.support.test.rule.ActivityTestRule$LifecycleCallback@1959207
07-22 17:00:42.443 debug LifecycleMonitor callback completes: android.support.test.rule.ActivityTestRule$LifecycleCallback@1959207
07-22 17:00:42.445 debug LifecycleMonitor Lifecycle status change: kdk.android.simplydo.SettingsActivity@a7b315d in: STARTED
07-22 17:00:42.445 debug LifecycleMonitor running callback: android.support.test.rule.ActivityTestRule$LifecycleCallback@1959207
07-22 17:00:42.445 debug LifecycleMonitor callback completes: android.support.test.rule.ActivityTestRule$LifecycleCallback@1959207
07-22 17:00:42.449 debug LifecycleMonitor Lifecycle status change: kdk.android.simplydo.SettingsActivity@a7b315d in: RESUMED
07-22 17:00:42.449 debug LifecycleMonitor running callback: android.support.test.rule.ActivityTestRule$LifecycleCallback@1959207
07-22 17:00:42.449 debug LifecycleMonitor callback completes: android.support.test.rule.ActivityTestRule$LifecycleCallback@1959207
07-22 17:00:42.550 debug EGL_emulation eglMakeCurrent: 0xa61055a0: ver 3 0 (tinfo 0xa61032b0)
07-22 17:00:42.654 info chatty uid=10114(u0_a114) RenderThread identical 2 lines
07-22 17:00:42.668 debug EGL_emulation eglMakeCurrent: 0xa61055a0: ver 3 0 (tinfo 0xa61032b0)
07-22 17:00:42.727 debug EGL_emulation eglMakeCurrent: 0xa61055a0: ver 3 0 (tinfo 0xa61032b0)
07-22 17:00:42.730 debug OpenGLRenderer endAllActiveAnimators on 0x91f3b300 (MenuPopupWindow$MenuDropDownListView) with handle 0x9010c4a0
07-22 17:00:42.744 debug EGL_emulation eglMakeCurrent: 0xa61055a0: ver 3 0 (tinfo 0xa61032b0)
07-22 17:00:42.849 info ViewInteraction Performing 'load adapter data' action on view (with id: android:id/list and Child at position 0 in parent with class name: is "android.widget.LinearLayout")
07-22 17:00:42.863 info ViewInteraction Performing 'single click' action on view  displaying data matching: ANYTHING within adapter view matching: (with id: android:id/list and Child at position 0 in parent with class name: is "android.widget.LinearLayout")
07-22 17:00:42.997 verbose SimplyDo onPreferenceTreeClick() for key listSorting
07-22 17:00:43.104 debug EGL_emulation eglMakeCurrent: 0xa61055a0: ver 3 0 (tinfo 0xa61032b0)
07-22 17:00:43.151 info chatty uid=10114(u0_a114) RenderThread identical 3 lines
07-22 17:00:43.192 debug EGL_emulation eglMakeCurrent: 0xa61055a0: ver 3 0 (tinfo 0xa61032b0)
07-22 17:00:43.195 verbose SimplyDo SimplyDoActivity.onSaveInstanceState() called
07-22 17:00:43.200 debug EGL_emulation eglMakeCurrent: 0xa61055a0: ver 3 0 (tinfo 0xa61032b0)
07-22 17:00:43.215 debug LifecycleMonitor Lifecycle status change: kdk.android.simplydo.SimplyDoActivity@48d5569 in: STOPPED
07-22 17:00:43.216 debug LifecycleMonitor running callback: android.support.test.rule.ActivityTestRule$LifecycleCallback@1959207
07-22 17:00:43.216 debug LifecycleMonitor callback completes: android.support.test.rule.ActivityTestRule$LifecycleCallback@1959207
07-22 17:00:43.329 info ViewInteraction Performing 'load adapter data' action on view (with class name: is "com.android.internal.app.AlertController$RecycleListView" and Child at position 0 in parent with class name: is "android.widget.FrameLayout")
07-22 17:00:43.359 debug EGL_emulation eglMakeCurrent: 0xa61055a0: ver 3 0 (tinfo 0xa61032b0)
07-22 17:00:43.368 info chatty uid=10114(u0_a114) RenderThread identical 1 line
07-22 17:00:43.377 debug EGL_emulation eglMakeCurrent: 0xa61055a0: ver 3 0 (tinfo 0xa61032b0)
07-22 17:00:43.380 info ViewInteraction Performing 'single click' action on view  displaying data matching: ANYTHING within adapter view matching: (with class name: is "com.android.internal.app.AlertController$RecycleListView" and Child at position 0 in parent with class name: is "android.widget.FrameLayout")
07-22 17:00:43.398 debug EGL_emulation eglMakeCurrent: 0xa61055a0: ver 3 0 (tinfo 0xa61032b0)
07-22 17:00:43.514 info chatty uid=10114(u0_a114) RenderThread identical 5 lines
07-22 17:00:43.542 debug EGL_emulation eglMakeCurrent: 0xa61055a0: ver 3 0 (tinfo 0xa61032b0)
07-22 17:00:43.698 info ViewInteraction Performing 'load adapter data' action on view (with id: android:id/list and Child at position 0 in parent with class name: is "android.widget.LinearLayout")
07-22 17:00:43.719 info ViewInteraction Performing 'single click' action on view  displaying data matching: ANYTHING within adapter view matching: (with id: android:id/list and Child at position 0 in parent with class name: is "android.widget.LinearLayout")
07-22 17:00:43.876 verbose SimplyDo onPreferenceTreeClick() for key itemSorting
07-22 17:00:43.973 debug EGL_emulation eglMakeCurrent: 0xa61055a0: ver 3 0 (tinfo 0xa61032b0)
07-22 17:00:44.100 info chatty uid=10114(u0_a114) RenderThread identical 4 lines
07-22 17:00:44.111 debug EGL_emulation eglMakeCurrent: 0xa61055a0: ver 3 0 (tinfo 0xa61032b0)
07-22 17:00:44.176 info ViewInteraction Performing 'load adapter data' action on view (with class name: is "com.android.internal.app.AlertController$RecycleListView" and Child at position 0 in parent with class name: is "android.widget.FrameLayout")
07-22 17:00:44.213 debug EGL_emulation eglMakeCurrent: 0xa61055a0: ver 3 0 (tinfo 0xa61032b0)
07-22 17:00:44.229 info ViewInteraction Performing 'single click' action on view  displaying data matching: ANYTHING within adapter view matching: (with class name: is "com.android.internal.app.AlertController$RecycleListView" and Child at position 0 in parent with class name: is "android.widget.FrameLayout")
07-22 17:00:44.255 debug EGL_emulation eglMakeCurrent: 0xa61055a0: ver 3 0 (tinfo 0xa61032b0)
07-22 17:00:44.342 info chatty uid=10114(u0_a114) RenderThread identical 5 lines
07-22 17:00:44.369 debug EGL_emulation eglMakeCurrent: 0xa61055a0: ver 3 0 (tinfo 0xa61032b0)
07-22 17:00:44.526 info ViewInteraction Performing 'load adapter data' action on view (with id: android:id/list and Child at position 0 in parent with class name: is "android.widget.LinearLayout")
07-22 17:00:44.594 info ViewInteraction Performing 'single click' action on view  displaying data matching: ANYTHING within adapter view matching: (with id: android:id/list and Child at position 0 in parent with class name: is "android.widget.LinearLayout")
07-22 17:00:44.716 verbose SimplyDo onPreferenceTreeClick() for key restoreDb
07-22 17:00:44.737 debug LifecycleMonitor Lifecycle status change: kdk.android.simplydo.SettingsActivity@a7b315d in: PAUSED
07-22 17:00:44.737 debug LifecycleMonitor running callback: android.support.test.rule.ActivityTestRule$LifecycleCallback@1959207
07-22 17:00:44.738 debug LifecycleMonitor callback completes: android.support.test.rule.ActivityTestRule$LifecycleCallback@1959207
07-22 17:00:44.766 debug LifecycleMonitor Lifecycle status change: kdk.android.simplydo.RestoreActivity@3159b70 in: PRE_ON_CREATE
07-22 17:00:44.766 debug LifecycleMonitor running callback: android.support.test.rule.ActivityTestRule$LifecycleCallback@1959207
07-22 17:00:44.766 debug LifecycleMonitor callback completes: android.support.test.rule.ActivityTestRule$LifecycleCallback@1959207
07-22 17:00:44.766 verbose SimplyDo RestoreActivity.onCreate() called
07-22 17:00:44.799 debug LifecycleMonitor Lifecycle status change: kdk.android.simplydo.RestoreActivity@3159b70 in: CREATED
07-22 17:00:44.799 debug LifecycleMonitor running callback: android.support.test.rule.ActivityTestRule$LifecycleCallback@1959207
07-22 17:00:44.799 debug LifecycleMonitor callback completes: android.support.test.rule.ActivityTestRule$LifecycleCallback@1959207
07-22 17:00:44.800 debug LifecycleMonitor Lifecycle status change: kdk.android.simplydo.RestoreActivity@3159b70 in: STARTED
07-22 17:00:44.800 debug LifecycleMonitor running callback: android.support.test.rule.ActivityTestRule$LifecycleCallback@1959207
07-22 17:00:44.800 debug LifecycleMonitor callback completes: android.support.test.rule.ActivityTestRule$LifecycleCallback@1959207
07-22 17:00:44.804 debug LifecycleMonitor Lifecycle status change: kdk.android.simplydo.RestoreActivity@3159b70 in: RESUMED
07-22 17:00:44.805 debug LifecycleMonitor running callback: android.support.test.rule.ActivityTestRule$LifecycleCallback@1959207
07-22 17:00:44.805 debug LifecycleMonitor callback completes: android.support.test.rule.ActivityTestRule$LifecycleCallback@1959207
07-22 17:00:44.920 debug EGL_emulation eglMakeCurrent: 0xa61055a0: ver 3 0 (tinfo 0xa61032b0)
07-22 17:00:44.947 info chatty uid=10114(u0_a114) RenderThread identical 1 line
07-22 17:00:45.014 debug EGL_emulation eglMakeCurrent: 0xa61055a0: ver 3 0 (tinfo 0xa61032b0)
07-22 17:00:45.037 debug EGL_emulation eglMakeCurrent: 0xa61055a0: ver 3 0 (tinfo 0xa61032b0)
07-22 17:00:45.059 debug EGL_emulation eglMakeCurrent: 0xa61055a0: ver 3 0 (tinfo 0xa61032b0)
07-22 17:00:45.068 debug OpenGLRenderer endAllActiveAnimators on 0x9246ed80 (ListView) with handle 0xa6103fa0
07-22 17:00:45.159 info ViewInteraction Performing 'send keyCode: 4, metaState: 0 key event' action on view is a root view.
07-22 17:00:45.217 debug LifecycleMonitor Lifecycle status change: kdk.android.simplydo.RestoreActivity@3159b70 in: PAUSED
07-22 17:00:45.217 debug LifecycleMonitor running callback: android.support.test.rule.ActivityTestRule$LifecycleCallback@1959207
07-22 17:00:45.217 debug LifecycleMonitor callback completes: android.support.test.rule.ActivityTestRule$LifecycleCallback@1959207
07-22 17:00:45.341 debug LifecycleMonitor Lifecycle status change: kdk.android.simplydo.SettingsActivity@a7b315d in: RESUMED
07-22 17:00:45.341 debug LifecycleMonitor running callback: android.support.test.rule.ActivityTestRule$LifecycleCallback@1959207
07-22 17:00:45.343 debug LifecycleMonitor callback completes: android.support.test.rule.ActivityTestRule$LifecycleCallback@1959207
07-22 17:00:45.464 debug EGL_emulation eglMakeCurrent: 0xa61055a0: ver 3 0 (tinfo 0xa61032b0)
07-22 17:00:45.490 debug EGL_emulation eglMakeCurrent: 0xa61055a0: ver 3 0 (tinfo 0xa61032b0)
07-22 17:00:45.645 debug LifecycleMonitor Lifecycle status change: kdk.android.simplydo.RestoreActivity@3159b70 in: STOPPED
07-22 17:00:45.645 debug LifecycleMonitor running callback: android.support.test.rule.ActivityTestRule$LifecycleCallback@1959207
07-22 17:00:45.645 debug LifecycleMonitor callback completes: android.support.test.rule.ActivityTestRule$LifecycleCallback@1959207
07-22 17:00:45.647 debug LifecycleMonitor Lifecycle status change: kdk.android.simplydo.RestoreActivity@3159b70 in: DESTROYED
07-22 17:00:45.647 debug LifecycleMonitor running callback: android.support.test.rule.ActivityTestRule$LifecycleCallback@1959207
07-22 17:00:45.647 debug LifecycleMonitor callback completes: android.support.test.rule.ActivityTestRule$LifecycleCallback@1959207
07-22 17:00:45.741 info ViewInteraction Performing 'send keyCode: 4, metaState: 0 key event' action on view is a root view.
07-22 17:00:45.770 debug LifecycleMonitor Lifecycle status change: kdk.android.simplydo.SettingsActivity@a7b315d in: PAUSED
07-22 17:00:45.770 debug LifecycleMonitor running callback: android.support.test.rule.ActivityTestRule$LifecycleCallback@1959207
07-22 17:00:45.770 debug LifecycleMonitor callback completes: android.support.test.rule.ActivityTestRule$LifecycleCallback@1959207
07-22 17:00:45.796 debug LifecycleMonitor Lifecycle status change: kdk.android.simplydo.SimplyDoActivity@48d5569 in: RESTARTED
07-22 17:00:45.796 debug LifecycleMonitor running callback: android.support.test.rule.ActivityTestRule$LifecycleCallback@1959207
07-22 17:00:45.796 debug LifecycleMonitor callback completes: android.support.test.rule.ActivityTestRule$LifecycleCallback@1959207
07-22 17:00:45.799 verbose SimplyDo SimplyDoActivity.onStart(): called
07-22 17:00:45.804 debug LifecycleMonitor Lifecycle status change: kdk.android.simplydo.SimplyDoActivity@48d5569 in: STARTED
07-22 17:00:45.804 debug LifecycleMonitor running callback: android.support.test.rule.ActivityTestRule$LifecycleCallback@1959207
07-22 17:00:45.804 debug LifecycleMonitor callback completes: android.support.test.rule.ActivityTestRule$LifecycleCallback@1959207
07-22 17:00:45.807 debug LifecycleMonitor Lifecycle status change: kdk.android.simplydo.SimplyDoActivity@48d5569 in: RESUMED
07-22 17:00:45.807 debug LifecycleMonitor running callback: android.support.test.rule.ActivityTestRule$LifecycleCallback@1959207
07-22 17:00:45.807 debug LifecycleMonitor callback completes: android.support.test.rule.ActivityTestRule$LifecycleCallback@1959207
07-22 17:00:45.903 debug EGL_emulation eglMakeCurrent: 0xa61055a0: ver 3 0 (tinfo 0xa61032b0)
07-22 17:00:46.235 debug LifecycleMonitor Lifecycle status change: kdk.android.simplydo.SettingsActivity@a7b315d in: STOPPED
07-22 17:00:46.235 debug LifecycleMonitor running callback: android.support.test.rule.ActivityTestRule$LifecycleCallback@1959207
07-22 17:00:46.235 debug LifecycleMonitor callback completes: android.support.test.rule.ActivityTestRule$LifecycleCallback@1959207
07-22 17:00:46.236 debug LifecycleMonitor Lifecycle status change: kdk.android.simplydo.SettingsActivity@a7b315d in: DESTROYED
07-22 17:00:46.236 debug LifecycleMonitor running callback: android.support.test.rule.ActivityTestRule$LifecycleCallback@1959207
07-22 17:00:46.238 debug LifecycleMonitor callback completes: android.support.test.rule.ActivityTestRule$LifecycleCallback@1959207
07-22 17:00:46.381 debug LifecycleMonitor Lifecycle status change: kdk.android.simplydo.SimplyDoActivity@48d5569 in: PAUSED
07-22 17:00:46.381 debug LifecycleMonitor running callback: android.support.test.rule.ActivityTestRule$LifecycleCallback@1959207
07-22 17:00:46.382 debug LifecycleMonitor callback completes: android.support.test.rule.ActivityTestRule$LifecycleCallback@1959207
07-22 17:00:48.680 debug EGL_emulation eglMakeCurrent: 0xa61055a0: ver 3 0 (tinfo 0xa61032b0)
07-22 17:00:48.705 info TestRunner finished: changeSettingsDefauC4(kdk.android.simplydo.C4.ChangeSettingsC4)
