07-22 17:00:40.799 info TestRunner started: addItemC6(kdk.android.simplydo.C6.AddItemC6)
07-22 17:00:40.804 info MonitoringInstr Activities that are still in CREATED to STOPPED: 0
07-22 17:00:40.804 warn ActivityTestRule getActivityIntent() returned null using default: Intent(Intent.ACTION_MAIN)
07-22 17:00:40.875 debug LifecycleMonitor Lifecycle status change: kdk.android.simplydo.SimplyDoActivity@69fdf38 in: PRE_ON_CREATE
07-22 17:00:40.875 verbose SimplyDo SimplyDoActivity.onCreate() called
07-22 17:00:40.890 verbose SimplyDo CachingDataViewer.dbUpdateLoop(): Entered
07-22 17:00:40.895 verbose SimplyDo CachingDataView.fetchLists(): Entered
07-22 17:00:40.902 debug SimplyDo fetchLists returned 20 items
07-22 17:00:40.902 verbose SimplyDo CachingDataView.fetchLists(): Exited
07-22 17:00:40.903 debug SimplyDo SimplyDoActivity.onCreate()
07-22 17:00:40.905 debug LifecycleMonitor Lifecycle status change: kdk.android.simplydo.SimplyDoActivity@69fdf38 in: CREATED
07-22 17:00:40.907 verbose SimplyDo SimplyDoActivity.onStart(): called
07-22 17:00:40.909 debug LifecycleMonitor Lifecycle status change: kdk.android.simplydo.SimplyDoActivity@69fdf38 in: STARTED
07-22 17:00:40.909 debug LifecycleMonitor Lifecycle status change: kdk.android.simplydo.SimplyDoActivity@69fdf38 in: RESUMED
07-22 17:00:41.015 debug EGL_emulation eglMakeCurrent: 0xae654c00: ver 3 0 (tinfo 0xae64b390)
07-22 17:00:41.048 verbose SimplyDo SimplyDoActivity.onCreateOptionsMenu() called
07-22 17:00:41.048 verbose SimplyDo SimplyDoActivity.onPrepareOptionsMenu() called
07-22 17:00:41.087 info ViewInteraction Performing 'replace text' action on view (with id: kdk.android.simplydo:id/AddListEditText and is displayed on the screen to the user)
07-22 17:00:41.113 info ViewInteraction Performing 'close keyboard' action on view (with id: kdk.android.simplydo:id/AddListEditText and is displayed on the screen to the user)
07-22 17:00:41.119 warn CloseKeyboardAction Attempting to close soft keyboard, while it is not shown.
07-22 17:00:41.121 info ViewInteraction Performing 'single click' action on view (with id: kdk.android.simplydo:id/AddListButton and with text: is "Add" and is displayed on the screen to the user)
07-22 17:00:41.169 debug SimplyDo Insert list List
07-22 17:00:41.190 debug SimplyDo fetchLists returned 21 items
07-22 17:00:41.479 debug LifecycleMonitor Lifecycle status change: kdk.android.simplydo.SimplyDoActivity@69fdf38 in: PAUSED
07-22 17:00:41.480 debug LifecycleMonitor running callback: android.support.test.rule.ActivityTestRule$LifecycleCallback@a49556d
07-22 17:00:41.480 debug LifecycleMonitor callback completes: android.support.test.rule.ActivityTestRule$LifecycleCallback@a49556d
07-22 17:00:41.501 info TestRunner failed: addItemC6(kdk.android.simplydo.C6.AddItemC6)
07-22 17:00:41.501 info TestRunner ----- begin exception -----
07-22 17:00:41.502 info TestRunner android.support.test.espresso.AmbiguousViewMatcherException: '(with class name: is "android.widget.LinearLayout" and is displayed on the screen to the user)' matches multiple views in the hierarchy.
07-22 17:00:41.502 info TestRunner Problem views are marked with '****MATCHES****' below.
07-22 17:00:41.502 info TestRunner View Hierarchy:
07-22 17:00:41.502 info TestRunner +>DecorView{id=-1, visibility=VISIBLE, width=720, height=1280, has-focus=true, has-focusable=true, has-window-focus=true, is-clickable=false, is-enabled=true, is-focused=false, is-focusable=false, is-layout-requested=false, is-selected=false, layout-params=WM.LayoutParams{(0,0)(fillxfill) sim=#3 ty=1 fl=#81810100 wanim=0x1030383 needsMenuKey=2}, tag=null, root-is-layout-requested=false, has-input-connection=false, x=0.0, y=0.0, child-count=3} 
07-22 17:00:41.502 info TestRunner |
07-22 17:00:41.502 info TestRunner +->ActionBarOverlayLayout{id=16909230, res-name=decor_content_parent, visibility=VISIBLE, width=720, height=1208, has-focus=true, has-focusable=true, has-window-focus=true, is-clickable=false, is-enabled=true, is-focused=false, is-focusable=false, is-layout-requested=false, is-selected=false, layout-params=android.widget.FrameLayout$LayoutParams@c82a1ff, tag=null, root-is-layout-requested=false, has-input-connection=false, x=0.0, y=0.0, child-count=2} 
07-22 17:00:41.502 info TestRunner |
07-22 17:00:41.502 info TestRunner +-->FrameLayout{id=16908290, res-name=content, visibility=VISIBLE, width=720, height=1088, has-focus=true, has-focusable=true, has-window-focus=true, is-clickable=false, is-enabled=true, is-focused=false, is-focusable=false, is-layout-requested=false, is-selected=false, layout-params=com.android.internal.widget.ActionBarOverlayLayout$LayoutParams@b34dbcc, tag=null, root-is-layout-requested=false, has-input-connection=false, x=0.0, y=120.0, child-count=1} 
07-22 17:00:41.502 info TestRunner |
07-22 17:00:41.502 info TestRunner +--->LinearLayout{id=-1, visibility=VISIBLE, width=720, height=1088, has-focus=true, has-focusable=true, has-window-focus=true, is-clickable=false, is-enabled=true, is-focused=false, is-focusable=false, is-layout-requested=false, is-selected=false, layout-params=android.widget.FrameLayout$LayoutParams@7daf52a, tag=null, root-is-layout-requested=false, has-input-connection=false, x=0.0, y=0.0, child-count=1} ****MATCHES****
07-22 17:00:41.502 info TestRunner |
07-22 17:00:41.502 info TestRunner +---->ViewSwitcher{id=2130903049, res-name=ListsItemsSwitcher, visibility=VISIBLE, width=720, height=1088, has-focus=true, has-focusable=true, has-window-focus=true, is-clickable=false, is-enabled=true, is-focused=false, is-focusable=false, is-layout-requested=false, is-selected=false, layout-params=android.widget.LinearLayout$LayoutParams@cb9e8b8, tag=null, root-is-layout-requested=false, has-input-connection=false, x=0.0, y=0.0, child-count=2} 
07-22 17:00:41.502 info TestRunner |
07-22 17:00:41.502 info TestRunner +----->LinearLayout{id=2130903059, res-name=listsView, visibility=VISIBLE, width=720, height=1088, has-focus=true, has-focusable=true, has-window-focus=true, is-clickable=false, is-enabled=true, is-focused=false, is-focusable=false, is-layout-requested=false, is-selected=false, layout-params=android.widget.FrameLayout$LayoutParams@68b39f6, tag=null, root-is-layout-requested=false, has-input-connection=false, x=0.0, y=0.0, child-count=2} ****MATCHES****
07-22 17:00:41.502 info TestRunner |
07-22 17:00:41.502 info TestRunner +------>LinearLayout{id=2130903048, res-name=LinearLayout01, visibility=VISIBLE, width=720, height=72, has-focus=true, has-focusable=true, has-window-focus=true, is-clickable=false, is-enabled=true, is-focused=false, is-focusable=false, is-layout-requested=false, is-selected=false, layout-params=android.widget.LinearLayout$LayoutParams@322cacd, tag=null, root-is-layout-requested=false, has-input-connection=false, x=0.0, y=0.0, child-count=2} ****MATCHES****
07-22 17:00:41.502 info TestRunner |
07-22 17:00:41.502 info TestRunner +------->EditText{id=2130903043, res-name=AddListEditText, desc=addlistedittext, visibility=VISIBLE, width=588, height=72, has-focus=true, has-focusable=true, has-window-focus=true, is-clickable=true, is-enabled=true, is-focused=true, is-focusable=true, is-layout-requested=false, is-selected=false, layout-params=android.widget.LinearLayout$LayoutParams@728ff82, tag=null, root-is-layout-requested=false, has-input-connection=true, editor-info=[inputType=0x31 imeOptions=0x8000006 privateImeOptions=null actionLabel=null actionId=0 initialSelStart=0 initialSelEnd=0 initialCapsMode=0x0 hintText=New List Name label=
07-22 17:00:41.502 info TestRunner ----- end exception -----
07-22 17:00:41.503 warn InstrumentationResultPrinter Stack trace too long, trimmed to first 32768 characters.
07-22 17:00:41.504 info TestRunner finished: addItemC6(kdk.android.simplydo.C6.AddItemC6)
