07-22 17:00:48.930 info TestRunner started: checkItemDefauC4(kdk.android.simplydo.C4.CheckItemC4)
07-22 17:00:48.936 info MonitoringInstr Activities that are still in CREATED to STOPPED: 0
07-22 17:00:48.937 warn ActivityTestRule getActivityIntent() returned null using default: Intent(Intent.ACTION_MAIN)
07-22 17:00:49.015 debug LifecycleMonitor Lifecycle status change: kdk.android.simplydo.SimplyDoActivity@4df46cc in: PRE_ON_CREATE
07-22 17:00:49.016 verbose SimplyDo SimplyDoActivity.onCreate() called
07-22 17:00:49.100 verbose SimplyDo CachingDataViewer.dbUpdateLoop(): Entered
07-22 17:00:49.123 verbose SimplyDo CachingDataView.fetchLists(): Entered
07-22 17:00:49.152 debug SimplyDo fetchLists returned 11 items
07-22 17:00:49.153 verbose SimplyDo CachingDataView.fetchLists(): Exited
07-22 17:00:49.154 debug SimplyDo SimplyDoActivity.onCreate()
07-22 17:00:49.156 debug LifecycleMonitor Lifecycle status change: kdk.android.simplydo.SimplyDoActivity@4df46cc in: CREATED
07-22 17:00:49.157 verbose SimplyDo SimplyDoActivity.onStart(): called
07-22 17:00:49.161 debug LifecycleMonitor Lifecycle status change: kdk.android.simplydo.SimplyDoActivity@4df46cc in: STARTED
07-22 17:00:49.166 debug LifecycleMonitor Lifecycle status change: kdk.android.simplydo.SimplyDoActivity@4df46cc in: RESUMED
07-22 17:00:49.440 verbose SimplyDo SimplyDoActivity.onCreateOptionsMenu() called
07-22 17:00:49.445 verbose SimplyDo SimplyDoActivity.onPrepareOptionsMenu() called
07-22 17:00:49.467 debug EGL_emulation eglMakeCurrent: 0xa61055a0: ver 3 0 (tinfo 0xa61032b0)
07-22 17:00:49.559 info ViewInteraction Performing 'replace text' action on view (with id: kdk.android.simplydo:id/AddListEditText and Child at position 0 in parent (with id: kdk.android.simplydo:id/LinearLayout01 and Child at position 0 in parent with id: kdk.android.simplydo:id/listsView) and is displayed on the screen to the user)
07-22 17:00:49.631 info ViewInteraction Performing 'close keyboard' action on view (with id: kdk.android.simplydo:id/AddListEditText and Child at position 0 in parent (with id: kdk.android.simplydo:id/LinearLayout01 and Child at position 0 in parent with id: kdk.android.simplydo:id/listsView) and is displayed on the screen to the user)
07-22 17:00:49.636 warn CloseKeyboardAction Attempting to close soft keyboard, while it is not shown.
07-22 17:00:49.645 info ViewInteraction Performing 'single click' action on view (with id: kdk.android.simplydo:id/AddListButton and with text: is "Add" and Child at position 1 in parent (with id: kdk.android.simplydo:id/LinearLayout01 and Child at position 0 in parent with id: kdk.android.simplydo:id/listsView) and is displayed on the screen to the user)
07-22 17:00:49.703 debug SimplyDo Insert list List
07-22 17:00:49.838 debug SimplyDo fetchLists returned 12 items
07-22 17:00:50.122 info ViewInteraction Performing 'load adapter data' action on view (with id: kdk.android.simplydo:id/ListsListView and Child at position 1 in parent with id: kdk.android.simplydo:id/listsView)
07-22 17:00:50.272 info ViewInteraction Performing 'single click' action on view  displaying data matching: ANYTHING within adapter view matching: (with id: kdk.android.simplydo:id/ListsListView and Child at position 1 in parent with id: kdk.android.simplydo:id/listsView)
07-22 17:00:50.415 verbose SimplyDo ListsListReactor.onItemClick()
07-22 17:00:50.446 debug SimplyDo fetchItems returned 0 items
07-22 17:00:50.510 info AssistStructure Flattened final assist data: 7908 bytes, containing 1 windows, 34 views
07-22 17:00:50.986 info ViewInteraction Performing 'replace text' action on view (with id: kdk.android.simplydo:id/AddItemEditText and Child at position 0 in parent (with id: kdk.android.simplydo:id/LinearLayout01 and Child at position 0 in parent with id: kdk.android.simplydo:id/itemsView) and is displayed on the screen to the user)
07-22 17:00:51.042 info ViewInteraction Performing 'close keyboard' action on view (with id: kdk.android.simplydo:id/AddItemEditText and Child at position 0 in parent (with id: kdk.android.simplydo:id/LinearLayout01 and Child at position 0 in parent with id: kdk.android.simplydo:id/itemsView) and is displayed on the screen to the user)
07-22 17:00:51.044 warn CloseKeyboardAction Attempting to close soft keyboard, while it is not shown.
07-22 17:00:51.057 info ViewInteraction Performing 'single click' action on view (with id: kdk.android.simplydo:id/AddItemButton and with text: is "Add" and Child at position 1 in parent (with id: kdk.android.simplydo:id/LinearLayout01 and Child at position 0 in parent with id: kdk.android.simplydo:id/itemsView) and is displayed on the screen to the user)
07-22 17:00:51.143 verbose SimplyDo DataManager.createItem(): Insert item Item
07-22 17:00:51.210 debug SimplyDo DataManager.createItem(): Inserted item and got id 7
07-22 17:00:51.435 info ViewInteraction Performing 'load adapter data' action on view (with id: kdk.android.simplydo:id/ItemsListView and Child at position 1 in parent with id: kdk.android.simplydo:id/itemsView)
07-22 17:00:51.463 info ViewInteraction Performing 'single click' action on view  displaying data matching: ANYTHING within adapter view matching: (with id: kdk.android.simplydo:id/ItemsListView and Child at position 1 in parent with id: kdk.android.simplydo:id/itemsView)
07-22 17:00:51.594 verbose SimplyDo ItemsListReactor.onItemClick()
07-22 17:00:51.595 verbose SimplyDo Item selected Item
07-22 17:00:51.596 debug SimplyDo Setting active property of 7 to false
07-22 17:00:51.772 debug LifecycleMonitor Lifecycle status change: kdk.android.simplydo.SimplyDoActivity@4df46cc in: PAUSED
07-22 17:00:51.774 debug LifecycleMonitor running callback: android.support.test.rule.ActivityTestRule$LifecycleCallback@76750f3
07-22 17:00:51.775 debug LifecycleMonitor callback completes: android.support.test.rule.ActivityTestRule$LifecycleCallback@76750f3
07-22 17:00:51.822 info TestRunner finished: checkItemDefauC4(kdk.android.simplydo.C4.CheckItemC4)
