07-22 17:00:44.165 info TestRunner started: changeSettingsC6(kdk.android.simplydo.C6.ChangeSettingsC6)
07-22 17:00:44.173 info MonitoringInstr Activities that are still in CREATED to STOPPED: 0
07-22 17:00:44.174 warn ActivityTestRule getActivityIntent() returned null using default: Intent(Intent.ACTION_MAIN)
07-22 17:00:44.212 debug LifecycleMonitor Lifecycle status change: kdk.android.simplydo.SimplyDoActivity@ea846b1 in: PRE_ON_CREATE
07-22 17:00:44.212 verbose SimplyDo SimplyDoActivity.onCreate() called
07-22 17:00:44.229 verbose SimplyDo CachingDataViewer.dbUpdateLoop(): Entered
07-22 17:00:44.247 verbose SimplyDo CachingDataView.fetchLists(): Entered
07-22 17:00:44.260 debug SimplyDo fetchLists returned 21 items
07-22 17:00:44.261 verbose SimplyDo CachingDataView.fetchLists(): Exited
07-22 17:00:44.261 debug SimplyDo SimplyDoActivity.onCreate()
07-22 17:00:44.262 debug LifecycleMonitor Lifecycle status change: kdk.android.simplydo.SimplyDoActivity@ea846b1 in: CREATED
07-22 17:00:44.262 verbose SimplyDo SimplyDoActivity.onStart(): called
07-22 17:00:44.263 debug LifecycleMonitor Lifecycle status change: kdk.android.simplydo.SimplyDoActivity@ea846b1 in: STARTED
07-22 17:00:44.264 debug LifecycleMonitor Lifecycle status change: kdk.android.simplydo.SimplyDoActivity@ea846b1 in: RESUMED
07-22 17:00:44.395 debug EGL_emulation eglMakeCurrent: 0xae4d4a80: ver 3 0 (tinfo 0xae4e77e0)
07-22 17:00:44.436 verbose SimplyDo SimplyDoActivity.onCreateOptionsMenu() called
07-22 17:00:44.436 verbose SimplyDo SimplyDoActivity.onPrepareOptionsMenu() called
07-22 17:00:44.472 info ViewInteraction Performing 'Handle transition between action bar and action bar context.' action on view is a root view.
07-22 17:00:44.484 info ViewInteraction Performing 'single click' action on view ((is displayed on the screen to the user and with content description: is "More options") or (is displayed on the screen to the user and with class name: a string ending with "OverflowMenuButton"))
07-22 17:00:44.537 verbose SimplyDo SimplyDoActivity.onPrepareOptionsMenu() called
07-22 17:00:44.593 debug EGL_emulation eglMakeCurrent: 0xae4d4a80: ver 3 0 (tinfo 0xae4e77e0)
07-22 17:00:44.623 debug EGL_emulation eglMakeCurrent: 0xae4d4a80: ver 3 0 (tinfo 0xae4e77e0)
07-22 17:00:44.633 debug EGL_emulation eglMakeCurrent: 0xae4d4a80: ver 3 0 (tinfo 0xae4e77e0)
07-22 17:00:44.860 info ViewInteraction Performing 'single click' action on view (with id: android:id/title and with text: is "Settings" and is displayed on the screen to the user)
07-22 17:00:44.971 verbose SimplyDo SimplyDoActivity.onMenuItemSelected() called
07-22 17:00:44.994 debug LifecycleMonitor Lifecycle status change: kdk.android.simplydo.SimplyDoActivity@ea846b1 in: PAUSED
07-22 17:00:44.995 debug LifecycleMonitor running callback: android.support.test.rule.ActivityTestRule$LifecycleCallback@13bcbb6
07-22 17:00:44.995 debug LifecycleMonitor callback completes: android.support.test.rule.ActivityTestRule$LifecycleCallback@13bcbb6
07-22 17:00:45.007 debug LifecycleMonitor Lifecycle status change: kdk.android.simplydo.SettingsActivity@34b60b7 in: PRE_ON_CREATE
07-22 17:00:45.007 debug LifecycleMonitor running callback: android.support.test.rule.ActivityTestRule$LifecycleCallback@13bcbb6
07-22 17:00:45.007 debug LifecycleMonitor callback completes: android.support.test.rule.ActivityTestRule$LifecycleCallback@13bcbb6
07-22 17:00:45.034 debug LifecycleMonitor Lifecycle status change: kdk.android.simplydo.SettingsActivity@34b60b7 in: CREATED
07-22 17:00:45.034 debug LifecycleMonitor running callback: android.support.test.rule.ActivityTestRule$LifecycleCallback@13bcbb6
07-22 17:00:45.034 debug LifecycleMonitor callback completes: android.support.test.rule.ActivityTestRule$LifecycleCallback@13bcbb6
07-22 17:00:45.035 debug LifecycleMonitor Lifecycle status change: kdk.android.simplydo.SettingsActivity@34b60b7 in: STARTED
07-22 17:00:45.035 debug LifecycleMonitor running callback: android.support.test.rule.ActivityTestRule$LifecycleCallback@13bcbb6
07-22 17:00:45.035 debug LifecycleMonitor callback completes: android.support.test.rule.ActivityTestRule$LifecycleCallback@13bcbb6
07-22 17:00:45.036 debug LifecycleMonitor Lifecycle status change: kdk.android.simplydo.SettingsActivity@34b60b7 in: RESUMED
07-22 17:00:45.036 debug LifecycleMonitor running callback: android.support.test.rule.ActivityTestRule$LifecycleCallback@13bcbb6
07-22 17:00:45.036 debug LifecycleMonitor callback completes: android.support.test.rule.ActivityTestRule$LifecycleCallback@13bcbb6
07-22 17:00:45.136 debug EGL_emulation eglMakeCurrent: 0xae4d4a80: ver 3 0 (tinfo 0xae4e77e0)
07-22 17:00:45.147 debug EGL_emulation eglMakeCurrent: 0xae4d4a80: ver 3 0 (tinfo 0xae4e77e0)
07-22 17:00:45.202 debug EGL_emulation eglMakeCurrent: 0xae4d4a80: ver 3 0 (tinfo 0xae4e77e0)
07-22 17:00:45.218 debug EGL_emulation eglMakeCurrent: 0xae4d4a80: ver 3 0 (tinfo 0xae4e77e0)
07-22 17:00:45.262 debug EGL_emulation eglMakeCurrent: 0xae4d4a80: ver 3 0 (tinfo 0xae4e77e0)
07-22 17:00:45.275 debug EGL_emulation eglMakeCurrent: 0xae4d4a80: ver 3 0 (tinfo 0xae4e77e0)
07-22 17:00:45.292 error Surface getSlotFromBufferLocked: unknown buffer: 0xae483b40
07-22 17:00:45.310 debug EGL_emulation eglMakeCurrent: 0xae4d4a80: ver 3 0 (tinfo 0xae4e77e0)
07-22 17:00:45.313 error Surface getSlotFromBufferLocked: unknown buffer: 0xae484180
07-22 17:00:45.315 debug OpenGLRenderer endAllStagingAnimators on 0xa16e1400 (ListPopupWindow$DropDownListView) with handle 0xaa1152b0
07-22 17:00:45.402 debug LifecycleMonitor Lifecycle status change: kdk.android.simplydo.SimplyDoActivity@ea846b1 in: STOPPED
07-22 17:00:45.402 debug LifecycleMonitor running callback: android.support.test.rule.ActivityTestRule$LifecycleCallback@13bcbb6
07-22 17:00:45.402 debug LifecycleMonitor callback completes: android.support.test.rule.ActivityTestRule$LifecycleCallback@13bcbb6
07-22 17:00:45.402 verbose SimplyDo SimplyDoActivity.onDestroy() called
07-22 17:00:45.402 verbose SimplyDo CachingDataView.close(): Entered
07-22 17:00:45.402 debug SimplyDo CachingDataView.close(): Close interrupt required
07-22 17:00:45.403 debug SimplyDo CachingDataViewer.dbUpdateLoop(): interrupt exit
07-22 17:00:45.403 verbose SimplyDo CachingDataViewer.dbUpdateLoop(): Exit
07-22 17:00:45.403 verbose SimplyDo CachingDataView.close(): Exit
07-22 17:00:45.403 debug LifecycleMonitor Lifecycle status change: kdk.android.simplydo.SimplyDoActivity@ea846b1 in: DESTROYED
07-22 17:00:45.403 debug LifecycleMonitor running callback: android.support.test.rule.ActivityTestRule$LifecycleCallback@13bcbb6
07-22 17:00:45.403 debug LifecycleMonitor callback completes: android.support.test.rule.ActivityTestRule$LifecycleCallback@13bcbb6
07-22 17:00:45.418 info TestRunner failed: changeSettingsC6(kdk.android.simplydo.C6.ChangeSettingsC6)
07-22 17:00:45.418 info TestRunner ----- begin exception -----
07-22 17:00:45.419 info TestRunner android.support.test.espresso.AmbiguousViewMatcherException: '(with class name: is "android.widget.LinearLayout" and is displayed on the screen to the user)' matches multiple views in the hierarchy.
07-22 17:00:45.419 info TestRunner Problem views are marked with '****MATCHES****' below.
07-22 17:00:45.419 info TestRunner View Hierarchy:
07-22 17:00:45.419 info TestRunner +>DecorView{id=-1, visibility=VISIBLE, width=1080, height=1920, has-focus=true, has-focusable=true, has-window-focus=true, is-clickable=false, is-enabled=true, is-focused=false, is-focusable=false, is-layout-requested=false, is-selected=false, layout-params=WM.LayoutParams{(0,0)(fillxfill) ty=1 fl=#81810100 wanim=0x1030383 needsMenuKey=2}, tag=null, root-is-layout-requested=false, has-input-connection=false, x=0.0, y=0.0, child-count=3} 
07-22 17:00:45.419 info TestRunner |
07-22 17:00:45.419 info TestRunner +->ActionBarOverlayLayout{id=16909230, res-name=decor_content_parent, visibility=VISIBLE, width=1080, height=1776, has-focus=true, has-focusable=true, has-window-focus=true, is-clickable=false, is-enabled=true, is-focused=false, is-focusable=false, is-layout-requested=false, is-selected=false, layout-params=android.widget.FrameLayout$LayoutParams@8ea9975, tag=null, root-is-layout-requested=false, has-input-connection=false, x=0.0, y=0.0, child-count=2} 
07-22 17:00:45.419 info TestRunner |
07-22 17:00:45.419 info TestRunner +-->FrameLayout{id=16908290, res-name=content, visibility=VISIBLE, width=1080, height=1536, has-focus=true, has-focusable=true, has-window-focus=true, is-clickable=false, is-enabled=true, is-focused=false, is-focusable=false, is-layout-requested=false, is-selected=false, layout-params=com.android.internal.widget.ActionBarOverlayLayout$LayoutParams@c232d0a, tag=null, root-is-layout-requested=false, has-input-connection=false, x=0.0, y=240.0, child-count=1} 
07-22 17:00:45.419 info TestRunner |
07-22 17:00:45.419 info TestRunner +--->LinearLayout{id=-1, visibility=VISIBLE, width=1080, height=1536, has-focus=true, has-focusable=true, has-window-focus=true, is-clickable=false, is-enabled=true, is-focused=false, is-focusable=false, is-layout-requested=false, is-selected=false, layout-params=android.widget.FrameLayout$LayoutParams@bb59398, tag=null, root-is-layout-requested=false, has-input-connection=false, x=0.0, y=0.0, child-count=2} ****MATCHES****
07-22 17:00:45.419 info TestRunner |
07-22 17:00:45.419 info TestRunner +---->LinearLayout{id=-1, visibility=VISIBLE, width=1080, height=1536, has-focus=true, has-focusable=true, has-window-focus=true, is-clickable=false, is-enabled=true, is-focused=false, is-focusable=false, is-layout-requested=false, is-selected=false, layout-params=android.widget.LinearLayout$LayoutParams@ed857f1, tag=null, root-is-layout-requested=false, has-input-connection=false, x=0.0, y=0.0, child-count=1} ****MATCHES****
07-22 17:00:45.419 info TestRunner |
07-22 17:00:45.419 info TestRunner +----->LinearLayout{id=16909198, res-name=headers, visibility=VISIBLE, width=1080, height=1536, has-focus=true, has-focusable=true, has-window-focus=true, is-clickable=false, is-enabled=true, is-focused=false, is-focusable=false, is-layout-requested=false, is-selected=false, layout-params=android.widget.LinearLayout$LayoutParams@73c5144, tag=null, root-is-layout-requested=false, has-input-connection=false, x=0.0, y=0.0, child-count=2} ****MATCHES****
07-22 17:00:45.419 info TestRunner |
07-22 17:00:45.419 info TestRunner +------>ListView{id=16908298, res-name=list, visibility=VISIBLE, width=1080, height=1536, has-focus=true, has-focusable=true, has-window-focus=true, is-clickable=true, is-enabled=true, is-focused=true, is-focusable=true, is-layout-requested=false, is-selected=false, layout-params=android.widget.LinearLayout$LayoutParams@409822d, tag=null, root-is-layout-requested=false, has-input-connection=false, x=0.0, y=0.0, child-count=6} 
07-22 17:00:45.419 info TestRunner |
07-22 17:00:45.419 info TestRunner +------->LinearLayout{id=-1, visibility=VISIBLE, width=1080, height=161, has-focus=false, has-focusable=false, has-window-focus=true, is-clickable=false, is-enabled=true, is-focused=false, is-focusable=false, is-layout-requested=false, is-selected=false, layout-params=android.widget.AbsListView$LayoutParams@5a91429, tag=null, root-is-layout-requested=false, has-input-connection=false, x=0.0, y=0.0, child-count=3} ****MATCHES****
07-22 17:00:45.419 info TestRunner |
07-22 17:00:45.419 info TestRunner +-------->LinearLayout{id=16909195, res-name=icon_frame, visibility=GONE, width=0, height=0, has-focus=false, has-focusable=false, has-window-focus=true, is-clickable=false, is-enabled=true, is-focused=false, is-focusable=false, is-layout
07-22 17:00:45.419 info TestRunner ----- end exception -----
07-22 17:00:45.423 info TestRunner finished: changeSettingsC6(kdk.android.simplydo.C6.ChangeSettingsC6)
