07-22 17:00:07.509 info TestRunner started: changeSettingsC3(kdk.android.simplydo.C3.ChangeSettingsC3)
07-22 17:00:07.510 info MonitoringInstr Activities that are still in CREATED to STOPPED: 0
07-22 17:00:07.511 warn ActivityTestRule getActivityIntent() returned null using default: Intent(Intent.ACTION_MAIN)
07-22 17:00:07.608 debug LifecycleMonitor Lifecycle status change: kdk.android.simplydo.SimplyDoActivity@3978104 in: PRE_ON_CREATE
07-22 17:00:07.608 verbose SimplyDo SimplyDoActivity.onCreate() called
07-22 17:00:07.619 verbose SimplyDo CachingDataViewer.dbUpdateLoop(): Entered
07-22 17:00:07.639 verbose SimplyDo CachingDataView.fetchLists(): Entered
07-22 17:00:07.642 debug SimplyDo fetchLists returned 6 items
07-22 17:00:07.642 verbose SimplyDo CachingDataView.fetchLists(): Exited
07-22 17:00:07.642 debug SimplyDo SimplyDoActivity.onCreate()
07-22 17:00:07.653 debug LifecycleMonitor Lifecycle status change: kdk.android.simplydo.SimplyDoActivity@3978104 in: CREATED
07-22 17:00:07.656 verbose SimplyDo SimplyDoActivity.onStart(): called
07-22 17:00:07.656 debug LifecycleMonitor Lifecycle status change: kdk.android.simplydo.SimplyDoActivity@3978104 in: STARTED
07-22 17:00:07.658 debug LifecycleMonitor Lifecycle status change: kdk.android.simplydo.SimplyDoActivity@3978104 in: RESUMED
07-22 17:00:07.794 debug EGL_emulation eglMakeCurrent: 0xae4d4a80: ver 3 0 (tinfo 0xae4e77e0)
07-22 17:00:07.851 verbose SimplyDo SimplyDoActivity.onCreateOptionsMenu() called
07-22 17:00:07.851 verbose SimplyDo SimplyDoActivity.onPrepareOptionsMenu() called
07-22 17:00:07.882 info ViewInteraction Performing 'Handle transition between action bar and action bar context.' action on view is a root view.
07-22 17:00:07.884 info ViewInteraction Performing 'single click' action on view ((is displayed on the screen to the user and with content description: is "More options") or (is displayed on the screen to the user and with class name: a string ending with "OverflowMenuButton"))
07-22 17:00:07.933 verbose SimplyDo SimplyDoActivity.onPrepareOptionsMenu() called
07-22 17:00:07.972 debug EGL_emulation eglMakeCurrent: 0xae4d4a80: ver 3 0 (tinfo 0xae4e77e0)
07-22 17:00:08.001 debug EGL_emulation eglMakeCurrent: 0xae4d4a80: ver 3 0 (tinfo 0xae4e77e0)
07-22 17:00:08.009 debug EGL_emulation eglMakeCurrent: 0xae4d4a80: ver 3 0 (tinfo 0xae4e77e0)
07-22 17:00:08.232 info ViewInteraction Performing 'single click' action on view (with id: android:id/title and with text: is "Settings" and Child at position 0 in parent Child at position 0 in parent has parent matching: Child at position 0 in parent with class name: is "android.widget.PopupWindow$PopupBackgroundView" and is displayed on the screen to the user)
07-22 17:00:08.352 verbose SimplyDo SimplyDoActivity.onMenuItemSelected() called
07-22 17:00:08.372 debug LifecycleMonitor Lifecycle status change: kdk.android.simplydo.SimplyDoActivity@3978104 in: PAUSED
07-22 17:00:08.372 debug LifecycleMonitor running callback: android.support.test.rule.ActivityTestRule$LifecycleCallback@b91918d
07-22 17:00:08.372 debug LifecycleMonitor callback completes: android.support.test.rule.ActivityTestRule$LifecycleCallback@b91918d
07-22 17:00:08.386 debug LifecycleMonitor Lifecycle status change: kdk.android.simplydo.SettingsActivity@7621f42 in: PRE_ON_CREATE
07-22 17:00:08.386 debug LifecycleMonitor running callback: android.support.test.rule.ActivityTestRule$LifecycleCallback@b91918d
07-22 17:00:08.386 debug LifecycleMonitor callback completes: android.support.test.rule.ActivityTestRule$LifecycleCallback@b91918d
07-22 17:00:08.412 debug LifecycleMonitor Lifecycle status change: kdk.android.simplydo.SettingsActivity@7621f42 in: CREATED
07-22 17:00:08.412 debug LifecycleMonitor running callback: android.support.test.rule.ActivityTestRule$LifecycleCallback@b91918d
07-22 17:00:08.412 debug LifecycleMonitor callback completes: android.support.test.rule.ActivityTestRule$LifecycleCallback@b91918d
07-22 17:00:08.427 debug LifecycleMonitor Lifecycle status change: kdk.android.simplydo.SettingsActivity@7621f42 in: STARTED
07-22 17:00:08.427 debug LifecycleMonitor running callback: android.support.test.rule.ActivityTestRule$LifecycleCallback@b91918d
07-22 17:00:08.427 debug LifecycleMonitor callback completes: android.support.test.rule.ActivityTestRule$LifecycleCallback@b91918d
07-22 17:00:08.427 debug LifecycleMonitor Lifecycle status change: kdk.android.simplydo.SettingsActivity@7621f42 in: RESUMED
07-22 17:00:08.427 debug LifecycleMonitor running callback: android.support.test.rule.ActivityTestRule$LifecycleCallback@b91918d
07-22 17:00:08.427 debug LifecycleMonitor callback completes: android.support.test.rule.ActivityTestRule$LifecycleCallback@b91918d
07-22 17:00:08.577 debug EGL_emulation eglMakeCurrent: 0xae4d4a80: ver 3 0 (tinfo 0xae4e77e0)
07-22 17:00:08.593 debug EGL_emulation eglMakeCurrent: 0xae4d4a80: ver 3 0 (tinfo 0xae4e77e0)
07-22 17:00:08.642 debug EGL_emulation eglMakeCurrent: 0xae4d4a80: ver 3 0 (tinfo 0xae4e77e0)
07-22 17:00:08.657 debug EGL_emulation eglMakeCurrent: 0xae4d4a80: ver 3 0 (tinfo 0xae4e77e0)
07-22 17:00:08.710 debug EGL_emulation eglMakeCurrent: 0xae4d4a80: ver 3 0 (tinfo 0xae4e77e0)
07-22 17:00:08.713 error Surface getSlotFromBufferLocked: unknown buffer: 0xae483b40
07-22 17:00:08.717 debug OpenGLRenderer endAllStagingAnimators on 0xa10b0900 (ListPopupWindow$DropDownListView) with handle 0xaa115490
07-22 17:00:08.724 debug EGL_emulation eglMakeCurrent: 0xae4d4a80: ver 3 0 (tinfo 0xae4e77e0)
07-22 17:00:08.741 error Surface getSlotFromBufferLocked: unknown buffer: 0xae484d60
07-22 17:00:08.821 info ViewInteraction Performing 'load adapter data' action on view (with id: android:id/list and Child at position 0 in parent (with class name: is "android.widget.LinearLayout" and Child at position 0 in parent Child at position 0 in parent Child at position 0 in parent with id: android:id/content))
07-22 17:00:08.824 info ViewInteraction Performing 'single click' action on view  displaying data matching: ANYTHING within adapter view matching: (with id: android:id/list and Child at position 0 in parent (with class name: is "android.widget.LinearLayout" and Child at position 0 in parent Child at position 0 in parent Child at position 0 in parent with id: android:id/content))
07-22 17:00:08.998 verbose SimplyDo onPreferenceTreeClick() for key listSorting
07-22 17:00:09.095 debug EGL_emulation eglMakeCurrent: 0xae4d4a80: ver 3 0 (tinfo 0xae4e77e0)
07-22 17:00:09.098 debug EGL_emulation eglMakeCurrent: 0xae4d4a80: ver 3 0 (tinfo 0xae4e77e0)
07-22 17:00:09.133 debug EGL_emulation eglMakeCurrent: 0xae4d4a80: ver 3 0 (tinfo 0xae4e77e0)
07-22 17:00:09.234 debug EGL_emulation eglMakeCurrent: 0xae4d4a80: ver 3 0 (tinfo 0xae4e77e0)
07-22 17:00:09.330 debug LifecycleMonitor Lifecycle status change: kdk.android.simplydo.SimplyDoActivity@3978104 in: STOPPED
07-22 17:00:09.330 debug LifecycleMonitor running callback: android.support.test.rule.ActivityTestRule$LifecycleCallback@b91918d
07-22 17:00:09.330 debug LifecycleMonitor callback completes: android.support.test.rule.ActivityTestRule$LifecycleCallback@b91918d
07-22 17:00:09.330 verbose SimplyDo SimplyDoActivity.onDestroy() called
07-22 17:00:09.330 verbose SimplyDo CachingDataView.close(): Entered
07-22 17:00:09.331 debug SimplyDo CachingDataView.close(): Close interrupt required
07-22 17:00:09.331 debug SimplyDo CachingDataViewer.dbUpdateLoop(): interrupt exit
07-22 17:00:09.331 verbose SimplyDo CachingDataViewer.dbUpdateLoop(): Exit
07-22 17:00:09.332 verbose SimplyDo CachingDataView.close(): Exit
07-22 17:00:09.332 debug LifecycleMonitor Lifecycle status change: kdk.android.simplydo.SimplyDoActivity@3978104 in: DESTROYED
07-22 17:00:09.332 debug LifecycleMonitor running callback: android.support.test.rule.ActivityTestRule$LifecycleCallback@b91918d
07-22 17:00:09.332 debug LifecycleMonitor callback completes: android.support.test.rule.ActivityTestRule$LifecycleCallback@b91918d
07-22 17:00:09.363 info TestRunner failed: changeSettingsC3(kdk.android.simplydo.C3.ChangeSettingsC3)
07-22 17:00:09.363 info TestRunner ----- begin exception -----
07-22 17:00:09.364 info TestRunner android.support.test.espresso.NoMatchingViewException: No views in hierarchy found matching: (with class name: is "com.android.internal.app.AlertController$RecycleListView" and Child at position 0 in parent (with class name: is "android.widget.FrameLayout" and Child at position 1 in parent (with class name: is "com.android.internal.widget.AlertDialogLayout" and Child at position 0 in parent (with id: 16908290 and Child at position 0 in parent with class name: is "android.widget.FrameLayout"))))
07-22 17:00:09.364 info TestRunner If the target view is not part of the view hierarchy, you may need to use Espresso.onData to load it from one of the following AdapterViews:com.android.internal.app.AlertController$RecycleListView{9a550d VFED.VC.. .F...... 0,0-930,336 #10203c1 android:id/select_dialog_listview}
07-22 17:00:09.364 info TestRunner View Hierarchy:
07-22 17:00:09.364 info TestRunner +>DecorView{id=-1, visibility=VISIBLE, width=1026, height=735, has-focus=true, has-focusable=true, has-window-focus=true, is-clickable=false, is-enabled=true, is-focused=false, is-focusable=false, is-layout-requested=false, is-selected=false, layout-params=WM.LayoutParams{(0,0)(wrapxwrap) gr=#11 sim=#20 ty=2 fl=#1820002 fmt=-3 wanim=0x103045c needsMenuKey=2}, tag=null, root-is-layout-requested=false, has-input-connection=false, x=0.0, y=0.0, child-count=1} 
07-22 17:00:09.364 info TestRunner |
07-22 17:00:09.364 info TestRunner +->FrameLayout{id=-1, visibility=VISIBLE, width=930, height=639, has-focus=true, has-focusable=true, has-window-focus=true, is-clickable=false, is-enabled=true, is-focused=false, is-focusable=false, is-layout-requested=false, is-selected=false, layout-params=android.widget.FrameLayout$LayoutParams@689830e, tag=null, root-is-layout-requested=false, has-input-connection=false, x=48.0, y=48.0, child-count=2} 
07-22 17:00:09.364 info TestRunner |
07-22 17:00:09.364 info TestRunner +-->FrameLayout{id=16908290, res-name=content, visibility=VISIBLE, width=930, height=639, has-focus=true, has-focusable=true, has-window-focus=true, is-clickable=false, is-enabled=true, is-focused=false, is-focusable=false, is-layout-requested=false, is-selected=false, layout-params=android.widget.FrameLayout$LayoutParams@5f5433c, tag=null, root-is-layout-requested=false, has-input-connection=false, x=0.0, y=0.0, child-count=1} 
07-22 17:00:09.364 info TestRunner |
07-22 17:00:09.364 info TestRunner +--->LinearLayout{id=16909038, res-name=parentPanel, visibility=VISIBLE, width=930, height=639, has-focus=true, has-focusable=true, has-window-focus=true, is-clickable=false, is-enabled=true, is-focused=false, is-focusable=false, is-layout-requested=false, is-selected=false, layout-params=android.widget.FrameLayout$LayoutParams@c07c41, tag=null, root-is-layout-requested=false, has-input-connection=false, x=0.0, y=0.0, child-count=4} 
07-22 17:00:09.364 info TestRunner |
07-22 17:00:09.364 info TestRunner +---->LinearLayout{id=16909039, res-name=topPanel, visibility=VISIBLE, width=930, height=135, has-focus=false, has-focusable=false, has-window-focus=true, is-clickable=false, is-enabled=true, is-focused=false, is-focusable=false, is-layout-requested=false, is-selected=false, layout-params=android.widget.LinearLayout$LayoutParams@b02727, tag=null, root-is-layout-requested=false, has-input-connection=false, x=0.0, y=0.0, child-count=1} 
07-22 17:00:09.364 info TestRunner |
07-22 17:00:09.364 info TestRunner +----->LinearLayout{id=16909040, res-name=title_template, visibility=VISIBLE, width=930, height=135, has-focus=false, has-focusable=false, has-window-focus=true, is-clickable=false, is-enabled=true, is-focused=false, is-focusable=false, is-layout-requested=false, is-selected=false, layout-params=android.widget.LinearLayout$LayoutParams@e5b7a72, tag=null, root-is-layout-requested=false, has-input-connection=false, x=0.0, y=0.0, child-count=2} 
07-22 17:00:09.364 info TestRunner |
07-22 17:00:09.364 info TestRunner +------>ImageView{id=16908294, res-name=icon, visibility=GONE, width=0, height=0, has-focus=false, has-focusable=false, has-window-focus=true, is-clickable=false, is-enabled=true, is-focused=false, is-focusable=false, is-layout-requested=true, is-selected=false, layout-params=android.widget.LinearLayout$LayoutParams@26e0ec3, tag=null, root-is-layout-requested=false, has-input-connection=false, x=0.0, y=0.0} 
07-22 17:00:09.364 info TestRunner |
07-22 17:00:09.364 info TestRunner +------>DialogTitle{id=16909041, res-name=alertTitle, visibility=VISIBLE, width=786, height=81, has-focus=false, has-focusable=false, has-window-focus=true, is-clickable=false, is-enabled=true, is-focused=false, 
07-22 17:00:09.364 info TestRunner ----- end exception -----
07-22 17:00:09.365 info TestRunner finished: changeSettingsC3(kdk.android.simplydo.C3.ChangeSettingsC3)
