07-22 17:00:54.098 info TestRunner started: createListsDefault(kdk.android.simplydo.Default.CreateListsDefault)
07-22 17:00:54.100 info MonitoringInstr Activities that are still in CREATED to STOPPED: 0
07-22 17:00:54.103 warn ActivityTestRule getActivityIntent() returned null using default: Intent(Intent.ACTION_MAIN)
07-22 17:00:54.174 debug LifecycleMonitor Lifecycle status change: kdk.android.simplydo.SimplyDoActivity@267aae0 in: PRE_ON_CREATE
07-22 17:00:54.174 verbose SimplyDo SimplyDoActivity.onCreate() called
07-22 17:00:54.183 verbose SimplyDo CachingDataViewer.dbUpdateLoop(): Entered
07-22 17:00:54.187 verbose SimplyDo CachingDataView.fetchLists(): Entered
07-22 17:00:54.194 debug SimplyDo fetchLists returned 27 items
07-22 17:00:54.194 verbose SimplyDo CachingDataView.fetchLists(): Exited
07-22 17:00:54.195 debug SimplyDo SimplyDoActivity.onCreate()
07-22 17:00:54.195 debug LifecycleMonitor Lifecycle status change: kdk.android.simplydo.SimplyDoActivity@267aae0 in: CREATED
07-22 17:00:54.197 verbose SimplyDo SimplyDoActivity.onStart(): called
07-22 17:00:54.197 debug LifecycleMonitor Lifecycle status change: kdk.android.simplydo.SimplyDoActivity@267aae0 in: STARTED
07-22 17:00:54.198 debug LifecycleMonitor Lifecycle status change: kdk.android.simplydo.SimplyDoActivity@267aae0 in: RESUMED
07-22 17:00:54.307 debug EGL_emulation eglMakeCurrent: 0xae654c00: ver 3 0 (tinfo 0xae64b390)
07-22 17:00:54.332 verbose SimplyDo SimplyDoActivity.onCreateOptionsMenu() called
07-22 17:00:54.333 verbose SimplyDo SimplyDoActivity.onPrepareOptionsMenu() called
07-22 17:00:54.397 info ViewInteraction Performing 'replace text' action on view (with id: kdk.android.simplydo:id/AddListEditText and with content description: is "addlistedittext" and Child at position 0 in parent (with id: kdk.android.simplydo:id/LinearLayout01 and Child at position 0 in parent with id: kdk.android.simplydo:id/listsView) and is displayed on the screen to the user)
07-22 17:00:54.416 info ViewInteraction Performing 'close keyboard' action on view (with id: kdk.android.simplydo:id/AddListEditText and with content description: is "addlistedittext" and Child at position 0 in parent (with id: kdk.android.simplydo:id/LinearLayout01 and Child at position 0 in parent with id: kdk.android.simplydo:id/listsView) and is displayed on the screen to the user)
07-22 17:00:54.423 warn CloseKeyboardAction Attempting to close soft keyboard, while it is not shown.
07-22 17:00:54.428 info ViewInteraction Performing 'single click' action on view (with id: kdk.android.simplydo:id/AddListButton and with text: is "Add" and with content description: is "Add" and Child at position 1 in parent (with id: kdk.android.simplydo:id/LinearLayout01 and Child at position 0 in parent with id: kdk.android.simplydo:id/listsView) and is displayed on the screen to the user)
07-22 17:00:54.485 debug SimplyDo Insert list List
07-22 17:00:54.524 debug SimplyDo fetchLists returned 28 items
07-22 17:00:54.765 info ViewInteraction Performing 'replace text' action on view (with id: kdk.android.simplydo:id/AddListEditText and with content description: is "addlistedittext" and Child at position 0 in parent (with id: kdk.android.simplydo:id/LinearLayout01 and Child at position 0 in parent with id: kdk.android.simplydo:id/listsView) and is displayed on the screen to the user)
07-22 17:00:54.783 info ViewInteraction Performing 'close keyboard' action on view (with id: kdk.android.simplydo:id/AddListEditText and with content description: is "addlistedittext" and Child at position 0 in parent (with id: kdk.android.simplydo:id/LinearLayout01 and Child at position 0 in parent with id: kdk.android.simplydo:id/listsView) and is displayed on the screen to the user)
07-22 17:00:54.784 warn CloseKeyboardAction Attempting to close soft keyboard, while it is not shown.
07-22 17:00:54.817 info ViewInteraction Performing 'single click' action on view (with id: kdk.android.simplydo:id/AddListButton and with text: is "Add" and with content description: is "Add" and Child at position 1 in parent (with id: kdk.android.simplydo:id/LinearLayout01 and Child at position 0 in parent with id: kdk.android.simplydo:id/listsView) and is displayed on the screen to the user)
07-22 17:00:54.862 debug SimplyDo Insert list List2
07-22 17:00:54.880 debug SimplyDo fetchLists returned 29 items
07-22 17:00:55.158 debug LifecycleMonitor Lifecycle status change: kdk.android.simplydo.SimplyDoActivity@267aae0 in: PAUSED
07-22 17:00:55.158 debug LifecycleMonitor running callback: android.support.test.rule.ActivityTestRule$LifecycleCallback@67a21d5
07-22 17:00:55.159 debug LifecycleMonitor callback completes: android.support.test.rule.ActivityTestRule$LifecycleCallback@67a21d5
07-22 17:00:55.183 debug LifecycleMonitor Lifecycle status change: kdk.android.simplydo.SimplyDoActivity@267aae0 in: STOPPED
07-22 17:00:55.183 debug LifecycleMonitor running callback: android.support.test.rule.ActivityTestRule$LifecycleCallback@67a21d5
07-22 17:00:55.184 debug LifecycleMonitor callback completes: android.support.test.rule.ActivityTestRule$LifecycleCallback@67a21d5
07-22 17:00:55.184 verbose SimplyDo SimplyDoActivity.onDestroy() called
07-22 17:00:55.184 verbose SimplyDo CachingDataView.close(): Entered
07-22 17:00:55.184 debug SimplyDo CachingDataView.close(): Close interrupt required
07-22 17:00:55.184 debug SimplyDo CachingDataViewer.dbUpdateLoop(): interrupt exit
07-22 17:00:55.184 verbose SimplyDo CachingDataViewer.dbUpdateLoop(): Exit
07-22 17:00:55.184 verbose SimplyDo CachingDataView.close(): Exit
07-22 17:00:55.184 debug LifecycleMonitor Lifecycle status change: kdk.android.simplydo.SimplyDoActivity@267aae0 in: DESTROYED
07-22 17:00:55.184 debug LifecycleMonitor running callback: android.support.test.rule.ActivityTestRule$LifecycleCallback@67a21d5
07-22 17:00:55.184 debug LifecycleMonitor callback completes: android.support.test.rule.ActivityTestRule$LifecycleCallback@67a21d5
07-22 17:00:55.192 debug EGL_emulation eglMakeCurrent: 0xae654c00: ver 3 0 (tinfo 0xae64b390)
07-22 17:00:55.195 error Surface getSlotFromBufferLocked: unknown buffer: 0xae6c4ae0
07-22 17:00:55.197 debug OpenGLRenderer endAllStagingAnimators on 0xa0e52200 (RippleDrawable) with handle 0xa1357ca0
07-22 17:00:55.216 info TestRunner finished: createListsDefault(kdk.android.simplydo.Default.CreateListsDefault)
