07-22 17:00:04.219 info TestRunner started: sortItemsC2(kdk.android.simplydo.C2.SortItemsC2)
07-22 17:00:04.221 info MonitoringInstr Activities that are still in CREATED to STOPPED: 0
07-22 17:00:04.226 warn ActivityTestRule getActivityIntent() returned null using default: Intent(Intent.ACTION_MAIN)
07-22 17:00:04.358 debug LifecycleMonitor Lifecycle status change: kdk.android.simplydo.SimplyDoActivity@e2e6f74 in: PRE_ON_CREATE
07-22 17:00:04.358 verbose SimplyDo SimplyDoActivity.onCreate() called
07-22 17:00:04.369 verbose SimplyDo CachingDataViewer.dbUpdateLoop(): Entered
07-22 17:00:04.377 verbose SimplyDo CachingDataView.fetchLists(): Entered
07-22 17:00:04.380 debug SimplyDo fetchLists returned 4 items
07-22 17:00:04.381 verbose SimplyDo CachingDataView.fetchLists(): Exited
07-22 17:00:04.381 debug SimplyDo SimplyDoActivity.onCreate()
07-22 17:00:04.385 debug LifecycleMonitor Lifecycle status change: kdk.android.simplydo.SimplyDoActivity@e2e6f74 in: CREATED
07-22 17:00:04.387 verbose SimplyDo SimplyDoActivity.onStart(): called
07-22 17:00:04.387 debug LifecycleMonitor Lifecycle status change: kdk.android.simplydo.SimplyDoActivity@e2e6f74 in: STARTED
07-22 17:00:04.387 debug LifecycleMonitor Lifecycle status change: kdk.android.simplydo.SimplyDoActivity@e2e6f74 in: RESUMED
07-22 17:00:04.530 debug EGL_emulation eglMakeCurrent: 0xae4d4a80: ver 3 0 (tinfo 0xae4e77e0)
07-22 17:00:04.575 verbose SimplyDo SimplyDoActivity.onCreateOptionsMenu() called
07-22 17:00:04.575 verbose SimplyDo SimplyDoActivity.onPrepareOptionsMenu() called
07-22 17:00:04.686 info ViewInteraction Performing 'replace text' action on view (with id: kdk.android.simplydo:id/AddListEditText and with content description: is "addlistedittext" and is displayed on the screen to the user)
07-22 17:00:04.707 info ViewInteraction Performing 'close keyboard' action on view (with id: kdk.android.simplydo:id/AddListEditText and with content description: is "addlistedittext" and is displayed on the screen to the user)
07-22 17:00:04.709 warn CloseKeyboardAction Attempting to close soft keyboard, while it is not shown.
07-22 17:00:04.710 info ViewInteraction Performing 'single click' action on view (with id: kdk.android.simplydo:id/AddListButton and with text: is "Add" and with content description: is "Add" and is displayed on the screen to the user)
07-22 17:00:04.754 debug SimplyDo Insert list List
07-22 17:00:04.775 debug SimplyDo fetchLists returned 5 items
07-22 17:00:05.083 debug LifecycleMonitor Lifecycle status change: kdk.android.simplydo.SimplyDoActivity@e2e6f74 in: PAUSED
07-22 17:00:05.083 debug LifecycleMonitor running callback: android.support.test.rule.ActivityTestRule$LifecycleCallback@cbc02b5
07-22 17:00:05.083 debug LifecycleMonitor callback completes: android.support.test.rule.ActivityTestRule$LifecycleCallback@cbc02b5
07-22 17:00:05.106 info TestRunner failed: sortItemsC2(kdk.android.simplydo.C2.SortItemsC2)
07-22 17:00:05.106 info TestRunner ----- begin exception -----
07-22 17:00:05.107 info TestRunner android.support.test.espresso.AmbiguousViewMatcherException: '(with class name: is "android.widget.LinearLayout" and is displayed on the screen to the user)' matches multiple views in the hierarchy.
07-22 17:00:05.107 info TestRunner Problem views are marked with '****MATCHES****' below.
07-22 17:00:05.107 info TestRunner View Hierarchy:
07-22 17:00:05.107 info TestRunner +>DecorView{id=-1, visibility=VISIBLE, width=1080, height=1920, has-focus=true, has-focusable=true, has-window-focus=true, is-clickable=false, is-enabled=true, is-focused=false, is-focusable=false, is-layout-requested=false, is-selected=false, layout-params=WM.LayoutParams{(0,0)(fillxfill) sim=#3 ty=1 fl=#81810100 wanim=0x1030383 needsMenuKey=2}, tag=null, root-is-layout-requested=false, has-input-connection=false, x=0.0, y=0.0, child-count=3} 
07-22 17:00:05.107 info TestRunner |
07-22 17:00:05.107 info TestRunner +->ActionBarOverlayLayout{id=16909230, res-name=decor_content_parent, visibility=VISIBLE, width=1080, height=1776, has-focus=true, has-focusable=true, has-window-focus=true, is-clickable=false, is-enabled=true, is-focused=false, is-focusable=false, is-layout-requested=false, is-selected=false, layout-params=android.widget.FrameLayout$LayoutParams@a6f7918, tag=null, root-is-layout-requested=false, has-input-connection=false, x=0.0, y=0.0, child-count=2} 
07-22 17:00:05.107 info TestRunner |
07-22 17:00:05.107 info TestRunner +-->FrameLayout{id=16908290, res-name=content, visibility=VISIBLE, width=1080, height=1536, has-focus=true, has-focusable=true, has-window-focus=true, is-clickable=false, is-enabled=true, is-focused=false, is-focusable=false, is-layout-requested=false, is-selected=false, layout-params=com.android.internal.widget.ActionBarOverlayLayout$LayoutParams@8ec0f71, tag=null, root-is-layout-requested=false, has-input-connection=false, x=0.0, y=240.0, child-count=1} 
07-22 17:00:05.107 info TestRunner |
07-22 17:00:05.107 info TestRunner +--->LinearLayout{id=-1, visibility=VISIBLE, width=1080, height=1536, has-focus=true, has-focusable=true, has-window-focus=true, is-clickable=false, is-enabled=true, is-focused=false, is-focusable=false, is-layout-requested=false, is-selected=false, layout-params=android.widget.FrameLayout$LayoutParams@57a65d7, tag=null, root-is-layout-requested=false, has-input-connection=false, x=0.0, y=0.0, child-count=1} ****MATCHES****
07-22 17:00:05.107 info TestRunner |
07-22 17:00:05.107 info TestRunner +---->ViewSwitcher{id=2130903049, res-name=ListsItemsSwitcher, visibility=VISIBLE, width=1080, height=896, has-focus=true, has-focusable=true, has-window-focus=true, is-clickable=false, is-enabled=true, is-focused=false, is-focusable=false, is-layout-requested=false, is-selected=false, layout-params=android.widget.LinearLayout$LayoutParams@46131ad, tag=null, root-is-layout-requested=false, has-input-connection=false, x=0.0, y=0.0, child-count=2} 
07-22 17:00:05.107 info TestRunner |
07-22 17:00:05.107 info TestRunner +----->LinearLayout{id=2130903059, res-name=listsView, visibility=VISIBLE, width=1080, height=896, has-focus=true, has-focusable=true, has-window-focus=true, is-clickable=false, is-enabled=true, is-focused=false, is-focusable=false, is-layout-requested=false, is-selected=false, layout-params=android.widget.FrameLayout$LayoutParams@1158873, tag=null, root-is-layout-requested=false, has-input-connection=false, x=0.0, y=0.0, child-count=2} ****MATCHES****
07-22 17:00:05.107 info TestRunner |
07-22 17:00:05.107 info TestRunner +------>LinearLayout{id=2130903048, res-name=LinearLayout01, visibility=VISIBLE, width=1080, height=144, has-focus=true, has-focusable=true, has-window-focus=true, is-clickable=false, is-enabled=true, is-focused=false, is-focusable=false, is-layout-requested=false, is-selected=false, layout-params=android.widget.LinearLayout$LayoutParams@b99152e, tag=null, root-is-layout-requested=false, has-input-connection=false, x=0.0, y=0.0, child-count=2} ****MATCHES****
07-22 17:00:05.107 info TestRunner |
07-22 17:00:05.107 info TestRunner +------->EditText{id=2130903043, res-name=AddListEditText, desc=addlistedittext, visibility=VISIBLE, width=816, height=144, has-focus=true, has-focusable=true, has-window-focus=true, is-clickable=true, is-enabled=true, is-focused=true, is-focusable=true, is-layout-requested=false, is-selected=false, layout-params=android.widget.LinearLayout$LayoutParams@43638cf, tag=null, root-is-layout-requested=false, has-input-connection=true, editor-info=[inputType=0x31 imeOptions=0x8000006 privateImeOptions=null actionLabel=null actionId=0 initialSelStart=0 initialSelEnd=0 initialCapsMode=0x0 hintText=New List Name
07-22 17:00:05.108 info TestRunner ----- end exception -----
07-22 17:00:05.109 info TestRunner finished: sortItemsC2(kdk.android.simplydo.C2.SortItemsC2)
