07-22 17:00:47.545 info TestRunner started: changeSettingsDefault(kdk.android.simplydo.Default.ChangeSettingsDefault)
07-22 17:00:47.548 info MonitoringInstr Activities that are still in CREATED to STOPPED: 0
07-22 17:00:47.550 warn ActivityTestRule getActivityIntent() returned null using default: Intent(Intent.ACTION_MAIN)
07-22 17:00:47.606 debug LifecycleMonitor Lifecycle status change: kdk.android.simplydo.SimplyDoActivity@8cb2f97 in: PRE_ON_CREATE
07-22 17:00:47.606 verbose SimplyDo SimplyDoActivity.onCreate() called
07-22 17:00:47.617 verbose SimplyDo CachingDataViewer.dbUpdateLoop(): Entered
07-22 17:00:47.629 verbose SimplyDo CachingDataView.fetchLists(): Entered
07-22 17:00:47.642 debug SimplyDo fetchLists returned 26 items
07-22 17:00:47.642 verbose SimplyDo CachingDataView.fetchLists(): Exited
07-22 17:00:47.642 debug SimplyDo SimplyDoActivity.onCreate()
07-22 17:00:47.643 debug LifecycleMonitor Lifecycle status change: kdk.android.simplydo.SimplyDoActivity@8cb2f97 in: CREATED
07-22 17:00:47.643 verbose SimplyDo SimplyDoActivity.onStart(): called
07-22 17:00:47.644 debug LifecycleMonitor Lifecycle status change: kdk.android.simplydo.SimplyDoActivity@8cb2f97 in: STARTED
07-22 17:00:47.645 debug LifecycleMonitor Lifecycle status change: kdk.android.simplydo.SimplyDoActivity@8cb2f97 in: RESUMED
07-22 17:00:47.758 debug EGL_emulation eglMakeCurrent: 0xae654c00: ver 3 0 (tinfo 0xae64b390)
07-22 17:00:47.806 verbose SimplyDo SimplyDoActivity.onCreateOptionsMenu() called
07-22 17:00:47.806 verbose SimplyDo SimplyDoActivity.onPrepareOptionsMenu() called
07-22 17:00:47.861 info ViewInteraction Performing 'Handle transition between action bar and action bar context.' action on view is a root view.
07-22 17:00:47.873 info ViewInteraction Performing 'single click' action on view ((is displayed on the screen to the user and with content description: is "More options") or (is displayed on the screen to the user and with class name: a string ending with "OverflowMenuButton"))
07-22 17:00:47.938 verbose SimplyDo SimplyDoActivity.onPrepareOptionsMenu() called
07-22 17:00:48.000 debug EGL_emulation eglMakeCurrent: 0xae654c00: ver 3 0 (tinfo 0xae64b390)
07-22 17:00:48.053 debug EGL_emulation eglMakeCurrent: 0xae654c00: ver 3 0 (tinfo 0xae64b390)
07-22 17:00:48.063 debug EGL_emulation eglMakeCurrent: 0xae654c00: ver 3 0 (tinfo 0xae64b390)
07-22 17:00:48.284 info ViewInteraction Performing 'single click' action on view (with id: android:id/title and with text: is "Settings" and Child at position 0 in parent Child at position 0 in parent with class name: is "com.android.internal.view.menu.ListMenuItemView" and is displayed on the screen to the user)
07-22 17:00:48.395 verbose SimplyDo SimplyDoActivity.onMenuItemSelected() called
07-22 17:00:48.415 debug LifecycleMonitor Lifecycle status change: kdk.android.simplydo.SimplyDoActivity@8cb2f97 in: PAUSED
07-22 17:00:48.415 debug LifecycleMonitor running callback: android.support.test.rule.ActivityTestRule$LifecycleCallback@41bc137
07-22 17:00:48.415 debug LifecycleMonitor callback completes: android.support.test.rule.ActivityTestRule$LifecycleCallback@41bc137
07-22 17:00:48.428 debug LifecycleMonitor Lifecycle status change: kdk.android.simplydo.SettingsActivity@c3a36a4 in: PRE_ON_CREATE
07-22 17:00:48.429 debug LifecycleMonitor running callback: android.support.test.rule.ActivityTestRule$LifecycleCallback@41bc137
07-22 17:00:48.429 debug LifecycleMonitor callback completes: android.support.test.rule.ActivityTestRule$LifecycleCallback@41bc137
07-22 17:00:48.463 debug LifecycleMonitor Lifecycle status change: kdk.android.simplydo.SettingsActivity@c3a36a4 in: CREATED
07-22 17:00:48.463 debug LifecycleMonitor running callback: android.support.test.rule.ActivityTestRule$LifecycleCallback@41bc137
07-22 17:00:48.463 debug LifecycleMonitor callback completes: android.support.test.rule.ActivityTestRule$LifecycleCallback@41bc137
07-22 17:00:48.464 debug LifecycleMonitor Lifecycle status change: kdk.android.simplydo.SettingsActivity@c3a36a4 in: STARTED
07-22 17:00:48.464 debug LifecycleMonitor running callback: android.support.test.rule.ActivityTestRule$LifecycleCallback@41bc137
07-22 17:00:48.464 debug LifecycleMonitor callback completes: android.support.test.rule.ActivityTestRule$LifecycleCallback@41bc137
07-22 17:00:48.465 debug LifecycleMonitor Lifecycle status change: kdk.android.simplydo.SettingsActivity@c3a36a4 in: RESUMED
07-22 17:00:48.465 debug LifecycleMonitor running callback: android.support.test.rule.ActivityTestRule$LifecycleCallback@41bc137
07-22 17:00:48.465 debug LifecycleMonitor callback completes: android.support.test.rule.ActivityTestRule$LifecycleCallback@41bc137
07-22 17:00:48.572 debug EGL_emulation eglMakeCurrent: 0xae654c00: ver 3 0 (tinfo 0xae64b390)
07-22 17:00:48.579 debug EGL_emulation eglMakeCurrent: 0xae654c00: ver 3 0 (tinfo 0xae64b390)
07-22 17:00:48.653 debug EGL_emulation eglMakeCurrent: 0xae654c00: ver 3 0 (tinfo 0xae64b390)
07-22 17:00:48.662 debug EGL_emulation eglMakeCurrent: 0xae654c00: ver 3 0 (tinfo 0xae64b390)
07-22 17:00:48.703 debug EGL_emulation eglMakeCurrent: 0xae654c00: ver 3 0 (tinfo 0xae64b390)
07-22 17:00:48.711 debug EGL_emulation eglMakeCurrent: 0xae654c00: ver 3 0 (tinfo 0xae64b390)
07-22 17:00:48.739 debug EGL_emulation eglMakeCurrent: 0xae654c00: ver 3 0 (tinfo 0xae64b390)
07-22 17:00:48.743 error Surface getSlotFromBufferLocked: unknown buffer: 0xae6c3a00
07-22 17:00:48.745 debug OpenGLRenderer endAllStagingAnimators on 0xa10f7300 (ListPopupWindow$DropDownListView) with handle 0xae478600
07-22 17:00:48.758 error Surface getSlotFromBufferLocked: unknown buffer: 0xae6c4c20
07-22 17:00:48.832 info ViewInteraction Performing 'load adapter data' action on view (with id: android:id/list and Child at position 0 in parent with class name: is "android.widget.LinearLayout")
07-22 17:00:48.845 info ViewInteraction Performing 'single click' action on view  displaying data matching: ANYTHING within adapter view matching: (with id: android:id/list and Child at position 0 in parent with class name: is "android.widget.LinearLayout")
07-22 17:00:48.863 debug EGL_emulation eglMakeCurrent: 0xae654c00: ver 3 0 (tinfo 0xae64b390)
07-22 17:00:48.980 verbose SimplyDo onPreferenceTreeClick() for key listSorting
07-22 17:00:49.020 debug EGL_emulation eglMakeCurrent: 0xae654c00: ver 3 0 (tinfo 0xae64b390)
07-22 17:00:49.027 debug EGL_emulation eglMakeCurrent: 0xae654c00: ver 3 0 (tinfo 0xae64b390)
07-22 17:00:49.075 debug EGL_emulation eglMakeCurrent: 0xae654c00: ver 3 0 (tinfo 0xae64b390)
07-22 17:00:49.084 debug EGL_emulation eglMakeCurrent: 0xae654c00: ver 3 0 (tinfo 0xae64b390)
07-22 17:00:49.097 debug EGL_emulation eglMakeCurrent: 0xae654c00: ver 3 0 (tinfo 0xae64b390)
07-22 17:00:49.104 debug EGL_emulation eglMakeCurrent: 0xae654c00: ver 3 0 (tinfo 0xae64b390)
07-22 17:00:49.185 info ViewInteraction Performing 'load adapter data' action on view (with class name: is "com.android.internal.app.AlertController$RecycleListView" and Child at position 0 in parent with class name: is "android.widget.FrameLayout")
07-22 17:00:49.199 info ViewInteraction Performing 'single click' action on view  displaying data matching: ANYTHING within adapter view matching: (with class name: is "com.android.internal.app.AlertController$RecycleListView" and Child at position 0 in parent with class name: is "android.widget.FrameLayout")
07-22 17:00:49.217 debug EGL_emulation eglMakeCurrent: 0xae654c00: ver 3 0 (tinfo 0xae64b390)
07-22 17:00:49.224 debug EGL_emulation eglMakeCurrent: 0xae654c00: ver 3 0 (tinfo 0xae64b390)
07-22 17:00:49.254 debug EGL_emulation eglMakeCurrent: 0xae654c00: ver 3 0 (tinfo 0xae64b390)
07-22 17:00:49.261 debug EGL_emulation eglMakeCurrent: 0xae654c00: ver 3 0 (tinfo 0xae64b390)
07-22 17:00:49.273 debug EGL_emulation eglMakeCurrent: 0xae654c00: ver 3 0 (tinfo 0xae64b390)
07-22 17:00:49.276 verbose SimplyDo SimplyDoActivity.onSaveInstanceState() called
07-22 17:00:49.276 debug LifecycleMonitor Lifecycle status change: kdk.android.simplydo.SimplyDoActivity@8cb2f97 in: STOPPED
07-22 17:00:49.277 debug LifecycleMonitor running callback: android.support.test.rule.ActivityTestRule$LifecycleCallback@41bc137
07-22 17:00:49.277 debug LifecycleMonitor callback completes: android.support.test.rule.ActivityTestRule$LifecycleCallback@41bc137
07-22 17:00:49.283 debug EGL_emulation eglMakeCurrent: 0xae654c00: ver 3 0 (tinfo 0xae64b390)
07-22 17:00:49.309 debug EGL_emulation eglMakeCurrent: 0xae654c00: ver 3 0 (tinfo 0xae64b390)
07-22 17:00:49.331 debug EGL_emulation eglMakeCurrent: 0xae654c00: ver 3 0 (tinfo 0xae64b390)
07-22 17:00:49.334 error Surface getSlotFromBufferLocked: unknown buffer: 0xae6c4d60
07-22 17:00:49.345 debug EGL_emulation eglMakeCurrent: 0xae654c00: ver 3 0 (tinfo 0xae64b390)
07-22 17:00:49.576 info ViewInteraction Performing 'load adapter data' action on view (with id: android:id/list and Child at position 0 in parent with class name: is "android.widget.LinearLayout")
07-22 17:00:49.589 info ViewInteraction Performing 'single click' action on view  displaying data matching: ANYTHING within adapter view matching: (with id: android:id/list and Child at position 0 in parent with class name: is "android.widget.LinearLayout")
07-22 17:00:49.710 verbose SimplyDo onPreferenceTreeClick() for key itemSorting
07-22 17:00:49.773 debug EGL_emulation eglMakeCurrent: 0xae654c00: ver 3 0 (tinfo 0xae64b390)
07-22 17:00:49.779 debug EGL_emulation eglMakeCurrent: 0xae654c00: ver 3 0 (tinfo 0xae64b390)
07-22 17:00:49.793 debug EGL_emulation eglMakeCurrent: 0xae654c00: ver 3 0 (tinfo 0xae64b390)
07-22 17:00:49.809 debug EGL_emulation eglMakeCurrent: 0xae654c00: ver 3 0 (tinfo 0xae64b390)
07-22 17:00:49.820 debug EGL_emulation eglMakeCurrent: 0xae654c00: ver 3 0 (tinfo 0xae64b390)
07-22 17:00:49.830 debug EGL_emulation eglMakeCurrent: 0xae654c00: ver 3 0 (tinfo 0xae64b390)
07-22 17:00:49.909 info ViewInteraction Performing 'load adapter data' action on view (with class name: is "com.android.internal.app.AlertController$RecycleListView" and Child at position 0 in parent with class name: is "android.widget.FrameLayout")
07-22 17:00:49.923 info ViewInteraction Performing 'single click' action on view  displaying data matching: ANYTHING within adapter view matching: (with class name: is "com.android.internal.app.AlertController$RecycleListView" and Child at position 0 in parent with class name: is "android.widget.FrameLayout")
07-22 17:00:49.941 debug EGL_emulation eglMakeCurrent: 0xae654c00: ver 3 0 (tinfo 0xae64b390)
07-22 17:00:49.949 debug EGL_emulation eglMakeCurrent: 0xae654c00: ver 3 0 (tinfo 0xae64b390)
07-22 17:00:49.982 debug EGL_emulation eglMakeCurrent: 0xae654c00: ver 3 0 (tinfo 0xae64b390)
07-22 17:00:49.995 debug EGL_emulation eglMakeCurrent: 0xae654c00: ver 3 0 (tinfo 0xae64b390)
07-22 17:00:50.001 debug EGL_emulation eglMakeCurrent: 0xae654c00: ver 3 0 (tinfo 0xae64b390)
07-22 17:00:50.017 debug EGL_emulation eglMakeCurrent: 0xae654c00: ver 3 0 (tinfo 0xae64b390)
07-22 17:00:50.029 debug EGL_emulation eglMakeCurrent: 0xae654c00: ver 3 0 (tinfo 0xae64b390)
07-22 17:00:50.035 debug EGL_emulation eglMakeCurrent: 0xae654c00: ver 3 0 (tinfo 0xae64b390)
07-22 17:00:50.041 error Surface getSlotFromBufferLocked: unknown buffer: 0xae6c4ea0
07-22 17:00:50.469 info ViewInteraction Performing 'load adapter data' action on view (with id: android:id/list and Child at position 0 in parent with class name: is "android.widget.LinearLayout")
07-22 17:00:50.491 info ViewInteraction Performing 'single click' action on view  displaying data matching: ANYTHING within adapter view matching: (with id: android:id/list and Child at position 0 in parent with class name: is "android.widget.LinearLayout")
07-22 17:00:50.603 verbose SimplyDo onPreferenceTreeClick() for key restoreDb
07-22 17:00:50.626 debug LifecycleMonitor Lifecycle status change: kdk.android.simplydo.SettingsActivity@c3a36a4 in: PAUSED
07-22 17:00:50.627 debug LifecycleMonitor running callback: android.support.test.rule.ActivityTestRule$LifecycleCallback@41bc137
07-22 17:00:50.627 debug LifecycleMonitor callback completes: android.support.test.rule.ActivityTestRule$LifecycleCallback@41bc137
07-22 17:00:50.645 debug LifecycleMonitor Lifecycle status change: kdk.android.simplydo.RestoreActivity@6244de2 in: PRE_ON_CREATE
07-22 17:00:50.645 debug LifecycleMonitor running callback: android.support.test.rule.ActivityTestRule$LifecycleCallback@41bc137
07-22 17:00:50.645 debug LifecycleMonitor callback completes: android.support.test.rule.ActivityTestRule$LifecycleCallback@41bc137
07-22 17:00:50.645 verbose SimplyDo RestoreActivity.onCreate() called
07-22 17:00:50.676 debug LifecycleMonitor Lifecycle status change: kdk.android.simplydo.RestoreActivity@6244de2 in: CREATED
07-22 17:00:50.676 debug LifecycleMonitor running callback: android.support.test.rule.ActivityTestRule$LifecycleCallback@41bc137
07-22 17:00:50.676 debug LifecycleMonitor callback completes: android.support.test.rule.ActivityTestRule$LifecycleCallback@41bc137
07-22 17:00:50.677 debug LifecycleMonitor Lifecycle status change: kdk.android.simplydo.RestoreActivity@6244de2 in: STARTED
07-22 17:00:50.677 debug LifecycleMonitor running callback: android.support.test.rule.ActivityTestRule$LifecycleCallback@41bc137
07-22 17:00:50.677 debug LifecycleMonitor callback completes: android.support.test.rule.ActivityTestRule$LifecycleCallback@41bc137
07-22 17:00:50.678 debug LifecycleMonitor Lifecycle status change: kdk.android.simplydo.RestoreActivity@6244de2 in: RESUMED
07-22 17:00:50.678 debug LifecycleMonitor running callback: android.support.test.rule.ActivityTestRule$LifecycleCallback@41bc137
07-22 17:00:50.678 debug LifecycleMonitor callback completes: android.support.test.rule.ActivityTestRule$LifecycleCallback@41bc137
07-22 17:00:50.786 debug EGL_emulation eglMakeCurrent: 0xae654c00: ver 3 0 (tinfo 0xae64b390)
07-22 17:00:50.793 debug EGL_emulation eglMakeCurrent: 0xae654c00: ver 3 0 (tinfo 0xae64b390)
07-22 17:00:50.813 debug EGL_emulation eglMakeCurrent: 0xae654c00: ver 3 0 (tinfo 0xae64b390)
07-22 17:00:50.824 debug EGL_emulation eglMakeCurrent: 0xae654c00: ver 3 0 (tinfo 0xae64b390)
07-22 17:00:50.846 debug EGL_emulation eglMakeCurrent: 0xae654c00: ver 3 0 (tinfo 0xae64b390)
07-22 17:00:50.865 error Surface getSlotFromBufferLocked: unknown buffer: 0xae6c4ae0
07-22 17:00:50.873 debug OpenGLRenderer endAllStagingAnimators on 0xa0c0ea00 (ListView) with handle 0xae478450
07-22 17:00:50.950 info ViewInteraction Performing 'send keyCode: 4, metaState: 0 key event' action on view is a root view.
07-22 17:00:50.967 debug LifecycleMonitor Lifecycle status change: kdk.android.simplydo.RestoreActivity@6244de2 in: PAUSED
07-22 17:00:50.968 debug LifecycleMonitor running callback: android.support.test.rule.ActivityTestRule$LifecycleCallback@41bc137
07-22 17:00:50.968 debug LifecycleMonitor callback completes: android.support.test.rule.ActivityTestRule$LifecycleCallback@41bc137
07-22 17:00:50.981 debug LifecycleMonitor Lifecycle status change: kdk.android.simplydo.SettingsActivity@c3a36a4 in: RESUMED
07-22 17:00:50.981 debug LifecycleMonitor running callback: android.support.test.rule.ActivityTestRule$LifecycleCallback@41bc137
07-22 17:00:50.981 debug LifecycleMonitor callback completes: android.support.test.rule.ActivityTestRule$LifecycleCallback@41bc137
07-22 17:00:51.010 debug EGL_emulation eglMakeCurrent: 0xae654c00: ver 3 0 (tinfo 0xae64b390)
07-22 17:00:51.022 debug EGL_emulation eglMakeCurrent: 0xae654c00: ver 3 0 (tinfo 0xae64b390)
07-22 17:00:51.032 debug EGL_emulation eglMakeCurrent: 0xae654c00: ver 3 0 (tinfo 0xae64b390)
07-22 17:00:51.045 error Surface getSlotFromBufferLocked: unknown buffer: 0xae6c4ea0
07-22 17:00:51.053 debug LifecycleMonitor Lifecycle status change: kdk.android.simplydo.RestoreActivity@6244de2 in: STOPPED
07-22 17:00:51.053 debug LifecycleMonitor running callback: android.support.test.rule.ActivityTestRule$LifecycleCallback@41bc137
07-22 17:00:51.053 debug LifecycleMonitor callback completes: android.support.test.rule.ActivityTestRule$LifecycleCallback@41bc137
07-22 17:00:51.053 debug LifecycleMonitor Lifecycle status change: kdk.android.simplydo.RestoreActivity@6244de2 in: DESTROYED
07-22 17:00:51.053 debug LifecycleMonitor running callback: android.support.test.rule.ActivityTestRule$LifecycleCallback@41bc137
07-22 17:00:51.053 debug LifecycleMonitor callback completes: android.support.test.rule.ActivityTestRule$LifecycleCallback@41bc137
07-22 17:00:51.204 info ViewInteraction Performing 'send keyCode: 4, metaState: 0 key event' action on view is a root view.
07-22 17:00:51.230 debug LifecycleMonitor Lifecycle status change: kdk.android.simplydo.SettingsActivity@c3a36a4 in: PAUSED
07-22 17:00:51.230 debug LifecycleMonitor running callback: android.support.test.rule.ActivityTestRule$LifecycleCallback@41bc137
07-22 17:00:51.230 debug LifecycleMonitor callback completes: android.support.test.rule.ActivityTestRule$LifecycleCallback@41bc137
07-22 17:00:51.240 debug LifecycleMonitor Lifecycle status change: kdk.android.simplydo.SimplyDoActivity@8cb2f97 in: RESTARTED
07-22 17:00:51.241 debug LifecycleMonitor running callback: android.support.test.rule.ActivityTestRule$LifecycleCallback@41bc137
07-22 17:00:51.241 debug LifecycleMonitor callback completes: android.support.test.rule.ActivityTestRule$LifecycleCallback@41bc137
07-22 17:00:51.241 verbose SimplyDo SimplyDoActivity.onStart(): called
07-22 17:00:51.242 debug LifecycleMonitor Lifecycle status change: kdk.android.simplydo.SimplyDoActivity@8cb2f97 in: STARTED
07-22 17:00:51.242 debug LifecycleMonitor running callback: android.support.test.rule.ActivityTestRule$LifecycleCallback@41bc137
07-22 17:00:51.243 debug LifecycleMonitor callback completes: android.support.test.rule.ActivityTestRule$LifecycleCallback@41bc137
07-22 17:00:51.243 debug LifecycleMonitor Lifecycle status change: kdk.android.simplydo.SimplyDoActivity@8cb2f97 in: RESUMED
07-22 17:00:51.243 debug LifecycleMonitor running callback: android.support.test.rule.ActivityTestRule$LifecycleCallback@41bc137
07-22 17:00:51.243 debug LifecycleMonitor callback completes: android.support.test.rule.ActivityTestRule$LifecycleCallback@41bc137
07-22 17:00:51.278 debug EGL_emulation eglMakeCurrent: 0xae654c00: ver 3 0 (tinfo 0xae64b390)
07-22 17:00:51.327 debug LifecycleMonitor Lifecycle status change: kdk.android.simplydo.SettingsActivity@c3a36a4 in: STOPPED
07-22 17:00:51.327 debug LifecycleMonitor running callback: android.support.test.rule.ActivityTestRule$LifecycleCallback@41bc137
07-22 17:00:51.327 debug LifecycleMonitor callback completes: android.support.test.rule.ActivityTestRule$LifecycleCallback@41bc137
07-22 17:00:51.327 debug LifecycleMonitor Lifecycle status change: kdk.android.simplydo.SettingsActivity@c3a36a4 in: DESTROYED
07-22 17:00:51.327 debug LifecycleMonitor running callback: android.support.test.rule.ActivityTestRule$LifecycleCallback@41bc137
07-22 17:00:51.327 debug LifecycleMonitor callback completes: android.support.test.rule.ActivityTestRule$LifecycleCallback@41bc137
07-22 17:00:51.338 error Surface getSlotFromBufferLocked: unknown buffer: 0xae6c4c20
07-22 17:00:51.510 debug LifecycleMonitor Lifecycle status change: kdk.android.simplydo.SimplyDoActivity@8cb2f97 in: PAUSED
07-22 17:00:51.510 debug LifecycleMonitor running callback: android.support.test.rule.ActivityTestRule$LifecycleCallback@41bc137
07-22 17:00:51.510 debug LifecycleMonitor callback completes: android.support.test.rule.ActivityTestRule$LifecycleCallback@41bc137
07-22 17:00:51.756 info TestRunner finished: changeSettingsDefault(kdk.android.simplydo.Default.ChangeSettingsDefault)
