07-22 17:00:01.662 info TestRunner started: addItemC2(kdk.android.simplydo.C2.AddItemC2)
07-22 17:00:01.667 info MonitoringInstr Activities that are still in CREATED to STOPPED: 0
07-22 17:00:01.668 warn ActivityTestRule getActivityIntent() returned null using default: Intent(Intent.ACTION_MAIN)
07-22 17:00:01.790 info zygote Do partial code cache collection, code=50KB, data=36KB
07-22 17:00:01.791 info zygote After code cache collection, code=50KB, data=36KB
07-22 17:00:01.795 info zygote Increasing code cache capacity to 256KB
07-22 17:00:01.932 debug LifecycleMonitor Lifecycle status change: kdk.android.simplydo.SimplyDoActivity@d795e2a in: PRE_ON_CREATE
07-22 17:00:01.933 verbose SimplyDo SimplyDoActivity.onCreate() called
07-22 17:00:02.028 verbose SimplyDo CachingDataViewer.dbUpdateLoop(): Entered
07-22 17:00:02.053 verbose SimplyDo CachingDataView.fetchLists(): Entered
07-22 17:00:02.098 debug SimplyDo fetchLists returned 0 items
07-22 17:00:02.099 verbose SimplyDo CachingDataView.fetchLists(): Exited
07-22 17:00:02.100 debug SimplyDo SimplyDoActivity.onCreate()
07-22 17:00:02.101 debug LifecycleMonitor Lifecycle status change: kdk.android.simplydo.SimplyDoActivity@d795e2a in: CREATED
07-22 17:00:02.101 verbose SimplyDo SimplyDoActivity.onStart(): called
07-22 17:00:02.107 debug LifecycleMonitor Lifecycle status change: kdk.android.simplydo.SimplyDoActivity@d795e2a in: STARTED
07-22 17:00:02.113 debug LifecycleMonitor Lifecycle status change: kdk.android.simplydo.SimplyDoActivity@d795e2a in: RESUMED
07-22 17:00:02.125 debug OpenGLRenderer HWUI GL Pipeline
07-22 17:00:02.198 debug  HostConnection::get() New Host Connection established 0xa5e64ec0, tid 20773
07-22 17:00:02.204 info OpenGLRenderer Initialized EGL, version 1.4
07-22 17:00:02.204 debug OpenGLRenderer Swap behavior 1
07-22 17:00:02.204 warn OpenGLRenderer Failed to choose config with EGL_SWAP_BEHAVIOR_PRESERVED, retrying without...
07-22 17:00:02.204 debug OpenGLRenderer Swap behavior 0
07-22 17:00:02.206 debug EGL_emulation eglCreateContext: 0xa61055a0: maj 3 min 0 rcv 3
07-22 17:00:02.209 debug EGL_emulation eglMakeCurrent: 0xa61055a0: ver 3 0 (tinfo 0xa61032b0)
07-22 17:00:02.213 error eglCodecCommon glUtilsParamSize: unknow param 0x00008cdf
07-22 17:00:02.213 error eglCodecCommon glUtilsParamSize: unknow param 0x00008cdf
07-22 17:00:02.213 error eglCodecCommon glUtilsParamSize: unknow param 0x00008824
07-22 17:00:02.213 error eglCodecCommon glUtilsParamSize: unknow param 0x00008824
07-22 17:00:02.325 verbose SimplyDo SimplyDoActivity.onCreateOptionsMenu() called
07-22 17:00:02.328 verbose SimplyDo SimplyDoActivity.onPrepareOptionsMenu() called
07-22 17:00:02.423 debug EGL_emulation eglMakeCurrent: 0xa61055a0: ver 3 0 (tinfo 0xa61032b0)
07-22 17:00:02.631 debug InputManagerEventInjectionStrategy Creating injection strategy with input manager.
07-22 17:00:02.685 info ViewInteraction Performing 'replace text' action on view (with id: kdk.android.simplydo:id/AddListEditText and with content description: is "addlistedittext" and is displayed on the screen to the user)
07-22 17:00:02.797 info ViewInteraction Performing 'close keyboard' action on view (with id: kdk.android.simplydo:id/AddListEditText and with content description: is "addlistedittext" and is displayed on the screen to the user)
07-22 17:00:02.801 warn CloseKeyboardAction Attempting to close soft keyboard, while it is not shown.
07-22 17:00:02.812 info ViewInteraction Performing 'single click' action on view (with id: kdk.android.simplydo:id/AddListButton and with text: is "Add" and with content description: is "Add" and is displayed on the screen to the user)
07-22 17:00:02.872 debug SimplyDo Insert list List
07-22 17:00:02.929 debug SimplyDo fetchLists returned 1 items
07-22 17:00:02.981 info zygote Do full code cache collection, code=123KB, data=89KB
07-22 17:00:02.982 info zygote After code cache collection, code=84KB, data=44KB
07-22 17:00:03.355 debug LifecycleMonitor Lifecycle status change: kdk.android.simplydo.SimplyDoActivity@d795e2a in: PAUSED
07-22 17:00:03.356 debug LifecycleMonitor running callback: android.support.test.rule.ActivityTestRule$LifecycleCallback@872094b
07-22 17:00:03.356 debug LifecycleMonitor callback completes: android.support.test.rule.ActivityTestRule$LifecycleCallback@872094b
07-22 17:00:03.450 info TestRunner failed: addItemC2(kdk.android.simplydo.C2.AddItemC2)
07-22 17:00:03.452 info TestRunner ----- begin exception -----
07-22 17:00:03.459 info TestRunner android.support.test.espresso.AmbiguousViewMatcherException: '(with class name: is "android.widget.LinearLayout" and is displayed on the screen to the user)' matches multiple views in the hierarchy.
07-22 17:00:03.459 info TestRunner Problem views are marked with '****MATCHES****' below.
07-22 17:00:03.459 info TestRunner View Hierarchy:
07-22 17:00:03.459 info TestRunner +>DecorView{id=-1, visibility=VISIBLE, width=1080, height=1920, has-focus=true, has-focusable=true, has-window-focus=true, is-clickable=false, is-enabled=true, is-focused=false, is-focusable=false, is-layout-requested=false, is-selected=false, layout-params=WM.LayoutParams{(0,0)(fillxfill) sim=#3 ty=1 fl=#81810100 pfl=0x20000 wanim=0x10302f6 needsMenuKey=2 colorMode=0}, tag=null, root-is-layout-requested=false, has-input-connection=false, x=0.0, y=0.0, child-count=3} 
07-22 17:00:03.459 info TestRunner |
07-22 17:00:03.459 info TestRunner +->ActionBarOverlayLayout{id=16908822, res-name=decor_content_parent, visibility=VISIBLE, width=1080, height=1794, has-focus=true, has-focusable=true, has-window-focus=true, is-clickable=false, is-enabled=true, is-focused=false, is-focusable=false, is-layout-requested=false, is-selected=false, layout-params=android.widget.FrameLayout$LayoutParams@a947dae, tag=null, root-is-layout-requested=false, has-input-connection=false, x=0.0, y=0.0, child-count=2} 
07-22 17:00:03.459 info TestRunner |
07-22 17:00:03.459 info TestRunner +-->FrameLayout{id=16908290, res-name=content, visibility=VISIBLE, width=1080, height=1584, has-focus=true, has-focusable=true, has-window-focus=true, is-clickable=false, is-enabled=true, is-focused=false, is-focusable=false, is-layout-requested=false, is-selected=false, layout-params=com.android.internal.widget.ActionBarOverlayLayout$LayoutParams@218b74f, tag=null, root-is-layout-requested=false, has-input-connection=false, x=0.0, y=210.0, child-count=1} 
07-22 17:00:03.459 info TestRunner |
07-22 17:00:03.459 info TestRunner +--->LinearLayout{id=-1, visibility=VISIBLE, width=1080, height=1584, has-focus=true, has-focusable=true, has-window-focus=true, is-clickable=false, is-enabled=true, is-focused=false, is-focusable=false, is-layout-requested=false, is-selected=false, layout-params=android.widget.FrameLayout$LayoutParams@c42cbe5, tag=null, root-is-layout-requested=false, has-input-connection=false, x=0.0, y=0.0, child-count=1} ****MATCHES****
07-22 17:00:03.459 info TestRunner |
07-22 17:00:03.459 info TestRunner +---->ViewSwitcher{id=2130903049, res-name=ListsItemsSwitcher, visibility=VISIBLE, width=1080, height=256, has-focus=true, has-focusable=true, has-window-focus=true, is-clickable=false, is-enabled=true, is-focused=false, is-focusable=false, is-layout-requested=false, is-selected=false, layout-params=android.widget.LinearLayout$LayoutParams@ad3796b, tag=null, root-is-layout-requested=false, has-input-connection=false, x=0.0, y=0.0, child-count=2} 
07-22 17:00:03.459 info TestRunner |
07-22 17:00:03.459 info TestRunner +----->LinearLayout{id=2130903059, res-name=listsView, visibility=VISIBLE, width=1080, height=256, has-focus=true, has-focusable=true, has-window-focus=true, is-clickable=false, is-enabled=true, is-focused=false, is-focusable=false, is-layout-requested=false, is-selected=false, layout-params=android.widget.FrameLayout$LayoutParams@ecb7cc8, tag=null, root-is-layout-requested=false, has-input-connection=false, x=0.0, y=0.0, child-count=2} ****MATCHES****
07-22 17:00:03.459 info TestRunner |
07-22 17:00:03.459 info TestRunner +------>LinearLayout{id=2130903048, res-name=LinearLayout01, visibility=VISIBLE, width=1080, height=126, has-focus=true, has-focusable=true, has-window-focus=true, is-clickable=false, is-enabled=true, is-focused=false, is-focusable=false, is-layout-requested=false, is-selected=false, layout-params=android.widget.LinearLayout$LayoutParams@7594161, tag=null, root-is-layout-requested=false, has-input-connection=false, x=0.0, y=0.0, child-count=2} ****MATCHES****
07-22 17:00:03.459 info TestRunner |
07-22 17:00:03.459 info TestRunner +------->EditText{id=2130903043, res-name=AddListEditText, desc=addlistedittext, visibility=VISIBLE, width=849, height=126, has-focus=true, has-focusable=true, has-window-focus=true, is-clickable=true, is-enabled=true, is-focused=true, is-focusable=true, is-layout-requested=false, is-selected=false, layout-params=android.widget.LinearLayout$LayoutParams@107929d, tag=null, root-is-layout-requested=false, has-input-connection=true, editor-info=[inputType=0x31 imeOptions=0x8000006 privateImeOptions=null actionLabel=null actionId=0 initialSelStart=0 initialSelEnd=0 initialCap
07-22 17:00:03.459 info TestRunner ----- end exception -----
07-22 17:00:03.484 info TestRunner finished: addItemC2(kdk.android.simplydo.C2.AddItemC2)
