07-22 17:00:48.713 info TestRunner started: addItemDefault(kdk.android.simplydo.Default.AddItemDefault)
07-22 17:00:48.716 info MonitoringInstr Activities that are still in CREATED to STOPPED: 0
07-22 17:00:48.718 warn ActivityTestRule getActivityIntent() returned null using default: Intent(Intent.ACTION_MAIN)
07-22 17:00:48.760 debug LifecycleMonitor Lifecycle status change: kdk.android.simplydo.SimplyDoActivity@acf9d30 in: PRE_ON_CREATE
07-22 17:00:48.760 verbose SimplyDo SimplyDoActivity.onCreate() called
07-22 17:00:48.773 verbose SimplyDo CachingDataViewer.dbUpdateLoop(): Entered
07-22 17:00:48.787 verbose SimplyDo CachingDataView.fetchLists(): Entered
07-22 17:00:48.798 debug SimplyDo fetchLists returned 25 items
07-22 17:00:48.800 verbose SimplyDo CachingDataView.fetchLists(): Exited
07-22 17:00:48.800 debug SimplyDo SimplyDoActivity.onCreate()
07-22 17:00:48.805 debug LifecycleMonitor Lifecycle status change: kdk.android.simplydo.SimplyDoActivity@acf9d30 in: CREATED
07-22 17:00:48.809 verbose SimplyDo SimplyDoActivity.onStart(): called
07-22 17:00:48.811 debug LifecycleMonitor Lifecycle status change: kdk.android.simplydo.SimplyDoActivity@acf9d30 in: STARTED
07-22 17:00:48.815 debug LifecycleMonitor Lifecycle status change: kdk.android.simplydo.SimplyDoActivity@acf9d30 in: RESUMED
07-22 17:00:48.925 debug EGL_emulation eglMakeCurrent: 0xae4d4a80: ver 3 0 (tinfo 0xae4e77e0)
07-22 17:00:48.968 verbose SimplyDo SimplyDoActivity.onCreateOptionsMenu() called
07-22 17:00:48.969 verbose SimplyDo SimplyDoActivity.onPrepareOptionsMenu() called
07-22 17:00:49.021 info ViewInteraction Performing 'replace text' action on view (with id: kdk.android.simplydo:id/AddListEditText and with content description: is "addlistedittext" and Child at position 0 in parent (with id: kdk.android.simplydo:id/LinearLayout01 and Child at position 0 in parent with id: kdk.android.simplydo:id/listsView) and is displayed on the screen to the user)
07-22 17:00:49.081 info ViewInteraction Performing 'close keyboard' action on view (with id: kdk.android.simplydo:id/AddListEditText and with content description: is "addlistedittext" and Child at position 0 in parent (with id: kdk.android.simplydo:id/LinearLayout01 and Child at position 0 in parent with id: kdk.android.simplydo:id/listsView) and is displayed on the screen to the user)
07-22 17:00:49.082 warn CloseKeyboardAction Attempting to close soft keyboard, while it is not shown.
07-22 17:00:49.087 info ViewInteraction Performing 'single click' action on view (with id: kdk.android.simplydo:id/AddListButton and with text: is "Add" and with content description: is "Add" and Child at position 1 in parent (with id: kdk.android.simplydo:id/LinearLayout01 and Child at position 0 in parent with id: kdk.android.simplydo:id/listsView) and is displayed on the screen to the user)
07-22 17:00:49.133 debug SimplyDo Insert list List
07-22 17:00:49.180 debug SimplyDo fetchLists returned 26 items
07-22 17:00:49.467 info ViewInteraction Performing 'load adapter data' action on view (with id: kdk.android.simplydo:id/ListsListView and Child at position 1 in parent with id: kdk.android.simplydo:id/listsView)
07-22 17:00:49.494 info ViewInteraction Performing 'single click' action on view  displaying data matching: ANYTHING within adapter view matching: (with id: kdk.android.simplydo:id/ListsListView and Child at position 1 in parent with id: kdk.android.simplydo:id/listsView)
07-22 17:00:49.607 verbose SimplyDo ListsListReactor.onItemClick()
07-22 17:00:49.618 debug SimplyDo fetchItems returned 8 items
07-22 17:00:50.143 info ViewInteraction Performing 'replace text' action on view (with id: kdk.android.simplydo:id/AddItemEditText and with content description: is "addItemEditText" and Child at position 0 in parent (with id: kdk.android.simplydo:id/LinearLayout01 and Child at position 0 in parent with id: kdk.android.simplydo:id/itemsView) and is displayed on the screen to the user)
07-22 17:00:50.190 info ViewInteraction Performing 'close keyboard' action on view (with id: kdk.android.simplydo:id/AddItemEditText and with content description: is "addItemEditText" and Child at position 0 in parent (with id: kdk.android.simplydo:id/LinearLayout01 and Child at position 0 in parent with id: kdk.android.simplydo:id/itemsView) and is displayed on the screen to the user)
07-22 17:00:50.191 warn CloseKeyboardAction Attempting to close soft keyboard, while it is not shown.
07-22 17:00:50.197 info ViewInteraction Performing 'single click' action on view (with id: kdk.android.simplydo:id/AddItemButton and with text: is "Add" and with content description: is "Add" and Child at position 1 in parent (with id: kdk.android.simplydo:id/LinearLayout01 and Child at position 0 in parent with id: kdk.android.simplydo:id/itemsView) and is displayed on the screen to the user)
07-22 17:00:50.287 verbose SimplyDo DataManager.createItem(): Insert item Item
07-22 17:00:50.607 debug SimplyDo DataManager.createItem(): Inserted item and got id 16
07-22 17:00:50.936 debug LifecycleMonitor Lifecycle status change: kdk.android.simplydo.SimplyDoActivity@acf9d30 in: PAUSED
07-22 17:00:50.936 debug LifecycleMonitor running callback: android.support.test.rule.ActivityTestRule$LifecycleCallback@d289a44
07-22 17:00:50.936 debug LifecycleMonitor callback completes: android.support.test.rule.ActivityTestRule$LifecycleCallback@d289a44
07-22 17:00:50.978 debug LifecycleMonitor Lifecycle status change: kdk.android.simplydo.SimplyDoActivity@acf9d30 in: STOPPED
07-22 17:00:50.978 debug LifecycleMonitor running callback: android.support.test.rule.ActivityTestRule$LifecycleCallback@d289a44
07-22 17:00:50.978 debug LifecycleMonitor callback completes: android.support.test.rule.ActivityTestRule$LifecycleCallback@d289a44
07-22 17:00:50.978 verbose SimplyDo SimplyDoActivity.onDestroy() called
07-22 17:00:50.978 verbose SimplyDo CachingDataView.close(): Entered
07-22 17:00:50.978 debug SimplyDo CachingDataView.close(): Close interrupt required
07-22 17:00:50.978 debug SimplyDo CachingDataViewer.dbUpdateLoop(): interrupt exit
07-22 17:00:50.978 verbose SimplyDo CachingDataViewer.dbUpdateLoop(): Exit
07-22 17:00:50.978 verbose SimplyDo CachingDataView.close(): Exit
07-22 17:00:50.979 debug LifecycleMonitor Lifecycle status change: kdk.android.simplydo.SimplyDoActivity@acf9d30 in: DESTROYED
07-22 17:00:50.979 debug LifecycleMonitor running callback: android.support.test.rule.ActivityTestRule$LifecycleCallback@d289a44
07-22 17:00:50.979 debug LifecycleMonitor callback completes: android.support.test.rule.ActivityTestRule$LifecycleCallback@d289a44
07-22 17:00:50.991 debug EGL_emulation eglMakeCurrent: 0xae4d4a80: ver 3 0 (tinfo 0xae4e77e0)
07-22 17:00:50.994 error Surface getSlotFromBufferLocked: unknown buffer: 0xae484d60
07-22 17:00:50.995 debug OpenGLRenderer endAllStagingAnimators on 0xa126ab00 (RippleDrawable) with handle 0xaa1156a0
07-22 17:00:51.009 info TestRunner finished: addItemDefault(kdk.android.simplydo.Default.AddItemDefault)
