07-22 17:00:34.969 info TestRunner started: changeSettingsC5(kdk.android.simplydo.C5.ChangeSettingsC5)
07-22 17:00:34.973 info MonitoringInstr Activities that are still in CREATED to STOPPED: 0
07-22 17:00:34.978 warn ActivityTestRule getActivityIntent() returned null using default: Intent(Intent.ACTION_MAIN)
07-22 17:00:35.042 debug LifecycleMonitor Lifecycle status change: kdk.android.simplydo.SimplyDoActivity@cf21523 in: PRE_ON_CREATE
07-22 17:00:35.042 verbose SimplyDo SimplyDoActivity.onCreate() called
07-22 17:00:35.052 verbose SimplyDo CachingDataViewer.dbUpdateLoop(): Entered
07-22 17:00:35.054 verbose SimplyDo CachingDataView.fetchLists(): Entered
07-22 17:00:35.060 debug SimplyDo fetchLists returned 16 items
07-22 17:00:35.060 verbose SimplyDo CachingDataView.fetchLists(): Exited
07-22 17:00:35.061 debug SimplyDo SimplyDoActivity.onCreate()
07-22 17:00:35.062 debug LifecycleMonitor Lifecycle status change: kdk.android.simplydo.SimplyDoActivity@cf21523 in: CREATED
07-22 17:00:35.062 verbose SimplyDo SimplyDoActivity.onStart(): called
07-22 17:00:35.063 debug LifecycleMonitor Lifecycle status change: kdk.android.simplydo.SimplyDoActivity@cf21523 in: STARTED
07-22 17:00:35.063 debug LifecycleMonitor Lifecycle status change: kdk.android.simplydo.SimplyDoActivity@cf21523 in: RESUMED
07-22 17:00:35.148 debug EGL_emulation eglMakeCurrent: 0xae4d4a80: ver 3 0 (tinfo 0xae4e77e0)
07-22 17:00:35.194 verbose SimplyDo SimplyDoActivity.onCreateOptionsMenu() called
07-22 17:00:35.194 verbose SimplyDo SimplyDoActivity.onPrepareOptionsMenu() called
07-22 17:00:35.232 info ViewInteraction Performing 'Handle transition between action bar and action bar context.' action on view is a root view.
07-22 17:00:35.234 info ViewInteraction Performing 'single click' action on view ((is displayed on the screen to the user and with content description: is "More options") or (is displayed on the screen to the user and with class name: a string ending with "OverflowMenuButton"))
07-22 17:00:35.293 verbose SimplyDo SimplyDoActivity.onPrepareOptionsMenu() called
07-22 17:00:35.337 debug EGL_emulation eglMakeCurrent: 0xae4d4a80: ver 3 0 (tinfo 0xae4e77e0)
07-22 17:00:35.365 debug EGL_emulation eglMakeCurrent: 0xae4d4a80: ver 3 0 (tinfo 0xae4e77e0)
07-22 17:00:35.373 debug EGL_emulation eglMakeCurrent: 0xae4d4a80: ver 3 0 (tinfo 0xae4e77e0)
07-22 17:00:35.598 info ViewInteraction Performing 'single click' action on view (with id: android:id/title and with text: is "Settings" and Child at position 0 in parent Child at position 0 in parent has parent matching: Child at position 0 in parent with class name: is "android.widget.PopupWindow$PopupBackgroundView" and is displayed on the screen to the user)
07-22 17:00:35.709 verbose SimplyDo SimplyDoActivity.onMenuItemSelected() called
07-22 17:00:35.852 debug LifecycleMonitor Lifecycle status change: kdk.android.simplydo.SimplyDoActivity@cf21523 in: PAUSED
07-22 17:00:35.852 debug LifecycleMonitor running callback: android.support.test.rule.ActivityTestRule$LifecycleCallback@1624928
07-22 17:00:35.852 debug LifecycleMonitor callback completes: android.support.test.rule.ActivityTestRule$LifecycleCallback@1624928
07-22 17:00:35.863 debug LifecycleMonitor Lifecycle status change: kdk.android.simplydo.SettingsActivity@6138641 in: PRE_ON_CREATE
07-22 17:00:35.863 debug LifecycleMonitor running callback: android.support.test.rule.ActivityTestRule$LifecycleCallback@1624928
07-22 17:00:35.863 debug LifecycleMonitor callback completes: android.support.test.rule.ActivityTestRule$LifecycleCallback@1624928
07-22 17:00:35.871 debug LifecycleMonitor Lifecycle status change: kdk.android.simplydo.SettingsActivity@6138641 in: CREATED
07-22 17:00:35.871 debug LifecycleMonitor running callback: android.support.test.rule.ActivityTestRule$LifecycleCallback@1624928
07-22 17:00:35.871 debug LifecycleMonitor callback completes: android.support.test.rule.ActivityTestRule$LifecycleCallback@1624928
07-22 17:00:35.871 debug LifecycleMonitor Lifecycle status change: kdk.android.simplydo.SettingsActivity@6138641 in: STARTED
07-22 17:00:35.871 debug LifecycleMonitor running callback: android.support.test.rule.ActivityTestRule$LifecycleCallback@1624928
07-22 17:00:35.871 debug LifecycleMonitor callback completes: android.support.test.rule.ActivityTestRule$LifecycleCallback@1624928
07-22 17:00:35.872 debug LifecycleMonitor Lifecycle status change: kdk.android.simplydo.SettingsActivity@6138641 in: RESUMED
07-22 17:00:35.872 debug LifecycleMonitor running callback: android.support.test.rule.ActivityTestRule$LifecycleCallback@1624928
07-22 17:00:35.872 debug LifecycleMonitor callback completes: android.support.test.rule.ActivityTestRule$LifecycleCallback@1624928
07-22 17:00:35.917 debug EGL_emulation eglMakeCurrent: 0xae4d4a80: ver 3 0 (tinfo 0xae4e77e0)
07-22 17:00:35.920 debug EGL_emulation eglMakeCurrent: 0xae4d4a80: ver 3 0 (tinfo 0xae4e77e0)
07-22 17:00:35.946 debug EGL_emulation eglMakeCurrent: 0xae4d4a80: ver 3 0 (tinfo 0xae4e77e0)
07-22 17:00:35.965 debug EGL_emulation eglMakeCurrent: 0xae4d4a80: ver 3 0 (tinfo 0xae4e77e0)
07-22 17:00:36.003 debug EGL_emulation eglMakeCurrent: 0xae4d4a80: ver 3 0 (tinfo 0xae4e77e0)
07-22 17:00:36.016 debug EGL_emulation eglMakeCurrent: 0xae4d4a80: ver 3 0 (tinfo 0xae4e77e0)
07-22 17:00:36.039 error Surface getSlotFromBufferLocked: unknown buffer: 0xae4845e0
07-22 17:00:36.044 debug EGL_emulation eglMakeCurrent: 0xae4d4a80: ver 3 0 (tinfo 0xae4e77e0)
07-22 17:00:36.046 error Surface getSlotFromBufferLocked: unknown buffer: 0xae484540
07-22 17:00:36.047 debug OpenGLRenderer endAllStagingAnimators on 0xa15a6d80 (ListPopupWindow$DropDownListView) with handle 0xaa1156c0
07-22 17:00:36.115 info ViewInteraction Performing 'load adapter data' action on view (with id: android:id/list and Child at position 0 in parent (with class name: is "android.widget.LinearLayout" and Child at position 0 in parent Child at position 0 in parent Child at position 0 in parent with id: android:id/content))
07-22 17:00:36.129 info ViewInteraction Performing 'single click' action on view  displaying data matching: ANYTHING within adapter view matching: (with id: android:id/list and Child at position 0 in parent (with class name: is "android.widget.LinearLayout" and Child at position 0 in parent Child at position 0 in parent Child at position 0 in parent with id: android:id/content))
07-22 17:00:36.144 debug EGL_emulation eglMakeCurrent: 0xae4d4a80: ver 3 0 (tinfo 0xae4e77e0)
07-22 17:00:36.245 verbose SimplyDo onPreferenceTreeClick() for key listSorting
07-22 17:00:36.293 debug EGL_emulation eglMakeCurrent: 0xae4d4a80: ver 3 0 (tinfo 0xae4e77e0)
07-22 17:00:36.293 debug EGL_emulation eglMakeCurrent: 0xae4d4a80: ver 3 0 (tinfo 0xae4e77e0)
07-22 17:00:36.313 debug EGL_emulation eglMakeCurrent: 0xae4d4a80: ver 3 0 (tinfo 0xae4e77e0)
07-22 17:00:36.324 debug EGL_emulation eglMakeCurrent: 0xae4d4a80: ver 3 0 (tinfo 0xae4e77e0)
07-22 17:00:36.332 debug EGL_emulation eglMakeCurrent: 0xae4d4a80: ver 3 0 (tinfo 0xae4e77e0)
07-22 17:00:36.356 debug EGL_emulation eglMakeCurrent: 0xae4d4a80: ver 3 0 (tinfo 0xae4e77e0)
07-22 17:00:36.428 debug LifecycleMonitor Lifecycle status change: kdk.android.simplydo.SimplyDoActivity@cf21523 in: STOPPED
07-22 17:00:36.428 debug LifecycleMonitor running callback: android.support.test.rule.ActivityTestRule$LifecycleCallback@1624928
07-22 17:00:36.428 debug LifecycleMonitor callback completes: android.support.test.rule.ActivityTestRule$LifecycleCallback@1624928
07-22 17:00:36.428 verbose SimplyDo SimplyDoActivity.onDestroy() called
07-22 17:00:36.428 verbose SimplyDo CachingDataView.close(): Entered
07-22 17:00:36.428 debug SimplyDo CachingDataView.close(): Close interrupt required
07-22 17:00:36.429 debug SimplyDo CachingDataViewer.dbUpdateLoop(): interrupt exit
07-22 17:00:36.429 verbose SimplyDo CachingDataViewer.dbUpdateLoop(): Exit
07-22 17:00:36.429 verbose SimplyDo CachingDataView.close(): Exit
07-22 17:00:36.429 debug LifecycleMonitor Lifecycle status change: kdk.android.simplydo.SimplyDoActivity@cf21523 in: DESTROYED
07-22 17:00:36.429 debug LifecycleMonitor running callback: android.support.test.rule.ActivityTestRule$LifecycleCallback@1624928
07-22 17:00:36.430 debug LifecycleMonitor callback completes: android.support.test.rule.ActivityTestRule$LifecycleCallback@1624928
07-22 17:00:36.437 info TestRunner failed: changeSettingsC5(kdk.android.simplydo.C5.ChangeSettingsC5)
07-22 17:00:36.437 info TestRunner ----- begin exception -----
07-22 17:00:36.440 info TestRunner android.support.test.espresso.NoMatchingViewException: No views in hierarchy found matching: (with class name: is "com.android.internal.app.AlertController$RecycleListView" and Child at position 0 in parent (with class name: is "android.widget.FrameLayout" and Child at position 1 in parent (with class name: is "com.android.internal.widget.AlertDialogLayout" and Child at position 0 in parent (with id: 16908290 and Child at position 0 in parent with class name: is "android.widget.FrameLayout"))))
07-22 17:00:36.440 info TestRunner If the target view is not part of the view hierarchy, you may need to use Espresso.onData to load it from one of the following AdapterViews:com.android.internal.app.AlertController$RecycleListView{6d2e4e2 VFED.VC.. .F...... 0,0-930,336 #10203c1 android:id/select_dialog_listview}
07-22 17:00:36.440 info TestRunner View Hierarchy:
07-22 17:00:36.440 info TestRunner +>DecorView{id=-1, visibility=VISIBLE, width=1026, height=735, has-focus=true, has-focusable=true, has-window-focus=true, is-clickable=false, is-enabled=true, is-focused=false, is-focusable=false, is-layout-requested=false, is-selected=false, layout-params=WM.LayoutParams{(0,0)(wrapxwrap) gr=#11 sim=#20 ty=2 fl=#1820002 fmt=-3 wanim=0x103045c needsMenuKey=2}, tag=null, root-is-layout-requested=false, has-input-connection=false, x=0.0, y=0.0, child-count=1} 
07-22 17:00:36.440 info TestRunner |
07-22 17:00:36.440 info TestRunner +->FrameLayout{id=-1, visibility=VISIBLE, width=930, height=639, has-focus=true, has-focusable=true, has-window-focus=true, is-clickable=false, is-enabled=true, is-focused=false, is-focusable=false, is-layout-requested=false, is-selected=false, layout-params=android.widget.FrameLayout$LayoutParams@66cb0cf, tag=null, root-is-layout-requested=false, has-input-connection=false, x=48.0, y=48.0, child-count=2} 
07-22 17:00:36.440 info TestRunner |
07-22 17:00:36.440 info TestRunner +-->FrameLayout{id=16908290, res-name=content, visibility=VISIBLE, width=930, height=639, has-focus=true, has-focusable=true, has-window-focus=true, is-clickable=false, is-enabled=true, is-focused=false, is-focusable=false, is-layout-requested=false, is-selected=false, layout-params=android.widget.FrameLayout$LayoutParams@9cb2165, tag=null, root-is-layout-requested=false, has-input-connection=false, x=0.0, y=0.0, child-count=1} 
07-22 17:00:36.440 info TestRunner |
07-22 17:00:36.440 info TestRunner +--->LinearLayout{id=16909038, res-name=parentPanel, visibility=VISIBLE, width=930, height=639, has-focus=true, has-focusable=true, has-window-focus=true, is-clickable=false, is-enabled=true, is-focused=false, is-focusable=false, is-layout-requested=false, is-selected=false, layout-params=android.widget.FrameLayout$LayoutParams@bfaf406, tag=null, root-is-layout-requested=false, has-input-connection=false, x=0.0, y=0.0, child-count=4} 
07-22 17:00:36.440 info TestRunner |
07-22 17:00:36.440 info TestRunner +---->LinearLayout{id=16909039, res-name=topPanel, visibility=VISIBLE, width=930, height=135, has-focus=false, has-focusable=false, has-window-focus=true, is-clickable=false, is-enabled=true, is-focused=false, is-focusable=false, is-layout-requested=false, is-selected=false, layout-params=android.widget.LinearLayout$LayoutParams@c61c8f4, tag=null, root-is-layout-requested=false, has-input-connection=false, x=0.0, y=0.0, child-count=1} 
07-22 17:00:36.440 info TestRunner |
07-22 17:00:36.440 info TestRunner +----->LinearLayout{id=16909040, res-name=title_template, visibility=VISIBLE, width=930, height=135, has-focus=false, has-focusable=false, has-window-focus=true, is-clickable=false, is-enabled=true, is-focused=false, is-focusable=false, is-layout-requested=false, is-selected=false, layout-params=android.widget.LinearLayout$LayoutParams@6de6c63, tag=null, root-is-layout-requested=false, has-input-connection=false, x=0.0, y=0.0, child-count=2} 
07-22 17:00:36.440 info TestRunner |
07-22 17:00:36.440 info TestRunner +------>ImageView{id=16908294, res-name=icon, visibility=GONE, width=0, height=0, has-focus=false, has-focusable=false, has-window-focus=true, is-clickable=false, is-enabled=true, is-focused=false, is-focusable=false, is-layout-requested=true, is-selected=false, layout-params=android.widget.LinearLayout$LayoutParams@94c8060, tag=null, root-is-layout-requested=false, has-input-connection=false, x=0.0, y=0.0} 
07-22 17:00:36.440 info TestRunner |
07-22 17:00:36.440 info TestRunner +------>DialogTitle{id=16909041, res-name=alertTitle, visibility=VISIBLE, width=786, height=81, has-focus=false, has-focusable=false, has-window-focus=true, is-clickable=false, is-enabled=true, is-focused=fals
07-22 17:00:36.440 info TestRunner ----- end exception -----
07-22 17:00:36.442 info TestRunner finished: changeSettingsC5(kdk.android.simplydo.C5.ChangeSettingsC5)
