07-22 17:00:38.887 info TestRunner started: addItemDefauC4(kdk.android.simplydo.C4.AddItemC4)
07-22 17:00:38.890 info MonitoringInstr Activities that are still in CREATED to STOPPED: 0
07-22 17:00:38.893 warn ActivityTestRule getActivityIntent() returned null using default: Intent(Intent.ACTION_MAIN)
07-22 17:00:38.944 debug LifecycleMonitor Lifecycle status change: kdk.android.simplydo.SimplyDoActivity@2ada83f in: PRE_ON_CREATE
07-22 17:00:38.944 verbose SimplyDo SimplyDoActivity.onCreate() called
07-22 17:00:39.053 verbose SimplyDo CachingDataViewer.dbUpdateLoop(): Entered
07-22 17:00:39.093 verbose SimplyDo CachingDataView.fetchLists(): Entered
07-22 17:00:39.130 debug SimplyDo fetchLists returned 10 items
07-22 17:00:39.130 verbose SimplyDo CachingDataView.fetchLists(): Exited
07-22 17:00:39.131 debug SimplyDo SimplyDoActivity.onCreate()
07-22 17:00:39.132 debug LifecycleMonitor Lifecycle status change: kdk.android.simplydo.SimplyDoActivity@2ada83f in: CREATED
07-22 17:00:39.133 verbose SimplyDo SimplyDoActivity.onStart(): called
07-22 17:00:39.137 debug LifecycleMonitor Lifecycle status change: kdk.android.simplydo.SimplyDoActivity@2ada83f in: STARTED
07-22 17:00:39.143 debug LifecycleMonitor Lifecycle status change: kdk.android.simplydo.SimplyDoActivity@2ada83f in: RESUMED
07-22 17:00:39.262 verbose SimplyDo SimplyDoActivity.onCreateOptionsMenu() called
07-22 17:00:39.263 verbose SimplyDo SimplyDoActivity.onPrepareOptionsMenu() called
07-22 17:00:39.270 debug EGL_emulation eglMakeCurrent: 0xa61055a0: ver 3 0 (tinfo 0xa61032b0)
07-22 17:00:39.322 info ViewInteraction Performing 'replace text' action on view (with id: kdk.android.simplydo:id/AddListEditText and Child at position 0 in parent (with id: kdk.android.simplydo:id/LinearLayout01 and Child at position 0 in parent with id: kdk.android.simplydo:id/listsView) and is displayed on the screen to the user)
07-22 17:00:39.350 info ViewInteraction Performing 'close keyboard' action on view (with id: kdk.android.simplydo:id/AddListEditText and Child at position 0 in parent (with id: kdk.android.simplydo:id/LinearLayout01 and Child at position 0 in parent with id: kdk.android.simplydo:id/listsView) and is displayed on the screen to the user)
07-22 17:00:39.350 warn CloseKeyboardAction Attempting to close soft keyboard, while it is not shown.
07-22 17:00:39.357 info ViewInteraction Performing 'single click' action on view (with id: kdk.android.simplydo:id/AddListButton and with text: is "Add" and Child at position 1 in parent (with id: kdk.android.simplydo:id/LinearLayout01 and Child at position 0 in parent with id: kdk.android.simplydo:id/listsView) and is displayed on the screen to the user)
07-22 17:00:39.405 debug SimplyDo Insert list List
07-22 17:00:39.464 debug SimplyDo fetchLists returned 11 items
07-22 17:00:39.721 info ViewInteraction Performing 'load adapter data' action on view (with id: kdk.android.simplydo:id/ListsListView and Child at position 1 in parent with id: kdk.android.simplydo:id/listsView)
07-22 17:00:39.746 info zygote Do partial code cache collection, code=989KB, data=613KB
07-22 17:00:39.748 info zygote After code cache collection, code=989KB, data=613KB
07-22 17:00:39.748 info zygote Increasing code cache capacity to 3MB
07-22 17:00:39.756 info ViewInteraction Performing 'single click' action on view  displaying data matching: ANYTHING within adapter view matching: (with id: kdk.android.simplydo:id/ListsListView and Child at position 1 in parent with id: kdk.android.simplydo:id/listsView)
07-22 17:00:39.885 verbose SimplyDo ListsListReactor.onItemClick()
07-22 17:00:39.904 debug SimplyDo fetchItems returned 0 items
07-22 17:00:39.968 info AssistStructure Flattened final assist data: 7908 bytes, containing 1 windows, 34 views
07-22 17:00:40.434 info ViewInteraction Performing 'replace text' action on view (with id: kdk.android.simplydo:id/AddItemEditText and Child at position 0 in parent (with id: kdk.android.simplydo:id/LinearLayout01 and Child at position 0 in parent with id: kdk.android.simplydo:id/itemsView) and is displayed on the screen to the user)
07-22 17:00:40.470 info ViewInteraction Performing 'close keyboard' action on view (with id: kdk.android.simplydo:id/AddItemEditText and Child at position 0 in parent (with id: kdk.android.simplydo:id/LinearLayout01 and Child at position 0 in parent with id: kdk.android.simplydo:id/itemsView) and is displayed on the screen to the user)
07-22 17:00:40.470 warn CloseKeyboardAction Attempting to close soft keyboard, while it is not shown.
07-22 17:00:40.485 info ViewInteraction Performing 'single click' action on view (with id: kdk.android.simplydo:id/AddItemButton and with text: is "Add" and Child at position 1 in parent (with id: kdk.android.simplydo:id/LinearLayout01 and Child at position 0 in parent with id: kdk.android.simplydo:id/itemsView) and is displayed on the screen to the user)
07-22 17:00:40.554 verbose SimplyDo DataManager.createItem(): Insert item Item
07-22 17:00:40.582 debug SimplyDo DataManager.createItem(): Inserted item and got id 6
07-22 17:00:40.819 debug LifecycleMonitor Lifecycle status change: kdk.android.simplydo.SimplyDoActivity@2ada83f in: PAUSED
07-22 17:00:40.819 debug LifecycleMonitor running callback: android.support.test.rule.ActivityTestRule$LifecycleCallback@e803d97
07-22 17:00:40.820 debug LifecycleMonitor callback completes: android.support.test.rule.ActivityTestRule$LifecycleCallback@e803d97
07-22 17:00:40.844 info TestRunner finished: addItemDefauC4(kdk.android.simplydo.C4.AddItemC4)
