07-22 17:00:36.688 info TestRunner started: checkItemC5(kdk.android.simplydo.C5.CheckItemC5)
07-22 17:00:36.692 info MonitoringInstr Activities that are still in CREATED to STOPPED: 0
07-22 17:00:36.694 warn ActivityTestRule getActivityIntent() returned null using default: Intent(Intent.ACTION_MAIN)
07-22 17:00:36.746 debug LifecycleMonitor Lifecycle status change: kdk.android.simplydo.SimplyDoActivity@b5332a8 in: PRE_ON_CREATE
07-22 17:00:36.747 verbose SimplyDo SimplyDoActivity.onCreate() called
07-22 17:00:36.768 verbose SimplyDo CachingDataViewer.dbUpdateLoop(): Entered
07-22 17:00:36.772 verbose SimplyDo CachingDataView.fetchLists(): Entered
07-22 17:00:36.782 debug SimplyDo fetchLists returned 16 items
07-22 17:00:36.784 verbose SimplyDo CachingDataView.fetchLists(): Exited
07-22 17:00:36.785 debug SimplyDo SimplyDoActivity.onCreate()
07-22 17:00:36.786 debug LifecycleMonitor Lifecycle status change: kdk.android.simplydo.SimplyDoActivity@b5332a8 in: CREATED
07-22 17:00:36.787 verbose SimplyDo SimplyDoActivity.onStart(): called
07-22 17:00:36.787 debug LifecycleMonitor Lifecycle status change: kdk.android.simplydo.SimplyDoActivity@b5332a8 in: STARTED
07-22 17:00:36.788 debug LifecycleMonitor Lifecycle status change: kdk.android.simplydo.SimplyDoActivity@b5332a8 in: RESUMED
07-22 17:00:36.893 debug EGL_emulation eglMakeCurrent: 0xae4d4a80: ver 3 0 (tinfo 0xae4e77e0)
07-22 17:00:36.923 verbose SimplyDo SimplyDoActivity.onCreateOptionsMenu() called
07-22 17:00:36.923 verbose SimplyDo SimplyDoActivity.onPrepareOptionsMenu() called
07-22 17:00:36.987 info ViewInteraction Performing 'replace text' action on view (with id: kdk.android.simplydo:id/AddListEditText and Child at position 0 in parent (with id: kdk.android.simplydo:id/LinearLayout01 and Child at position 0 in parent (with id: kdk.android.simplydo:id/listsView and Child at position 0 in parent (with id: kdk.android.simplydo:id/ListsItemsSwitcher and Child at position 0 in parent Child at position 0 in parent with id: android:id/content))) and is displayed on the screen to the user)
07-22 17:00:37.007 info ViewInteraction Performing 'close keyboard' action on view (with id: kdk.android.simplydo:id/AddListEditText and Child at position 0 in parent (with id: kdk.android.simplydo:id/LinearLayout01 and Child at position 0 in parent (with id: kdk.android.simplydo:id/listsView and Child at position 0 in parent (with id: kdk.android.simplydo:id/ListsItemsSwitcher and Child at position 0 in parent Child at position 0 in parent with id: android:id/content))) and is displayed on the screen to the user)
07-22 17:00:37.009 warn CloseKeyboardAction Attempting to close soft keyboard, while it is not shown.
07-22 17:00:37.011 info ViewInteraction Performing 'single click' action on view (with id: kdk.android.simplydo:id/AddListButton and with text: is "Add" and Child at position 1 in parent (with id: kdk.android.simplydo:id/LinearLayout01 and Child at position 0 in parent (with id: kdk.android.simplydo:id/listsView and Child at position 0 in parent (with id: kdk.android.simplydo:id/ListsItemsSwitcher and Child at position 0 in parent Child at position 0 in parent with id: android:id/content))) and is displayed on the screen to the user)
07-22 17:00:37.054 debug SimplyDo Insert list List
07-22 17:00:37.070 debug SimplyDo fetchLists returned 17 items
07-22 17:00:37.302 info ViewInteraction Performing 'load adapter data' action on view (with id: kdk.android.simplydo:id/ListsListView and Child at position 1 in parent (with id: kdk.android.simplydo:id/listsView and Child at position 0 in parent (with id: kdk.android.simplydo:id/ListsItemsSwitcher and Child at position 0 in parent Child at position 0 in parent with id: android:id/content)))
07-22 17:00:37.318 info ViewInteraction Performing 'single click' action on view  displaying data matching: ANYTHING within adapter view matching: (with id: kdk.android.simplydo:id/ListsListView and Child at position 1 in parent (with id: kdk.android.simplydo:id/listsView and Child at position 0 in parent (with id: kdk.android.simplydo:id/ListsItemsSwitcher and Child at position 0 in parent Child at position 0 in parent with id: android:id/content)))
07-22 17:00:37.450 verbose SimplyDo ListsListReactor.onItemClick()
07-22 17:00:37.454 debug SimplyDo fetchItems returned 4 items
07-22 17:00:38.127 info ViewInteraction Performing 'replace text' action on view (with id: kdk.android.simplydo:id/AddItemEditText and Child at position 0 in parent (with id: kdk.android.simplydo:id/LinearLayout01 and Child at position 0 in parent (with id: kdk.android.simplydo:id/itemsView and Child at position 1 in parent (with id: kdk.android.simplydo:id/ListsItemsSwitcher and Child at position 0 in parent Child at position 0 in parent with id: android:id/content))) and is displayed on the screen to the user)
07-22 17:00:38.148 info ViewInteraction Performing 'close keyboard' action on view (with id: kdk.android.simplydo:id/AddItemEditText and Child at position 0 in parent (with id: kdk.android.simplydo:id/LinearLayout01 and Child at position 0 in parent (with id: kdk.android.simplydo:id/itemsView and Child at position 1 in parent (with id: kdk.android.simplydo:id/ListsItemsSwitcher and Child at position 0 in parent Child at position 0 in parent with id: android:id/content))) and is displayed on the screen to the user)
07-22 17:00:38.153 warn CloseKeyboardAction Attempting to close soft keyboard, while it is not shown.
07-22 17:00:38.156 info ViewInteraction Performing 'single click' action on view (with id: kdk.android.simplydo:id/AddItemButton and with text: is "Add" and Child at position 1 in parent (with id: kdk.android.simplydo:id/LinearLayout01 and Child at position 0 in parent (with id: kdk.android.simplydo:id/itemsView and Child at position 1 in parent (with id: kdk.android.simplydo:id/ListsItemsSwitcher and Child at position 0 in parent Child at position 0 in parent with id: android:id/content))) and is displayed on the screen to the user)
07-22 17:00:38.203 verbose SimplyDo DataManager.createItem(): Insert item Item
07-22 17:00:38.217 debug SimplyDo DataManager.createItem(): Inserted item and got id 12
07-22 17:00:38.448 info ViewInteraction Performing 'load adapter data' action on view (with id: kdk.android.simplydo:id/ItemsListView and Child at position 1 in parent (with id: kdk.android.simplydo:id/itemsView and Child at position 1 in parent (with id: kdk.android.simplydo:id/ListsItemsSwitcher and Child at position 0 in parent Child at position 0 in parent with id: android:id/content)))
07-22 17:00:38.463 info ViewInteraction Performing 'single click' action on view  displaying data matching: ANYTHING within adapter view matching: (with id: kdk.android.simplydo:id/ItemsListView and Child at position 1 in parent (with id: kdk.android.simplydo:id/itemsView and Child at position 1 in parent (with id: kdk.android.simplydo:id/ListsItemsSwitcher and Child at position 0 in parent Child at position 0 in parent with id: android:id/content)))
07-22 17:00:38.573 verbose SimplyDo ItemsListReactor.onItemClick()
07-22 17:00:38.573 verbose SimplyDo Item selected Item
07-22 17:00:38.573 debug SimplyDo Setting active property of 12 to false
07-22 17:00:38.756 debug LifecycleMonitor Lifecycle status change: kdk.android.simplydo.SimplyDoActivity@b5332a8 in: PAUSED
07-22 17:00:38.756 debug LifecycleMonitor running callback: android.support.test.rule.ActivityTestRule$LifecycleCallback@a10b83c
07-22 17:00:38.756 debug LifecycleMonitor callback completes: android.support.test.rule.ActivityTestRule$LifecycleCallback@a10b83c
07-22 17:00:38.779 debug LifecycleMonitor Lifecycle status change: kdk.android.simplydo.SimplyDoActivity@b5332a8 in: STOPPED
07-22 17:00:38.779 debug LifecycleMonitor running callback: android.support.test.rule.ActivityTestRule$LifecycleCallback@a10b83c
07-22 17:00:38.779 debug LifecycleMonitor callback completes: android.support.test.rule.ActivityTestRule$LifecycleCallback@a10b83c
07-22 17:00:38.779 verbose SimplyDo SimplyDoActivity.onDestroy() called
07-22 17:00:38.779 verbose SimplyDo CachingDataView.close(): Entered
07-22 17:00:38.779 debug SimplyDo CachingDataView.close(): Close interrupt required
07-22 17:00:38.779 debug SimplyDo CachingDataViewer.dbUpdateLoop(): interrupt exit
07-22 17:00:38.779 verbose SimplyDo CachingDataViewer.dbUpdateLoop(): Exit
07-22 17:00:38.780 verbose SimplyDo CachingDataView.close(): Exit
07-22 17:00:38.780 debug LifecycleMonitor Lifecycle status change: kdk.android.simplydo.SimplyDoActivity@b5332a8 in: DESTROYED
07-22 17:00:38.780 debug LifecycleMonitor running callback: android.support.test.rule.ActivityTestRule$LifecycleCallback@a10b83c
07-22 17:00:38.780 debug LifecycleMonitor callback completes: android.support.test.rule.ActivityTestRule$LifecycleCallback@a10b83c
07-22 17:00:38.792 debug EGL_emulation eglMakeCurrent: 0xae4d4a80: ver 3 0 (tinfo 0xae4e77e0)
07-22 17:00:38.794 error Surface getSlotFromBufferLocked: unknown buffer: 0xae4847c0
07-22 17:00:38.798 debug OpenGLRenderer endAllStagingAnimators on 0xa0e43c00 (ListView) with handle 0xaa1153d0
07-22 17:00:38.799 debug OpenGLRenderer endAllStagingAnimators on 0xa10af780 (RippleDrawable) with handle 0xaa1154c0
07-22 17:00:38.810 info TestRunner finished: checkItemC5(kdk.android.simplydo.C5.CheckItemC5)
