07-22 16:59:59.533 info TestRunner started: changeSettingsC2(kdk.android.simplydo.C2.ChangeSettingsC2)
07-22 16:59:59.542 info MonitoringInstr Activities that are still in CREATED to STOPPED: 0
07-22 16:59:59.545 warn ActivityTestRule getActivityIntent() returned null using default: Intent(Intent.ACTION_MAIN)
07-22 16:59:59.695 debug LifecycleMonitor Lifecycle status change: kdk.android.simplydo.SimplyDoActivity@a2edc23 in: PRE_ON_CREATE
07-22 16:59:59.695 verbose SimplyDo SimplyDoActivity.onCreate() called
07-22 16:59:59.704 verbose SimplyDo CachingDataViewer.dbUpdateLoop(): Entered
07-22 16:59:59.706 verbose SimplyDo CachingDataView.fetchLists(): Entered
07-22 16:59:59.708 debug SimplyDo fetchLists returned 1 items
07-22 16:59:59.708 verbose SimplyDo CachingDataView.fetchLists(): Exited
07-22 16:59:59.709 debug SimplyDo SimplyDoActivity.onCreate()
07-22 16:59:59.709 debug LifecycleMonitor Lifecycle status change: kdk.android.simplydo.SimplyDoActivity@a2edc23 in: CREATED
07-22 16:59:59.709 verbose SimplyDo SimplyDoActivity.onStart(): called
07-22 16:59:59.709 debug LifecycleMonitor Lifecycle status change: kdk.android.simplydo.SimplyDoActivity@a2edc23 in: STARTED
07-22 16:59:59.710 debug LifecycleMonitor Lifecycle status change: kdk.android.simplydo.SimplyDoActivity@a2edc23 in: RESUMED
07-22 16:59:59.832 debug EGL_emulation eglMakeCurrent: 0xae654c00: ver 3 0 (tinfo 0xae64b390)
07-22 17:00:00.004 verbose SimplyDo SimplyDoActivity.onCreateOptionsMenu() called
07-22 17:00:00.004 verbose SimplyDo SimplyDoActivity.onPrepareOptionsMenu() called
07-22 17:00:00.102 info ViewInteraction Performing 'Handle transition between action bar and action bar context.' action on view is a root view.
07-22 17:00:00.106 info ViewInteraction Performing 'single click' action on view ((is displayed on the screen to the user and with content description: is "More options") or (is displayed on the screen to the user and with class name: a string ending with "OverflowMenuButton"))
07-22 17:00:00.167 verbose SimplyDo SimplyDoActivity.onPrepareOptionsMenu() called
07-22 17:00:00.527 debug EGL_emulation eglMakeCurrent: 0xae654c00: ver 3 0 (tinfo 0xae64b390)
07-22 17:00:00.603 debug EGL_emulation eglMakeCurrent: 0xae654c00: ver 3 0 (tinfo 0xae64b390)
07-22 17:00:00.649 debug EGL_emulation eglMakeCurrent: 0xae654c00: ver 3 0 (tinfo 0xae64b390)
07-22 17:00:00.869 info ViewInteraction Performing 'single click' action on view (with id: android:id/title and with text: is "Settings" and is displayed on the screen to the user)
07-22 17:00:00.978 verbose SimplyDo SimplyDoActivity.onMenuItemSelected() called
07-22 17:00:01.001 debug LifecycleMonitor Lifecycle status change: kdk.android.simplydo.SimplyDoActivity@a2edc23 in: PAUSED
07-22 17:00:01.001 debug LifecycleMonitor running callback: android.support.test.rule.ActivityTestRule$LifecycleCallback@7ede51f
07-22 17:00:01.001 debug LifecycleMonitor callback completes: android.support.test.rule.ActivityTestRule$LifecycleCallback@7ede51f
07-22 17:00:01.028 debug LifecycleMonitor Lifecycle status change: kdk.android.simplydo.SettingsActivity@be1b635 in: PRE_ON_CREATE
07-22 17:00:01.028 debug LifecycleMonitor running callback: android.support.test.rule.ActivityTestRule$LifecycleCallback@7ede51f
07-22 17:00:01.028 debug LifecycleMonitor callback completes: android.support.test.rule.ActivityTestRule$LifecycleCallback@7ede51f
07-22 17:00:01.051 debug LifecycleMonitor Lifecycle status change: kdk.android.simplydo.SettingsActivity@be1b635 in: CREATED
07-22 17:00:01.051 debug LifecycleMonitor running callback: android.support.test.rule.ActivityTestRule$LifecycleCallback@7ede51f
07-22 17:00:01.051 debug LifecycleMonitor callback completes: android.support.test.rule.ActivityTestRule$LifecycleCallback@7ede51f
07-22 17:00:01.051 debug LifecycleMonitor Lifecycle status change: kdk.android.simplydo.SettingsActivity@be1b635 in: STARTED
07-22 17:00:01.052 debug LifecycleMonitor running callback: android.support.test.rule.ActivityTestRule$LifecycleCallback@7ede51f
07-22 17:00:01.052 debug LifecycleMonitor callback completes: android.support.test.rule.ActivityTestRule$LifecycleCallback@7ede51f
07-22 17:00:01.052 debug LifecycleMonitor Lifecycle status change: kdk.android.simplydo.SettingsActivity@be1b635 in: RESUMED
07-22 17:00:01.052 debug LifecycleMonitor running callback: android.support.test.rule.ActivityTestRule$LifecycleCallback@7ede51f
07-22 17:00:01.052 debug LifecycleMonitor callback completes: android.support.test.rule.ActivityTestRule$LifecycleCallback@7ede51f
07-22 17:00:01.185 debug EGL_emulation eglMakeCurrent: 0xae654c00: ver 3 0 (tinfo 0xae64b390)
07-22 17:00:01.194 debug EGL_emulation eglMakeCurrent: 0xae654c00: ver 3 0 (tinfo 0xae64b390)
07-22 17:00:01.322 debug EGL_emulation eglMakeCurrent: 0xae654c00: ver 3 0 (tinfo 0xae64b390)
07-22 17:00:01.363 debug EGL_emulation eglMakeCurrent: 0xae654c00: ver 3 0 (tinfo 0xae64b390)
07-22 17:00:01.407 debug EGL_emulation eglMakeCurrent: 0xae654c00: ver 3 0 (tinfo 0xae64b390)
07-22 17:00:01.408 error Surface getSlotFromBufferLocked: unknown buffer: 0xae6c4540
07-22 17:00:01.409 debug OpenGLRenderer endAllStagingAnimators on 0xa19c2700 (ListPopupWindow$DropDownListView) with handle 0xae64baf0
07-22 17:00:01.437 debug EGL_emulation eglMakeCurrent: 0xae654c00: ver 3 0 (tinfo 0xae64b390)
07-22 17:00:01.456 error Surface getSlotFromBufferLocked: unknown buffer: 0xae6c3320
07-22 17:00:01.594 debug LifecycleMonitor Lifecycle status change: kdk.android.simplydo.SimplyDoActivity@a2edc23 in: STOPPED
07-22 17:00:01.594 debug LifecycleMonitor running callback: android.support.test.rule.ActivityTestRule$LifecycleCallback@7ede51f
07-22 17:00:01.594 debug LifecycleMonitor callback completes: android.support.test.rule.ActivityTestRule$LifecycleCallback@7ede51f
07-22 17:00:01.594 verbose SimplyDo SimplyDoActivity.onDestroy() called
07-22 17:00:01.594 verbose SimplyDo CachingDataView.close(): Entered
07-22 17:00:01.594 debug SimplyDo CachingDataView.close(): Close interrupt required
07-22 17:00:01.594 debug SimplyDo CachingDataViewer.dbUpdateLoop(): interrupt exit
07-22 17:00:01.594 verbose SimplyDo CachingDataViewer.dbUpdateLoop(): Exit
07-22 17:00:01.595 verbose SimplyDo CachingDataView.close(): Exit
07-22 17:00:01.595 debug LifecycleMonitor Lifecycle status change: kdk.android.simplydo.SimplyDoActivity@a2edc23 in: DESTROYED
07-22 17:00:01.595 debug LifecycleMonitor running callback: android.support.test.rule.ActivityTestRule$LifecycleCallback@7ede51f
07-22 17:00:01.595 debug LifecycleMonitor callback completes: android.support.test.rule.ActivityTestRule$LifecycleCallback@7ede51f
07-22 17:00:01.613 info TestRunner failed: changeSettingsC2(kdk.android.simplydo.C2.ChangeSettingsC2)
07-22 17:00:01.613 info TestRunner ----- begin exception -----
07-22 17:00:01.614 info TestRunner android.support.test.espresso.AmbiguousViewMatcherException: '(with class name: is "android.widget.LinearLayout" and is displayed on the screen to the user)' matches multiple views in the hierarchy.
07-22 17:00:01.614 info TestRunner Problem views are marked with '****MATCHES****' below.
07-22 17:00:01.614 info TestRunner View Hierarchy:
07-22 17:00:01.614 info TestRunner +>DecorView{id=-1, visibility=VISIBLE, width=720, height=1280, has-focus=true, has-focusable=true, has-window-focus=true, is-clickable=false, is-enabled=true, is-focused=false, is-focusable=false, is-layout-requested=false, is-selected=false, layout-params=WM.LayoutParams{(0,0)(fillxfill) ty=1 fl=#81810100 wanim=0x1030383 needsMenuKey=2}, tag=null, root-is-layout-requested=false, has-input-connection=false, x=0.0, y=0.0, child-count=3} 
07-22 17:00:01.614 info TestRunner |
07-22 17:00:01.614 info TestRunner +->ActionBarOverlayLayout{id=16909230, res-name=decor_content_parent, visibility=VISIBLE, width=720, height=1208, has-focus=true, has-focusable=true, has-window-focus=true, is-clickable=false, is-enabled=true, is-focused=false, is-focusable=false, is-layout-requested=false, is-selected=false, layout-params=android.widget.FrameLayout$LayoutParams@eb87d14, tag=null, root-is-layout-requested=false, has-input-connection=false, x=0.0, y=0.0, child-count=2} 
07-22 17:00:01.614 info TestRunner |
07-22 17:00:01.614 info TestRunner +-->FrameLayout{id=16908290, res-name=content, visibility=VISIBLE, width=720, height=1088, has-focus=true, has-focusable=true, has-window-focus=true, is-clickable=false, is-enabled=true, is-focused=false, is-focusable=false, is-layout-requested=false, is-selected=false, layout-params=com.android.internal.widget.ActionBarOverlayLayout$LayoutParams@c2189bd, tag=null, root-is-layout-requested=false, has-input-connection=false, x=0.0, y=120.0, child-count=1} 
07-22 17:00:01.614 info TestRunner |
07-22 17:00:01.614 info TestRunner +--->LinearLayout{id=-1, visibility=VISIBLE, width=720, height=1088, has-focus=true, has-focusable=true, has-window-focus=true, is-clickable=false, is-enabled=true, is-focused=false, is-focusable=false, is-layout-requested=false, is-selected=false, layout-params=android.widget.FrameLayout$LayoutParams@e134703, tag=null, root-is-layout-requested=false, has-input-connection=false, x=0.0, y=0.0, child-count=2} ****MATCHES****
07-22 17:00:01.614 info TestRunner |
07-22 17:00:01.614 info TestRunner +---->LinearLayout{id=-1, visibility=VISIBLE, width=720, height=1088, has-focus=true, has-focusable=true, has-window-focus=true, is-clickable=false, is-enabled=true, is-focused=false, is-focusable=false, is-layout-requested=false, is-selected=false, layout-params=android.widget.LinearLayout$LayoutParams@d2a5680, tag=null, root-is-layout-requested=false, has-input-connection=false, x=0.0, y=0.0, child-count=1} ****MATCHES****
07-22 17:00:01.614 info TestRunner |
07-22 17:00:01.614 info TestRunner +----->LinearLayout{id=16909198, res-name=headers, visibility=VISIBLE, width=720, height=1088, has-focus=true, has-focusable=true, has-window-focus=true, is-clickable=false, is-enabled=true, is-focused=false, is-focusable=false, is-layout-requested=false, is-selected=false, layout-params=android.widget.LinearLayout$LayoutParams@9f9505f, tag=null, root-is-layout-requested=false, has-input-connection=false, x=0.0, y=0.0, child-count=2} ****MATCHES****
07-22 17:00:01.614 info TestRunner |
07-22 17:00:01.614 info TestRunner +------>ListView{id=16908298, res-name=list, visibility=VISIBLE, width=720, height=1088, has-focus=true, has-focusable=true, has-window-focus=true, is-clickable=true, is-enabled=true, is-focused=true, is-focusable=true, is-layout-requested=false, is-selected=false, layout-params=android.widget.LinearLayout$LayoutParams@e1e5aac, tag=null, root-is-layout-requested=false, has-input-connection=false, x=0.0, y=0.0, child-count=6} 
07-22 17:00:01.614 info TestRunner |
07-22 17:00:01.614 info TestRunner +------->LinearLayout{id=-1, visibility=VISIBLE, width=720, height=81, has-focus=false, has-focusable=false, has-window-focus=true, is-clickable=false, is-enabled=true, is-focused=false, is-focusable=false, is-layout-requested=false, is-selected=false, layout-params=android.widget.AbsListView$LayoutParams@d6c7598, tag=null, root-is-layout-requested=false, has-input-connection=false, x=0.0, y=0.0, child-count=3} ****MATCHES****
07-22 17:00:01.614 info TestRunner |
07-22 17:00:01.614 info TestRunner +-------->LinearLayout{id=16909195, res-name=icon_frame, visibility=GONE, width=0, height=0, has-focus=false, has-focusable=false, has-window-focus=true, is-clickable=false, is-enabled=true, is-focused=false, is-focusable=false, is-layout-requeste
07-22 17:00:01.614 info TestRunner ----- end exception -----
07-22 17:00:01.615 info TestRunner finished: changeSettingsC2(kdk.android.simplydo.C2.ChangeSettingsC2)
