07-22 17:01:03.290 info TestRunner started: changeSettingsC5(kdk.android.simplydo.C5.ChangeSettingsC5)
07-22 17:01:03.291 info MonitoringInstr Activities that are still in CREATED to STOPPED: 0
07-22 17:01:03.292 warn ActivityTestRule getActivityIntent() returned null using default: Intent(Intent.ACTION_MAIN)
07-22 17:01:03.352 debug LifecycleMonitor Lifecycle status change: kdk.android.simplydo.SimplyDoActivity@6d9a889 in: PRE_ON_CREATE
07-22 17:01:03.353 verbose SimplyDo SimplyDoActivity.onCreate() called
07-22 17:01:03.417 verbose SimplyDo CachingDataViewer.dbUpdateLoop(): Entered
07-22 17:01:03.438 verbose SimplyDo CachingDataView.fetchLists(): Entered
07-22 17:01:03.473 debug SimplyDo fetchLists returned 16 items
07-22 17:01:03.474 verbose SimplyDo CachingDataView.fetchLists(): Exited
07-22 17:01:03.475 debug SimplyDo SimplyDoActivity.onCreate()
07-22 17:01:03.476 debug LifecycleMonitor Lifecycle status change: kdk.android.simplydo.SimplyDoActivity@6d9a889 in: CREATED
07-22 17:01:03.476 verbose SimplyDo SimplyDoActivity.onStart(): called
07-22 17:01:03.479 debug LifecycleMonitor Lifecycle status change: kdk.android.simplydo.SimplyDoActivity@6d9a889 in: STARTED
07-22 17:01:03.482 debug LifecycleMonitor Lifecycle status change: kdk.android.simplydo.SimplyDoActivity@6d9a889 in: RESUMED
07-22 17:01:03.595 verbose SimplyDo SimplyDoActivity.onCreateOptionsMenu() called
07-22 17:01:03.595 verbose SimplyDo SimplyDoActivity.onPrepareOptionsMenu() called
07-22 17:01:03.603 debug EGL_emulation eglMakeCurrent: 0xa61055a0: ver 3 0 (tinfo 0xa61032b0)
07-22 17:01:03.641 info ViewInteraction Performing 'Handle transition between action bar and action bar context.' action on view is a root view.
07-22 17:01:03.666 info ViewInteraction Performing 'single click' action on view ((is displayed on the screen to the user and with content description: is "More options") or (is displayed on the screen to the user and with class name: a string ending with "OverflowMenuButton"))
07-22 17:01:03.727 verbose SimplyDo SimplyDoActivity.onPrepareOptionsMenu() called
07-22 17:01:03.847 debug EGL_emulation eglMakeCurrent: 0xa61055a0: ver 3 0 (tinfo 0xa61032b0)
07-22 17:01:03.928 info chatty uid=10114(u0_a114) RenderThread identical 1 line
07-22 17:01:03.940 debug EGL_emulation eglMakeCurrent: 0xa61055a0: ver 3 0 (tinfo 0xa61032b0)
07-22 17:01:04.166 info ViewInteraction Performing 'single click' action on view (with id: android:id/title and with text: is "Settings" and Child at position 0 in parent Child at position 0 in parent has parent matching: Child at position 0 in parent with class name: is "android.widget.PopupWindow$PopupBackgroundView" and is displayed on the screen to the user)
07-22 17:01:04.288 verbose SimplyDo SimplyDoActivity.onMenuItemSelected() called
07-22 17:01:04.331 debug LifecycleMonitor Lifecycle status change: kdk.android.simplydo.SimplyDoActivity@6d9a889 in: PAUSED
07-22 17:01:04.331 debug LifecycleMonitor running callback: android.support.test.rule.ActivityTestRule$LifecycleCallback@b6808e6
07-22 17:01:04.331 debug LifecycleMonitor callback completes: android.support.test.rule.ActivityTestRule$LifecycleCallback@b6808e6
07-22 17:01:04.387 debug EGL_emulation eglMakeCurrent: 0xa61055a0: ver 3 0 (tinfo 0xa61032b0)
07-22 17:01:04.392 debug LifecycleMonitor Lifecycle status change: kdk.android.simplydo.SettingsActivity@46e18d4 in: PRE_ON_CREATE
07-22 17:01:04.392 debug LifecycleMonitor running callback: android.support.test.rule.ActivityTestRule$LifecycleCallback@b6808e6
07-22 17:01:04.392 debug LifecycleMonitor callback completes: android.support.test.rule.ActivityTestRule$LifecycleCallback@b6808e6
07-22 17:01:04.393 debug EGL_emulation eglMakeCurrent: 0xa61055a0: ver 3 0 (tinfo 0xa61032b0)
07-22 17:01:04.425 debug LifecycleMonitor Lifecycle status change: kdk.android.simplydo.SettingsActivity@46e18d4 in: CREATED
07-22 17:01:04.425 debug LifecycleMonitor running callback: android.support.test.rule.ActivityTestRule$LifecycleCallback@b6808e6
07-22 17:01:04.426 debug LifecycleMonitor callback completes: android.support.test.rule.ActivityTestRule$LifecycleCallback@b6808e6
07-22 17:01:04.426 debug LifecycleMonitor Lifecycle status change: kdk.android.simplydo.SettingsActivity@46e18d4 in: STARTED
07-22 17:01:04.426 debug LifecycleMonitor running callback: android.support.test.rule.ActivityTestRule$LifecycleCallback@b6808e6
07-22 17:01:04.426 debug LifecycleMonitor callback completes: android.support.test.rule.ActivityTestRule$LifecycleCallback@b6808e6
07-22 17:01:04.428 debug LifecycleMonitor Lifecycle status change: kdk.android.simplydo.SettingsActivity@46e18d4 in: RESUMED
07-22 17:01:04.428 debug LifecycleMonitor running callback: android.support.test.rule.ActivityTestRule$LifecycleCallback@b6808e6
07-22 17:01:04.428 debug LifecycleMonitor callback completes: android.support.test.rule.ActivityTestRule$LifecycleCallback@b6808e6
07-22 17:01:04.551 debug EGL_emulation eglMakeCurrent: 0xa61055a0: ver 3 0 (tinfo 0xa61032b0)
07-22 17:01:04.628 info chatty uid=10114(u0_a114) RenderThread identical 2 lines
07-22 17:01:04.638 debug EGL_emulation eglMakeCurrent: 0xa61055a0: ver 3 0 (tinfo 0xa61032b0)
07-22 17:01:04.676 debug EGL_emulation eglMakeCurrent: 0xa61055a0: ver 3 0 (tinfo 0xa61032b0)
07-22 17:01:04.678 debug OpenGLRenderer endAllActiveAnimators on 0x91f4f780 (MenuPopupWindow$MenuDropDownListView) with handle 0x9010c600
07-22 17:01:04.761 info ViewInteraction Performing 'load adapter data' action on view (with id: android:id/list and Child at position 0 in parent (with class name: is "android.widget.LinearLayout" and Child at position 0 in parent Child at position 0 in parent Child at position 0 in parent with id: android:id/content))
07-22 17:01:04.765 debug EGL_emulation eglMakeCurrent: 0xa61055a0: ver 3 0 (tinfo 0xa61032b0)
07-22 17:01:04.770 info ViewInteraction Performing 'single click' action on view  displaying data matching: ANYTHING within adapter view matching: (with id: android:id/list and Child at position 0 in parent (with class name: is "android.widget.LinearLayout" and Child at position 0 in parent Child at position 0 in parent Child at position 0 in parent with id: android:id/content))
07-22 17:01:04.914 verbose SimplyDo onPreferenceTreeClick() for key listSorting
07-22 17:01:05.008 debug EGL_emulation eglMakeCurrent: 0xa61055a0: ver 3 0 (tinfo 0xa61032b0)
07-22 17:01:05.027 debug EGL_emulation eglMakeCurrent: 0xa61055a0: ver 3 0 (tinfo 0xa61032b0)
07-22 17:01:05.080 debug EGL_emulation eglMakeCurrent: 0xa61055a0: ver 3 0 (tinfo 0xa61032b0)
07-22 17:01:05.094 debug EGL_emulation eglMakeCurrent: 0xa61055a0: ver 3 0 (tinfo 0xa61032b0)
07-22 17:01:05.112 verbose SimplyDo SimplyDoActivity.onSaveInstanceState() called
07-22 17:01:05.121 debug LifecycleMonitor Lifecycle status change: kdk.android.simplydo.SimplyDoActivity@6d9a889 in: STOPPED
07-22 17:01:05.121 debug LifecycleMonitor running callback: android.support.test.rule.ActivityTestRule$LifecycleCallback@b6808e6
07-22 17:01:05.121 debug LifecycleMonitor callback completes: android.support.test.rule.ActivityTestRule$LifecycleCallback@b6808e6
07-22 17:01:05.164 debug EGL_emulation eglMakeCurrent: 0xa61055a0: ver 3 0 (tinfo 0xa61032b0)
07-22 17:01:05.176 debug EGL_emulation eglMakeCurrent: 0xa61055a0: ver 3 0 (tinfo 0xa61032b0)
07-22 17:01:05.237 info ViewInteraction Performing 'load adapter data' action on view (with class name: is "com.android.internal.app.AlertController$RecycleListView" and Child at position 0 in parent (with class name: is "android.widget.FrameLayout" and Child at position 1 in parent (with class name: is "com.android.internal.widget.AlertDialogLayout" and Child at position 0 in parent (with id: android:id/content and Child at position 0 in parent with class name: is "android.widget.FrameLayout"))))
07-22 17:01:05.289 debug EGL_emulation eglMakeCurrent: 0xa61055a0: ver 3 0 (tinfo 0xa61032b0)
07-22 17:01:05.295 info chatty uid=10114(u0_a114) RenderThread identical 1 line
07-22 17:01:05.304 debug EGL_emulation eglMakeCurrent: 0xa61055a0: ver 3 0 (tinfo 0xa61032b0)
07-22 17:01:05.309 info ViewInteraction Performing 'single click' action on view  displaying data matching: ANYTHING within adapter view matching: (with class name: is "com.android.internal.app.AlertController$RecycleListView" and Child at position 0 in parent (with class name: is "android.widget.FrameLayout" and Child at position 1 in parent (with class name: is "com.android.internal.widget.AlertDialogLayout" and Child at position 0 in parent (with id: android:id/content and Child at position 0 in parent with class name: is "android.widget.FrameLayout"))))
07-22 17:01:05.316 debug EGL_emulation eglMakeCurrent: 0xa61055a0: ver 3 0 (tinfo 0xa61032b0)
07-22 17:01:05.418 info chatty uid=10114(u0_a114) RenderThread identical 5 lines
07-22 17:01:05.432 debug EGL_emulation eglMakeCurrent: 0xa61055a0: ver 3 0 (tinfo 0xa61032b0)
07-22 17:01:05.591 info ViewInteraction Performing 'load adapter data' action on view (with id: android:id/list and Child at position 0 in parent (with class name: is "android.widget.LinearLayout" and Child at position 0 in parent Child at position 0 in parent Child at position 0 in parent with id: android:id/content))
07-22 17:01:05.602 info ViewInteraction Performing 'single click' action on view  displaying data matching: ANYTHING within adapter view matching: (with id: android:id/list and Child at position 0 in parent (with class name: is "android.widget.LinearLayout" and Child at position 0 in parent Child at position 0 in parent Child at position 0 in parent with id: android:id/content))
07-22 17:01:05.739 verbose SimplyDo onPreferenceTreeClick() for key itemSorting
07-22 17:01:05.816 debug EGL_emulation eglMakeCurrent: 0xa61055a0: ver 3 0 (tinfo 0xa61032b0)
07-22 17:01:05.926 info chatty uid=10114(u0_a114) RenderThread identical 4 lines
07-22 17:01:05.935 debug EGL_emulation eglMakeCurrent: 0xa61055a0: ver 3 0 (tinfo 0xa61032b0)
07-22 17:01:05.999 info ViewInteraction Performing 'load adapter data' action on view (with class name: is "com.android.internal.app.AlertController$RecycleListView" and Child at position 0 in parent (with class name: is "android.widget.FrameLayout" and Child at position 1 in parent (with class name: is "com.android.internal.widget.AlertDialogLayout" and Child at position 0 in parent (with id: android:id/content and Child at position 0 in parent with class name: is "android.widget.FrameLayout"))))
07-22 17:01:06.018 debug EGL_emulation eglMakeCurrent: 0xa61055a0: ver 3 0 (tinfo 0xa61032b0)
07-22 17:01:06.023 info ViewInteraction Performing 'single click' action on view  displaying data matching: ANYTHING within adapter view matching: (with class name: is "com.android.internal.app.AlertController$RecycleListView" and Child at position 0 in parent (with class name: is "android.widget.FrameLayout" and Child at position 1 in parent (with class name: is "com.android.internal.widget.AlertDialogLayout" and Child at position 0 in parent (with id: android:id/content and Child at position 0 in parent with class name: is "android.widget.FrameLayout"))))
07-22 17:01:06.026 debug EGL_emulation eglMakeCurrent: 0xa61055a0: ver 3 0 (tinfo 0xa61032b0)
07-22 17:01:06.140 info chatty uid=10114(u0_a114) RenderThread identical 8 lines
07-22 17:01:06.146 debug EGL_emulation eglMakeCurrent: 0xa61055a0: ver 3 0 (tinfo 0xa61032b0)
07-22 17:01:06.306 info ViewInteraction Performing 'load adapter data' action on view (with id: android:id/list and Child at position 0 in parent (with class name: is "android.widget.LinearLayout" and Child at position 0 in parent Child at position 0 in parent Child at position 0 in parent with id: android:id/content))
07-22 17:01:06.329 info ViewInteraction Performing 'single click' action on view  displaying data matching: ANYTHING within adapter view matching: (with id: android:id/list and Child at position 0 in parent (with class name: is "android.widget.LinearLayout" and Child at position 0 in parent Child at position 0 in parent Child at position 0 in parent with id: android:id/content))
07-22 17:01:06.440 verbose SimplyDo onPreferenceTreeClick() for key restoreDb
07-22 17:01:06.456 debug LifecycleMonitor Lifecycle status change: kdk.android.simplydo.SettingsActivity@46e18d4 in: PAUSED
07-22 17:01:06.456 debug LifecycleMonitor running callback: android.support.test.rule.ActivityTestRule$LifecycleCallback@b6808e6
07-22 17:01:06.456 debug LifecycleMonitor callback completes: android.support.test.rule.ActivityTestRule$LifecycleCallback@b6808e6
07-22 17:01:06.466 debug LifecycleMonitor Lifecycle status change: kdk.android.simplydo.RestoreActivity@e911fd3 in: PRE_ON_CREATE
07-22 17:01:06.466 debug LifecycleMonitor running callback: android.support.test.rule.ActivityTestRule$LifecycleCallback@b6808e6
07-22 17:01:06.466 debug LifecycleMonitor callback completes: android.support.test.rule.ActivityTestRule$LifecycleCallback@b6808e6
07-22 17:01:06.466 verbose SimplyDo RestoreActivity.onCreate() called
07-22 17:01:06.475 debug LifecycleMonitor Lifecycle status change: kdk.android.simplydo.RestoreActivity@e911fd3 in: CREATED
07-22 17:01:06.475 debug LifecycleMonitor running callback: android.support.test.rule.ActivityTestRule$LifecycleCallback@b6808e6
07-22 17:01:06.476 debug LifecycleMonitor callback completes: android.support.test.rule.ActivityTestRule$LifecycleCallback@b6808e6
07-22 17:01:06.476 debug LifecycleMonitor Lifecycle status change: kdk.android.simplydo.RestoreActivity@e911fd3 in: STARTED
07-22 17:01:06.476 debug LifecycleMonitor running callback: android.support.test.rule.ActivityTestRule$LifecycleCallback@b6808e6
07-22 17:01:06.476 debug LifecycleMonitor callback completes: android.support.test.rule.ActivityTestRule$LifecycleCallback@b6808e6
07-22 17:01:06.480 debug LifecycleMonitor Lifecycle status change: kdk.android.simplydo.RestoreActivity@e911fd3 in: RESUMED
07-22 17:01:06.480 debug LifecycleMonitor running callback: android.support.test.rule.ActivityTestRule$LifecycleCallback@b6808e6
07-22 17:01:06.481 debug LifecycleMonitor callback completes: android.support.test.rule.ActivityTestRule$LifecycleCallback@b6808e6
07-22 17:01:06.536 debug EGL_emulation eglMakeCurrent: 0xa61055a0: ver 3 0 (tinfo 0xa61032b0)
07-22 17:01:06.548 debug EGL_emulation eglMakeCurrent: 0xa61055a0: ver 3 0 (tinfo 0xa61032b0)
07-22 17:01:06.606 debug EGL_emulation eglMakeCurrent: 0xa61055a0: ver 3 0 (tinfo 0xa61032b0)
07-22 17:01:06.610 debug OpenGLRenderer endAllActiveAnimators on 0x92152380 (ListView) with handle 0x9010c200
07-22 17:01:06.683 info ViewInteraction Performing 'send keyCode: 4, metaState: 0 key event' action on view is a root view.
07-22 17:01:06.699 debug LifecycleMonitor Lifecycle status change: kdk.android.simplydo.RestoreActivity@e911fd3 in: PAUSED
07-22 17:01:06.699 debug LifecycleMonitor running callback: android.support.test.rule.ActivityTestRule$LifecycleCallback@b6808e6
07-22 17:01:06.699 debug LifecycleMonitor callback completes: android.support.test.rule.ActivityTestRule$LifecycleCallback@b6808e6
07-22 17:01:06.711 debug LifecycleMonitor Lifecycle status change: kdk.android.simplydo.SettingsActivity@46e18d4 in: RESUMED
07-22 17:01:06.711 debug LifecycleMonitor running callback: android.support.test.rule.ActivityTestRule$LifecycleCallback@b6808e6
07-22 17:01:06.711 debug LifecycleMonitor callback completes: android.support.test.rule.ActivityTestRule$LifecycleCallback@b6808e6
07-22 17:01:06.786 debug EGL_emulation eglMakeCurrent: 0xa61055a0: ver 3 0 (tinfo 0xa61032b0)
07-22 17:01:06.797 debug EGL_emulation eglMakeCurrent: 0xa61055a0: ver 3 0 (tinfo 0xa61032b0)
07-22 17:01:06.983 debug LifecycleMonitor Lifecycle status change: kdk.android.simplydo.RestoreActivity@e911fd3 in: STOPPED
07-22 17:01:06.983 debug LifecycleMonitor running callback: android.support.test.rule.ActivityTestRule$LifecycleCallback@b6808e6
07-22 17:01:06.983 debug LifecycleMonitor callback completes: android.support.test.rule.ActivityTestRule$LifecycleCallback@b6808e6
07-22 17:01:06.984 debug LifecycleMonitor Lifecycle status change: kdk.android.simplydo.RestoreActivity@e911fd3 in: DESTROYED
07-22 17:01:06.984 debug LifecycleMonitor running callback: android.support.test.rule.ActivityTestRule$LifecycleCallback@b6808e6
07-22 17:01:06.984 debug LifecycleMonitor callback completes: android.support.test.rule.ActivityTestRule$LifecycleCallback@b6808e6
07-22 17:01:07.125 info ViewInteraction Performing 'send keyCode: 4, metaState: 0 key event' action on view is a root view.
07-22 17:01:07.136 debug LifecycleMonitor Lifecycle status change: kdk.android.simplydo.SettingsActivity@46e18d4 in: PAUSED
07-22 17:01:07.137 debug LifecycleMonitor running callback: android.support.test.rule.ActivityTestRule$LifecycleCallback@b6808e6
07-22 17:01:07.137 debug LifecycleMonitor callback completes: android.support.test.rule.ActivityTestRule$LifecycleCallback@b6808e6
07-22 17:01:07.144 debug LifecycleMonitor Lifecycle status change: kdk.android.simplydo.SimplyDoActivity@6d9a889 in: RESTARTED
07-22 17:01:07.144 debug LifecycleMonitor running callback: android.support.test.rule.ActivityTestRule$LifecycleCallback@b6808e6
07-22 17:01:07.144 debug LifecycleMonitor callback completes: android.support.test.rule.ActivityTestRule$LifecycleCallback@b6808e6
07-22 17:01:07.145 verbose SimplyDo SimplyDoActivity.onStart(): called
07-22 17:01:07.145 debug LifecycleMonitor Lifecycle status change: kdk.android.simplydo.SimplyDoActivity@6d9a889 in: STARTED
07-22 17:01:07.145 debug LifecycleMonitor running callback: android.support.test.rule.ActivityTestRule$LifecycleCallback@b6808e6
07-22 17:01:07.145 debug LifecycleMonitor callback completes: android.support.test.rule.ActivityTestRule$LifecycleCallback@b6808e6
07-22 17:01:07.146 debug LifecycleMonitor Lifecycle status change: kdk.android.simplydo.SimplyDoActivity@6d9a889 in: RESUMED
07-22 17:01:07.146 debug LifecycleMonitor running callback: android.support.test.rule.ActivityTestRule$LifecycleCallback@b6808e6
07-22 17:01:07.146 debug LifecycleMonitor callback completes: android.support.test.rule.ActivityTestRule$LifecycleCallback@b6808e6
07-22 17:01:07.209 debug EGL_emulation eglMakeCurrent: 0xa61055a0: ver 3 0 (tinfo 0xa61032b0)
07-22 17:01:07.217 info chatty uid=10114(u0_a114) RenderThread identical 1 line
07-22 17:01:07.223 debug EGL_emulation eglMakeCurrent: 0xa61055a0: ver 3 0 (tinfo 0xa61032b0)
07-22 17:01:07.495 debug LifecycleMonitor Lifecycle status change: kdk.android.simplydo.SettingsActivity@46e18d4 in: STOPPED
07-22 17:01:07.495 debug LifecycleMonitor running callback: android.support.test.rule.ActivityTestRule$LifecycleCallback@b6808e6
07-22 17:01:07.495 debug LifecycleMonitor callback completes: android.support.test.rule.ActivityTestRule$LifecycleCallback@b6808e6
07-22 17:01:07.495 debug LifecycleMonitor Lifecycle status change: kdk.android.simplydo.SettingsActivity@46e18d4 in: DESTROYED
07-22 17:01:07.495 debug LifecycleMonitor running callback: android.support.test.rule.ActivityTestRule$LifecycleCallback@b6808e6
07-22 17:01:07.495 debug LifecycleMonitor callback completes: android.support.test.rule.ActivityTestRule$LifecycleCallback@b6808e6
07-22 17:01:07.536 debug LifecycleMonitor Lifecycle status change: kdk.android.simplydo.SimplyDoActivity@6d9a889 in: PAUSED
07-22 17:01:07.537 debug LifecycleMonitor running callback: android.support.test.rule.ActivityTestRule$LifecycleCallback@b6808e6
07-22 17:01:07.537 debug LifecycleMonitor callback completes: android.support.test.rule.ActivityTestRule$LifecycleCallback@b6808e6
07-22 17:01:07.573 debug EGL_emulation eglMakeCurrent: 0xa61055a0: ver 3 0 (tinfo 0xa61032b0)
07-22 17:01:07.575 info TestRunner finished: changeSettingsC5(kdk.android.simplydo.C5.ChangeSettingsC5)
