07-22 17:00:42.890 info TestRunner started: checkItemC6(kdk.android.simplydo.C6.CheckItemC6)
07-22 17:00:42.891 info MonitoringInstr Activities that are still in CREATED to STOPPED: 0
07-22 17:00:42.893 warn ActivityTestRule getActivityIntent() returned null using default: Intent(Intent.ACTION_MAIN)
07-22 17:00:42.938 debug LifecycleMonitor Lifecycle status change: kdk.android.simplydo.SimplyDoActivity@1ab6bbd in: PRE_ON_CREATE
07-22 17:00:42.938 verbose SimplyDo SimplyDoActivity.onCreate() called
07-22 17:00:42.952 verbose SimplyDo CachingDataViewer.dbUpdateLoop(): Entered
07-22 17:00:42.963 verbose SimplyDo CachingDataView.fetchLists(): Entered
07-22 17:00:42.971 debug SimplyDo fetchLists returned 21 items
07-22 17:00:42.971 verbose SimplyDo CachingDataView.fetchLists(): Exited
07-22 17:00:42.971 debug SimplyDo SimplyDoActivity.onCreate()
07-22 17:00:42.972 debug LifecycleMonitor Lifecycle status change: kdk.android.simplydo.SimplyDoActivity@1ab6bbd in: CREATED
07-22 17:00:42.974 verbose SimplyDo SimplyDoActivity.onStart(): called
07-22 17:00:42.974 debug LifecycleMonitor Lifecycle status change: kdk.android.simplydo.SimplyDoActivity@1ab6bbd in: STARTED
07-22 17:00:42.975 debug LifecycleMonitor Lifecycle status change: kdk.android.simplydo.SimplyDoActivity@1ab6bbd in: RESUMED
07-22 17:00:43.038 debug EGL_emulation eglMakeCurrent: 0xae654c00: ver 3 0 (tinfo 0xae64b390)
07-22 17:00:43.068 verbose SimplyDo SimplyDoActivity.onCreateOptionsMenu() called
07-22 17:00:43.068 verbose SimplyDo SimplyDoActivity.onPrepareOptionsMenu() called
07-22 17:00:43.108 info ViewInteraction Performing 'replace text' action on view (with id: kdk.android.simplydo:id/AddListEditText and is displayed on the screen to the user)
07-22 17:00:43.130 info ViewInteraction Performing 'close keyboard' action on view (with id: kdk.android.simplydo:id/AddListEditText and is displayed on the screen to the user)
07-22 17:00:43.131 warn CloseKeyboardAction Attempting to close soft keyboard, while it is not shown.
07-22 17:00:43.132 info ViewInteraction Performing 'single click' action on view (with id: kdk.android.simplydo:id/AddListButton and with text: is "Add" and is displayed on the screen to the user)
07-22 17:00:43.177 debug SimplyDo Insert list List
07-22 17:00:43.198 debug SimplyDo fetchLists returned 22 items
07-22 17:00:43.483 debug LifecycleMonitor Lifecycle status change: kdk.android.simplydo.SimplyDoActivity@1ab6bbd in: PAUSED
07-22 17:00:43.483 debug LifecycleMonitor running callback: android.support.test.rule.ActivityTestRule$LifecycleCallback@96d309e
07-22 17:00:43.483 debug LifecycleMonitor callback completes: android.support.test.rule.ActivityTestRule$LifecycleCallback@96d309e
07-22 17:00:43.502 info TestRunner failed: checkItemC6(kdk.android.simplydo.C6.CheckItemC6)
07-22 17:00:43.502 info TestRunner ----- begin exception -----
07-22 17:00:43.503 info TestRunner android.support.test.espresso.AmbiguousViewMatcherException: '(with class name: is "android.widget.LinearLayout" and is displayed on the screen to the user)' matches multiple views in the hierarchy.
07-22 17:00:43.503 info TestRunner Problem views are marked with '****MATCHES****' below.
07-22 17:00:43.503 info TestRunner View Hierarchy:
07-22 17:00:43.503 info TestRunner +>DecorView{id=-1, visibility=VISIBLE, width=720, height=1280, has-focus=true, has-focusable=true, has-window-focus=true, is-clickable=false, is-enabled=true, is-focused=false, is-focusable=false, is-layout-requested=false, is-selected=false, layout-params=WM.LayoutParams{(0,0)(fillxfill) sim=#3 ty=1 fl=#81810100 wanim=0x1030383 needsMenuKey=2}, tag=null, root-is-layout-requested=false, has-input-connection=false, x=0.0, y=0.0, child-count=3} 
07-22 17:00:43.503 info TestRunner |
07-22 17:00:43.503 info TestRunner +->ActionBarOverlayLayout{id=16909230, res-name=decor_content_parent, visibility=VISIBLE, width=720, height=1208, has-focus=true, has-focusable=true, has-window-focus=true, is-clickable=false, is-enabled=true, is-focused=false, is-focusable=false, is-layout-requested=false, is-selected=false, layout-params=android.widget.FrameLayout$LayoutParams@a0095e8, tag=null, root-is-layout-requested=false, has-input-connection=false, x=0.0, y=0.0, child-count=2} 
07-22 17:00:43.503 info TestRunner |
07-22 17:00:43.503 info TestRunner +-->FrameLayout{id=16908290, res-name=content, visibility=VISIBLE, width=720, height=1088, has-focus=true, has-focusable=true, has-window-focus=true, is-clickable=false, is-enabled=true, is-focused=false, is-focusable=false, is-layout-requested=false, is-selected=false, layout-params=com.android.internal.widget.ActionBarOverlayLayout$LayoutParams@95cb401, tag=null, root-is-layout-requested=false, has-input-connection=false, x=0.0, y=120.0, child-count=1} 
07-22 17:00:43.503 info TestRunner |
07-22 17:00:43.503 info TestRunner +--->LinearLayout{id=-1, visibility=VISIBLE, width=720, height=1088, has-focus=true, has-focusable=true, has-window-focus=true, is-clickable=false, is-enabled=true, is-focused=false, is-focusable=false, is-layout-requested=false, is-selected=false, layout-params=android.widget.FrameLayout$LayoutParams@9cc84e7, tag=null, root-is-layout-requested=false, has-input-connection=false, x=0.0, y=0.0, child-count=1} ****MATCHES****
07-22 17:00:43.503 info TestRunner |
07-22 17:00:43.503 info TestRunner +---->ViewSwitcher{id=2130903049, res-name=ListsItemsSwitcher, visibility=VISIBLE, width=720, height=1088, has-focus=true, has-focusable=true, has-window-focus=true, is-clickable=false, is-enabled=true, is-focused=false, is-focusable=false, is-layout-requested=false, is-selected=false, layout-params=android.widget.LinearLayout$LayoutParams@8df8f3d, tag=null, root-is-layout-requested=false, has-input-connection=false, x=0.0, y=0.0, child-count=2} 
07-22 17:00:43.503 info TestRunner |
07-22 17:00:43.503 info TestRunner +----->LinearLayout{id=2130903059, res-name=listsView, visibility=VISIBLE, width=720, height=1088, has-focus=true, has-focusable=true, has-window-focus=true, is-clickable=false, is-enabled=true, is-focused=false, is-focusable=false, is-layout-requested=false, is-selected=false, layout-params=android.widget.FrameLayout$LayoutParams@2528883, tag=null, root-is-layout-requested=false, has-input-connection=false, x=0.0, y=0.0, child-count=2} ****MATCHES****
07-22 17:00:43.503 info TestRunner |
07-22 17:00:43.503 info TestRunner +------>LinearLayout{id=2130903048, res-name=LinearLayout01, visibility=VISIBLE, width=720, height=72, has-focus=true, has-focusable=true, has-window-focus=true, is-clickable=false, is-enabled=true, is-focused=false, is-focusable=false, is-layout-requested=false, is-selected=false, layout-params=android.widget.LinearLayout$LayoutParams@f95e07e, tag=null, root-is-layout-requested=false, has-input-connection=false, x=0.0, y=0.0, child-count=2} ****MATCHES****
07-22 17:00:43.503 info TestRunner |
07-22 17:00:43.503 info TestRunner +------->EditText{id=2130903043, res-name=AddListEditText, desc=addlistedittext, visibility=VISIBLE, width=588, height=72, has-focus=true, has-focusable=true, has-window-focus=true, is-clickable=true, is-enabled=true, is-focused=true, is-focusable=true, is-layout-requested=false, is-selected=false, layout-params=android.widget.LinearLayout$LayoutParams@cab29df, tag=null, root-is-layout-requested=false, has-input-connection=true, editor-info=[inputType=0x31 imeOptions=0x8000006 privateImeOptions=null actionLabel=null actionId=0 initialSelStart=0 initialSelEnd=0 initialCapsMode=0x0 hintText=New List Name label=
07-22 17:00:43.504 info TestRunner ----- end exception -----
07-22 17:00:43.505 warn InstrumentationResultPrinter Stack trace too long, trimmed to first 32768 characters.
07-22 17:00:43.507 info TestRunner finished: checkItemC6(kdk.android.simplydo.C6.CheckItemC6)
