07-22 17:01:35.333 info TestRunner started: createListsDefault(kdk.android.simplydo.Default.CreateListsDefault)
07-22 17:01:35.337 info MonitoringInstr Activities that are still in CREATED to STOPPED: 0
07-22 17:01:35.338 warn ActivityTestRule getActivityIntent() returned null using default: Intent(Intent.ACTION_MAIN)
07-22 17:01:35.359 debug LifecycleMonitor Lifecycle status change: kdk.android.simplydo.SimplyDoActivity@82e34db in: PRE_ON_CREATE
07-22 17:01:35.359 verbose SimplyDo SimplyDoActivity.onCreate() called
07-22 17:01:35.372 verbose SimplyDo CachingDataViewer.dbUpdateLoop(): Entered
07-22 17:01:35.424 verbose SimplyDo CachingDataView.fetchLists(): Entered
07-22 17:01:35.448 debug SimplyDo fetchLists returned 27 items
07-22 17:01:35.449 verbose SimplyDo CachingDataView.fetchLists(): Exited
07-22 17:01:35.449 debug SimplyDo SimplyDoActivity.onCreate()
07-22 17:01:35.450 debug LifecycleMonitor Lifecycle status change: kdk.android.simplydo.SimplyDoActivity@82e34db in: CREATED
07-22 17:01:35.451 verbose SimplyDo SimplyDoActivity.onStart(): called
07-22 17:01:35.452 debug LifecycleMonitor Lifecycle status change: kdk.android.simplydo.SimplyDoActivity@82e34db in: STARTED
07-22 17:01:35.454 debug LifecycleMonitor Lifecycle status change: kdk.android.simplydo.SimplyDoActivity@82e34db in: RESUMED
07-22 17:01:35.592 verbose SimplyDo SimplyDoActivity.onCreateOptionsMenu() called
07-22 17:01:35.592 verbose SimplyDo SimplyDoActivity.onPrepareOptionsMenu() called
07-22 17:01:35.603 debug EGL_emulation eglMakeCurrent: 0xa61055a0: ver 3 0 (tinfo 0xa61032b0)
07-22 17:01:35.630 info ViewInteraction Performing 'replace text' action on view (with id: kdk.android.simplydo:id/AddListEditText and with content description: is "addlistedittext" and Child at position 0 in parent (with id: kdk.android.simplydo:id/LinearLayout01 and Child at position 0 in parent with id: kdk.android.simplydo:id/listsView) and is displayed on the screen to the user)
07-22 17:01:35.654 info ViewInteraction Performing 'close keyboard' action on view (with id: kdk.android.simplydo:id/AddListEditText and with content description: is "addlistedittext" and Child at position 0 in parent (with id: kdk.android.simplydo:id/LinearLayout01 and Child at position 0 in parent with id: kdk.android.simplydo:id/listsView) and is displayed on the screen to the user)
07-22 17:01:35.655 warn CloseKeyboardAction Attempting to close soft keyboard, while it is not shown.
07-22 17:01:35.658 info ViewInteraction Performing 'single click' action on view (with id: kdk.android.simplydo:id/AddListButton and with text: is "Add" and with content description: is "Add" and Child at position 1 in parent (with id: kdk.android.simplydo:id/LinearLayout01 and Child at position 0 in parent with id: kdk.android.simplydo:id/listsView) and is displayed on the screen to the user)
07-22 17:01:35.740 debug SimplyDo Insert list List
07-22 17:01:35.775 debug SimplyDo fetchLists returned 28 items
07-22 17:01:36.205 info ViewInteraction Performing 'replace text' action on view (with id: kdk.android.simplydo:id/AddListEditText and with content description: is "addlistedittext" and Child at position 0 in parent (with id: kdk.android.simplydo:id/LinearLayout01 and Child at position 0 in parent with id: kdk.android.simplydo:id/listsView) and is displayed on the screen to the user)
07-22 17:01:36.240 info ViewInteraction Performing 'close keyboard' action on view (with id: kdk.android.simplydo:id/AddListEditText and with content description: is "addlistedittext" and Child at position 0 in parent (with id: kdk.android.simplydo:id/LinearLayout01 and Child at position 0 in parent with id: kdk.android.simplydo:id/listsView) and is displayed on the screen to the user)
07-22 17:01:36.240 warn CloseKeyboardAction Attempting to close soft keyboard, while it is not shown.
07-22 17:01:36.243 info ViewInteraction Performing 'single click' action on view (with id: kdk.android.simplydo:id/AddListButton and with text: is "Add" and with content description: is "Add" and Child at position 1 in parent (with id: kdk.android.simplydo:id/LinearLayout01 and Child at position 0 in parent with id: kdk.android.simplydo:id/listsView) and is displayed on the screen to the user)
07-22 17:01:36.339 debug SimplyDo Insert list List2
07-22 17:01:36.390 debug SimplyDo fetchLists returned 29 items
07-22 17:01:36.642 debug LifecycleMonitor Lifecycle status change: kdk.android.simplydo.SimplyDoActivity@82e34db in: PAUSED
07-22 17:01:36.642 debug LifecycleMonitor running callback: android.support.test.rule.ActivityTestRule$LifecycleCallback@4968c46
07-22 17:01:36.642 debug LifecycleMonitor callback completes: android.support.test.rule.ActivityTestRule$LifecycleCallback@4968c46
07-22 17:01:36.687 info TestRunner finished: createListsDefault(kdk.android.simplydo.Default.CreateListsDefault)
