07-22 17:00:34.756 info TestRunner started: sortItemsC3(kdk.android.simplydo.C3.SortItemsC3)
07-22 17:00:34.761 info MonitoringInstr Activities that are still in CREATED to STOPPED: 0
07-22 17:00:34.764 warn ActivityTestRule getActivityIntent() returned null using default: Intent(Intent.ACTION_MAIN)
07-22 17:00:34.808 debug LifecycleMonitor Lifecycle status change: kdk.android.simplydo.SimplyDoActivity@c4600d4 in: PRE_ON_CREATE
07-22 17:00:34.809 verbose SimplyDo SimplyDoActivity.onCreate() called
07-22 17:00:34.848 verbose SimplyDo CachingDataViewer.dbUpdateLoop(): Entered
07-22 17:00:34.860 verbose SimplyDo CachingDataView.fetchLists(): Entered
07-22 17:00:34.897 debug SimplyDo fetchLists returned 9 items
07-22 17:00:34.898 verbose SimplyDo CachingDataView.fetchLists(): Exited
07-22 17:00:34.899 debug SimplyDo SimplyDoActivity.onCreate()
07-22 17:00:34.903 debug LifecycleMonitor Lifecycle status change: kdk.android.simplydo.SimplyDoActivity@c4600d4 in: CREATED
07-22 17:00:34.904 verbose SimplyDo SimplyDoActivity.onStart(): called
07-22 17:00:34.907 debug LifecycleMonitor Lifecycle status change: kdk.android.simplydo.SimplyDoActivity@c4600d4 in: STARTED
07-22 17:00:34.918 debug LifecycleMonitor Lifecycle status change: kdk.android.simplydo.SimplyDoActivity@c4600d4 in: RESUMED
07-22 17:00:35.088 verbose SimplyDo SimplyDoActivity.onCreateOptionsMenu() called
07-22 17:00:35.089 verbose SimplyDo SimplyDoActivity.onPrepareOptionsMenu() called
07-22 17:00:35.099 debug EGL_emulation eglMakeCurrent: 0xa61055a0: ver 3 0 (tinfo 0xa61032b0)
07-22 17:00:35.185 info ViewInteraction Performing 'replace text' action on view (with id: kdk.android.simplydo:id/AddListEditText and with content description: is "addlistedittext" and Child at position 0 in parent (with id: kdk.android.simplydo:id/LinearLayout01 and Child at position 0 in parent (with id: kdk.android.simplydo:id/listsView and Child at position 0 in parent (with id: kdk.android.simplydo:id/ListsItemsSwitcher and Child at position 0 in parent Child at position 0 in parent with id: android:id/content))) and is displayed on the screen to the user)
07-22 17:00:35.237 info ViewInteraction Performing 'close keyboard' action on view (with id: kdk.android.simplydo:id/AddListEditText and with content description: is "addlistedittext" and Child at position 0 in parent (with id: kdk.android.simplydo:id/LinearLayout01 and Child at position 0 in parent (with id: kdk.android.simplydo:id/listsView and Child at position 0 in parent (with id: kdk.android.simplydo:id/ListsItemsSwitcher and Child at position 0 in parent Child at position 0 in parent with id: android:id/content))) and is displayed on the screen to the user)
07-22 17:00:35.239 warn CloseKeyboardAction Attempting to close soft keyboard, while it is not shown.
07-22 17:00:35.249 info ViewInteraction Performing 'single click' action on view (with id: kdk.android.simplydo:id/AddListButton and with text: is "Add" and with content description: is "Add" and Child at position 1 in parent (with id: kdk.android.simplydo:id/LinearLayout01 and Child at position 0 in parent (with id: kdk.android.simplydo:id/listsView and Child at position 0 in parent (with id: kdk.android.simplydo:id/ListsItemsSwitcher and Child at position 0 in parent Child at position 0 in parent with id: android:id/content))) and is displayed on the screen to the user)
07-22 17:00:35.344 debug SimplyDo Insert list List
07-22 17:00:35.395 debug SimplyDo fetchLists returned 10 items
07-22 17:00:35.642 info ViewInteraction Performing 'load adapter data' action on view (with id: kdk.android.simplydo:id/ListsListView and Child at position 1 in parent (with id: kdk.android.simplydo:id/listsView and Child at position 0 in parent (with id: kdk.android.simplydo:id/ListsItemsSwitcher and Child at position 0 in parent Child at position 0 in parent with id: android:id/content)))
07-22 17:00:35.687 info ViewInteraction Performing 'single click' action on view  displaying data matching: ANYTHING within adapter view matching: (with id: kdk.android.simplydo:id/ListsListView and Child at position 1 in parent (with id: kdk.android.simplydo:id/listsView and Child at position 0 in parent (with id: kdk.android.simplydo:id/ListsItemsSwitcher and Child at position 0 in parent Child at position 0 in parent with id: android:id/content)))
07-22 17:00:35.835 verbose SimplyDo ListsListReactor.onItemClick()
07-22 17:00:35.844 debug SimplyDo fetchItems returned 0 items
07-22 17:00:35.917 info AssistStructure Flattened final assist data: 7468 bytes, containing 1 windows, 32 views
07-22 17:00:36.366 info ViewInteraction Performing 'replace text' action on view (with id: kdk.android.simplydo:id/AddItemEditText and with content description: is "addItemEditText" and Child at position 0 in parent (with id: kdk.android.simplydo:id/LinearLayout01 and Child at position 0 in parent (with id: kdk.android.simplydo:id/itemsView and Child at position 1 in parent (with id: kdk.android.simplydo:id/ListsItemsSwitcher and Child at position 0 in parent Child at position 0 in parent with id: android:id/content))) and is displayed on the screen to the user)
07-22 17:00:36.397 info ViewInteraction Performing 'close keyboard' action on view (with id: kdk.android.simplydo:id/AddItemEditText and with content description: is "addItemEditText" and Child at position 0 in parent (with id: kdk.android.simplydo:id/LinearLayout01 and Child at position 0 in parent (with id: kdk.android.simplydo:id/itemsView and Child at position 1 in parent (with id: kdk.android.simplydo:id/ListsItemsSwitcher and Child at position 0 in parent Child at position 0 in parent with id: android:id/content))) and is displayed on the screen to the user)
07-22 17:00:36.400 warn CloseKeyboardAction Attempting to close soft keyboard, while it is not shown.
07-22 17:00:36.404 info ViewInteraction Performing 'single click' action on view (with id: kdk.android.simplydo:id/AddItemButton and with text: is "Add" and with content description: is "Add" and Child at position 1 in parent (with id: kdk.android.simplydo:id/LinearLayout01 and Child at position 0 in parent (with id: kdk.android.simplydo:id/itemsView and Child at position 1 in parent (with id: kdk.android.simplydo:id/ListsItemsSwitcher and Child at position 0 in parent Child at position 0 in parent with id: android:id/content))) and is displayed on the screen to the user)
07-22 17:00:36.452 verbose SimplyDo DataManager.createItem(): Insert item A
07-22 17:00:36.483 debug SimplyDo DataManager.createItem(): Inserted item and got id 3
07-22 17:00:36.706 info ViewInteraction Performing 'replace text' action on view (with id: kdk.android.simplydo:id/AddItemEditText and with content description: is "addItemEditText" and Child at position 0 in parent (with id: kdk.android.simplydo:id/LinearLayout01 and Child at position 0 in parent (with id: kdk.android.simplydo:id/itemsView and Child at position 1 in parent (with id: kdk.android.simplydo:id/ListsItemsSwitcher and Child at position 0 in parent Child at position 0 in parent with id: android:id/content))) and is displayed on the screen to the user)
07-22 17:00:36.746 info ViewInteraction Performing 'close keyboard' action on view (with id: kdk.android.simplydo:id/AddItemEditText and with content description: is "addItemEditText" and Child at position 0 in parent (with id: kdk.android.simplydo:id/LinearLayout01 and Child at position 0 in parent (with id: kdk.android.simplydo:id/itemsView and Child at position 1 in parent (with id: kdk.android.simplydo:id/ListsItemsSwitcher and Child at position 0 in parent Child at position 0 in parent with id: android:id/content))) and is displayed on the screen to the user)
07-22 17:00:36.747 warn CloseKeyboardAction Attempting to close soft keyboard, while it is not shown.
07-22 17:00:36.752 info ViewInteraction Performing 'single click' action on view (with id: kdk.android.simplydo:id/AddItemButton and with text: is "Add" and with content description: is "Add" and Child at position 1 in parent (with id: kdk.android.simplydo:id/LinearLayout01 and Child at position 0 in parent (with id: kdk.android.simplydo:id/itemsView and Child at position 1 in parent (with id: kdk.android.simplydo:id/ListsItemsSwitcher and Child at position 0 in parent Child at position 0 in parent with id: android:id/content))) and is displayed on the screen to the user)
07-22 17:00:36.800 verbose SimplyDo DataManager.createItem(): Insert item B
07-22 17:00:36.828 debug SimplyDo DataManager.createItem(): Inserted item and got id 4
07-22 17:00:37.059 info ViewInteraction Performing 'replace text' action on view (with id: kdk.android.simplydo:id/AddItemEditText and with content description: is "addItemEditText" and Child at position 0 in parent (with id: kdk.android.simplydo:id/LinearLayout01 and Child at position 0 in parent (with id: kdk.android.simplydo:id/itemsView and Child at position 1 in parent (with id: kdk.android.simplydo:id/ListsItemsSwitcher and Child at position 0 in parent Child at position 0 in parent with id: android:id/content))) and is displayed on the screen to the user)
07-22 17:00:37.086 info ViewInteraction Performing 'close keyboard' action on view (with id: kdk.android.simplydo:id/AddItemEditText and with content description: is "addItemEditText" and Child at position 0 in parent (with id: kdk.android.simplydo:id/LinearLayout01 and Child at position 0 in parent (with id: kdk.android.simplydo:id/itemsView and Child at position 1 in parent (with id: kdk.android.simplydo:id/ListsItemsSwitcher and Child at position 0 in parent Child at position 0 in parent with id: android:id/content))) and is displayed on the screen to the user)
07-22 17:00:37.087 warn CloseKeyboardAction Attempting to close soft keyboard, while it is not shown.
07-22 17:00:37.099 info ViewInteraction Performing 'single click' action on view (with id: kdk.android.simplydo:id/AddItemButton and with text: is "Add" and with content description: is "Add" and Child at position 1 in parent (with id: kdk.android.simplydo:id/LinearLayout01 and Child at position 0 in parent (with id: kdk.android.simplydo:id/itemsView and Child at position 1 in parent (with id: kdk.android.simplydo:id/ListsItemsSwitcher and Child at position 0 in parent Child at position 0 in parent with id: android:id/content))) and is displayed on the screen to the user)
07-22 17:00:37.148 verbose SimplyDo DataManager.createItem(): Insert item D
07-22 17:00:37.176 debug SimplyDo DataManager.createItem(): Inserted item and got id 5
07-22 17:00:37.426 info ViewInteraction Performing 'Handle transition between action bar and action bar context.' action on view is a root view.
07-22 17:00:37.451 info ViewInteraction Performing 'single click' action on view ((is displayed on the screen to the user and with content description: is "More options") or (is displayed on the screen to the user and with class name: a string ending with "OverflowMenuButton"))
07-22 17:00:37.519 verbose SimplyDo SimplyDoActivity.onPrepareOptionsMenu() called
07-22 17:00:37.705 debug EGL_emulation eglMakeCurrent: 0xa61055a0: ver 3 0 (tinfo 0xa61032b0)
07-22 17:00:37.956 info chatty uid=10114(u0_a114) RenderThread identical 10 lines
07-22 17:00:37.985 debug EGL_emulation eglMakeCurrent: 0xa61055a0: ver 3 0 (tinfo 0xa61032b0)
07-22 17:00:38.057 info ViewInteraction Performing 'single click' action on view (with id: android:id/title and with text: is "Sort Now" and Child at position 0 in parent Child at position 0 in parent has parent matching: Child at position 0 in parent with class name: is "android.widget.PopupWindow$PopupBackgroundView" and is displayed on the screen to the user)
07-22 17:00:38.125 debug EGL_emulation eglMakeCurrent: 0xa61055a0: ver 3 0 (tinfo 0xa61032b0)
07-22 17:00:38.174 verbose SimplyDo SimplyDoActivity.onMenuItemSelected() called
07-22 17:00:38.204 debug EGL_emulation eglMakeCurrent: 0xa61055a0: ver 3 0 (tinfo 0xa61032b0)
07-22 17:00:38.258 info chatty uid=10114(u0_a114) RenderThread identical 2 lines
07-22 17:00:38.273 debug EGL_emulation eglMakeCurrent: 0xa61055a0: ver 3 0 (tinfo 0xa61032b0)
07-22 17:00:38.403 debug LifecycleMonitor Lifecycle status change: kdk.android.simplydo.SimplyDoActivity@c4600d4 in: PAUSED
07-22 17:00:38.404 debug LifecycleMonitor running callback: android.support.test.rule.ActivityTestRule$LifecycleCallback@a6ec112
07-22 17:00:38.404 debug LifecycleMonitor callback completes: android.support.test.rule.ActivityTestRule$LifecycleCallback@a6ec112
07-22 17:00:38.441 debug EGL_emulation eglMakeCurrent: 0xa61055a0: ver 3 0 (tinfo 0xa61032b0)
07-22 17:00:38.450 debug EGL_emulation eglMakeCurrent: 0xa61055a0: ver 3 0 (tinfo 0xa61032b0)
07-22 17:00:38.579 debug EGL_emulation eglMakeCurrent: 0xa61055a0: ver 3 0 (tinfo 0xa61032b0)
07-22 17:00:38.586 debug OpenGLRenderer endAllActiveAnimators on 0x92267280 (MenuPopupWindow$MenuDropDownListView) with handle 0x9010c130
07-22 17:00:38.667 info TestRunner finished: sortItemsC3(kdk.android.simplydo.C3.SortItemsC3)
