07-22 17:01:10.677 info TestRunner started: createListC5(kdk.android.simplydo.C5.CreateListC5)
07-22 17:01:10.679 info MonitoringInstr Activities that are still in CREATED to STOPPED: 0
07-22 17:01:10.682 warn ActivityTestRule getActivityIntent() returned null using default: Intent(Intent.ACTION_MAIN)
07-22 17:01:10.701 debug LifecycleMonitor Lifecycle status change: kdk.android.simplydo.SimplyDoActivity@9e3458b in: PRE_ON_CREATE
07-22 17:01:10.701 verbose SimplyDo SimplyDoActivity.onCreate() called
07-22 17:01:10.725 verbose SimplyDo CachingDataViewer.dbUpdateLoop(): Entered
07-22 17:01:10.732 verbose SimplyDo CachingDataView.fetchLists(): Entered
07-22 17:01:10.753 debug SimplyDo fetchLists returned 17 items
07-22 17:01:10.754 verbose SimplyDo CachingDataView.fetchLists(): Exited
07-22 17:01:10.754 debug SimplyDo SimplyDoActivity.onCreate()
07-22 17:01:10.755 debug LifecycleMonitor Lifecycle status change: kdk.android.simplydo.SimplyDoActivity@9e3458b in: CREATED
07-22 17:01:10.755 verbose SimplyDo SimplyDoActivity.onStart(): called
07-22 17:01:10.756 debug LifecycleMonitor Lifecycle status change: kdk.android.simplydo.SimplyDoActivity@9e3458b in: STARTED
07-22 17:01:10.757 debug LifecycleMonitor Lifecycle status change: kdk.android.simplydo.SimplyDoActivity@9e3458b in: RESUMED
07-22 17:01:10.857 verbose SimplyDo SimplyDoActivity.onCreateOptionsMenu() called
07-22 17:01:10.858 verbose SimplyDo SimplyDoActivity.onPrepareOptionsMenu() called
07-22 17:01:10.870 debug EGL_emulation eglMakeCurrent: 0xa61055a0: ver 3 0 (tinfo 0xa61032b0)
07-22 17:01:10.905 info ViewInteraction Performing 'replace text' action on view (with id: kdk.android.simplydo:id/AddListEditText and Child at position 0 in parent (with id: kdk.android.simplydo:id/LinearLayout01 and Child at position 0 in parent (with id: kdk.android.simplydo:id/listsView and Child at position 0 in parent (with id: kdk.android.simplydo:id/ListsItemsSwitcher and Child at position 0 in parent Child at position 0 in parent with id: android:id/content))) and is displayed on the screen to the user)
07-22 17:01:10.919 info ViewInteraction Performing 'close keyboard' action on view (with id: kdk.android.simplydo:id/AddListEditText and Child at position 0 in parent (with id: kdk.android.simplydo:id/LinearLayout01 and Child at position 0 in parent (with id: kdk.android.simplydo:id/listsView and Child at position 0 in parent (with id: kdk.android.simplydo:id/ListsItemsSwitcher and Child at position 0 in parent Child at position 0 in parent with id: android:id/content))) and is displayed on the screen to the user)
07-22 17:01:10.921 warn CloseKeyboardAction Attempting to close soft keyboard, while it is not shown.
07-22 17:01:10.927 info ViewInteraction Performing 'single click' action on view (with id: kdk.android.simplydo:id/AddListButton and with text: is "Add" and Child at position 1 in parent (with id: kdk.android.simplydo:id/LinearLayout01 and Child at position 0 in parent (with id: kdk.android.simplydo:id/listsView and Child at position 0 in parent (with id: kdk.android.simplydo:id/ListsItemsSwitcher and Child at position 0 in parent Child at position 0 in parent with id: android:id/content))) and is displayed on the screen to the user)
07-22 17:01:11.117 debug SimplyDo Insert list List
07-22 17:01:11.152 debug SimplyDo fetchLists returned 18 items
07-22 17:01:11.399 info ViewInteraction Performing 'replace text' action on view (with id: kdk.android.simplydo:id/AddListEditText and Child at position 0 in parent (with id: kdk.android.simplydo:id/LinearLayout01 and Child at position 0 in parent (with id: kdk.android.simplydo:id/listsView and Child at position 0 in parent (with id: kdk.android.simplydo:id/ListsItemsSwitcher and Child at position 0 in parent Child at position 0 in parent with id: android:id/content))) and is displayed on the screen to the user)
07-22 17:01:11.434 info ViewInteraction Performing 'close keyboard' action on view (with id: kdk.android.simplydo:id/AddListEditText and Child at position 0 in parent (with id: kdk.android.simplydo:id/LinearLayout01 and Child at position 0 in parent (with id: kdk.android.simplydo:id/listsView and Child at position 0 in parent (with id: kdk.android.simplydo:id/ListsItemsSwitcher and Child at position 0 in parent Child at position 0 in parent with id: android:id/content))) and is displayed on the screen to the user)
07-22 17:01:11.435 warn CloseKeyboardAction Attempting to close soft keyboard, while it is not shown.
07-22 17:01:11.441 info ViewInteraction Performing 'single click' action on view (with id: kdk.android.simplydo:id/AddListButton and with text: is "Add" and Child at position 1 in parent (with id: kdk.android.simplydo:id/LinearLayout01 and Child at position 0 in parent (with id: kdk.android.simplydo:id/listsView and Child at position 0 in parent (with id: kdk.android.simplydo:id/ListsItemsSwitcher and Child at position 0 in parent Child at position 0 in parent with id: android:id/content))) and is displayed on the screen to the user)
07-22 17:01:11.522 debug SimplyDo Insert list List2
07-22 17:01:11.558 debug SimplyDo fetchLists returned 19 items
07-22 17:01:11.829 debug LifecycleMonitor Lifecycle status change: kdk.android.simplydo.SimplyDoActivity@9e3458b in: PAUSED
07-22 17:01:11.829 debug LifecycleMonitor running callback: android.support.test.rule.ActivityTestRule$LifecycleCallback@1f96cb6
07-22 17:01:11.830 debug LifecycleMonitor callback completes: android.support.test.rule.ActivityTestRule$LifecycleCallback@1f96cb6
07-22 17:01:11.857 info TestRunner finished: createListC5(kdk.android.simplydo.C5.CreateListC5)
