07-22 17:00:05.018 info TestRunner started: addItemC3(kdk.android.simplydo.C3.AddItemC3)
07-22 17:00:05.112 info MonitoringInstr Activities that are still in CREATED to STOPPED: 0
07-22 17:00:05.122 warn ActivityTestRule getActivityIntent() returned null using default: Intent(Intent.ACTION_MAIN)
07-22 17:00:05.184 debug LifecycleMonitor Lifecycle status change: kdk.android.simplydo.SimplyDoActivity@c84a41 in: PRE_ON_CREATE
07-22 17:00:05.184 verbose SimplyDo SimplyDoActivity.onCreate() called
07-22 17:00:05.195 verbose SimplyDo CachingDataViewer.dbUpdateLoop(): Entered
07-22 17:00:05.233 verbose SimplyDo CachingDataView.fetchLists(): Entered
07-22 17:00:05.240 debug SimplyDo fetchLists returned 5 items
07-22 17:00:05.241 verbose SimplyDo CachingDataView.fetchLists(): Exited
07-22 17:00:05.241 debug SimplyDo SimplyDoActivity.onCreate()
07-22 17:00:05.241 debug LifecycleMonitor Lifecycle status change: kdk.android.simplydo.SimplyDoActivity@c84a41 in: CREATED
07-22 17:00:05.242 verbose SimplyDo SimplyDoActivity.onStart(): called
07-22 17:00:05.243 debug LifecycleMonitor Lifecycle status change: kdk.android.simplydo.SimplyDoActivity@c84a41 in: STARTED
07-22 17:00:05.246 debug LifecycleMonitor Lifecycle status change: kdk.android.simplydo.SimplyDoActivity@c84a41 in: RESUMED
07-22 17:00:05.309 debug EGL_emulation eglMakeCurrent: 0xae654c00: ver 3 0 (tinfo 0xae64b390)
07-22 17:00:05.337 verbose SimplyDo SimplyDoActivity.onCreateOptionsMenu() called
07-22 17:00:05.337 verbose SimplyDo SimplyDoActivity.onPrepareOptionsMenu() called
07-22 17:00:05.425 info ViewInteraction Performing 'replace text' action on view (with id: kdk.android.simplydo:id/AddListEditText and with content description: is "addlistedittext" and Child at position 0 in parent (with id: kdk.android.simplydo:id/LinearLayout01 and Child at position 0 in parent (with id: kdk.android.simplydo:id/listsView and Child at position 0 in parent (with id: kdk.android.simplydo:id/ListsItemsSwitcher and Child at position 0 in parent Child at position 0 in parent with id: android:id/content))) and is displayed on the screen to the user)
07-22 17:00:05.451 info ViewInteraction Performing 'close keyboard' action on view (with id: kdk.android.simplydo:id/AddListEditText and with content description: is "addlistedittext" and Child at position 0 in parent (with id: kdk.android.simplydo:id/LinearLayout01 and Child at position 0 in parent (with id: kdk.android.simplydo:id/listsView and Child at position 0 in parent (with id: kdk.android.simplydo:id/ListsItemsSwitcher and Child at position 0 in parent Child at position 0 in parent with id: android:id/content))) and is displayed on the screen to the user)
07-22 17:00:05.451 warn CloseKeyboardAction Attempting to close soft keyboard, while it is not shown.
07-22 17:00:05.455 info ViewInteraction Performing 'single click' action on view (with id: kdk.android.simplydo:id/AddListButton and with text: is "Add" and with content description: is "Add" and Child at position 1 in parent (with id: kdk.android.simplydo:id/LinearLayout01 and Child at position 0 in parent (with id: kdk.android.simplydo:id/listsView and Child at position 0 in parent (with id: kdk.android.simplydo:id/ListsItemsSwitcher and Child at position 0 in parent Child at position 0 in parent with id: android:id/content))) and is displayed on the screen to the user)
07-22 17:00:05.500 debug SimplyDo Insert list List
07-22 17:00:05.518 debug SimplyDo fetchLists returned 6 items
07-22 17:00:05.770 info ViewInteraction Performing 'load adapter data' action on view (with id: kdk.android.simplydo:id/ListsListView and Child at position 1 in parent (with id: kdk.android.simplydo:id/listsView and Child at position 0 in parent (with id: kdk.android.simplydo:id/ListsItemsSwitcher and Child at position 0 in parent Child at position 0 in parent with id: android:id/content)))
07-22 17:00:05.823 info ViewInteraction Performing 'single click' action on view  displaying data matching: ANYTHING within adapter view matching: (with id: kdk.android.simplydo:id/ListsListView and Child at position 1 in parent (with id: kdk.android.simplydo:id/listsView and Child at position 0 in parent (with id: kdk.android.simplydo:id/ListsItemsSwitcher and Child at position 0 in parent Child at position 0 in parent with id: android:id/content)))
07-22 17:00:05.941 verbose SimplyDo ListsListReactor.onItemClick()
07-22 17:00:05.953 debug SimplyDo fetchItems returned 0 items
07-22 17:00:06.475 info ViewInteraction Performing 'replace text' action on view (with id: kdk.android.simplydo:id/AddItemEditText and with content description: is "addItemEditText" and Child at position 0 in parent (with id: kdk.android.simplydo:id/LinearLayout01 and Child at position 0 in parent (with id: kdk.android.simplydo:id/itemsView and Child at position 1 in parent (with id: kdk.android.simplydo:id/ListsItemsSwitcher and Child at position 0 in parent Child at position 0 in parent with id: android:id/content))) and is displayed on the screen to the user)
07-22 17:00:06.504 info ViewInteraction Performing 'close keyboard' action on view (with id: kdk.android.simplydo:id/AddItemEditText and with content description: is "addItemEditText" and Child at position 0 in parent (with id: kdk.android.simplydo:id/LinearLayout01 and Child at position 0 in parent (with id: kdk.android.simplydo:id/itemsView and Child at position 1 in parent (with id: kdk.android.simplydo:id/ListsItemsSwitcher and Child at position 0 in parent Child at position 0 in parent with id: android:id/content))) and is displayed on the screen to the user)
07-22 17:00:06.505 warn CloseKeyboardAction Attempting to close soft keyboard, while it is not shown.
07-22 17:00:06.507 info ViewInteraction Performing 'single click' action on view (with id: kdk.android.simplydo:id/AddItemButton and with text: is "Add" and with content description: is "Add" and Child at position 1 in parent (with id: kdk.android.simplydo:id/LinearLayout01 and Child at position 0 in parent (with id: kdk.android.simplydo:id/itemsView and Child at position 1 in parent (with id: kdk.android.simplydo:id/ListsItemsSwitcher and Child at position 0 in parent Child at position 0 in parent with id: android:id/content))) and is displayed on the screen to the user)
07-22 17:00:06.558 verbose SimplyDo DataManager.createItem(): Insert item Item
07-22 17:00:06.585 debug SimplyDo DataManager.createItem(): Inserted item and got id 1
07-22 17:00:06.837 debug LifecycleMonitor Lifecycle status change: kdk.android.simplydo.SimplyDoActivity@c84a41 in: PAUSED
07-22 17:00:06.837 debug LifecycleMonitor running callback: android.support.test.rule.ActivityTestRule$LifecycleCallback@a9b859a
07-22 17:00:06.837 debug LifecycleMonitor callback completes: android.support.test.rule.ActivityTestRule$LifecycleCallback@a9b859a
07-22 17:00:06.859 debug LifecycleMonitor Lifecycle status change: kdk.android.simplydo.SimplyDoActivity@c84a41 in: STOPPED
07-22 17:00:06.859 debug LifecycleMonitor running callback: android.support.test.rule.ActivityTestRule$LifecycleCallback@a9b859a
07-22 17:00:06.859 debug LifecycleMonitor callback completes: android.support.test.rule.ActivityTestRule$LifecycleCallback@a9b859a
07-22 17:00:06.859 verbose SimplyDo SimplyDoActivity.onDestroy() called
07-22 17:00:06.859 verbose SimplyDo CachingDataView.close(): Entered
07-22 17:00:06.859 debug SimplyDo CachingDataView.close(): Close interrupt required
07-22 17:00:06.859 debug SimplyDo CachingDataViewer.dbUpdateLoop(): interrupt exit
07-22 17:00:06.859 verbose SimplyDo CachingDataViewer.dbUpdateLoop(): Exit
07-22 17:00:06.860 verbose SimplyDo CachingDataView.close(): Exit
07-22 17:00:06.860 debug LifecycleMonitor Lifecycle status change: kdk.android.simplydo.SimplyDoActivity@c84a41 in: DESTROYED
07-22 17:00:06.860 debug LifecycleMonitor running callback: android.support.test.rule.ActivityTestRule$LifecycleCallback@a9b859a
07-22 17:00:06.860 debug LifecycleMonitor callback completes: android.support.test.rule.ActivityTestRule$LifecycleCallback@a9b859a
07-22 17:00:06.891 debug EGL_emulation eglMakeCurrent: 0xae654c00: ver 3 0 (tinfo 0xae64b390)
07-22 17:00:06.893 error Surface getSlotFromBufferLocked: unknown buffer: 0xae6c4360
07-22 17:00:06.897 debug OpenGLRenderer endAllStagingAnimators on 0xa19c2a80 (RippleDrawable) with handle 0xae478090
07-22 17:00:06.920 info TestRunner finished: addItemC3(kdk.android.simplydo.C3.AddItemC3)
