07-22 17:00:39.911 info TestRunner started: sortItemsC5(kdk.android.simplydo.C5.SortItemsC5)
07-22 17:00:39.916 info MonitoringInstr Activities that are still in CREATED to STOPPED: 0
07-22 17:00:39.920 warn ActivityTestRule getActivityIntent() returned null using default: Intent(Intent.ACTION_MAIN)
07-22 17:00:40.005 debug LifecycleMonitor Lifecycle status change: kdk.android.simplydo.SimplyDoActivity@893f04a in: PRE_ON_CREATE
07-22 17:00:40.005 verbose SimplyDo SimplyDoActivity.onCreate() called
07-22 17:00:40.019 verbose SimplyDo CachingDataViewer.dbUpdateLoop(): Entered
07-22 17:00:40.024 verbose SimplyDo CachingDataView.fetchLists(): Entered
07-22 17:00:40.030 debug SimplyDo fetchLists returned 19 items
07-22 17:00:40.031 verbose SimplyDo CachingDataView.fetchLists(): Exited
07-22 17:00:40.031 debug SimplyDo SimplyDoActivity.onCreate()
07-22 17:00:40.031 debug LifecycleMonitor Lifecycle status change: kdk.android.simplydo.SimplyDoActivity@893f04a in: CREATED
07-22 17:00:40.032 verbose SimplyDo SimplyDoActivity.onStart(): called
07-22 17:00:40.032 debug LifecycleMonitor Lifecycle status change: kdk.android.simplydo.SimplyDoActivity@893f04a in: STARTED
07-22 17:00:40.033 debug LifecycleMonitor Lifecycle status change: kdk.android.simplydo.SimplyDoActivity@893f04a in: RESUMED
07-22 17:00:40.119 debug EGL_emulation eglMakeCurrent: 0xae4d4a80: ver 3 0 (tinfo 0xae4e77e0)
07-22 17:00:40.150 verbose SimplyDo SimplyDoActivity.onCreateOptionsMenu() called
07-22 17:00:40.150 verbose SimplyDo SimplyDoActivity.onPrepareOptionsMenu() called
07-22 17:00:40.211 info ViewInteraction Performing 'replace text' action on view (with id: kdk.android.simplydo:id/AddListEditText and Child at position 0 in parent (with id: kdk.android.simplydo:id/LinearLayout01 and Child at position 0 in parent (with id: kdk.android.simplydo:id/listsView and Child at position 0 in parent (with id: kdk.android.simplydo:id/ListsItemsSwitcher and Child at position 0 in parent Child at position 0 in parent with id: android:id/content))) and is displayed on the screen to the user)
07-22 17:00:40.234 info ViewInteraction Performing 'close keyboard' action on view (with id: kdk.android.simplydo:id/AddListEditText and Child at position 0 in parent (with id: kdk.android.simplydo:id/LinearLayout01 and Child at position 0 in parent (with id: kdk.android.simplydo:id/listsView and Child at position 0 in parent (with id: kdk.android.simplydo:id/ListsItemsSwitcher and Child at position 0 in parent Child at position 0 in parent with id: android:id/content))) and is displayed on the screen to the user)
07-22 17:00:40.235 warn CloseKeyboardAction Attempting to close soft keyboard, while it is not shown.
07-22 17:00:40.237 info ViewInteraction Performing 'single click' action on view (with id: kdk.android.simplydo:id/AddListButton and with text: is "Add" and Child at position 1 in parent (with id: kdk.android.simplydo:id/LinearLayout01 and Child at position 0 in parent (with id: kdk.android.simplydo:id/listsView and Child at position 0 in parent (with id: kdk.android.simplydo:id/ListsItemsSwitcher and Child at position 0 in parent Child at position 0 in parent with id: android:id/content))) and is displayed on the screen to the user)
07-22 17:00:40.285 debug SimplyDo Insert list List
07-22 17:00:40.304 debug SimplyDo fetchLists returned 20 items
07-22 17:00:40.557 info ViewInteraction Performing 'load adapter data' action on view (with id: kdk.android.simplydo:id/ListsListView and Child at position 1 in parent (with id: kdk.android.simplydo:id/listsView and Child at position 0 in parent (with id: kdk.android.simplydo:id/ListsItemsSwitcher and Child at position 0 in parent Child at position 0 in parent with id: android:id/content)))
07-22 17:00:40.568 info ViewInteraction Performing 'single click' action on view  displaying data matching: ANYTHING within adapter view matching: (with id: kdk.android.simplydo:id/ListsListView and Child at position 1 in parent (with id: kdk.android.simplydo:id/listsView and Child at position 0 in parent (with id: kdk.android.simplydo:id/ListsItemsSwitcher and Child at position 0 in parent Child at position 0 in parent with id: android:id/content)))
07-22 17:00:40.692 verbose SimplyDo ListsListReactor.onItemClick()
07-22 17:00:40.695 debug SimplyDo fetchItems returned 5 items
07-22 17:00:41.219 info ViewInteraction Performing 'replace text' action on view (with id: kdk.android.simplydo:id/AddItemEditText and Child at position 0 in parent (with id: kdk.android.simplydo:id/LinearLayout01 and Child at position 0 in parent (with id: kdk.android.simplydo:id/itemsView and Child at position 1 in parent (with id: kdk.android.simplydo:id/ListsItemsSwitcher and Child at position 0 in parent Child at position 0 in parent with id: android:id/content))) and is displayed on the screen to the user)
07-22 17:00:41.242 info ViewInteraction Performing 'close keyboard' action on view (with id: kdk.android.simplydo:id/AddItemEditText and Child at position 0 in parent (with id: kdk.android.simplydo:id/LinearLayout01 and Child at position 0 in parent (with id: kdk.android.simplydo:id/itemsView and Child at position 1 in parent (with id: kdk.android.simplydo:id/ListsItemsSwitcher and Child at position 0 in parent Child at position 0 in parent with id: android:id/content))) and is displayed on the screen to the user)
07-22 17:00:41.243 warn CloseKeyboardAction Attempting to close soft keyboard, while it is not shown.
07-22 17:00:41.245 info ViewInteraction Performing 'single click' action on view (with id: kdk.android.simplydo:id/AddItemButton and with text: is "Add" and Child at position 1 in parent (with id: kdk.android.simplydo:id/LinearLayout01 and Child at position 0 in parent (with id: kdk.android.simplydo:id/itemsView and Child at position 1 in parent (with id: kdk.android.simplydo:id/ListsItemsSwitcher and Child at position 0 in parent Child at position 0 in parent with id: android:id/content))) and is displayed on the screen to the user)
07-22 17:00:41.287 verbose SimplyDo DataManager.createItem(): Insert item A
07-22 17:00:41.299 debug SimplyDo DataManager.createItem(): Inserted item and got id 13
07-22 17:00:41.529 info ViewInteraction Performing 'replace text' action on view (with id: kdk.android.simplydo:id/AddItemEditText and Child at position 0 in parent (with id: kdk.android.simplydo:id/LinearLayout01 and Child at position 0 in parent (with id: kdk.android.simplydo:id/itemsView and Child at position 1 in parent (with id: kdk.android.simplydo:id/ListsItemsSwitcher and Child at position 0 in parent Child at position 0 in parent with id: android:id/content))) and is displayed on the screen to the user)
07-22 17:00:41.552 info ViewInteraction Performing 'close keyboard' action on view (with id: kdk.android.simplydo:id/AddItemEditText and Child at position 0 in parent (with id: kdk.android.simplydo:id/LinearLayout01 and Child at position 0 in parent (with id: kdk.android.simplydo:id/itemsView and Child at position 1 in parent (with id: kdk.android.simplydo:id/ListsItemsSwitcher and Child at position 0 in parent Child at position 0 in parent with id: android:id/content))) and is displayed on the screen to the user)
07-22 17:00:41.553 warn CloseKeyboardAction Attempting to close soft keyboard, while it is not shown.
07-22 17:00:41.557 info ViewInteraction Performing 'single click' action on view (with id: kdk.android.simplydo:id/AddItemButton and with text: is "Add" and Child at position 1 in parent (with id: kdk.android.simplydo:id/LinearLayout01 and Child at position 0 in parent (with id: kdk.android.simplydo:id/itemsView and Child at position 1 in parent (with id: kdk.android.simplydo:id/ListsItemsSwitcher and Child at position 0 in parent Child at position 0 in parent with id: android:id/content))) and is displayed on the screen to the user)
07-22 17:00:41.600 verbose SimplyDo DataManager.createItem(): Insert item B
07-22 17:00:41.610 debug SimplyDo DataManager.createItem(): Inserted item and got id 14
07-22 17:00:41.847 info ViewInteraction Performing 'replace text' action on view (with id: kdk.android.simplydo:id/AddItemEditText and Child at position 0 in parent (with id: kdk.android.simplydo:id/LinearLayout01 and Child at position 0 in parent (with id: kdk.android.simplydo:id/itemsView and Child at position 1 in parent (with id: kdk.android.simplydo:id/ListsItemsSwitcher and Child at position 0 in parent Child at position 0 in parent with id: android:id/content))) and is displayed on the screen to the user)
07-22 17:00:41.866 info ViewInteraction Performing 'close keyboard' action on view (with id: kdk.android.simplydo:id/AddItemEditText and Child at position 0 in parent (with id: kdk.android.simplydo:id/LinearLayout01 and Child at position 0 in parent (with id: kdk.android.simplydo:id/itemsView and Child at position 1 in parent (with id: kdk.android.simplydo:id/ListsItemsSwitcher and Child at position 0 in parent Child at position 0 in parent with id: android:id/content))) and is displayed on the screen to the user)
07-22 17:00:41.866 warn CloseKeyboardAction Attempting to close soft keyboard, while it is not shown.
07-22 17:00:41.868 info ViewInteraction Performing 'single click' action on view (with id: kdk.android.simplydo:id/AddItemButton and with text: is "Add" and Child at position 1 in parent (with id: kdk.android.simplydo:id/LinearLayout01 and Child at position 0 in parent (with id: kdk.android.simplydo:id/itemsView and Child at position 1 in parent (with id: kdk.android.simplydo:id/ListsItemsSwitcher and Child at position 0 in parent Child at position 0 in parent with id: android:id/content))) and is displayed on the screen to the user)
07-22 17:00:41.913 verbose SimplyDo DataManager.createItem(): Insert item D
07-22 17:00:41.931 debug SimplyDo DataManager.createItem(): Inserted item and got id 15
07-22 17:00:42.164 info ViewInteraction Performing 'Handle transition between action bar and action bar context.' action on view is a root view.
07-22 17:00:42.170 info ViewInteraction Performing 'single click' action on view ((is displayed on the screen to the user and with content description: is "More options") or (is displayed on the screen to the user and with class name: a string ending with "OverflowMenuButton"))
07-22 17:00:42.231 verbose SimplyDo SimplyDoActivity.onPrepareOptionsMenu() called
07-22 17:00:42.278 debug EGL_emulation eglMakeCurrent: 0xae4d4a80: ver 3 0 (tinfo 0xae4e77e0)
07-22 17:00:42.285 debug EGL_emulation eglMakeCurrent: 0xae4d4a80: ver 3 0 (tinfo 0xae4e77e0)
07-22 17:00:42.293 debug EGL_emulation eglMakeCurrent: 0xae4d4a80: ver 3 0 (tinfo 0xae4e77e0)
07-22 17:00:42.309 debug EGL_emulation eglMakeCurrent: 0xae4d4a80: ver 3 0 (tinfo 0xae4e77e0)
07-22 17:00:42.328 debug EGL_emulation eglMakeCurrent: 0xae4d4a80: ver 3 0 (tinfo 0xae4e77e0)
07-22 17:00:42.339 debug EGL_emulation eglMakeCurrent: 0xae4d4a80: ver 3 0 (tinfo 0xae4e77e0)
07-22 17:00:42.355 debug EGL_emulation eglMakeCurrent: 0xae4d4a80: ver 3 0 (tinfo 0xae4e77e0)
07-22 17:00:42.361 debug EGL_emulation eglMakeCurrent: 0xae4d4a80: ver 3 0 (tinfo 0xae4e77e0)
07-22 17:00:42.372 debug EGL_emulation eglMakeCurrent: 0xae4d4a80: ver 3 0 (tinfo 0xae4e77e0)
07-22 17:00:42.381 debug EGL_emulation eglMakeCurrent: 0xae4d4a80: ver 3 0 (tinfo 0xae4e77e0)
07-22 17:00:42.391 debug EGL_emulation eglMakeCurrent: 0xae4d4a80: ver 3 0 (tinfo 0xae4e77e0)
07-22 17:00:42.398 debug EGL_emulation eglMakeCurrent: 0xae4d4a80: ver 3 0 (tinfo 0xae4e77e0)
07-22 17:00:42.407 debug EGL_emulation eglMakeCurrent: 0xae4d4a80: ver 3 0 (tinfo 0xae4e77e0)
07-22 17:00:42.412 debug EGL_emulation eglMakeCurrent: 0xae4d4a80: ver 3 0 (tinfo 0xae4e77e0)
07-22 17:00:42.425 debug EGL_emulation eglMakeCurrent: 0xae4d4a80: ver 3 0 (tinfo 0xae4e77e0)
07-22 17:00:42.431 debug EGL_emulation eglMakeCurrent: 0xae4d4a80: ver 3 0 (tinfo 0xae4e77e0)
07-22 17:00:42.442 debug EGL_emulation eglMakeCurrent: 0xae4d4a80: ver 3 0 (tinfo 0xae4e77e0)
07-22 17:00:42.447 debug EGL_emulation eglMakeCurrent: 0xae4d4a80: ver 3 0 (tinfo 0xae4e77e0)
07-22 17:00:42.459 debug EGL_emulation eglMakeCurrent: 0xae4d4a80: ver 3 0 (tinfo 0xae4e77e0)
07-22 17:00:42.464 debug EGL_emulation eglMakeCurrent: 0xae4d4a80: ver 3 0 (tinfo 0xae4e77e0)
07-22 17:00:42.477 debug EGL_emulation eglMakeCurrent: 0xae4d4a80: ver 3 0 (tinfo 0xae4e77e0)
07-22 17:00:42.482 debug EGL_emulation eglMakeCurrent: 0xae4d4a80: ver 3 0 (tinfo 0xae4e77e0)
07-22 17:00:42.496 debug EGL_emulation eglMakeCurrent: 0xae4d4a80: ver 3 0 (tinfo 0xae4e77e0)
07-22 17:00:42.501 debug EGL_emulation eglMakeCurrent: 0xae4d4a80: ver 3 0 (tinfo 0xae4e77e0)
07-22 17:00:42.513 debug EGL_emulation eglMakeCurrent: 0xae4d4a80: ver 3 0 (tinfo 0xae4e77e0)
07-22 17:00:42.518 debug EGL_emulation eglMakeCurrent: 0xae4d4a80: ver 3 0 (tinfo 0xae4e77e0)
07-22 17:00:42.533 debug EGL_emulation eglMakeCurrent: 0xae4d4a80: ver 3 0 (tinfo 0xae4e77e0)
07-22 17:00:42.542 debug EGL_emulation eglMakeCurrent: 0xae4d4a80: ver 3 0 (tinfo 0xae4e77e0)
07-22 17:00:42.549 debug EGL_emulation eglMakeCurrent: 0xae4d4a80: ver 3 0 (tinfo 0xae4e77e0)
07-22 17:00:42.557 debug EGL_emulation eglMakeCurrent: 0xae4d4a80: ver 3 0 (tinfo 0xae4e77e0)
07-22 17:00:42.566 debug EGL_emulation eglMakeCurrent: 0xae4d4a80: ver 3 0 (tinfo 0xae4e77e0)
07-22 17:00:42.572 debug EGL_emulation eglMakeCurrent: 0xae4d4a80: ver 3 0 (tinfo 0xae4e77e0)
07-22 17:00:42.802 info ViewInteraction Performing 'single click' action on view (with id: android:id/title and with text: is "Sort Now" and Child at position 0 in parent Child at position 0 in parent has parent matching: Child at position 0 in parent with class name: is "android.widget.PopupWindow$PopupBackgroundView" and is displayed on the screen to the user)
07-22 17:00:42.865 debug EGL_emulation eglMakeCurrent: 0xae4d4a80: ver 3 0 (tinfo 0xae4e77e0)
07-22 17:00:42.911 verbose SimplyDo SimplyDoActivity.onMenuItemSelected() called
07-22 17:00:42.936 debug EGL_emulation eglMakeCurrent: 0xae4d4a80: ver 3 0 (tinfo 0xae4e77e0)
07-22 17:00:42.951 debug EGL_emulation eglMakeCurrent: 0xae4d4a80: ver 3 0 (tinfo 0xae4e77e0)
07-22 17:00:42.961 debug EGL_emulation eglMakeCurrent: 0xae4d4a80: ver 3 0 (tinfo 0xae4e77e0)
07-22 17:00:42.967 debug EGL_emulation eglMakeCurrent: 0xae4d4a80: ver 3 0 (tinfo 0xae4e77e0)
07-22 17:00:43.113 debug LifecycleMonitor Lifecycle status change: kdk.android.simplydo.SimplyDoActivity@893f04a in: PAUSED
07-22 17:00:43.113 debug LifecycleMonitor running callback: android.support.test.rule.ActivityTestRule$LifecycleCallback@620290b
07-22 17:00:43.113 debug LifecycleMonitor callback completes: android.support.test.rule.ActivityTestRule$LifecycleCallback@620290b
07-22 17:00:43.136 debug LifecycleMonitor Lifecycle status change: kdk.android.simplydo.SimplyDoActivity@893f04a in: STOPPED
07-22 17:00:43.136 debug LifecycleMonitor running callback: android.support.test.rule.ActivityTestRule$LifecycleCallback@620290b
07-22 17:00:43.136 debug LifecycleMonitor callback completes: android.support.test.rule.ActivityTestRule$LifecycleCallback@620290b
07-22 17:00:43.136 verbose SimplyDo SimplyDoActivity.onDestroy() called
07-22 17:00:43.136 verbose SimplyDo CachingDataView.close(): Entered
07-22 17:00:43.136 debug SimplyDo CachingDataView.close(): Close interrupt required
07-22 17:00:43.136 debug SimplyDo CachingDataViewer.dbUpdateLoop(): interrupt exit
07-22 17:00:43.137 verbose SimplyDo CachingDataViewer.dbUpdateLoop(): Exit
07-22 17:00:43.137 verbose SimplyDo CachingDataView.close(): Exit
07-22 17:00:43.137 debug LifecycleMonitor Lifecycle status change: kdk.android.simplydo.SimplyDoActivity@893f04a in: DESTROYED
07-22 17:00:43.137 debug LifecycleMonitor running callback: android.support.test.rule.ActivityTestRule$LifecycleCallback@620290b
07-22 17:00:43.139 debug LifecycleMonitor callback completes: android.support.test.rule.ActivityTestRule$LifecycleCallback@620290b
07-22 17:00:43.171 error Surface getSlotFromBufferLocked: unknown buffer: 0xae484540
07-22 17:00:43.198 error WindowManager android.view.WindowLeaked: Activity kdk.android.simplydo.SimplyDoActivity has leaked window android.widget.PopupWindow$PopupDecorView{eae8ecd V.E...... ........ 0,0-588,432} that was originally added here
07-22 17:00:43.198 error WindowManager 	at android.view.ViewRootImpl.<init>(ViewRootImpl.java:368)
07-22 17:00:43.198 error WindowManager 	at android.view.WindowManagerGlobal.addView(WindowManagerGlobal.java:299)
07-22 17:00:43.198 error WindowManager 	at android.view.WindowManagerImpl.addView(WindowManagerImpl.java:85)
07-22 17:00:43.198 error WindowManager 	at android.widget.PopupWindow.invokePopup(PopupWindow.java:1258)
07-22 17:00:43.198 error WindowManager 	at android.widget.PopupWindow.showAsDropDown(PopupWindow.java:1110)
07-22 17:00:43.198 error WindowManager 	at android.widget.ListPopupWindow.show(ListPopupWindow.java:658)
07-22 17:00:43.198 error WindowManager 	at com.android.internal.view.menu.MenuPopupHelper.tryShow(MenuPopupHelper.java:170)
07-22 17:00:43.198 error WindowManager 	at android.widget.ActionMenuPresenter$OpenOverflowRunnable.run(ActionMenuPresenter.java:997)
07-22 17:00:43.198 error WindowManager 	at android.os.Handler.handleCallback(Handler.java:739)
07-22 17:00:43.198 error WindowManager 	at android.os.Handler.dispatchMessage(Handler.java:95)
07-22 17:00:43.198 error WindowManager 	at android.support.test.espresso.base.Interrogator.loopAndInterrogate(Interrogator.java:148)
07-22 17:00:43.198 error WindowManager 	at android.support.test.espresso.base.UiControllerImpl.loopUntil(UiControllerImpl.java:462)
07-22 17:00:43.198 error WindowManager 	at android.support.test.espresso.base.UiControllerImpl.loopUntil(UiControllerImpl.java:421)
07-22 17:00:43.198 error WindowManager 	at android.support.test.espresso.base.UiControllerImpl.injectMotionEvent(UiControllerImpl.java:235)
07-22 17:00:43.198 error WindowManager 	at android.support.test.espresso.action.MotionEvents.sendUp(MotionEvents.java:140)
07-22 17:00:43.198 error WindowManager 	at android.support.test.espresso.action.MotionEvents.sendUp(MotionEvents.java:123)
07-22 17:00:43.198 error WindowManager 	at android.support.test.espresso.action.Tap.sendSingleTap(Tap.java:170)
07-22 17:00:43.198 error WindowManager 	at android.support.test.espresso.action.Tap.access$100(Tap.java:31)
07-22 17:00:43.198 error WindowManager 	at android.support.test.espresso.action.Tap$1.sendTap(Tap.java:47)
07-22 17:00:43.198 error WindowManager 	at android.support.test.espresso.action.GeneralClickAction.perform(GeneralClickAction.java:136)
07-22 17:00:43.198 error WindowManager 	at android.support.test.espresso.ViewInteraction$SingleExecutionViewAction.perform(ViewInteraction.java:356)
07-22 17:00:43.198 error WindowManager 	at android.support.test.espresso.ViewInteraction.doPerform(ViewInteraction.java:248)
07-22 17:00:43.198 error WindowManager 	at android.support.test.espresso.ViewInteraction.access$100(ViewInteraction.java:63)
07-22 17:00:43.198 error WindowManager 	at android.support.test.espresso.ViewInteraction$1.call(ViewInteraction.java:153)
07-22 17:00:43.198 error WindowManager 	at android.support.test.espresso.ViewInteraction$1.call(ViewInteraction.java:150)
07-22 17:00:43.198 error WindowManager 	at java.util.concurrent.FutureTask.run(FutureTask.java:237)
07-22 17:00:43.198 error WindowManager 	at android.os.Handler.handleCallback(Handler.java:739)
07-22 17:00:43.198 error WindowManager 	at android.os.Handler.dispatchMessage(Handler.java:95)
07-22 17:00:43.198 error WindowManager 	at android.os.Looper.loop(Looper.java:148)
07-22 17:00:43.198 error WindowManager 	at android.app.ActivityThread.main(ActivityThread.java:5417)
07-22 17:00:43.198 error WindowManager 	at java.lang.reflect.Method.invoke(Native Method)
07-22 17:00:43.198 error WindowManager 	at com.android.internal.os.ZygoteInit$MethodAndArgsCaller.run(ZygoteInit.java:726)
07-22 17:00:43.198 error WindowManager 	at com.android.internal.os.ZygoteInit.main(ZygoteInit.java:616)
07-22 17:00:43.207 debug EGL_emulation eglMakeCurrent: 0xae4d4a80: ver 3 0 (tinfo 0xae4e77e0)
07-22 17:00:43.209 error Surface getSlotFromBufferLocked: unknown buffer: 0xae4845e0
07-22 17:00:43.217 debug OpenGLRenderer endAllStagingAnimators on 0xa0e42700 (ListPopupWindow$DropDownListView) with handle 0xaa115640
07-22 17:00:43.237 info TestRunner finished: sortItemsC5(kdk.android.simplydo.C5.SortItemsC5)
