07-22 17:00:33.299 info TestRunner started: addItemC5(kdk.android.simplydo.C5.AddItemC5)
07-22 17:00:33.301 info MonitoringInstr Activities that are still in CREATED to STOPPED: 0
07-22 17:00:33.304 warn ActivityTestRule getActivityIntent() returned null using default: Intent(Intent.ACTION_MAIN)
07-22 17:00:33.378 debug LifecycleMonitor Lifecycle status change: kdk.android.simplydo.SimplyDoActivity@e3b459 in: PRE_ON_CREATE
07-22 17:00:33.378 verbose SimplyDo SimplyDoActivity.onCreate() called
07-22 17:00:33.390 verbose SimplyDo CachingDataViewer.dbUpdateLoop(): Entered
07-22 17:00:33.394 verbose SimplyDo CachingDataView.fetchLists(): Entered
07-22 17:00:33.407 debug SimplyDo fetchLists returned 15 items
07-22 17:00:33.407 verbose SimplyDo CachingDataView.fetchLists(): Exited
07-22 17:00:33.408 debug SimplyDo SimplyDoActivity.onCreate()
07-22 17:00:33.410 debug LifecycleMonitor Lifecycle status change: kdk.android.simplydo.SimplyDoActivity@e3b459 in: CREATED
07-22 17:00:33.410 verbose SimplyDo SimplyDoActivity.onStart(): called
07-22 17:00:33.411 debug LifecycleMonitor Lifecycle status change: kdk.android.simplydo.SimplyDoActivity@e3b459 in: STARTED
07-22 17:00:33.416 debug LifecycleMonitor Lifecycle status change: kdk.android.simplydo.SimplyDoActivity@e3b459 in: RESUMED
07-22 17:00:33.529 debug EGL_emulation eglMakeCurrent: 0xae4d4a80: ver 3 0 (tinfo 0xae4e77e0)
07-22 17:00:33.558 verbose SimplyDo SimplyDoActivity.onCreateOptionsMenu() called
07-22 17:00:33.558 verbose SimplyDo SimplyDoActivity.onPrepareOptionsMenu() called
07-22 17:00:33.611 info ViewInteraction Performing 'replace text' action on view (with id: kdk.android.simplydo:id/AddListEditText and Child at position 0 in parent (with id: kdk.android.simplydo:id/LinearLayout01 and Child at position 0 in parent (with id: kdk.android.simplydo:id/listsView and Child at position 0 in parent (with id: kdk.android.simplydo:id/ListsItemsSwitcher and Child at position 0 in parent Child at position 0 in parent with id: android:id/content))) and is displayed on the screen to the user)
07-22 17:00:33.635 info ViewInteraction Performing 'close keyboard' action on view (with id: kdk.android.simplydo:id/AddListEditText and Child at position 0 in parent (with id: kdk.android.simplydo:id/LinearLayout01 and Child at position 0 in parent (with id: kdk.android.simplydo:id/listsView and Child at position 0 in parent (with id: kdk.android.simplydo:id/ListsItemsSwitcher and Child at position 0 in parent Child at position 0 in parent with id: android:id/content))) and is displayed on the screen to the user)
07-22 17:00:33.638 warn CloseKeyboardAction Attempting to close soft keyboard, while it is not shown.
07-22 17:00:33.641 info ViewInteraction Performing 'single click' action on view (with id: kdk.android.simplydo:id/AddListButton and with text: is "Add" and Child at position 1 in parent (with id: kdk.android.simplydo:id/LinearLayout01 and Child at position 0 in parent (with id: kdk.android.simplydo:id/listsView and Child at position 0 in parent (with id: kdk.android.simplydo:id/ListsItemsSwitcher and Child at position 0 in parent Child at position 0 in parent with id: android:id/content))) and is displayed on the screen to the user)
07-22 17:00:33.683 debug SimplyDo Insert list List
07-22 17:00:33.699 debug SimplyDo fetchLists returned 16 items
07-22 17:00:33.945 info ViewInteraction Performing 'load adapter data' action on view (with id: kdk.android.simplydo:id/ListsListView and Child at position 1 in parent (with id: kdk.android.simplydo:id/listsView and Child at position 0 in parent (with id: kdk.android.simplydo:id/ListsItemsSwitcher and Child at position 0 in parent Child at position 0 in parent with id: android:id/content)))
07-22 17:00:33.959 info ViewInteraction Performing 'single click' action on view  displaying data matching: ANYTHING within adapter view matching: (with id: kdk.android.simplydo:id/ListsListView and Child at position 1 in parent (with id: kdk.android.simplydo:id/listsView and Child at position 0 in parent (with id: kdk.android.simplydo:id/ListsItemsSwitcher and Child at position 0 in parent Child at position 0 in parent with id: android:id/content)))
07-22 17:00:34.069 verbose SimplyDo ListsListReactor.onItemClick()
07-22 17:00:34.071 debug SimplyDo fetchItems returned 3 items
07-22 17:00:34.590 info ViewInteraction Performing 'replace text' action on view (with id: kdk.android.simplydo:id/AddItemEditText and Child at position 0 in parent (with id: kdk.android.simplydo:id/LinearLayout01 and Child at position 0 in parent (with id: kdk.android.simplydo:id/itemsView and Child at position 1 in parent (with id: kdk.android.simplydo:id/ListsItemsSwitcher and Child at position 0 in parent Child at position 0 in parent with id: android:id/content))) and is displayed on the screen to the user)
07-22 17:00:34.609 info ViewInteraction Performing 'close keyboard' action on view (with id: kdk.android.simplydo:id/AddItemEditText and Child at position 0 in parent (with id: kdk.android.simplydo:id/LinearLayout01 and Child at position 0 in parent (with id: kdk.android.simplydo:id/itemsView and Child at position 1 in parent (with id: kdk.android.simplydo:id/ListsItemsSwitcher and Child at position 0 in parent Child at position 0 in parent with id: android:id/content))) and is displayed on the screen to the user)
07-22 17:00:34.609 warn CloseKeyboardAction Attempting to close soft keyboard, while it is not shown.
07-22 17:00:34.611 info ViewInteraction Performing 'single click' action on view (with id: kdk.android.simplydo:id/AddItemButton and with text: is "Add" and Child at position 1 in parent (with id: kdk.android.simplydo:id/LinearLayout01 and Child at position 0 in parent (with id: kdk.android.simplydo:id/itemsView and Child at position 1 in parent (with id: kdk.android.simplydo:id/ListsItemsSwitcher and Child at position 0 in parent Child at position 0 in parent with id: android:id/content))) and is displayed on the screen to the user)
07-22 17:00:34.655 verbose SimplyDo DataManager.createItem(): Insert item Item
07-22 17:00:34.669 debug SimplyDo DataManager.createItem(): Inserted item and got id 11
07-22 17:00:34.924 debug LifecycleMonitor Lifecycle status change: kdk.android.simplydo.SimplyDoActivity@e3b459 in: PAUSED
07-22 17:00:34.924 debug LifecycleMonitor running callback: android.support.test.rule.ActivityTestRule$LifecycleCallback@41b0bc6
07-22 17:00:34.924 debug LifecycleMonitor callback completes: android.support.test.rule.ActivityTestRule$LifecycleCallback@41b0bc6
07-22 17:00:34.942 debug LifecycleMonitor Lifecycle status change: kdk.android.simplydo.SimplyDoActivity@e3b459 in: STOPPED
07-22 17:00:34.942 debug LifecycleMonitor running callback: android.support.test.rule.ActivityTestRule$LifecycleCallback@41b0bc6
07-22 17:00:34.942 debug LifecycleMonitor callback completes: android.support.test.rule.ActivityTestRule$LifecycleCallback@41b0bc6
07-22 17:00:34.942 verbose SimplyDo SimplyDoActivity.onDestroy() called
07-22 17:00:34.942 verbose SimplyDo CachingDataView.close(): Entered
07-22 17:00:34.942 debug SimplyDo CachingDataView.close(): Close interrupt required
07-22 17:00:34.942 debug SimplyDo CachingDataViewer.dbUpdateLoop(): interrupt exit
07-22 17:00:34.942 verbose SimplyDo CachingDataViewer.dbUpdateLoop(): Exit
07-22 17:00:34.943 verbose SimplyDo CachingDataView.close(): Exit
07-22 17:00:34.943 debug LifecycleMonitor Lifecycle status change: kdk.android.simplydo.SimplyDoActivity@e3b459 in: DESTROYED
07-22 17:00:34.943 debug LifecycleMonitor running callback: android.support.test.rule.ActivityTestRule$LifecycleCallback@41b0bc6
07-22 17:00:34.943 debug LifecycleMonitor callback completes: android.support.test.rule.ActivityTestRule$LifecycleCallback@41b0bc6
07-22 17:00:34.949 debug EGL_emulation eglMakeCurrent: 0xae4d4a80: ver 3 0 (tinfo 0xae4e77e0)
07-22 17:00:34.952 error Surface getSlotFromBufferLocked: unknown buffer: 0xae484220
07-22 17:00:34.955 debug OpenGLRenderer endAllStagingAnimators on 0xa1168180 (RippleDrawable) with handle 0xaa115600
07-22 17:00:34.965 info TestRunner finished: addItemC5(kdk.android.simplydo.C5.AddItemC5)
