07-22 17:00:45.716 info TestRunner started: addItemDefault(kdk.android.simplydo.Default.AddItemDefault)
07-22 17:00:45.724 info MonitoringInstr Activities that are still in CREATED to STOPPED: 0
07-22 17:00:45.727 warn ActivityTestRule getActivityIntent() returned null using default: Intent(Intent.ACTION_MAIN)
07-22 17:00:45.820 debug LifecycleMonitor Lifecycle status change: kdk.android.simplydo.SimplyDoActivity@17d87b1 in: PRE_ON_CREATE
07-22 17:00:45.821 verbose SimplyDo SimplyDoActivity.onCreate() called
07-22 17:00:45.843 verbose SimplyDo CachingDataViewer.dbUpdateLoop(): Entered
07-22 17:00:45.851 verbose SimplyDo CachingDataView.fetchLists(): Entered
07-22 17:00:45.862 debug SimplyDo fetchLists returned 25 items
07-22 17:00:45.863 verbose SimplyDo CachingDataView.fetchLists(): Exited
07-22 17:00:45.863 debug SimplyDo SimplyDoActivity.onCreate()
07-22 17:00:45.865 debug LifecycleMonitor Lifecycle status change: kdk.android.simplydo.SimplyDoActivity@17d87b1 in: CREATED
07-22 17:00:45.866 verbose SimplyDo SimplyDoActivity.onStart(): called
07-22 17:00:45.867 debug LifecycleMonitor Lifecycle status change: kdk.android.simplydo.SimplyDoActivity@17d87b1 in: STARTED
07-22 17:00:45.868 debug LifecycleMonitor Lifecycle status change: kdk.android.simplydo.SimplyDoActivity@17d87b1 in: RESUMED
07-22 17:00:45.968 debug EGL_emulation eglMakeCurrent: 0xae654c00: ver 3 0 (tinfo 0xae64b390)
07-22 17:00:46.021 verbose SimplyDo SimplyDoActivity.onCreateOptionsMenu() called
07-22 17:00:46.021 verbose SimplyDo SimplyDoActivity.onPrepareOptionsMenu() called
07-22 17:00:46.076 info ViewInteraction Performing 'replace text' action on view (with id: kdk.android.simplydo:id/AddListEditText and with content description: is "addlistedittext" and Child at position 0 in parent (with id: kdk.android.simplydo:id/LinearLayout01 and Child at position 0 in parent with id: kdk.android.simplydo:id/listsView) and is displayed on the screen to the user)
07-22 17:00:46.130 info ViewInteraction Performing 'close keyboard' action on view (with id: kdk.android.simplydo:id/AddListEditText and with content description: is "addlistedittext" and Child at position 0 in parent (with id: kdk.android.simplydo:id/LinearLayout01 and Child at position 0 in parent with id: kdk.android.simplydo:id/listsView) and is displayed on the screen to the user)
07-22 17:00:46.132 warn CloseKeyboardAction Attempting to close soft keyboard, while it is not shown.
07-22 17:00:46.135 info ViewInteraction Performing 'single click' action on view (with id: kdk.android.simplydo:id/AddListButton and with text: is "Add" and with content description: is "Add" and Child at position 1 in parent (with id: kdk.android.simplydo:id/LinearLayout01 and Child at position 0 in parent with id: kdk.android.simplydo:id/listsView) and is displayed on the screen to the user)
07-22 17:00:46.180 debug SimplyDo Insert list List
07-22 17:00:46.201 debug SimplyDo fetchLists returned 26 items
07-22 17:00:46.443 info ViewInteraction Performing 'load adapter data' action on view (with id: kdk.android.simplydo:id/ListsListView and Child at position 1 in parent with id: kdk.android.simplydo:id/listsView)
07-22 17:00:46.457 info ViewInteraction Performing 'single click' action on view  displaying data matching: ANYTHING within adapter view matching: (with id: kdk.android.simplydo:id/ListsListView and Child at position 1 in parent with id: kdk.android.simplydo:id/listsView)
07-22 17:00:46.565 verbose SimplyDo ListsListReactor.onItemClick()
07-22 17:00:46.568 debug SimplyDo fetchItems returned 8 items
07-22 17:00:47.095 info ViewInteraction Performing 'replace text' action on view (with id: kdk.android.simplydo:id/AddItemEditText and with content description: is "addItemEditText" and Child at position 0 in parent (with id: kdk.android.simplydo:id/LinearLayout01 and Child at position 0 in parent with id: kdk.android.simplydo:id/itemsView) and is displayed on the screen to the user)
07-22 17:00:47.126 info ViewInteraction Performing 'close keyboard' action on view (with id: kdk.android.simplydo:id/AddItemEditText and with content description: is "addItemEditText" and Child at position 0 in parent (with id: kdk.android.simplydo:id/LinearLayout01 and Child at position 0 in parent with id: kdk.android.simplydo:id/itemsView) and is displayed on the screen to the user)
07-22 17:00:47.129 warn CloseKeyboardAction Attempting to close soft keyboard, while it is not shown.
07-22 17:00:47.138 info ViewInteraction Performing 'single click' action on view (with id: kdk.android.simplydo:id/AddItemButton and with text: is "Add" and with content description: is "Add" and Child at position 1 in parent (with id: kdk.android.simplydo:id/LinearLayout01 and Child at position 0 in parent with id: kdk.android.simplydo:id/itemsView) and is displayed on the screen to the user)
07-22 17:00:47.185 verbose SimplyDo DataManager.createItem(): Insert item Item
07-22 17:00:47.198 debug SimplyDo DataManager.createItem(): Inserted item and got id 16
07-22 17:00:47.452 debug LifecycleMonitor Lifecycle status change: kdk.android.simplydo.SimplyDoActivity@17d87b1 in: PAUSED
07-22 17:00:47.452 debug LifecycleMonitor running callback: android.support.test.rule.ActivityTestRule$LifecycleCallback@85722bb
07-22 17:00:47.452 debug LifecycleMonitor callback completes: android.support.test.rule.ActivityTestRule$LifecycleCallback@85722bb
07-22 17:00:47.474 debug LifecycleMonitor Lifecycle status change: kdk.android.simplydo.SimplyDoActivity@17d87b1 in: STOPPED
07-22 17:00:47.474 debug LifecycleMonitor running callback: android.support.test.rule.ActivityTestRule$LifecycleCallback@85722bb
07-22 17:00:47.474 debug LifecycleMonitor callback completes: android.support.test.rule.ActivityTestRule$LifecycleCallback@85722bb
07-22 17:00:47.474 verbose SimplyDo SimplyDoActivity.onDestroy() called
07-22 17:00:47.474 verbose SimplyDo CachingDataView.close(): Entered
07-22 17:00:47.474 debug SimplyDo CachingDataView.close(): Close interrupt required
07-22 17:00:47.474 debug SimplyDo CachingDataViewer.dbUpdateLoop(): interrupt exit
07-22 17:00:47.474 verbose SimplyDo CachingDataViewer.dbUpdateLoop(): Exit
07-22 17:00:47.475 verbose SimplyDo CachingDataView.close(): Exit
07-22 17:00:47.475 debug LifecycleMonitor Lifecycle status change: kdk.android.simplydo.SimplyDoActivity@17d87b1 in: DESTROYED
07-22 17:00:47.475 debug LifecycleMonitor running callback: android.support.test.rule.ActivityTestRule$LifecycleCallback@85722bb
07-22 17:00:47.475 debug LifecycleMonitor callback completes: android.support.test.rule.ActivityTestRule$LifecycleCallback@85722bb
07-22 17:00:47.484 debug EGL_emulation eglMakeCurrent: 0xae654c00: ver 3 0 (tinfo 0xae64b390)
07-22 17:00:47.486 error Surface getSlotFromBufferLocked: unknown buffer: 0xae6c4d60
07-22 17:00:47.490 debug OpenGLRenderer endAllStagingAnimators on 0xa119aa00 (RippleDrawable) with handle 0xae4780c0
07-22 17:00:47.518 info TestRunner finished: addItemDefault(kdk.android.simplydo.Default.AddItemDefault)
