07-22 17:01:22.475 info TestRunner started: checkItemC6(kdk.android.simplydo.C6.CheckItemC6)
07-22 17:01:22.478 info MonitoringInstr Activities that are still in CREATED to STOPPED: 0
07-22 17:01:22.478 warn ActivityTestRule getActivityIntent() returned null using default: Intent(Intent.ACTION_MAIN)
07-22 17:01:22.507 debug LifecycleMonitor Lifecycle status change: kdk.android.simplydo.SimplyDoActivity@9425727 in: PRE_ON_CREATE
07-22 17:01:22.507 verbose SimplyDo SimplyDoActivity.onCreate() called
07-22 17:01:22.524 verbose SimplyDo CachingDataViewer.dbUpdateLoop(): Entered
07-22 17:01:22.538 verbose SimplyDo CachingDataView.fetchLists(): Entered
07-22 17:01:22.565 debug SimplyDo fetchLists returned 21 items
07-22 17:01:22.566 verbose SimplyDo CachingDataView.fetchLists(): Exited
07-22 17:01:22.566 debug SimplyDo SimplyDoActivity.onCreate()
07-22 17:01:22.567 debug LifecycleMonitor Lifecycle status change: kdk.android.simplydo.SimplyDoActivity@9425727 in: CREATED
07-22 17:01:22.568 verbose SimplyDo SimplyDoActivity.onStart(): called
07-22 17:01:22.569 debug LifecycleMonitor Lifecycle status change: kdk.android.simplydo.SimplyDoActivity@9425727 in: STARTED
07-22 17:01:22.571 debug LifecycleMonitor Lifecycle status change: kdk.android.simplydo.SimplyDoActivity@9425727 in: RESUMED
07-22 17:01:22.679 verbose SimplyDo SimplyDoActivity.onCreateOptionsMenu() called
07-22 17:01:22.680 verbose SimplyDo SimplyDoActivity.onPrepareOptionsMenu() called
07-22 17:01:22.692 debug EGL_emulation eglMakeCurrent: 0xa61055a0: ver 3 0 (tinfo 0xa61032b0)
07-22 17:01:22.733 info ViewInteraction Performing 'replace text' action on view (with id: kdk.android.simplydo:id/AddListEditText and is displayed on the screen to the user)
07-22 17:01:22.756 info ViewInteraction Performing 'close keyboard' action on view (with id: kdk.android.simplydo:id/AddListEditText and is displayed on the screen to the user)
07-22 17:01:22.758 warn CloseKeyboardAction Attempting to close soft keyboard, while it is not shown.
07-22 17:01:22.760 info ViewInteraction Performing 'single click' action on view (with id: kdk.android.simplydo:id/AddListButton and with text: is "Add" and is displayed on the screen to the user)
07-22 17:01:22.816 debug SimplyDo Insert list List
07-22 17:01:22.858 debug SimplyDo fetchLists returned 22 items
07-22 17:01:23.118 debug LifecycleMonitor Lifecycle status change: kdk.android.simplydo.SimplyDoActivity@9425727 in: PAUSED
07-22 17:01:23.118 debug LifecycleMonitor running callback: android.support.test.rule.ActivityTestRule$LifecycleCallback@7d7f32d
07-22 17:01:23.118 debug LifecycleMonitor callback completes: android.support.test.rule.ActivityTestRule$LifecycleCallback@7d7f32d
07-22 17:01:23.281 debug EGL_emulation eglMakeCurrent: 0xa61055a0: ver 3 0 (tinfo 0xa61032b0)
07-22 17:01:23.288 debug OpenGLRenderer endAllActiveAnimators on 0x91716680 (RippleDrawable) with handle 0xa6103ef0
07-22 17:01:23.298 info TestRunner failed: checkItemC6(kdk.android.simplydo.C6.CheckItemC6)
07-22 17:01:23.298 info TestRunner ----- begin exception -----
07-22 17:01:23.299 info TestRunner android.support.test.espresso.AmbiguousViewMatcherException: '(with class name: is "android.widget.LinearLayout" and is displayed on the screen to the user)' matches multiple views in the hierarchy.
07-22 17:01:23.299 info TestRunner Problem views are marked with '****MATCHES****' below.
07-22 17:01:23.299 info TestRunner View Hierarchy:
07-22 17:01:23.299 info TestRunner +>DecorView{id=-1, visibility=VISIBLE, width=1080, height=1920, has-focus=true, has-focusable=true, has-window-focus=true, is-clickable=false, is-enabled=true, is-focused=false, is-focusable=false, is-layout-requested=false, is-selected=false, layout-params=WM.LayoutParams{(0,0)(fillxfill) sim=#3 ty=1 fl=#81810100 pfl=0x20000 wanim=0x10302f6 needsMenuKey=2 colorMode=0}, tag=null, root-is-layout-requested=false, has-input-connection=false, x=0.0, y=0.0, child-count=3} 
07-22 17:01:23.299 info TestRunner |
07-22 17:01:23.299 info TestRunner +->ActionBarOverlayLayout{id=16908822, res-name=decor_content_parent, visibility=VISIBLE, width=1080, height=1794, has-focus=true, has-focusable=true, has-window-focus=true, is-clickable=false, is-enabled=true, is-focused=false, is-focusable=false, is-layout-requested=false, is-selected=false, layout-params=android.widget.FrameLayout$LayoutParams@8fc916d, tag=null, root-is-layout-requested=false, has-input-connection=false, x=0.0, y=0.0, child-count=2} 
07-22 17:01:23.299 info TestRunner |
07-22 17:01:23.299 info TestRunner +-->FrameLayout{id=16908290, res-name=content, visibility=VISIBLE, width=1080, height=1584, has-focus=true, has-focusable=true, has-window-focus=true, is-clickable=false, is-enabled=true, is-focused=false, is-focusable=false, is-layout-requested=false, is-selected=false, layout-params=com.android.internal.widget.ActionBarOverlayLayout$LayoutParams@f2751a2, tag=null, root-is-layout-requested=false, has-input-connection=false, x=0.0, y=210.0, child-count=1} 
07-22 17:01:23.299 info TestRunner |
07-22 17:01:23.299 info TestRunner +--->LinearLayout{id=-1, visibility=VISIBLE, width=1080, height=1584, has-focus=true, has-focusable=true, has-window-focus=true, is-clickable=false, is-enabled=true, is-focused=false, is-focusable=false, is-layout-requested=false, is-selected=false, layout-params=android.widget.FrameLayout$LayoutParams@e9c05f0, tag=null, root-is-layout-requested=false, has-input-connection=false, x=0.0, y=0.0, child-count=1} ****MATCHES****
07-22 17:01:23.299 info TestRunner |
07-22 17:01:23.299 info TestRunner +---->ViewSwitcher{id=2130903049, res-name=ListsItemsSwitcher, visibility=VISIBLE, width=1080, height=1584, has-focus=true, has-focusable=true, has-window-focus=true, is-clickable=false, is-enabled=true, is-focused=false, is-focusable=false, is-layout-requested=false, is-selected=false, layout-params=android.widget.LinearLayout$LayoutParams@f4ce5ee, tag=null, root-is-layout-requested=false, has-input-connection=false, x=0.0, y=0.0, child-count=2} 
07-22 17:01:23.299 info TestRunner |
07-22 17:01:23.299 info TestRunner +----->LinearLayout{id=2130903059, res-name=listsView, visibility=VISIBLE, width=1080, height=1584, has-focus=true, has-focusable=true, has-window-focus=true, is-clickable=false, is-enabled=true, is-focused=false, is-focusable=false, is-layout-requested=false, is-selected=false, layout-params=android.widget.FrameLayout$LayoutParams@5e09a8f, tag=null, root-is-layout-requested=false, has-input-connection=false, x=0.0, y=0.0, child-count=2} ****MATCHES****
07-22 17:01:23.299 info TestRunner |
07-22 17:01:23.299 info TestRunner +------>LinearLayout{id=2130903048, res-name=LinearLayout01, visibility=VISIBLE, width=1080, height=126, has-focus=true, has-focusable=true, has-window-focus=true, is-clickable=false, is-enabled=true, is-focused=false, is-focusable=false, is-layout-requested=false, is-selected=false, layout-params=android.widget.LinearLayout$LayoutParams@953911c, tag=null, root-is-layout-requested=false, has-input-connection=false, x=0.0, y=0.0, child-count=2} ****MATCHES****
07-22 17:01:23.299 info TestRunner |
07-22 17:01:23.299 info TestRunner +------->EditText{id=2130903043, res-name=AddListEditText, desc=addlistedittext, visibility=VISIBLE, width=849, height=126, has-focus=true, has-focusable=true, has-window-focus=true, is-clickable=true, is-enabled=true, is-focused=true, is-focusable=true, is-layout-requested=false, is-selected=false, layout-params=android.widget.LinearLayout$LayoutParams@6738125, tag=null, root-is-layout-requested=false, has-input-connection=true, editor-info=[inputType=0x31 imeOptions=0x8000006 privateImeOptions=null actionLabel=null actionId=0 initialSelStart=0 initialSelEnd=0 initialC
07-22 17:01:23.299 info TestRunner ----- end exception -----
07-22 17:01:23.303 info TestRunner finished: checkItemC6(kdk.android.simplydo.C6.CheckItemC6)
