07-22 17:00:18.800 info TestRunner started: changeSettingsDefauC4(kdk.android.simplydo.C4.ChangeSettingsC4)
07-22 17:00:18.805 info MonitoringInstr Activities that are still in CREATED to STOPPED: 0
07-22 17:00:18.808 warn ActivityTestRule getActivityIntent() returned null using default: Intent(Intent.ACTION_MAIN)
07-22 17:00:18.922 debug LifecycleMonitor Lifecycle status change: kdk.android.simplydo.SimplyDoActivity@36155df in: PRE_ON_CREATE
07-22 17:00:18.922 verbose SimplyDo SimplyDoActivity.onCreate() called
07-22 17:00:18.945 verbose SimplyDo CachingDataViewer.dbUpdateLoop(): Entered
07-22 17:00:18.948 verbose SimplyDo CachingDataView.fetchLists(): Entered
07-22 17:00:18.952 debug SimplyDo fetchLists returned 11 items
07-22 17:00:18.953 verbose SimplyDo CachingDataView.fetchLists(): Exited
07-22 17:00:18.953 debug SimplyDo SimplyDoActivity.onCreate()
07-22 17:00:18.954 debug LifecycleMonitor Lifecycle status change: kdk.android.simplydo.SimplyDoActivity@36155df in: CREATED
07-22 17:00:18.955 verbose SimplyDo SimplyDoActivity.onStart(): called
07-22 17:00:18.955 debug LifecycleMonitor Lifecycle status change: kdk.android.simplydo.SimplyDoActivity@36155df in: STARTED
07-22 17:00:18.957 debug LifecycleMonitor Lifecycle status change: kdk.android.simplydo.SimplyDoActivity@36155df in: RESUMED
07-22 17:00:19.092 debug EGL_emulation eglMakeCurrent: 0xae4d4a80: ver 3 0 (tinfo 0xae4e77e0)
07-22 17:00:19.141 verbose SimplyDo SimplyDoActivity.onCreateOptionsMenu() called
07-22 17:00:19.141 verbose SimplyDo SimplyDoActivity.onPrepareOptionsMenu() called
07-22 17:00:19.204 info ViewInteraction Performing 'Handle transition between action bar and action bar context.' action on view is a root view.
07-22 17:00:19.208 info ViewInteraction Performing 'single click' action on view ((is displayed on the screen to the user and with content description: is "More options") or (is displayed on the screen to the user and with class name: a string ending with "OverflowMenuButton"))
07-22 17:00:19.270 verbose SimplyDo SimplyDoActivity.onPrepareOptionsMenu() called
07-22 17:00:19.328 debug EGL_emulation eglMakeCurrent: 0xae4d4a80: ver 3 0 (tinfo 0xae4e77e0)
07-22 17:00:19.379 debug EGL_emulation eglMakeCurrent: 0xae4d4a80: ver 3 0 (tinfo 0xae4e77e0)
07-22 17:00:19.387 debug EGL_emulation eglMakeCurrent: 0xae4d4a80: ver 3 0 (tinfo 0xae4e77e0)
07-22 17:00:19.606 info ViewInteraction Performing 'single click' action on view (with id: android:id/title and with text: is "Settings" and Child at position 0 in parent Child at position 0 in parent with class name: is "com.android.internal.view.menu.ListMenuItemView" and is displayed on the screen to the user)
07-22 17:00:19.718 verbose SimplyDo SimplyDoActivity.onMenuItemSelected() called
07-22 17:00:19.789 debug LifecycleMonitor Lifecycle status change: kdk.android.simplydo.SimplyDoActivity@36155df in: PAUSED
07-22 17:00:19.806 debug LifecycleMonitor running callback: android.support.test.rule.ActivityTestRule$LifecycleCallback@242ad9
07-22 17:00:19.822 debug LifecycleMonitor callback completes: android.support.test.rule.ActivityTestRule$LifecycleCallback@242ad9
07-22 17:00:19.843 debug LifecycleMonitor Lifecycle status change: kdk.android.simplydo.SettingsActivity@14a8c9e in: PRE_ON_CREATE
07-22 17:00:19.844 debug LifecycleMonitor running callback: android.support.test.rule.ActivityTestRule$LifecycleCallback@242ad9
07-22 17:00:19.844 debug LifecycleMonitor callback completes: android.support.test.rule.ActivityTestRule$LifecycleCallback@242ad9
07-22 17:00:19.864 debug LifecycleMonitor Lifecycle status change: kdk.android.simplydo.SettingsActivity@14a8c9e in: CREATED
07-22 17:00:19.864 debug LifecycleMonitor running callback: android.support.test.rule.ActivityTestRule$LifecycleCallback@242ad9
07-22 17:00:19.864 debug LifecycleMonitor callback completes: android.support.test.rule.ActivityTestRule$LifecycleCallback@242ad9
07-22 17:00:19.865 debug LifecycleMonitor Lifecycle status change: kdk.android.simplydo.SettingsActivity@14a8c9e in: STARTED
07-22 17:00:19.865 debug LifecycleMonitor running callback: android.support.test.rule.ActivityTestRule$LifecycleCallback@242ad9
07-22 17:00:19.865 debug LifecycleMonitor callback completes: android.support.test.rule.ActivityTestRule$LifecycleCallback@242ad9
07-22 17:00:19.866 debug LifecycleMonitor Lifecycle status change: kdk.android.simplydo.SettingsActivity@14a8c9e in: RESUMED
07-22 17:00:19.866 debug LifecycleMonitor running callback: android.support.test.rule.ActivityTestRule$LifecycleCallback@242ad9
07-22 17:00:19.866 debug LifecycleMonitor callback completes: android.support.test.rule.ActivityTestRule$LifecycleCallback@242ad9
07-22 17:00:19.960 debug EGL_emulation eglMakeCurrent: 0xae4d4a80: ver 3 0 (tinfo 0xae4e77e0)
07-22 17:00:19.972 debug EGL_emulation eglMakeCurrent: 0xae4d4a80: ver 3 0 (tinfo 0xae4e77e0)
07-22 17:00:20.049 debug EGL_emulation eglMakeCurrent: 0xae4d4a80: ver 3 0 (tinfo 0xae4e77e0)
07-22 17:00:20.065 debug EGL_emulation eglMakeCurrent: 0xae4d4a80: ver 3 0 (tinfo 0xae4e77e0)
07-22 17:00:20.104 debug EGL_emulation eglMakeCurrent: 0xae4d4a80: ver 3 0 (tinfo 0xae4e77e0)
07-22 17:00:20.117 debug EGL_emulation eglMakeCurrent: 0xae4d4a80: ver 3 0 (tinfo 0xae4e77e0)
07-22 17:00:20.143 error Surface getSlotFromBufferLocked: unknown buffer: 0xae484720
07-22 17:00:20.153 debug EGL_emulation eglMakeCurrent: 0xae4d4a80: ver 3 0 (tinfo 0xae4e77e0)
07-22 17:00:20.156 error Surface getSlotFromBufferLocked: unknown buffer: 0xae484540
07-22 17:00:20.160 debug OpenGLRenderer endAllStagingAnimators on 0xa16f2400 (ListPopupWindow$DropDownListView) with handle 0xaa1158a0
07-22 17:00:20.232 info ViewInteraction Performing 'load adapter data' action on view (with id: android:id/list and Child at position 0 in parent with class name: is "android.widget.LinearLayout")
07-22 17:00:20.248 info ViewInteraction Performing 'single click' action on view  displaying data matching: ANYTHING within adapter view matching: (with id: android:id/list and Child at position 0 in parent with class name: is "android.widget.LinearLayout")
07-22 17:00:20.265 debug EGL_emulation eglMakeCurrent: 0xae4d4a80: ver 3 0 (tinfo 0xae4e77e0)
07-22 17:00:20.371 verbose SimplyDo onPreferenceTreeClick() for key listSorting
07-22 17:00:20.413 debug EGL_emulation eglMakeCurrent: 0xae4d4a80: ver 3 0 (tinfo 0xae4e77e0)
07-22 17:00:20.423 debug EGL_emulation eglMakeCurrent: 0xae4d4a80: ver 3 0 (tinfo 0xae4e77e0)
07-22 17:00:20.444 debug EGL_emulation eglMakeCurrent: 0xae4d4a80: ver 3 0 (tinfo 0xae4e77e0)
07-22 17:00:20.453 debug EGL_emulation eglMakeCurrent: 0xae4d4a80: ver 3 0 (tinfo 0xae4e77e0)
07-22 17:00:20.463 debug EGL_emulation eglMakeCurrent: 0xae4d4a80: ver 3 0 (tinfo 0xae4e77e0)
07-22 17:00:20.472 debug EGL_emulation eglMakeCurrent: 0xae4d4a80: ver 3 0 (tinfo 0xae4e77e0)
07-22 17:00:20.548 info ViewInteraction Performing 'load adapter data' action on view (with class name: is "com.android.internal.app.AlertController$RecycleListView" and Child at position 0 in parent with class name: is "android.widget.FrameLayout")
07-22 17:00:20.569 info ViewInteraction Performing 'single click' action on view  displaying data matching: ANYTHING within adapter view matching: (with class name: is "com.android.internal.app.AlertController$RecycleListView" and Child at position 0 in parent with class name: is "android.widget.FrameLayout")
07-22 17:00:20.582 debug EGL_emulation eglMakeCurrent: 0xae4d4a80: ver 3 0 (tinfo 0xae4e77e0)
07-22 17:00:20.594 debug EGL_emulation eglMakeCurrent: 0xae4d4a80: ver 3 0 (tinfo 0xae4e77e0)
07-22 17:00:20.665 debug EGL_emulation eglMakeCurrent: 0xae4d4a80: ver 3 0 (tinfo 0xae4e77e0)
07-22 17:00:20.670 verbose SimplyDo SimplyDoActivity.onSaveInstanceState() called
07-22 17:00:20.675 debug LifecycleMonitor Lifecycle status change: kdk.android.simplydo.SimplyDoActivity@36155df in: STOPPED
07-22 17:00:20.676 debug LifecycleMonitor running callback: android.support.test.rule.ActivityTestRule$LifecycleCallback@242ad9
07-22 17:00:20.676 debug LifecycleMonitor callback completes: android.support.test.rule.ActivityTestRule$LifecycleCallback@242ad9
07-22 17:00:20.750 debug EGL_emulation eglMakeCurrent: 0xae4d4a80: ver 3 0 (tinfo 0xae4e77e0)
07-22 17:00:20.796 debug EGL_emulation eglMakeCurrent: 0xae4d4a80: ver 3 0 (tinfo 0xae4e77e0)
07-22 17:00:20.874 debug EGL_emulation eglMakeCurrent: 0xae4d4a80: ver 3 0 (tinfo 0xae4e77e0)
07-22 17:00:20.881 error Surface getSlotFromBufferLocked: unknown buffer: 0xae484180
07-22 17:00:20.902 debug EGL_emulation eglMakeCurrent: 0xae4d4a80: ver 3 0 (tinfo 0xae4e77e0)
07-22 17:00:23.772 info ViewInteraction Performing 'load adapter data' action on view (with id: android:id/list and Child at position 0 in parent with class name: is "android.widget.LinearLayout")
07-22 17:00:23.787 info ViewInteraction Performing 'single click' action on view  displaying data matching: ANYTHING within adapter view matching: (with id: android:id/list and Child at position 0 in parent with class name: is "android.widget.LinearLayout")
07-22 17:00:23.918 verbose SimplyDo onPreferenceTreeClick() for key itemSorting
07-22 17:00:23.961 debug EGL_emulation eglMakeCurrent: 0xae4d4a80: ver 3 0 (tinfo 0xae4e77e0)
07-22 17:00:23.964 debug EGL_emulation eglMakeCurrent: 0xae4d4a80: ver 3 0 (tinfo 0xae4e77e0)
07-22 17:00:23.994 debug EGL_emulation eglMakeCurrent: 0xae4d4a80: ver 3 0 (tinfo 0xae4e77e0)
07-22 17:00:24.020 debug EGL_emulation eglMakeCurrent: 0xae4d4a80: ver 3 0 (tinfo 0xae4e77e0)
07-22 17:00:24.030 debug EGL_emulation eglMakeCurrent: 0xae4d4a80: ver 3 0 (tinfo 0xae4e77e0)
07-22 17:00:24.043 debug EGL_emulation eglMakeCurrent: 0xae4d4a80: ver 3 0 (tinfo 0xae4e77e0)
07-22 17:00:24.124 info ViewInteraction Performing 'load adapter data' action on view (with class name: is "com.android.internal.app.AlertController$RecycleListView" and Child at position 0 in parent with class name: is "android.widget.FrameLayout")
07-22 17:00:24.144 info ViewInteraction Performing 'single click' action on view  displaying data matching: ANYTHING within adapter view matching: (with class name: is "com.android.internal.app.AlertController$RecycleListView" and Child at position 0 in parent with class name: is "android.widget.FrameLayout")
07-22 17:00:24.161 debug EGL_emulation eglMakeCurrent: 0xae4d4a80: ver 3 0 (tinfo 0xae4e77e0)
07-22 17:00:24.171 debug EGL_emulation eglMakeCurrent: 0xae4d4a80: ver 3 0 (tinfo 0xae4e77e0)
07-22 17:00:24.210 debug EGL_emulation eglMakeCurrent: 0xae4d4a80: ver 3 0 (tinfo 0xae4e77e0)
07-22 17:00:24.269 debug EGL_emulation eglMakeCurrent: 0xae4d4a80: ver 3 0 (tinfo 0xae4e77e0)
07-22 17:00:24.271 error Surface getSlotFromBufferLocked: unknown buffer: 0xae484180
07-22 17:00:24.288 debug EGL_emulation eglMakeCurrent: 0xae4d4a80: ver 3 0 (tinfo 0xae4e77e0)
07-22 17:00:24.431 info ViewInteraction Performing 'load adapter data' action on view (with id: android:id/list and Child at position 0 in parent with class name: is "android.widget.LinearLayout")
07-22 17:00:24.449 info ViewInteraction Performing 'single click' action on view  displaying data matching: ANYTHING within adapter view matching: (with id: android:id/list and Child at position 0 in parent with class name: is "android.widget.LinearLayout")
07-22 17:00:24.574 verbose SimplyDo onPreferenceTreeClick() for key restoreDb
07-22 17:00:24.601 debug LifecycleMonitor Lifecycle status change: kdk.android.simplydo.SettingsActivity@14a8c9e in: PAUSED
07-22 17:00:24.603 debug LifecycleMonitor running callback: android.support.test.rule.ActivityTestRule$LifecycleCallback@242ad9
07-22 17:00:24.603 debug LifecycleMonitor callback completes: android.support.test.rule.ActivityTestRule$LifecycleCallback@242ad9
07-22 17:00:24.631 debug LifecycleMonitor Lifecycle status change: kdk.android.simplydo.RestoreActivity@68d04 in: PRE_ON_CREATE
07-22 17:00:24.631 debug LifecycleMonitor running callback: android.support.test.rule.ActivityTestRule$LifecycleCallback@242ad9
07-22 17:00:24.631 debug LifecycleMonitor callback completes: android.support.test.rule.ActivityTestRule$LifecycleCallback@242ad9
07-22 17:00:24.632 verbose SimplyDo RestoreActivity.onCreate() called
07-22 17:00:24.654 debug LifecycleMonitor Lifecycle status change: kdk.android.simplydo.RestoreActivity@68d04 in: CREATED
07-22 17:00:24.654 debug LifecycleMonitor running callback: android.support.test.rule.ActivityTestRule$LifecycleCallback@242ad9
07-22 17:00:24.654 debug LifecycleMonitor callback completes: android.support.test.rule.ActivityTestRule$LifecycleCallback@242ad9
07-22 17:00:24.655 debug LifecycleMonitor Lifecycle status change: kdk.android.simplydo.RestoreActivity@68d04 in: STARTED
07-22 17:00:24.655 debug LifecycleMonitor running callback: android.support.test.rule.ActivityTestRule$LifecycleCallback@242ad9
07-22 17:00:24.655 debug LifecycleMonitor callback completes: android.support.test.rule.ActivityTestRule$LifecycleCallback@242ad9
07-22 17:00:24.656 debug LifecycleMonitor Lifecycle status change: kdk.android.simplydo.RestoreActivity@68d04 in: RESUMED
07-22 17:00:24.656 debug LifecycleMonitor running callback: android.support.test.rule.ActivityTestRule$LifecycleCallback@242ad9
07-22 17:00:24.656 debug LifecycleMonitor callback completes: android.support.test.rule.ActivityTestRule$LifecycleCallback@242ad9
07-22 17:00:24.760 debug EGL_emulation eglMakeCurrent: 0xae4d4a80: ver 3 0 (tinfo 0xae4e77e0)
07-22 17:00:24.785 debug EGL_emulation eglMakeCurrent: 0xae4d4a80: ver 3 0 (tinfo 0xae4e77e0)
07-22 17:00:24.792 debug EGL_emulation eglMakeCurrent: 0xae4d4a80: ver 3 0 (tinfo 0xae4e77e0)
07-22 17:00:24.814 debug EGL_emulation eglMakeCurrent: 0xae4d4a80: ver 3 0 (tinfo 0xae4e77e0)
07-22 17:00:24.829 debug EGL_emulation eglMakeCurrent: 0xae4d4a80: ver 3 0 (tinfo 0xae4e77e0)
07-22 17:00:24.855 error Surface getSlotFromBufferLocked: unknown buffer: 0xae484c20
07-22 17:00:24.858 debug OpenGLRenderer endAllStagingAnimators on 0xa0bef400 (ListView) with handle 0xaa1153e0
07-22 17:00:24.930 info ViewInteraction Performing 'send keyCode: 4, metaState: 0 key event' action on view is a root view.
07-22 17:00:24.945 debug LifecycleMonitor Lifecycle status change: kdk.android.simplydo.RestoreActivity@68d04 in: PAUSED
07-22 17:00:24.946 debug LifecycleMonitor running callback: android.support.test.rule.ActivityTestRule$LifecycleCallback@242ad9
07-22 17:00:24.946 debug LifecycleMonitor callback completes: android.support.test.rule.ActivityTestRule$LifecycleCallback@242ad9
07-22 17:00:24.952 debug LifecycleMonitor Lifecycle status change: kdk.android.simplydo.SettingsActivity@14a8c9e in: RESUMED
07-22 17:00:24.952 debug LifecycleMonitor running callback: android.support.test.rule.ActivityTestRule$LifecycleCallback@242ad9
07-22 17:00:24.952 debug LifecycleMonitor callback completes: android.support.test.rule.ActivityTestRule$LifecycleCallback@242ad9
07-22 17:00:24.983 debug EGL_emulation eglMakeCurrent: 0xae4d4a80: ver 3 0 (tinfo 0xae4e77e0)
07-22 17:00:25.022 error Surface getSlotFromBufferLocked: unknown buffer: 0xae484540
07-22 17:00:25.031 debug LifecycleMonitor Lifecycle status change: kdk.android.simplydo.RestoreActivity@68d04 in: STOPPED
07-22 17:00:25.032 debug LifecycleMonitor running callback: android.support.test.rule.ActivityTestRule$LifecycleCallback@242ad9
07-22 17:00:25.032 debug LifecycleMonitor callback completes: android.support.test.rule.ActivityTestRule$LifecycleCallback@242ad9
07-22 17:00:25.032 debug LifecycleMonitor Lifecycle status change: kdk.android.simplydo.RestoreActivity@68d04 in: DESTROYED
07-22 17:00:25.032 debug LifecycleMonitor running callback: android.support.test.rule.ActivityTestRule$LifecycleCallback@242ad9
07-22 17:00:25.032 debug LifecycleMonitor callback completes: android.support.test.rule.ActivityTestRule$LifecycleCallback@242ad9
07-22 17:00:25.180 info ViewInteraction Performing 'send keyCode: 4, metaState: 0 key event' action on view is a root view.
07-22 17:00:25.201 debug LifecycleMonitor Lifecycle status change: kdk.android.simplydo.SettingsActivity@14a8c9e in: PAUSED
07-22 17:00:25.201 debug LifecycleMonitor running callback: android.support.test.rule.ActivityTestRule$LifecycleCallback@242ad9
07-22 17:00:25.201 debug LifecycleMonitor callback completes: android.support.test.rule.ActivityTestRule$LifecycleCallback@242ad9
07-22 17:00:25.208 debug LifecycleMonitor Lifecycle status change: kdk.android.simplydo.SimplyDoActivity@36155df in: RESTARTED
07-22 17:00:25.208 debug LifecycleMonitor running callback: android.support.test.rule.ActivityTestRule$LifecycleCallback@242ad9
07-22 17:00:25.208 debug LifecycleMonitor callback completes: android.support.test.rule.ActivityTestRule$LifecycleCallback@242ad9
07-22 17:00:25.213 verbose SimplyDo SimplyDoActivity.onStart(): called
07-22 17:00:25.213 debug LifecycleMonitor Lifecycle status change: kdk.android.simplydo.SimplyDoActivity@36155df in: STARTED
07-22 17:00:25.213 debug LifecycleMonitor running callback: android.support.test.rule.ActivityTestRule$LifecycleCallback@242ad9
07-22 17:00:25.213 debug LifecycleMonitor callback completes: android.support.test.rule.ActivityTestRule$LifecycleCallback@242ad9
07-22 17:00:25.213 debug LifecycleMonitor Lifecycle status change: kdk.android.simplydo.SimplyDoActivity@36155df in: RESUMED
07-22 17:00:25.213 debug LifecycleMonitor running callback: android.support.test.rule.ActivityTestRule$LifecycleCallback@242ad9
07-22 17:00:25.213 debug LifecycleMonitor callback completes: android.support.test.rule.ActivityTestRule$LifecycleCallback@242ad9
07-22 17:00:25.253 debug EGL_emulation eglMakeCurrent: 0xae4d4a80: ver 3 0 (tinfo 0xae4e77e0)
07-22 17:00:25.304 debug LifecycleMonitor Lifecycle status change: kdk.android.simplydo.SettingsActivity@14a8c9e in: STOPPED
07-22 17:00:25.304 debug LifecycleMonitor running callback: android.support.test.rule.ActivityTestRule$LifecycleCallback@242ad9
07-22 17:00:25.304 debug LifecycleMonitor callback completes: android.support.test.rule.ActivityTestRule$LifecycleCallback@242ad9
07-22 17:00:25.304 debug LifecycleMonitor Lifecycle status change: kdk.android.simplydo.SettingsActivity@14a8c9e in: DESTROYED
07-22 17:00:25.304 debug LifecycleMonitor running callback: android.support.test.rule.ActivityTestRule$LifecycleCallback@242ad9
07-22 17:00:25.304 debug LifecycleMonitor callback completes: android.support.test.rule.ActivityTestRule$LifecycleCallback@242ad9
07-22 17:00:25.309 error Surface getSlotFromBufferLocked: unknown buffer: 0xae4842c0
07-22 17:00:25.515 debug LifecycleMonitor Lifecycle status change: kdk.android.simplydo.SimplyDoActivity@36155df in: PAUSED
07-22 17:00:25.515 debug LifecycleMonitor running callback: android.support.test.rule.ActivityTestRule$LifecycleCallback@242ad9
07-22 17:00:25.515 debug LifecycleMonitor callback completes: android.support.test.rule.ActivityTestRule$LifecycleCallback@242ad9
07-22 17:00:25.542 info TestRunner finished: changeSettingsDefauC4(kdk.android.simplydo.C4.ChangeSettingsC4)
