07-22 17:00:27.967 info TestRunner started: createListsDefauC4(kdk.android.simplydo.C4.CreateListsC4)
07-22 17:00:27.971 info MonitoringInstr Activities that are still in CREATED to STOPPED: 0
07-22 17:00:27.980 warn ActivityTestRule getActivityIntent() returned null using default: Intent(Intent.ACTION_MAIN)
07-22 17:00:28.166 debug LifecycleMonitor Lifecycle status change: kdk.android.simplydo.SimplyDoActivity@5d7c27f in: PRE_ON_CREATE
07-22 17:00:28.167 verbose SimplyDo SimplyDoActivity.onCreate() called
07-22 17:00:28.182 verbose SimplyDo CachingDataViewer.dbUpdateLoop(): Entered
07-22 17:00:28.184 verbose SimplyDo CachingDataView.fetchLists(): Entered
07-22 17:00:28.190 debug SimplyDo fetchLists returned 12 items
07-22 17:00:28.190 verbose SimplyDo CachingDataView.fetchLists(): Exited
07-22 17:00:28.190 debug SimplyDo SimplyDoActivity.onCreate()
07-22 17:00:28.195 debug LifecycleMonitor Lifecycle status change: kdk.android.simplydo.SimplyDoActivity@5d7c27f in: CREATED
07-22 17:00:28.196 verbose SimplyDo SimplyDoActivity.onStart(): called
07-22 17:00:28.197 debug LifecycleMonitor Lifecycle status change: kdk.android.simplydo.SimplyDoActivity@5d7c27f in: STARTED
07-22 17:00:28.198 debug LifecycleMonitor Lifecycle status change: kdk.android.simplydo.SimplyDoActivity@5d7c27f in: RESUMED
07-22 17:00:28.292 debug EGL_emulation eglMakeCurrent: 0xae4d4a80: ver 3 0 (tinfo 0xae4e77e0)
07-22 17:00:28.326 verbose SimplyDo SimplyDoActivity.onCreateOptionsMenu() called
07-22 17:00:28.327 verbose SimplyDo SimplyDoActivity.onPrepareOptionsMenu() called
07-22 17:00:28.355 info ViewInteraction Performing 'replace text' action on view (with id: kdk.android.simplydo:id/AddListEditText and Child at position 0 in parent (with id: kdk.android.simplydo:id/LinearLayout01 and Child at position 0 in parent with id: kdk.android.simplydo:id/listsView) and is displayed on the screen to the user)
07-22 17:00:28.389 info ViewInteraction Performing 'close keyboard' action on view (with id: kdk.android.simplydo:id/AddListEditText and Child at position 0 in parent (with id: kdk.android.simplydo:id/LinearLayout01 and Child at position 0 in parent with id: kdk.android.simplydo:id/listsView) and is displayed on the screen to the user)
07-22 17:00:28.391 warn CloseKeyboardAction Attempting to close soft keyboard, while it is not shown.
07-22 17:00:28.394 info ViewInteraction Performing 'single click' action on view (with id: kdk.android.simplydo:id/AddListButton and with text: is "Add" and Child at position 1 in parent (with id: kdk.android.simplydo:id/LinearLayout01 and Child at position 0 in parent with id: kdk.android.simplydo:id/listsView) and is displayed on the screen to the user)
07-22 17:00:28.444 debug SimplyDo Insert list List
07-22 17:00:28.460 debug SimplyDo fetchLists returned 13 items
07-22 17:00:28.693 info ViewInteraction Performing 'replace text' action on view (with id: kdk.android.simplydo:id/AddListEditText and Child at position 0 in parent (with id: kdk.android.simplydo:id/LinearLayout01 and Child at position 0 in parent with id: kdk.android.simplydo:id/listsView) and is displayed on the screen to the user)
07-22 17:00:28.745 info ViewInteraction Performing 'close keyboard' action on view (with id: kdk.android.simplydo:id/AddListEditText and Child at position 0 in parent (with id: kdk.android.simplydo:id/LinearLayout01 and Child at position 0 in parent with id: kdk.android.simplydo:id/listsView) and is displayed on the screen to the user)
07-22 17:00:28.745 warn CloseKeyboardAction Attempting to close soft keyboard, while it is not shown.
07-22 17:00:28.747 info ViewInteraction Performing 'single click' action on view (with id: kdk.android.simplydo:id/AddListButton and with text: is "Add" and Child at position 1 in parent (with id: kdk.android.simplydo:id/LinearLayout01 and Child at position 0 in parent with id: kdk.android.simplydo:id/listsView) and is displayed on the screen to the user)
07-22 17:00:28.790 debug SimplyDo Insert list List2
07-22 17:00:28.809 debug SimplyDo fetchLists returned 14 items
07-22 17:00:29.072 debug LifecycleMonitor Lifecycle status change: kdk.android.simplydo.SimplyDoActivity@5d7c27f in: PAUSED
07-22 17:00:29.072 debug LifecycleMonitor running callback: android.support.test.rule.ActivityTestRule$LifecycleCallback@5d0b0b8
07-22 17:00:29.072 debug LifecycleMonitor callback completes: android.support.test.rule.ActivityTestRule$LifecycleCallback@5d0b0b8
07-22 17:00:29.094 debug LifecycleMonitor Lifecycle status change: kdk.android.simplydo.SimplyDoActivity@5d7c27f in: STOPPED
07-22 17:00:29.094 debug LifecycleMonitor running callback: android.support.test.rule.ActivityTestRule$LifecycleCallback@5d0b0b8
07-22 17:00:29.094 debug LifecycleMonitor callback completes: android.support.test.rule.ActivityTestRule$LifecycleCallback@5d0b0b8
07-22 17:00:29.094 verbose SimplyDo SimplyDoActivity.onDestroy() called
07-22 17:00:29.094 verbose SimplyDo CachingDataView.close(): Entered
07-22 17:00:29.094 debug SimplyDo CachingDataView.close(): Close interrupt required
07-22 17:00:29.095 debug SimplyDo CachingDataViewer.dbUpdateLoop(): interrupt exit
07-22 17:00:29.095 verbose SimplyDo CachingDataViewer.dbUpdateLoop(): Exit
07-22 17:00:29.095 verbose SimplyDo CachingDataView.close(): Exit
07-22 17:00:29.095 debug LifecycleMonitor Lifecycle status change: kdk.android.simplydo.SimplyDoActivity@5d7c27f in: DESTROYED
07-22 17:00:29.095 debug LifecycleMonitor running callback: android.support.test.rule.ActivityTestRule$LifecycleCallback@5d0b0b8
07-22 17:00:29.095 debug LifecycleMonitor callback completes: android.support.test.rule.ActivityTestRule$LifecycleCallback@5d0b0b8
07-22 17:00:29.107 debug EGL_emulation eglMakeCurrent: 0xae4d4a80: ver 3 0 (tinfo 0xae4e77e0)
07-22 17:00:29.110 error Surface getSlotFromBufferLocked: unknown buffer: 0xae484180
07-22 17:00:29.113 debug OpenGLRenderer endAllStagingAnimators on 0xa16dce00 (RippleDrawable) with handle 0xaa115010
07-22 17:00:29.127 info TestRunner finished: createListsDefauC4(kdk.android.simplydo.C4.CreateListsC4)
