07-22 17:00:46.576 info TestRunner started: createListsC6(kdk.android.simplydo.C6.CreateListsC6)
07-22 17:00:46.577 info MonitoringInstr Activities that are still in CREATED to STOPPED: 0
07-22 17:00:46.578 warn ActivityTestRule getActivityIntent() returned null using default: Intent(Intent.ACTION_MAIN)
07-22 17:00:46.617 debug LifecycleMonitor Lifecycle status change: kdk.android.simplydo.SimplyDoActivity@3da346c in: PRE_ON_CREATE
07-22 17:00:46.617 verbose SimplyDo SimplyDoActivity.onCreate() called
07-22 17:00:46.630 verbose SimplyDo CachingDataViewer.dbUpdateLoop(): Entered
07-22 17:00:46.644 verbose SimplyDo CachingDataView.fetchLists(): Entered
07-22 17:00:46.656 debug SimplyDo fetchLists returned 22 items
07-22 17:00:46.656 verbose SimplyDo CachingDataView.fetchLists(): Exited
07-22 17:00:46.657 debug SimplyDo SimplyDoActivity.onCreate()
07-22 17:00:46.658 debug LifecycleMonitor Lifecycle status change: kdk.android.simplydo.SimplyDoActivity@3da346c in: CREATED
07-22 17:00:46.658 verbose SimplyDo SimplyDoActivity.onStart(): called
07-22 17:00:46.659 debug LifecycleMonitor Lifecycle status change: kdk.android.simplydo.SimplyDoActivity@3da346c in: STARTED
07-22 17:00:46.660 debug LifecycleMonitor Lifecycle status change: kdk.android.simplydo.SimplyDoActivity@3da346c in: RESUMED
07-22 17:00:46.760 debug EGL_emulation eglMakeCurrent: 0xae4d4a80: ver 3 0 (tinfo 0xae4e77e0)
07-22 17:00:46.795 verbose SimplyDo SimplyDoActivity.onCreateOptionsMenu() called
07-22 17:00:46.795 verbose SimplyDo SimplyDoActivity.onPrepareOptionsMenu() called
07-22 17:00:46.834 info ViewInteraction Performing 'replace text' action on view (with id: kdk.android.simplydo:id/AddListEditText and is displayed on the screen to the user)
07-22 17:00:46.866 info ViewInteraction Performing 'close keyboard' action on view (with id: kdk.android.simplydo:id/AddListEditText and is displayed on the screen to the user)
07-22 17:00:46.867 warn CloseKeyboardAction Attempting to close soft keyboard, while it is not shown.
07-22 17:00:46.869 info ViewInteraction Performing 'single click' action on view (with id: kdk.android.simplydo:id/AddListButton and with text: is "Add" and is displayed on the screen to the user)
07-22 17:00:46.933 debug SimplyDo Insert list List1
07-22 17:00:46.954 debug SimplyDo fetchLists returned 23 items
07-22 17:00:47.191 info ViewInteraction Performing 'replace text' action on view (with id: kdk.android.simplydo:id/AddListEditText and is displayed on the screen to the user)
07-22 17:00:47.225 info ViewInteraction Performing 'close keyboard' action on view (with id: kdk.android.simplydo:id/AddListEditText and is displayed on the screen to the user)
07-22 17:00:47.226 warn CloseKeyboardAction Attempting to close soft keyboard, while it is not shown.
07-22 17:00:47.231 info ViewInteraction Performing 'single click' action on view (with id: kdk.android.simplydo:id/AddListButton and with text: is "Add" and is displayed on the screen to the user)
07-22 17:00:47.317 debug SimplyDo Insert list List2
07-22 17:00:47.337 debug SimplyDo fetchLists returned 24 items
07-22 17:00:47.602 debug LifecycleMonitor Lifecycle status change: kdk.android.simplydo.SimplyDoActivity@3da346c in: PAUSED
07-22 17:00:47.602 debug LifecycleMonitor running callback: android.support.test.rule.ActivityTestRule$LifecycleCallback@96a009f
07-22 17:00:47.602 debug LifecycleMonitor callback completes: android.support.test.rule.ActivityTestRule$LifecycleCallback@96a009f
07-22 17:00:47.631 debug LifecycleMonitor Lifecycle status change: kdk.android.simplydo.SimplyDoActivity@3da346c in: STOPPED
07-22 17:00:47.631 debug LifecycleMonitor running callback: android.support.test.rule.ActivityTestRule$LifecycleCallback@96a009f
07-22 17:00:47.631 debug LifecycleMonitor callback completes: android.support.test.rule.ActivityTestRule$LifecycleCallback@96a009f
07-22 17:00:47.631 verbose SimplyDo SimplyDoActivity.onDestroy() called
07-22 17:00:47.631 verbose SimplyDo CachingDataView.close(): Entered
07-22 17:00:47.631 debug SimplyDo CachingDataView.close(): Close interrupt required
07-22 17:00:47.631 debug SimplyDo CachingDataViewer.dbUpdateLoop(): interrupt exit
07-22 17:00:47.631 verbose SimplyDo CachingDataViewer.dbUpdateLoop(): Exit
07-22 17:00:47.633 verbose SimplyDo CachingDataView.close(): Exit
07-22 17:00:47.633 debug LifecycleMonitor Lifecycle status change: kdk.android.simplydo.SimplyDoActivity@3da346c in: DESTROYED
07-22 17:00:47.633 debug LifecycleMonitor running callback: android.support.test.rule.ActivityTestRule$LifecycleCallback@96a009f
07-22 17:00:47.633 debug LifecycleMonitor callback completes: android.support.test.rule.ActivityTestRule$LifecycleCallback@96a009f
07-22 17:00:47.648 debug EGL_emulation eglMakeCurrent: 0xae4d4a80: ver 3 0 (tinfo 0xae4e77e0)
07-22 17:00:47.652 error Surface getSlotFromBufferLocked: unknown buffer: 0xae484a40
07-22 17:00:47.655 debug OpenGLRenderer endAllStagingAnimators on 0xa1279480 (RippleDrawable) with handle 0xaa1157f0
07-22 17:00:47.672 info TestRunner finished: createListsC6(kdk.android.simplydo.C6.CreateListsC6)
