07-22 17:01:19.744 info TestRunner started: addItemC6(kdk.android.simplydo.C6.AddItemC6)
07-22 17:01:19.759 info MonitoringInstr Activities that are still in CREATED to STOPPED: 0
07-22 17:01:19.760 warn ActivityTestRule getActivityIntent() returned null using default: Intent(Intent.ACTION_MAIN)
07-22 17:01:19.797 debug LifecycleMonitor Lifecycle status change: kdk.android.simplydo.SimplyDoActivity@85eaade in: PRE_ON_CREATE
07-22 17:01:19.797 verbose SimplyDo SimplyDoActivity.onCreate() called
07-22 17:01:19.858 verbose SimplyDo CachingDataViewer.dbUpdateLoop(): Entered
07-22 17:01:19.868 verbose SimplyDo CachingDataView.fetchLists(): Entered
07-22 17:01:19.903 debug SimplyDo fetchLists returned 20 items
07-22 17:01:19.904 verbose SimplyDo CachingDataView.fetchLists(): Exited
07-22 17:01:19.905 debug SimplyDo SimplyDoActivity.onCreate()
07-22 17:01:19.906 debug LifecycleMonitor Lifecycle status change: kdk.android.simplydo.SimplyDoActivity@85eaade in: CREATED
07-22 17:01:19.907 verbose SimplyDo SimplyDoActivity.onStart(): called
07-22 17:01:19.913 debug LifecycleMonitor Lifecycle status change: kdk.android.simplydo.SimplyDoActivity@85eaade in: STARTED
07-22 17:01:19.917 debug LifecycleMonitor Lifecycle status change: kdk.android.simplydo.SimplyDoActivity@85eaade in: RESUMED
07-22 17:01:20.082 verbose SimplyDo SimplyDoActivity.onCreateOptionsMenu() called
07-22 17:01:20.082 verbose SimplyDo SimplyDoActivity.onPrepareOptionsMenu() called
07-22 17:01:20.094 debug EGL_emulation eglMakeCurrent: 0xa61055a0: ver 3 0 (tinfo 0xa61032b0)
07-22 17:01:20.163 info ViewInteraction Performing 'replace text' action on view (with id: kdk.android.simplydo:id/AddListEditText and is displayed on the screen to the user)
07-22 17:01:20.181 info ViewInteraction Performing 'close keyboard' action on view (with id: kdk.android.simplydo:id/AddListEditText and is displayed on the screen to the user)
07-22 17:01:20.183 warn CloseKeyboardAction Attempting to close soft keyboard, while it is not shown.
07-22 17:01:20.186 info ViewInteraction Performing 'single click' action on view (with id: kdk.android.simplydo:id/AddListButton and with text: is "Add" and is displayed on the screen to the user)
07-22 17:01:20.234 debug SimplyDo Insert list List
07-22 17:01:20.279 debug SimplyDo fetchLists returned 21 items
07-22 17:01:20.577 debug LifecycleMonitor Lifecycle status change: kdk.android.simplydo.SimplyDoActivity@85eaade in: PAUSED
07-22 17:01:20.577 debug LifecycleMonitor running callback: android.support.test.rule.ActivityTestRule$LifecycleCallback@7a1b5fc
07-22 17:01:20.577 debug LifecycleMonitor callback completes: android.support.test.rule.ActivityTestRule$LifecycleCallback@7a1b5fc
07-22 17:01:20.697 debug EGL_emulation eglMakeCurrent: 0xa61055a0: ver 3 0 (tinfo 0xa61032b0)
07-22 17:01:20.719 debug OpenGLRenderer endAllActiveAnimators on 0x91ee8b80 (RippleDrawable) with handle 0x9010c4a0
07-22 17:01:20.746 info TestRunner failed: addItemC6(kdk.android.simplydo.C6.AddItemC6)
07-22 17:01:20.746 info TestRunner ----- begin exception -----
07-22 17:01:20.747 info TestRunner android.support.test.espresso.AmbiguousViewMatcherException: '(with class name: is "android.widget.LinearLayout" and is displayed on the screen to the user)' matches multiple views in the hierarchy.
07-22 17:01:20.747 info TestRunner Problem views are marked with '****MATCHES****' below.
07-22 17:01:20.747 info TestRunner View Hierarchy:
07-22 17:01:20.747 info TestRunner +>DecorView{id=-1, visibility=VISIBLE, width=1080, height=1920, has-focus=true, has-focusable=true, has-window-focus=true, is-clickable=false, is-enabled=true, is-focused=false, is-focusable=false, is-layout-requested=false, is-selected=false, layout-params=WM.LayoutParams{(0,0)(fillxfill) sim=#3 ty=1 fl=#81810100 pfl=0x20000 wanim=0x10302f6 needsMenuKey=2 colorMode=0}, tag=null, root-is-layout-requested=false, has-input-connection=false, x=0.0, y=0.0, child-count=3} 
07-22 17:01:20.747 info TestRunner |
07-22 17:01:20.747 info TestRunner +->ActionBarOverlayLayout{id=16908822, res-name=decor_content_parent, visibility=VISIBLE, width=1080, height=1794, has-focus=true, has-focusable=true, has-window-focus=true, is-clickable=false, is-enabled=true, is-focused=false, is-focusable=false, is-layout-requested=false, is-selected=false, layout-params=android.widget.FrameLayout$LayoutParams@b9e6d3c, tag=null, root-is-layout-requested=false, has-input-connection=false, x=0.0, y=0.0, child-count=2} 
07-22 17:01:20.747 info TestRunner |
07-22 17:01:20.747 info TestRunner +-->FrameLayout{id=16908290, res-name=content, visibility=VISIBLE, width=1080, height=1584, has-focus=true, has-focusable=true, has-window-focus=true, is-clickable=false, is-enabled=true, is-focused=false, is-focusable=false, is-layout-requested=false, is-selected=false, layout-params=com.android.internal.widget.ActionBarOverlayLayout$LayoutParams@24fac5, tag=null, root-is-layout-requested=false, has-input-connection=false, x=0.0, y=210.0, child-count=1} 
07-22 17:01:20.747 info TestRunner |
07-22 17:01:20.747 info TestRunner +--->LinearLayout{id=-1, visibility=VISIBLE, width=1080, height=1584, has-focus=true, has-focusable=true, has-window-focus=true, is-clickable=false, is-enabled=true, is-focused=false, is-focusable=false, is-layout-requested=false, is-selected=false, layout-params=android.widget.FrameLayout$LayoutParams@c8b734b, tag=null, root-is-layout-requested=false, has-input-connection=false, x=0.0, y=0.0, child-count=1} ****MATCHES****
07-22 17:01:20.747 info TestRunner |
07-22 17:01:20.747 info TestRunner +---->ViewSwitcher{id=2130903049, res-name=ListsItemsSwitcher, visibility=VISIBLE, width=1080, height=1584, has-focus=true, has-focusable=true, has-window-focus=true, is-clickable=false, is-enabled=true, is-focused=false, is-focusable=false, is-layout-requested=false, is-selected=false, layout-params=android.widget.LinearLayout$LayoutParams@7df7e41, tag=null, root-is-layout-requested=false, has-input-connection=false, x=0.0, y=0.0, child-count=2} 
07-22 17:01:20.747 info TestRunner |
07-22 17:01:20.747 info TestRunner +----->LinearLayout{id=2130903059, res-name=listsView, visibility=VISIBLE, width=1080, height=1584, has-focus=true, has-focusable=true, has-window-focus=true, is-clickable=false, is-enabled=true, is-focused=false, is-focusable=false, is-layout-requested=false, is-selected=false, layout-params=android.widget.FrameLayout$LayoutParams@9e6bfe6, tag=null, root-is-layout-requested=false, has-input-connection=false, x=0.0, y=0.0, child-count=2} ****MATCHES****
07-22 17:01:20.747 info TestRunner |
07-22 17:01:20.747 info TestRunner +------>LinearLayout{id=2130903048, res-name=LinearLayout01, visibility=VISIBLE, width=1080, height=126, has-focus=true, has-focusable=true, has-window-focus=true, is-clickable=false, is-enabled=true, is-focused=false, is-focusable=false, is-layout-requested=false, is-selected=false, layout-params=android.widget.LinearLayout$LayoutParams@79bf927, tag=null, root-is-layout-requested=false, has-input-connection=false, x=0.0, y=0.0, child-count=2} ****MATCHES****
07-22 17:01:20.747 info TestRunner |
07-22 17:01:20.747 info TestRunner +------->EditText{id=2130903043, res-name=AddListEditText, desc=addlistedittext, visibility=VISIBLE, width=849, height=126, has-focus=true, has-focusable=true, has-window-focus=true, is-clickable=true, is-enabled=true, is-focused=true, is-focusable=true, is-layout-requested=false, is-selected=false, layout-params=android.widget.LinearLayout$LayoutParams@e7d27d4, tag=null, root-is-layout-requested=false, has-input-connection=true, editor-info=[inputType=0x31 imeOptions=0x8000006 privateImeOptions=null actionLabel=null actionId=0 initialSelStart=0 initialSelEnd=0 initialCa
07-22 17:01:20.748 info TestRunner ----- end exception -----
07-22 17:01:20.762 info TestRunner finished: addItemC6(kdk.android.simplydo.C6.AddItemC6)
