07-22 17:01:24.860 info TestRunner started: sortItemsC6(kdk.android.simplydo.C6.SortItemsC6)
07-22 17:01:24.863 info MonitoringInstr Activities that are still in CREATED to STOPPED: 0
07-22 17:01:24.864 warn ActivityTestRule getActivityIntent() returned null using default: Intent(Intent.ACTION_MAIN)
07-22 17:01:24.897 debug LifecycleMonitor Lifecycle status change: kdk.android.simplydo.SimplyDoActivity@179f516 in: PRE_ON_CREATE
07-22 17:01:24.897 verbose SimplyDo SimplyDoActivity.onCreate() called
07-22 17:01:24.908 verbose SimplyDo CachingDataViewer.dbUpdateLoop(): Entered
07-22 17:01:24.914 verbose SimplyDo CachingDataView.fetchLists(): Entered
07-22 17:01:24.935 debug SimplyDo fetchLists returned 24 items
07-22 17:01:24.936 verbose SimplyDo CachingDataView.fetchLists(): Exited
07-22 17:01:24.936 debug SimplyDo SimplyDoActivity.onCreate()
07-22 17:01:24.937 debug LifecycleMonitor Lifecycle status change: kdk.android.simplydo.SimplyDoActivity@179f516 in: CREATED
07-22 17:01:24.937 verbose SimplyDo SimplyDoActivity.onStart(): called
07-22 17:01:24.938 debug LifecycleMonitor Lifecycle status change: kdk.android.simplydo.SimplyDoActivity@179f516 in: STARTED
07-22 17:01:24.940 debug LifecycleMonitor Lifecycle status change: kdk.android.simplydo.SimplyDoActivity@179f516 in: RESUMED
07-22 17:01:25.065 verbose SimplyDo SimplyDoActivity.onCreateOptionsMenu() called
07-22 17:01:25.065 verbose SimplyDo SimplyDoActivity.onPrepareOptionsMenu() called
07-22 17:01:25.076 debug EGL_emulation eglMakeCurrent: 0xa61055a0: ver 3 0 (tinfo 0xa61032b0)
07-22 17:01:25.128 info ViewInteraction Performing 'replace text' action on view (with id: kdk.android.simplydo:id/AddListEditText and is displayed on the screen to the user)
07-22 17:01:25.148 info ViewInteraction Performing 'close keyboard' action on view (with id: kdk.android.simplydo:id/AddListEditText and is displayed on the screen to the user)
07-22 17:01:25.149 warn CloseKeyboardAction Attempting to close soft keyboard, while it is not shown.
07-22 17:01:25.151 info ViewInteraction Performing 'single click' action on view (with id: kdk.android.simplydo:id/AddListButton and with text: is "Add" and is displayed on the screen to the user)
07-22 17:01:25.197 debug SimplyDo Insert list List
07-22 17:01:25.228 debug SimplyDo fetchLists returned 25 items
07-22 17:01:25.499 debug LifecycleMonitor Lifecycle status change: kdk.android.simplydo.SimplyDoActivity@179f516 in: PAUSED
07-22 17:01:25.499 debug LifecycleMonitor running callback: android.support.test.rule.ActivityTestRule$LifecycleCallback@47c1448
07-22 17:01:25.499 debug LifecycleMonitor callback completes: android.support.test.rule.ActivityTestRule$LifecycleCallback@47c1448
07-22 17:01:25.624 debug EGL_emulation eglMakeCurrent: 0xa61055a0: ver 3 0 (tinfo 0xa61032b0)
07-22 17:01:25.635 debug OpenGLRenderer endAllActiveAnimators on 0x91867400 (RippleDrawable) with handle 0x9010c8d0
07-22 17:01:25.672 info TestRunner failed: sortItemsC6(kdk.android.simplydo.C6.SortItemsC6)
07-22 17:01:25.672 info TestRunner ----- begin exception -----
07-22 17:01:25.674 info TestRunner android.support.test.espresso.AmbiguousViewMatcherException: '(with class name: is "android.widget.LinearLayout" and is displayed on the screen to the user)' matches multiple views in the hierarchy.
07-22 17:01:25.674 info TestRunner Problem views are marked with '****MATCHES****' below.
07-22 17:01:25.674 info TestRunner View Hierarchy:
07-22 17:01:25.674 info TestRunner +>DecorView{id=-1, visibility=VISIBLE, width=1080, height=1920, has-focus=true, has-focusable=true, has-window-focus=true, is-clickable=false, is-enabled=true, is-focused=false, is-focusable=false, is-layout-requested=false, is-selected=false, layout-params=WM.LayoutParams{(0,0)(fillxfill) sim=#3 ty=1 fl=#81810100 pfl=0x20000 wanim=0x10302f6 needsMenuKey=2 colorMode=0}, tag=null, root-is-layout-requested=false, has-input-connection=false, x=0.0, y=0.0, child-count=3} 
07-22 17:01:25.674 info TestRunner |
07-22 17:01:25.674 info TestRunner +->ActionBarOverlayLayout{id=16908822, res-name=decor_content_parent, visibility=VISIBLE, width=1080, height=1794, has-focus=true, has-focusable=true, has-window-focus=true, is-clickable=false, is-enabled=true, is-focused=false, is-focusable=false, is-layout-requested=false, is-selected=false, layout-params=android.widget.FrameLayout$LayoutParams@ad79f88, tag=null, root-is-layout-requested=false, has-input-connection=false, x=0.0, y=0.0, child-count=2} 
07-22 17:01:25.674 info TestRunner |
07-22 17:01:25.674 info TestRunner +-->FrameLayout{id=16908290, res-name=content, visibility=VISIBLE, width=1080, height=1584, has-focus=true, has-focusable=true, has-window-focus=true, is-clickable=false, is-enabled=true, is-focused=false, is-focusable=false, is-layout-requested=false, is-selected=false, layout-params=com.android.internal.widget.ActionBarOverlayLayout$LayoutParams@b9a8d21, tag=null, root-is-layout-requested=false, has-input-connection=false, x=0.0, y=210.0, child-count=1} 
07-22 17:01:25.674 info TestRunner |
07-22 17:01:25.674 info TestRunner +--->LinearLayout{id=-1, visibility=VISIBLE, width=1080, height=1584, has-focus=true, has-focusable=true, has-window-focus=true, is-clickable=false, is-enabled=true, is-focused=false, is-focusable=false, is-layout-requested=false, is-selected=false, layout-params=android.widget.FrameLayout$LayoutParams@7d307, tag=null, root-is-layout-requested=false, has-input-connection=false, x=0.0, y=0.0, child-count=1} ****MATCHES****
07-22 17:01:25.674 info TestRunner |
07-22 17:01:25.674 info TestRunner +---->ViewSwitcher{id=2130903049, res-name=ListsItemsSwitcher, visibility=VISIBLE, width=1080, height=1584, has-focus=true, has-focusable=true, has-window-focus=true, is-clickable=false, is-enabled=true, is-focused=false, is-focusable=false, is-layout-requested=false, is-selected=false, layout-params=android.widget.LinearLayout$LayoutParams@471da5d, tag=null, root-is-layout-requested=false, has-input-connection=false, x=0.0, y=0.0, child-count=2} 
07-22 17:01:25.674 info TestRunner |
07-22 17:01:25.674 info TestRunner +----->LinearLayout{id=2130903059, res-name=listsView, visibility=VISIBLE, width=1080, height=1584, has-focus=true, has-focusable=true, has-window-focus=true, is-clickable=false, is-enabled=true, is-focused=false, is-focusable=false, is-layout-requested=false, is-selected=false, layout-params=android.widget.FrameLayout$LayoutParams@5f07fd2, tag=null, root-is-layout-requested=false, has-input-connection=false, x=0.0, y=0.0, child-count=2} ****MATCHES****
07-22 17:01:25.674 info TestRunner |
07-22 17:01:25.674 info TestRunner +------>LinearLayout{id=2130903048, res-name=LinearLayout01, visibility=VISIBLE, width=1080, height=126, has-focus=true, has-focusable=true, has-window-focus=true, is-clickable=false, is-enabled=true, is-focused=false, is-focusable=false, is-layout-requested=false, is-selected=false, layout-params=android.widget.LinearLayout$LayoutParams@cc498a3, tag=null, root-is-layout-requested=false, has-input-connection=false, x=0.0, y=0.0, child-count=2} ****MATCHES****
07-22 17:01:25.674 info TestRunner |
07-22 17:01:25.674 info TestRunner +------->EditText{id=2130903043, res-name=AddListEditText, desc=addlistedittext, visibility=VISIBLE, width=849, height=126, has-focus=true, has-focusable=true, has-window-focus=true, is-clickable=true, is-enabled=true, is-focused=true, is-focusable=true, is-layout-requested=false, is-selected=false, layout-params=android.widget.LinearLayout$LayoutParams@748d7a0, tag=null, root-is-layout-requested=false, has-input-connection=true, editor-info=[inputType=0x31 imeOptions=0x8000006 privateImeOptions=null actionLabel=null actionId=0 initialSelStart=0 initialSelEnd=0 initialCap
07-22 17:01:25.674 info TestRunner ----- end exception -----
07-22 17:01:25.676 info TestRunner finished: sortItemsC6(kdk.android.simplydo.C6.SortItemsC6)
