07-22 17:01:12.382 info TestRunner started: sortItemsC5(kdk.android.simplydo.C5.SortItemsC5)
07-22 17:01:12.388 info MonitoringInstr Activities that are still in CREATED to STOPPED: 0
07-22 17:01:12.389 warn ActivityTestRule getActivityIntent() returned null using default: Intent(Intent.ACTION_MAIN)
07-22 17:01:12.407 debug LifecycleMonitor Lifecycle status change: kdk.android.simplydo.SimplyDoActivity@5279e42 in: PRE_ON_CREATE
07-22 17:01:12.407 verbose SimplyDo SimplyDoActivity.onCreate() called
07-22 17:01:12.432 verbose SimplyDo CachingDataViewer.dbUpdateLoop(): Entered
07-22 17:01:12.444 verbose SimplyDo CachingDataView.fetchLists(): Entered
07-22 17:01:12.478 debug SimplyDo fetchLists returned 19 items
07-22 17:01:12.479 verbose SimplyDo CachingDataView.fetchLists(): Exited
07-22 17:01:12.480 debug SimplyDo SimplyDoActivity.onCreate()
07-22 17:01:12.481 debug LifecycleMonitor Lifecycle status change: kdk.android.simplydo.SimplyDoActivity@5279e42 in: CREATED
07-22 17:01:12.481 verbose SimplyDo SimplyDoActivity.onStart(): called
07-22 17:01:12.483 debug LifecycleMonitor Lifecycle status change: kdk.android.simplydo.SimplyDoActivity@5279e42 in: STARTED
07-22 17:01:12.485 debug LifecycleMonitor Lifecycle status change: kdk.android.simplydo.SimplyDoActivity@5279e42 in: RESUMED
07-22 17:01:12.640 verbose SimplyDo SimplyDoActivity.onCreateOptionsMenu() called
07-22 17:01:12.640 verbose SimplyDo SimplyDoActivity.onPrepareOptionsMenu() called
07-22 17:01:12.646 debug EGL_emulation eglMakeCurrent: 0xa61055a0: ver 3 0 (tinfo 0xa61032b0)
07-22 17:01:12.707 info ViewInteraction Performing 'replace text' action on view (with id: kdk.android.simplydo:id/AddListEditText and Child at position 0 in parent (with id: kdk.android.simplydo:id/LinearLayout01 and Child at position 0 in parent (with id: kdk.android.simplydo:id/listsView and Child at position 0 in parent (with id: kdk.android.simplydo:id/ListsItemsSwitcher and Child at position 0 in parent Child at position 0 in parent with id: android:id/content))) and is displayed on the screen to the user)
07-22 17:01:12.726 info ViewInteraction Performing 'close keyboard' action on view (with id: kdk.android.simplydo:id/AddListEditText and Child at position 0 in parent (with id: kdk.android.simplydo:id/LinearLayout01 and Child at position 0 in parent (with id: kdk.android.simplydo:id/listsView and Child at position 0 in parent (with id: kdk.android.simplydo:id/ListsItemsSwitcher and Child at position 0 in parent Child at position 0 in parent with id: android:id/content))) and is displayed on the screen to the user)
07-22 17:01:12.727 warn CloseKeyboardAction Attempting to close soft keyboard, while it is not shown.
07-22 17:01:12.730 info ViewInteraction Performing 'single click' action on view (with id: kdk.android.simplydo:id/AddListButton and with text: is "Add" and Child at position 1 in parent (with id: kdk.android.simplydo:id/LinearLayout01 and Child at position 0 in parent (with id: kdk.android.simplydo:id/listsView and Child at position 0 in parent (with id: kdk.android.simplydo:id/ListsItemsSwitcher and Child at position 0 in parent Child at position 0 in parent with id: android:id/content))) and is displayed on the screen to the user)
07-22 17:01:12.775 debug SimplyDo Insert list List
07-22 17:01:12.803 debug SimplyDo fetchLists returned 20 items
07-22 17:01:13.047 info ViewInteraction Performing 'load adapter data' action on view (with id: kdk.android.simplydo:id/ListsListView and Child at position 1 in parent (with id: kdk.android.simplydo:id/listsView and Child at position 0 in parent (with id: kdk.android.simplydo:id/ListsItemsSwitcher and Child at position 0 in parent Child at position 0 in parent with id: android:id/content)))
07-22 17:01:13.134 info ViewInteraction Performing 'single click' action on view  displaying data matching: ANYTHING within adapter view matching: (with id: kdk.android.simplydo:id/ListsListView and Child at position 1 in parent (with id: kdk.android.simplydo:id/listsView and Child at position 0 in parent (with id: kdk.android.simplydo:id/ListsItemsSwitcher and Child at position 0 in parent Child at position 0 in parent with id: android:id/content)))
07-22 17:01:13.244 verbose SimplyDo ListsListReactor.onItemClick()
07-22 17:01:13.254 debug SimplyDo fetchItems returned 5 items
07-22 17:01:13.355 info AssistStructure Flattened final assist data: 10832 bytes, containing 1 windows, 49 views
07-22 17:01:14.024 info ViewInteraction Performing 'replace text' action on view (with id: kdk.android.simplydo:id/AddItemEditText and Child at position 0 in parent (with id: kdk.android.simplydo:id/LinearLayout01 and Child at position 0 in parent (with id: kdk.android.simplydo:id/itemsView and Child at position 1 in parent (with id: kdk.android.simplydo:id/ListsItemsSwitcher and Child at position 0 in parent Child at position 0 in parent with id: android:id/content))) and is displayed on the screen to the user)
07-22 17:01:14.046 info ViewInteraction Performing 'close keyboard' action on view (with id: kdk.android.simplydo:id/AddItemEditText and Child at position 0 in parent (with id: kdk.android.simplydo:id/LinearLayout01 and Child at position 0 in parent (with id: kdk.android.simplydo:id/itemsView and Child at position 1 in parent (with id: kdk.android.simplydo:id/ListsItemsSwitcher and Child at position 0 in parent Child at position 0 in parent with id: android:id/content))) and is displayed on the screen to the user)
07-22 17:01:14.047 warn CloseKeyboardAction Attempting to close soft keyboard, while it is not shown.
07-22 17:01:14.051 info ViewInteraction Performing 'single click' action on view (with id: kdk.android.simplydo:id/AddItemButton and with text: is "Add" and Child at position 1 in parent (with id: kdk.android.simplydo:id/LinearLayout01 and Child at position 0 in parent (with id: kdk.android.simplydo:id/itemsView and Child at position 1 in parent (with id: kdk.android.simplydo:id/ListsItemsSwitcher and Child at position 0 in parent Child at position 0 in parent with id: android:id/content))) and is displayed on the screen to the user)
07-22 17:01:14.128 verbose SimplyDo DataManager.createItem(): Insert item A
07-22 17:01:14.150 debug SimplyDo DataManager.createItem(): Inserted item and got id 13
07-22 17:01:14.425 info ViewInteraction Performing 'replace text' action on view (with id: kdk.android.simplydo:id/AddItemEditText and Child at position 0 in parent (with id: kdk.android.simplydo:id/LinearLayout01 and Child at position 0 in parent (with id: kdk.android.simplydo:id/itemsView and Child at position 1 in parent (with id: kdk.android.simplydo:id/ListsItemsSwitcher and Child at position 0 in parent Child at position 0 in parent with id: android:id/content))) and is displayed on the screen to the user)
07-22 17:01:14.447 info ViewInteraction Performing 'close keyboard' action on view (with id: kdk.android.simplydo:id/AddItemEditText and Child at position 0 in parent (with id: kdk.android.simplydo:id/LinearLayout01 and Child at position 0 in parent (with id: kdk.android.simplydo:id/itemsView and Child at position 1 in parent (with id: kdk.android.simplydo:id/ListsItemsSwitcher and Child at position 0 in parent Child at position 0 in parent with id: android:id/content))) and is displayed on the screen to the user)
07-22 17:01:14.448 warn CloseKeyboardAction Attempting to close soft keyboard, while it is not shown.
07-22 17:01:14.454 info ViewInteraction Performing 'single click' action on view (with id: kdk.android.simplydo:id/AddItemButton and with text: is "Add" and Child at position 1 in parent (with id: kdk.android.simplydo:id/LinearLayout01 and Child at position 0 in parent (with id: kdk.android.simplydo:id/itemsView and Child at position 1 in parent (with id: kdk.android.simplydo:id/ListsItemsSwitcher and Child at position 0 in parent Child at position 0 in parent with id: android:id/content))) and is displayed on the screen to the user)
07-22 17:01:14.508 verbose SimplyDo DataManager.createItem(): Insert item B
07-22 17:01:14.546 debug SimplyDo DataManager.createItem(): Inserted item and got id 14
07-22 17:01:14.816 info ViewInteraction Performing 'replace text' action on view (with id: kdk.android.simplydo:id/AddItemEditText and Child at position 0 in parent (with id: kdk.android.simplydo:id/LinearLayout01 and Child at position 0 in parent (with id: kdk.android.simplydo:id/itemsView and Child at position 1 in parent (with id: kdk.android.simplydo:id/ListsItemsSwitcher and Child at position 0 in parent Child at position 0 in parent with id: android:id/content))) and is displayed on the screen to the user)
07-22 17:01:17.810 info ViewInteraction Performing 'close keyboard' action on view (with id: kdk.android.simplydo:id/AddItemEditText and Child at position 0 in parent (with id: kdk.android.simplydo:id/LinearLayout01 and Child at position 0 in parent (with id: kdk.android.simplydo:id/itemsView and Child at position 1 in parent (with id: kdk.android.simplydo:id/ListsItemsSwitcher and Child at position 0 in parent Child at position 0 in parent with id: android:id/content))) and is displayed on the screen to the user)
07-22 17:01:17.814 warn CloseKeyboardAction Attempting to close soft keyboard, while it is not shown.
07-22 17:01:17.820 info ViewInteraction Performing 'single click' action on view (with id: kdk.android.simplydo:id/AddItemButton and with text: is "Add" and Child at position 1 in parent (with id: kdk.android.simplydo:id/LinearLayout01 and Child at position 0 in parent (with id: kdk.android.simplydo:id/itemsView and Child at position 1 in parent (with id: kdk.android.simplydo:id/ListsItemsSwitcher and Child at position 0 in parent Child at position 0 in parent with id: android:id/content))) and is displayed on the screen to the user)
07-22 17:01:17.871 verbose SimplyDo DataManager.createItem(): Insert item D
07-22 17:01:17.914 debug SimplyDo DataManager.createItem(): Inserted item and got id 15
07-22 17:01:18.165 info ViewInteraction Performing 'Handle transition between action bar and action bar context.' action on view is a root view.
07-22 17:01:18.185 info ViewInteraction Performing 'single click' action on view ((is displayed on the screen to the user and with content description: is "More options") or (is displayed on the screen to the user and with class name: a string ending with "OverflowMenuButton"))
07-22 17:01:18.254 verbose SimplyDo SimplyDoActivity.onPrepareOptionsMenu() called
07-22 17:01:18.470 debug EGL_emulation eglMakeCurrent: 0xa61055a0: ver 3 0 (tinfo 0xa61032b0)
07-22 17:01:18.694 info chatty uid=10114(u0_a114) RenderThread identical 9 lines
07-22 17:01:18.700 debug EGL_emulation eglMakeCurrent: 0xa61055a0: ver 3 0 (tinfo 0xa61032b0)
07-22 17:01:18.782 info ViewInteraction Performing 'single click' action on view (with id: android:id/title and with text: is "Sort Now" and Child at position 0 in parent Child at position 0 in parent has parent matching: Child at position 0 in parent with class name: is "android.widget.PopupWindow$PopupBackgroundView" and is displayed on the screen to the user)
07-22 17:01:18.901 verbose SimplyDo SimplyDoActivity.onMenuItemSelected() called
07-22 17:01:18.942 debug EGL_emulation eglMakeCurrent: 0xa61055a0: ver 3 0 (tinfo 0xa61032b0)
07-22 17:01:18.960 info chatty uid=10114(u0_a114) RenderThread identical 2 lines
07-22 17:01:18.992 debug EGL_emulation eglMakeCurrent: 0xa61055a0: ver 3 0 (tinfo 0xa61032b0)
07-22 17:01:19.112 debug LifecycleMonitor Lifecycle status change: kdk.android.simplydo.SimplyDoActivity@5279e42 in: PAUSED
07-22 17:01:19.112 debug LifecycleMonitor running callback: android.support.test.rule.ActivityTestRule$LifecycleCallback@b03c91d
07-22 17:01:19.113 debug LifecycleMonitor callback completes: android.support.test.rule.ActivityTestRule$LifecycleCallback@b03c91d
07-22 17:01:19.223 debug EGL_emulation eglMakeCurrent: 0xa61055a0: ver 3 0 (tinfo 0xa61032b0)
07-22 17:01:19.282 debug EGL_emulation eglMakeCurrent: 0xa61055a0: ver 3 0 (tinfo 0xa61032b0)
07-22 17:01:19.303 debug EGL_emulation eglMakeCurrent: 0xa61055a0: ver 3 0 (tinfo 0xa61032b0)
07-22 17:01:19.309 debug OpenGLRenderer endAllActiveAnimators on 0x92148980 (MenuPopupWindow$MenuDropDownListView) with handle 0x9010c480
07-22 17:01:19.317 info TestRunner finished: sortItemsC5(kdk.android.simplydo.C5.SortItemsC5)
