07-22 17:00:04.006 info TestRunner started: sortItemsC2(kdk.android.simplydo.C2.SortItemsC2)
07-22 17:00:04.010 info MonitoringInstr Activities that are still in CREATED to STOPPED: 0
07-22 17:00:04.023 warn ActivityTestRule getActivityIntent() returned null using default: Intent(Intent.ACTION_MAIN)
07-22 17:00:04.091 debug LifecycleMonitor Lifecycle status change: kdk.android.simplydo.SimplyDoActivity@8ea66ad in: PRE_ON_CREATE
07-22 17:00:04.091 verbose SimplyDo SimplyDoActivity.onCreate() called
07-22 17:00:04.100 verbose SimplyDo CachingDataViewer.dbUpdateLoop(): Entered
07-22 17:00:04.101 verbose SimplyDo CachingDataView.fetchLists(): Entered
07-22 17:00:04.104 debug SimplyDo fetchLists returned 4 items
07-22 17:00:04.105 verbose SimplyDo CachingDataView.fetchLists(): Exited
07-22 17:00:04.105 debug SimplyDo SimplyDoActivity.onCreate()
07-22 17:00:04.106 debug LifecycleMonitor Lifecycle status change: kdk.android.simplydo.SimplyDoActivity@8ea66ad in: CREATED
07-22 17:00:04.106 verbose SimplyDo SimplyDoActivity.onStart(): called
07-22 17:00:04.106 debug LifecycleMonitor Lifecycle status change: kdk.android.simplydo.SimplyDoActivity@8ea66ad in: STARTED
07-22 17:00:04.107 debug LifecycleMonitor Lifecycle status change: kdk.android.simplydo.SimplyDoActivity@8ea66ad in: RESUMED
07-22 17:00:04.222 debug EGL_emulation eglMakeCurrent: 0xae654c00: ver 3 0 (tinfo 0xae64b390)
07-22 17:00:04.262 verbose SimplyDo SimplyDoActivity.onCreateOptionsMenu() called
07-22 17:00:04.263 verbose SimplyDo SimplyDoActivity.onPrepareOptionsMenu() called
07-22 17:00:04.338 info ViewInteraction Performing 'replace text' action on view (with id: kdk.android.simplydo:id/AddListEditText and with content description: is "addlistedittext" and is displayed on the screen to the user)
07-22 17:00:04.367 info ViewInteraction Performing 'close keyboard' action on view (with id: kdk.android.simplydo:id/AddListEditText and with content description: is "addlistedittext" and is displayed on the screen to the user)
07-22 17:00:04.368 warn CloseKeyboardAction Attempting to close soft keyboard, while it is not shown.
07-22 17:00:04.369 info ViewInteraction Performing 'single click' action on view (with id: kdk.android.simplydo:id/AddListButton and with text: is "Add" and with content description: is "Add" and is displayed on the screen to the user)
07-22 17:00:04.412 debug SimplyDo Insert list List
07-22 17:00:04.428 debug SimplyDo fetchLists returned 5 items
07-22 17:00:04.753 debug LifecycleMonitor Lifecycle status change: kdk.android.simplydo.SimplyDoActivity@8ea66ad in: PAUSED
07-22 17:00:04.754 debug LifecycleMonitor running callback: android.support.test.rule.ActivityTestRule$LifecycleCallback@4d6181a
07-22 17:00:04.754 debug LifecycleMonitor callback completes: android.support.test.rule.ActivityTestRule$LifecycleCallback@4d6181a
07-22 17:00:04.793 info TestRunner failed: sortItemsC2(kdk.android.simplydo.C2.SortItemsC2)
07-22 17:00:04.793 info TestRunner ----- begin exception -----
07-22 17:00:04.794 info TestRunner android.support.test.espresso.AmbiguousViewMatcherException: '(with class name: is "android.widget.LinearLayout" and is displayed on the screen to the user)' matches multiple views in the hierarchy.
07-22 17:00:04.794 info TestRunner Problem views are marked with '****MATCHES****' below.
07-22 17:00:04.794 info TestRunner View Hierarchy:
07-22 17:00:04.794 info TestRunner +>DecorView{id=-1, visibility=VISIBLE, width=720, height=1280, has-focus=true, has-focusable=true, has-window-focus=true, is-clickable=false, is-enabled=true, is-focused=false, is-focusable=false, is-layout-requested=false, is-selected=false, layout-params=WM.LayoutParams{(0,0)(fillxfill) sim=#3 ty=1 fl=#81810100 wanim=0x1030383 needsMenuKey=2}, tag=null, root-is-layout-requested=false, has-input-connection=false, x=0.0, y=0.0, child-count=3} 
07-22 17:00:04.794 info TestRunner |
07-22 17:00:04.794 info TestRunner +->ActionBarOverlayLayout{id=16909230, res-name=decor_content_parent, visibility=VISIBLE, width=720, height=1208, has-focus=true, has-focusable=true, has-window-focus=true, is-clickable=false, is-enabled=true, is-focused=false, is-focusable=false, is-layout-requested=false, is-selected=false, layout-params=android.widget.FrameLayout$LayoutParams@689b481, tag=null, root-is-layout-requested=false, has-input-connection=false, x=0.0, y=0.0, child-count=2} 
07-22 17:00:04.794 info TestRunner |
07-22 17:00:04.794 info TestRunner +-->FrameLayout{id=16908290, res-name=content, visibility=VISIBLE, width=720, height=1088, has-focus=true, has-focusable=true, has-window-focus=true, is-clickable=false, is-enabled=true, is-focused=false, is-focusable=false, is-layout-requested=false, is-selected=false, layout-params=com.android.internal.widget.ActionBarOverlayLayout$LayoutParams@a675926, tag=null, root-is-layout-requested=false, has-input-connection=false, x=0.0, y=120.0, child-count=1} 
07-22 17:00:04.794 info TestRunner |
07-22 17:00:04.794 info TestRunner +--->LinearLayout{id=-1, visibility=VISIBLE, width=720, height=1088, has-focus=true, has-focusable=true, has-window-focus=true, is-clickable=false, is-enabled=true, is-focused=false, is-focusable=false, is-layout-requested=false, is-selected=false, layout-params=android.widget.FrameLayout$LayoutParams@9ec8314, tag=null, root-is-layout-requested=false, has-input-connection=false, x=0.0, y=0.0, child-count=1} ****MATCHES****
07-22 17:00:04.794 info TestRunner |
07-22 17:00:04.794 info TestRunner +---->ViewSwitcher{id=2130903049, res-name=ListsItemsSwitcher, visibility=VISIBLE, width=720, height=450, has-focus=true, has-focusable=true, has-window-focus=true, is-clickable=false, is-enabled=true, is-focused=false, is-focusable=false, is-layout-requested=false, is-selected=false, layout-params=android.widget.LinearLayout$LayoutParams@75fe1b2, tag=null, root-is-layout-requested=false, has-input-connection=false, x=0.0, y=0.0, child-count=2} 
07-22 17:00:04.794 info TestRunner |
07-22 17:00:04.794 info TestRunner +----->LinearLayout{id=2130903059, res-name=listsView, visibility=VISIBLE, width=720, height=450, has-focus=true, has-focusable=true, has-window-focus=true, is-clickable=false, is-enabled=true, is-focused=false, is-focusable=false, is-layout-requested=false, is-selected=false, layout-params=android.widget.FrameLayout$LayoutParams@e98bc80, tag=null, root-is-layout-requested=false, has-input-connection=false, x=0.0, y=0.0, child-count=2} ****MATCHES****
07-22 17:00:04.794 info TestRunner |
07-22 17:00:04.794 info TestRunner +------>LinearLayout{id=2130903048, res-name=LinearLayout01, visibility=VISIBLE, width=720, height=72, has-focus=true, has-focusable=true, has-window-focus=true, is-clickable=false, is-enabled=true, is-focused=false, is-focusable=false, is-layout-requested=false, is-selected=false, layout-params=android.widget.LinearLayout$LayoutParams@def6e5f, tag=null, root-is-layout-requested=false, has-input-connection=false, x=0.0, y=0.0, child-count=2} ****MATCHES****
07-22 17:00:04.794 info TestRunner |
07-22 17:00:04.794 info TestRunner +------->EditText{id=2130903043, res-name=AddListEditText, desc=addlistedittext, visibility=VISIBLE, width=588, height=72, has-focus=true, has-focusable=true, has-window-focus=true, is-clickable=true, is-enabled=true, is-focused=true, is-focusable=true, is-layout-requested=false, is-selected=false, layout-params=android.widget.LinearLayout$LayoutParams@f0d20ac, tag=null, root-is-layout-requested=false, has-input-connection=true, editor-info=[inputType=0x31 imeOptions=0x8000006 privateImeOptions=null actionLabel=null actionId=0 initialSelStart=0 initialSelEnd=0 initialCapsMode=0x0 hintText=New List Name label=nu
07-22 17:00:04.794 info TestRunner ----- end exception -----
07-22 17:00:04.798 info TestRunner finished: sortItemsC2(kdk.android.simplydo.C2.SortItemsC2)
