07-22 17:00:29.147 info TestRunner started: sortItemsDefauC4(kdk.android.simplydo.C4.SortItemsC4)
07-22 17:00:29.149 info MonitoringInstr Activities that are still in CREATED to STOPPED: 0
07-22 17:00:29.151 warn ActivityTestRule getActivityIntent() returned null using default: Intent(Intent.ACTION_MAIN)
07-22 17:00:29.224 debug LifecycleMonitor Lifecycle status change: kdk.android.simplydo.SimplyDoActivity@f3039f7 in: PRE_ON_CREATE
07-22 17:00:29.225 verbose SimplyDo SimplyDoActivity.onCreate() called
07-22 17:00:29.244 verbose SimplyDo CachingDataViewer.dbUpdateLoop(): Entered
07-22 17:00:29.250 verbose SimplyDo CachingDataView.fetchLists(): Entered
07-22 17:00:29.257 debug SimplyDo fetchLists returned 14 items
07-22 17:00:29.257 verbose SimplyDo CachingDataView.fetchLists(): Exited
07-22 17:00:29.258 debug SimplyDo SimplyDoActivity.onCreate()
07-22 17:00:29.258 debug LifecycleMonitor Lifecycle status change: kdk.android.simplydo.SimplyDoActivity@f3039f7 in: CREATED
07-22 17:00:29.259 verbose SimplyDo SimplyDoActivity.onStart(): called
07-22 17:00:29.259 debug LifecycleMonitor Lifecycle status change: kdk.android.simplydo.SimplyDoActivity@f3039f7 in: STARTED
07-22 17:00:29.260 debug LifecycleMonitor Lifecycle status change: kdk.android.simplydo.SimplyDoActivity@f3039f7 in: RESUMED
07-22 17:00:29.374 debug EGL_emulation eglMakeCurrent: 0xae4d4a80: ver 3 0 (tinfo 0xae4e77e0)
07-22 17:00:29.409 verbose SimplyDo SimplyDoActivity.onCreateOptionsMenu() called
07-22 17:00:29.409 verbose SimplyDo SimplyDoActivity.onPrepareOptionsMenu() called
07-22 17:00:29.440 info ViewInteraction Performing 'single click' action on view (with id: kdk.android.simplydo:id/AddListEditText and Child at position 0 in parent (with id: kdk.android.simplydo:id/LinearLayout01 and Child at position 0 in parent with id: kdk.android.simplydo:id/listsView) and is displayed on the screen to the user)
07-22 17:00:29.710 info ViewInteraction Performing 'replace text' action on view (with id: kdk.android.simplydo:id/AddListEditText and Child at position 0 in parent (with id: kdk.android.simplydo:id/LinearLayout01 and Child at position 0 in parent with id: kdk.android.simplydo:id/listsView) and is displayed on the screen to the user)
07-22 17:00:29.776 info ViewInteraction Performing 'close keyboard' action on view (with id: kdk.android.simplydo:id/AddListEditText and Child at position 0 in parent (with id: kdk.android.simplydo:id/LinearLayout01 and Child at position 0 in parent with id: kdk.android.simplydo:id/listsView) and is displayed on the screen to the user)
07-22 17:00:30.099 info ViewInteraction Performing 'single click' action on view (with id: kdk.android.simplydo:id/AddListButton and with text: is "Add" and Child at position 1 in parent (with id: kdk.android.simplydo:id/LinearLayout01 and Child at position 0 in parent with id: kdk.android.simplydo:id/listsView) and is displayed on the screen to the user)
07-22 17:00:30.146 debug SimplyDo Insert list list
07-22 17:00:30.168 debug SimplyDo fetchLists returned 15 items
07-22 17:00:30.408 info ViewInteraction Performing 'load adapter data' action on view (with id: kdk.android.simplydo:id/ListsListView and Child at position 1 in parent with id: kdk.android.simplydo:id/listsView)
07-22 17:00:30.437 info ViewInteraction Performing 'single click' action on view  displaying data matching: ANYTHING within adapter view matching: (with id: kdk.android.simplydo:id/ListsListView and Child at position 1 in parent with id: kdk.android.simplydo:id/listsView)
07-22 17:00:30.548 verbose SimplyDo ListsListReactor.onItemClick()
07-22 17:00:30.552 debug SimplyDo fetchItems returned 0 items
07-22 17:00:31.064 info ViewInteraction Performing 'replace text' action on view (with id: kdk.android.simplydo:id/AddItemEditText and Child at position 0 in parent (with id: kdk.android.simplydo:id/LinearLayout01 and Child at position 0 in parent with id: kdk.android.simplydo:id/itemsView) and is displayed on the screen to the user)
07-22 17:00:31.086 info ViewInteraction Performing 'close keyboard' action on view (with id: kdk.android.simplydo:id/AddItemEditText and Child at position 0 in parent (with id: kdk.android.simplydo:id/LinearLayout01 and Child at position 0 in parent with id: kdk.android.simplydo:id/itemsView) and is displayed on the screen to the user)
07-22 17:00:31.089 warn CloseKeyboardAction Attempting to close soft keyboard, while it is not shown.
07-22 17:00:31.090 info ViewInteraction Performing 'single click' action on view (with id: kdk.android.simplydo:id/AddItemButton and with text: is "Add" and Child at position 1 in parent (with id: kdk.android.simplydo:id/LinearLayout01 and Child at position 0 in parent with id: kdk.android.simplydo:id/itemsView) and is displayed on the screen to the user)
07-22 17:00:31.136 verbose SimplyDo DataManager.createItem(): Insert item A
07-22 17:00:31.153 debug SimplyDo DataManager.createItem(): Inserted item and got id 8
07-22 17:00:31.379 info ViewInteraction Performing 'replace text' action on view (with id: kdk.android.simplydo:id/AddItemEditText and Child at position 0 in parent (with id: kdk.android.simplydo:id/LinearLayout01 and Child at position 0 in parent with id: kdk.android.simplydo:id/itemsView) and is displayed on the screen to the user)
07-22 17:00:31.405 info ViewInteraction Performing 'close keyboard' action on view (with id: kdk.android.simplydo:id/AddItemEditText and Child at position 0 in parent (with id: kdk.android.simplydo:id/LinearLayout01 and Child at position 0 in parent with id: kdk.android.simplydo:id/itemsView) and is displayed on the screen to the user)
07-22 17:00:31.408 warn CloseKeyboardAction Attempting to close soft keyboard, while it is not shown.
07-22 17:00:31.409 info ViewInteraction Performing 'single click' action on view (with id: kdk.android.simplydo:id/AddItemButton and with text: is "Add" and Child at position 1 in parent (with id: kdk.android.simplydo:id/LinearLayout01 and Child at position 0 in parent with id: kdk.android.simplydo:id/itemsView) and is displayed on the screen to the user)
07-22 17:00:31.454 verbose SimplyDo DataManager.createItem(): Insert item B
07-22 17:00:31.468 debug SimplyDo DataManager.createItem(): Inserted item and got id 9
07-22 17:00:31.722 info ViewInteraction Performing 'replace text' action on view (with id: kdk.android.simplydo:id/AddItemEditText and Child at position 0 in parent (with id: kdk.android.simplydo:id/LinearLayout01 and Child at position 0 in parent with id: kdk.android.simplydo:id/itemsView) and is displayed on the screen to the user)
07-22 17:00:31.745 info ViewInteraction Performing 'close keyboard' action on view (with id: kdk.android.simplydo:id/AddItemEditText and Child at position 0 in parent (with id: kdk.android.simplydo:id/LinearLayout01 and Child at position 0 in parent with id: kdk.android.simplydo:id/itemsView) and is displayed on the screen to the user)
07-22 17:00:31.746 warn CloseKeyboardAction Attempting to close soft keyboard, while it is not shown.
07-22 17:00:31.748 info ViewInteraction Performing 'single click' action on view (with id: kdk.android.simplydo:id/AddItemButton and with text: is "Add" and Child at position 1 in parent (with id: kdk.android.simplydo:id/LinearLayout01 and Child at position 0 in parent with id: kdk.android.simplydo:id/itemsView) and is displayed on the screen to the user)
07-22 17:00:31.794 verbose SimplyDo DataManager.createItem(): Insert item D
07-22 17:00:31.810 debug SimplyDo DataManager.createItem(): Inserted item and got id 10
07-22 17:00:32.060 info ViewInteraction Performing 'Handle transition between action bar and action bar context.' action on view is a root view.
07-22 17:00:32.065 info ViewInteraction Performing 'single click' action on view ((is displayed on the screen to the user and with content description: is "More options") or (is displayed on the screen to the user and with class name: a string ending with "OverflowMenuButton"))
07-22 17:00:32.128 verbose SimplyDo SimplyDoActivity.onPrepareOptionsMenu() called
07-22 17:00:32.211 debug EGL_emulation eglMakeCurrent: 0xae4d4a80: ver 3 0 (tinfo 0xae4e77e0)
07-22 17:00:32.214 debug EGL_emulation eglMakeCurrent: 0xae4d4a80: ver 3 0 (tinfo 0xae4e77e0)
07-22 17:00:32.237 debug EGL_emulation eglMakeCurrent: 0xae4d4a80: ver 3 0 (tinfo 0xae4e77e0)
07-22 17:00:32.244 debug EGL_emulation eglMakeCurrent: 0xae4d4a80: ver 3 0 (tinfo 0xae4e77e0)
07-22 17:00:32.271 debug EGL_emulation eglMakeCurrent: 0xae4d4a80: ver 3 0 (tinfo 0xae4e77e0)
07-22 17:00:32.281 debug EGL_emulation eglMakeCurrent: 0xae4d4a80: ver 3 0 (tinfo 0xae4e77e0)
07-22 17:00:32.289 debug EGL_emulation eglMakeCurrent: 0xae4d4a80: ver 3 0 (tinfo 0xae4e77e0)
07-22 17:00:32.293 debug EGL_emulation eglMakeCurrent: 0xae4d4a80: ver 3 0 (tinfo 0xae4e77e0)
07-22 17:00:32.307 debug EGL_emulation eglMakeCurrent: 0xae4d4a80: ver 3 0 (tinfo 0xae4e77e0)
07-22 17:00:32.311 debug EGL_emulation eglMakeCurrent: 0xae4d4a80: ver 3 0 (tinfo 0xae4e77e0)
07-22 17:00:32.325 debug EGL_emulation eglMakeCurrent: 0xae4d4a80: ver 3 0 (tinfo 0xae4e77e0)
07-22 17:00:32.332 debug EGL_emulation eglMakeCurrent: 0xae4d4a80: ver 3 0 (tinfo 0xae4e77e0)
07-22 17:00:32.346 debug EGL_emulation eglMakeCurrent: 0xae4d4a80: ver 3 0 (tinfo 0xae4e77e0)
07-22 17:00:32.351 debug EGL_emulation eglMakeCurrent: 0xae4d4a80: ver 3 0 (tinfo 0xae4e77e0)
07-22 17:00:32.372 debug EGL_emulation eglMakeCurrent: 0xae4d4a80: ver 3 0 (tinfo 0xae4e77e0)
07-22 17:00:32.378 debug EGL_emulation eglMakeCurrent: 0xae4d4a80: ver 3 0 (tinfo 0xae4e77e0)
07-22 17:00:32.387 debug EGL_emulation eglMakeCurrent: 0xae4d4a80: ver 3 0 (tinfo 0xae4e77e0)
07-22 17:00:32.393 debug EGL_emulation eglMakeCurrent: 0xae4d4a80: ver 3 0 (tinfo 0xae4e77e0)
07-22 17:00:32.402 debug EGL_emulation eglMakeCurrent: 0xae4d4a80: ver 3 0 (tinfo 0xae4e77e0)
07-22 17:00:32.408 debug EGL_emulation eglMakeCurrent: 0xae4d4a80: ver 3 0 (tinfo 0xae4e77e0)
07-22 17:00:32.414 debug EGL_emulation eglMakeCurrent: 0xae4d4a80: ver 3 0 (tinfo 0xae4e77e0)
07-22 17:00:32.421 debug EGL_emulation eglMakeCurrent: 0xae4d4a80: ver 3 0 (tinfo 0xae4e77e0)
07-22 17:00:32.431 debug EGL_emulation eglMakeCurrent: 0xae4d4a80: ver 3 0 (tinfo 0xae4e77e0)
07-22 17:00:32.436 debug EGL_emulation eglMakeCurrent: 0xae4d4a80: ver 3 0 (tinfo 0xae4e77e0)
07-22 17:00:32.448 debug EGL_emulation eglMakeCurrent: 0xae4d4a80: ver 3 0 (tinfo 0xae4e77e0)
07-22 17:00:32.452 debug EGL_emulation eglMakeCurrent: 0xae4d4a80: ver 3 0 (tinfo 0xae4e77e0)
07-22 17:00:32.466 debug EGL_emulation eglMakeCurrent: 0xae4d4a80: ver 3 0 (tinfo 0xae4e77e0)
07-22 17:00:32.472 debug EGL_emulation eglMakeCurrent: 0xae4d4a80: ver 3 0 (tinfo 0xae4e77e0)
07-22 17:00:32.483 debug EGL_emulation eglMakeCurrent: 0xae4d4a80: ver 3 0 (tinfo 0xae4e77e0)
07-22 17:00:32.488 debug EGL_emulation eglMakeCurrent: 0xae4d4a80: ver 3 0 (tinfo 0xae4e77e0)
07-22 17:00:32.503 debug EGL_emulation eglMakeCurrent: 0xae4d4a80: ver 3 0 (tinfo 0xae4e77e0)
07-22 17:00:32.510 debug EGL_emulation eglMakeCurrent: 0xae4d4a80: ver 3 0 (tinfo 0xae4e77e0)
07-22 17:00:32.738 info ViewInteraction Performing 'single click' action on view (with id: android:id/title and with text: is "Sort Now" and Child at position 0 in parent Child at position 0 in parent with class name: is "com.android.internal.view.menu.ListMenuItemView" and is displayed on the screen to the user)
07-22 17:00:32.802 debug EGL_emulation eglMakeCurrent: 0xae4d4a80: ver 3 0 (tinfo 0xae4e77e0)
07-22 17:00:32.854 verbose SimplyDo SimplyDoActivity.onMenuItemSelected() called
07-22 17:00:32.919 debug EGL_emulation eglMakeCurrent: 0xae4d4a80: ver 3 0 (tinfo 0xae4e77e0)
07-22 17:00:32.952 debug EGL_emulation eglMakeCurrent: 0xae4d4a80: ver 3 0 (tinfo 0xae4e77e0)
07-22 17:00:33.049 debug EGL_emulation eglMakeCurrent: 0xae4d4a80: ver 3 0 (tinfo 0xae4e77e0)
07-22 17:00:33.062 debug EGL_emulation eglMakeCurrent: 0xae4d4a80: ver 3 0 (tinfo 0xae4e77e0)
07-22 17:00:33.164 debug LifecycleMonitor Lifecycle status change: kdk.android.simplydo.SimplyDoActivity@f3039f7 in: PAUSED
07-22 17:00:33.164 debug LifecycleMonitor running callback: android.support.test.rule.ActivityTestRule$LifecycleCallback@347c0d2
07-22 17:00:33.164 debug LifecycleMonitor callback completes: android.support.test.rule.ActivityTestRule$LifecycleCallback@347c0d2
07-22 17:00:33.195 debug LifecycleMonitor Lifecycle status change: kdk.android.simplydo.SimplyDoActivity@f3039f7 in: STOPPED
07-22 17:00:33.195 debug LifecycleMonitor running callback: android.support.test.rule.ActivityTestRule$LifecycleCallback@347c0d2
07-22 17:00:33.195 debug LifecycleMonitor callback completes: android.support.test.rule.ActivityTestRule$LifecycleCallback@347c0d2
07-22 17:00:33.195 verbose SimplyDo SimplyDoActivity.onDestroy() called
07-22 17:00:33.195 verbose SimplyDo CachingDataView.close(): Entered
07-22 17:00:33.195 debug SimplyDo CachingDataView.close(): Close interrupt required
07-22 17:00:33.195 debug SimplyDo CachingDataViewer.dbUpdateLoop(): interrupt exit
07-22 17:00:33.195 verbose SimplyDo CachingDataViewer.dbUpdateLoop(): Exit
07-22 17:00:33.200 verbose SimplyDo CachingDataView.close(): Exit
07-22 17:00:33.200 debug LifecycleMonitor Lifecycle status change: kdk.android.simplydo.SimplyDoActivity@f3039f7 in: DESTROYED
07-22 17:00:33.200 debug LifecycleMonitor running callback: android.support.test.rule.ActivityTestRule$LifecycleCallback@347c0d2
07-22 17:00:33.200 debug LifecycleMonitor callback completes: android.support.test.rule.ActivityTestRule$LifecycleCallback@347c0d2
07-22 17:00:33.231 error Surface getSlotFromBufferLocked: unknown buffer: 0xae484e00
07-22 17:00:33.258 error WindowManager android.view.WindowLeaked: Activity kdk.android.simplydo.SimplyDoActivity has leaked window android.widget.PopupWindow$PopupDecorView{b8a0e0f V.E...... ........ 0,0-588,432} that was originally added here
07-22 17:00:33.258 error WindowManager 	at android.view.ViewRootImpl.<init>(ViewRootImpl.java:368)
07-22 17:00:33.258 error WindowManager 	at android.view.WindowManagerGlobal.addView(WindowManagerGlobal.java:299)
07-22 17:00:33.258 error WindowManager 	at android.view.WindowManagerImpl.addView(WindowManagerImpl.java:85)
07-22 17:00:33.258 error WindowManager 	at android.widget.PopupWindow.invokePopup(PopupWindow.java:1258)
07-22 17:00:33.258 error WindowManager 	at android.widget.PopupWindow.showAsDropDown(PopupWindow.java:1110)
07-22 17:00:33.258 error WindowManager 	at android.widget.ListPopupWindow.show(ListPopupWindow.java:658)
07-22 17:00:33.258 error WindowManager 	at com.android.internal.view.menu.MenuPopupHelper.tryShow(MenuPopupHelper.java:170)
07-22 17:00:33.258 error WindowManager 	at android.widget.ActionMenuPresenter$OpenOverflowRunnable.run(ActionMenuPresenter.java:997)
07-22 17:00:33.258 error WindowManager 	at android.os.Handler.handleCallback(Handler.java:739)
07-22 17:00:33.258 error WindowManager 	at android.os.Handler.dispatchMessage(Handler.java:95)
07-22 17:00:33.258 error WindowManager 	at android.support.test.espresso.base.Interrogator.loopAndInterrogate(Interrogator.java:148)
07-22 17:00:33.258 error WindowManager 	at android.support.test.espresso.base.UiControllerImpl.loopUntil(UiControllerImpl.java:462)
07-22 17:00:33.258 error WindowManager 	at android.support.test.espresso.base.UiControllerImpl.loopUntil(UiControllerImpl.java:421)
07-22 17:00:33.258 error WindowManager 	at android.support.test.espresso.base.UiControllerImpl.injectMotionEvent(UiControllerImpl.java:235)
07-22 17:00:33.258 error WindowManager 	at android.support.test.espresso.action.MotionEvents.sendUp(MotionEvents.java:140)
07-22 17:00:33.258 error WindowManager 	at android.support.test.espresso.action.MotionEvents.sendUp(MotionEvents.java:123)
07-22 17:00:33.258 error WindowManager 	at android.support.test.espresso.action.Tap.sendSingleTap(Tap.java:170)
07-22 17:00:33.258 error WindowManager 	at android.support.test.espresso.action.Tap.access$100(Tap.java:31)
07-22 17:00:33.258 error WindowManager 	at android.support.test.espresso.action.Tap$1.sendTap(Tap.java:47)
07-22 17:00:33.258 error WindowManager 	at android.support.test.espresso.action.GeneralClickAction.perform(GeneralClickAction.java:136)
07-22 17:00:33.258 error WindowManager 	at android.support.test.espresso.ViewInteraction$SingleExecutionViewAction.perform(ViewInteraction.java:356)
07-22 17:00:33.258 error WindowManager 	at android.support.test.espresso.ViewInteraction.doPerform(ViewInteraction.java:248)
07-22 17:00:33.258 error WindowManager 	at android.support.test.espresso.ViewInteraction.access$100(ViewInteraction.java:63)
07-22 17:00:33.258 error WindowManager 	at android.support.test.espresso.ViewInteraction$1.call(ViewInteraction.java:153)
07-22 17:00:33.258 error WindowManager 	at android.support.test.espresso.ViewInteraction$1.call(ViewInteraction.java:150)
07-22 17:00:33.258 error WindowManager 	at java.util.concurrent.FutureTask.run(FutureTask.java:237)
07-22 17:00:33.258 error WindowManager 	at android.os.Handler.handleCallback(Handler.java:739)
07-22 17:00:33.258 error WindowManager 	at android.os.Handler.dispatchMessage(Handler.java:95)
07-22 17:00:33.258 error WindowManager 	at android.os.Looper.loop(Looper.java:148)
07-22 17:00:33.258 error WindowManager 	at android.app.ActivityThread.main(ActivityThread.java:5417)
07-22 17:00:33.258 error WindowManager 	at java.lang.reflect.Method.invoke(Native Method)
07-22 17:00:33.258 error WindowManager 	at com.android.internal.os.ZygoteInit$MethodAndArgsCaller.run(ZygoteInit.java:726)
07-22 17:00:33.258 error WindowManager 	at com.android.internal.os.ZygoteInit.main(ZygoteInit.java:616)
07-22 17:00:33.264 debug EGL_emulation eglMakeCurrent: 0xae4d4a80: ver 3 0 (tinfo 0xae4e77e0)
07-22 17:00:33.269 error Surface getSlotFromBufferLocked: unknown buffer: 0xae483b40
07-22 17:00:33.274 debug OpenGLRenderer endAllStagingAnimators on 0xa10f6680 (ListPopupWindow$DropDownListView) with handle 0xaa115cd0
07-22 17:00:33.295 info TestRunner finished: sortItemsDefauC4(kdk.android.simplydo.C4.SortItemsC4)
