07-22 17:00:38.814 info TestRunner started: createListC5(kdk.android.simplydo.C5.CreateListC5)
07-22 17:00:38.817 info MonitoringInstr Activities that are still in CREATED to STOPPED: 0
07-22 17:00:38.820 warn ActivityTestRule getActivityIntent() returned null using default: Intent(Intent.ACTION_MAIN)
07-22 17:00:38.860 debug LifecycleMonitor Lifecycle status change: kdk.android.simplydo.SimplyDoActivity@9335d41 in: PRE_ON_CREATE
07-22 17:00:38.860 verbose SimplyDo SimplyDoActivity.onCreate() called
07-22 17:00:38.879 verbose SimplyDo CachingDataViewer.dbUpdateLoop(): Entered
07-22 17:00:38.894 verbose SimplyDo CachingDataView.fetchLists(): Entered
07-22 17:00:38.905 debug SimplyDo fetchLists returned 17 items
07-22 17:00:38.905 verbose SimplyDo CachingDataView.fetchLists(): Exited
07-22 17:00:38.905 debug SimplyDo SimplyDoActivity.onCreate()
07-22 17:00:38.905 debug LifecycleMonitor Lifecycle status change: kdk.android.simplydo.SimplyDoActivity@9335d41 in: CREATED
07-22 17:00:38.906 verbose SimplyDo SimplyDoActivity.onStart(): called
07-22 17:00:38.906 debug LifecycleMonitor Lifecycle status change: kdk.android.simplydo.SimplyDoActivity@9335d41 in: STARTED
07-22 17:00:38.908 debug LifecycleMonitor Lifecycle status change: kdk.android.simplydo.SimplyDoActivity@9335d41 in: RESUMED
07-22 17:00:39.006 debug EGL_emulation eglMakeCurrent: 0xae4d4a80: ver 3 0 (tinfo 0xae4e77e0)
07-22 17:00:39.030 verbose SimplyDo SimplyDoActivity.onCreateOptionsMenu() called
07-22 17:00:39.030 verbose SimplyDo SimplyDoActivity.onPrepareOptionsMenu() called
07-22 17:00:39.073 info ViewInteraction Performing 'replace text' action on view (with id: kdk.android.simplydo:id/AddListEditText and Child at position 0 in parent (with id: kdk.android.simplydo:id/LinearLayout01 and Child at position 0 in parent (with id: kdk.android.simplydo:id/listsView and Child at position 0 in parent (with id: kdk.android.simplydo:id/ListsItemsSwitcher and Child at position 0 in parent Child at position 0 in parent with id: android:id/content))) and is displayed on the screen to the user)
07-22 17:00:39.090 info ViewInteraction Performing 'close keyboard' action on view (with id: kdk.android.simplydo:id/AddListEditText and Child at position 0 in parent (with id: kdk.android.simplydo:id/LinearLayout01 and Child at position 0 in parent (with id: kdk.android.simplydo:id/listsView and Child at position 0 in parent (with id: kdk.android.simplydo:id/ListsItemsSwitcher and Child at position 0 in parent Child at position 0 in parent with id: android:id/content))) and is displayed on the screen to the user)
07-22 17:00:39.091 warn CloseKeyboardAction Attempting to close soft keyboard, while it is not shown.
07-22 17:00:39.094 info ViewInteraction Performing 'single click' action on view (with id: kdk.android.simplydo:id/AddListButton and with text: is "Add" and Child at position 1 in parent (with id: kdk.android.simplydo:id/LinearLayout01 and Child at position 0 in parent (with id: kdk.android.simplydo:id/listsView and Child at position 0 in parent (with id: kdk.android.simplydo:id/ListsItemsSwitcher and Child at position 0 in parent Child at position 0 in parent with id: android:id/content))) and is displayed on the screen to the user)
07-22 17:00:39.139 debug SimplyDo Insert list List
07-22 17:00:39.160 debug SimplyDo fetchLists returned 18 items
07-22 17:00:39.391 info ViewInteraction Performing 'replace text' action on view (with id: kdk.android.simplydo:id/AddListEditText and Child at position 0 in parent (with id: kdk.android.simplydo:id/LinearLayout01 and Child at position 0 in parent (with id: kdk.android.simplydo:id/listsView and Child at position 0 in parent (with id: kdk.android.simplydo:id/ListsItemsSwitcher and Child at position 0 in parent Child at position 0 in parent with id: android:id/content))) and is displayed on the screen to the user)
07-22 17:00:39.422 info ViewInteraction Performing 'close keyboard' action on view (with id: kdk.android.simplydo:id/AddListEditText and Child at position 0 in parent (with id: kdk.android.simplydo:id/LinearLayout01 and Child at position 0 in parent (with id: kdk.android.simplydo:id/listsView and Child at position 0 in parent (with id: kdk.android.simplydo:id/ListsItemsSwitcher and Child at position 0 in parent Child at position 0 in parent with id: android:id/content))) and is displayed on the screen to the user)
07-22 17:00:39.424 warn CloseKeyboardAction Attempting to close soft keyboard, while it is not shown.
07-22 17:00:39.430 info ViewInteraction Performing 'single click' action on view (with id: kdk.android.simplydo:id/AddListButton and with text: is "Add" and Child at position 1 in parent (with id: kdk.android.simplydo:id/LinearLayout01 and Child at position 0 in parent (with id: kdk.android.simplydo:id/listsView and Child at position 0 in parent (with id: kdk.android.simplydo:id/ListsItemsSwitcher and Child at position 0 in parent Child at position 0 in parent with id: android:id/content))) and is displayed on the screen to the user)
07-22 17:00:39.543 debug SimplyDo Insert list List2
07-22 17:00:39.564 debug SimplyDo fetchLists returned 19 items
07-22 17:00:39.851 debug LifecycleMonitor Lifecycle status change: kdk.android.simplydo.SimplyDoActivity@9335d41 in: PAUSED
07-22 17:00:39.851 debug LifecycleMonitor running callback: android.support.test.rule.ActivityTestRule$LifecycleCallback@e29c49f
07-22 17:00:39.851 debug LifecycleMonitor callback completes: android.support.test.rule.ActivityTestRule$LifecycleCallback@e29c49f
07-22 17:00:39.874 debug LifecycleMonitor Lifecycle status change: kdk.android.simplydo.SimplyDoActivity@9335d41 in: STOPPED
07-22 17:00:39.874 debug LifecycleMonitor running callback: android.support.test.rule.ActivityTestRule$LifecycleCallback@e29c49f
07-22 17:00:39.874 debug LifecycleMonitor callback completes: android.support.test.rule.ActivityTestRule$LifecycleCallback@e29c49f
07-22 17:00:39.874 verbose SimplyDo SimplyDoActivity.onDestroy() called
07-22 17:00:39.874 verbose SimplyDo CachingDataView.close(): Entered
07-22 17:00:39.874 debug SimplyDo CachingDataView.close(): Close interrupt required
07-22 17:00:39.874 debug SimplyDo CachingDataViewer.dbUpdateLoop(): interrupt exit
07-22 17:00:39.874 verbose SimplyDo CachingDataViewer.dbUpdateLoop(): Exit
07-22 17:00:39.876 verbose SimplyDo CachingDataView.close(): Exit
07-22 17:00:39.876 debug LifecycleMonitor Lifecycle status change: kdk.android.simplydo.SimplyDoActivity@9335d41 in: DESTROYED
07-22 17:00:39.876 debug LifecycleMonitor running callback: android.support.test.rule.ActivityTestRule$LifecycleCallback@e29c49f
07-22 17:00:39.876 debug LifecycleMonitor callback completes: android.support.test.rule.ActivityTestRule$LifecycleCallback@e29c49f
07-22 17:00:39.887 debug EGL_emulation eglMakeCurrent: 0xae4d4a80: ver 3 0 (tinfo 0xae4e77e0)
07-22 17:00:39.889 error Surface getSlotFromBufferLocked: unknown buffer: 0xae484540
07-22 17:00:39.893 debug OpenGLRenderer endAllStagingAnimators on 0xafece000 (RippleDrawable) with handle 0xa1549380
07-22 17:00:39.905 info TestRunner finished: createListC5(kdk.android.simplydo.C5.CreateListC5)
