07-22 16:59:58.710 info TestRunner started: addItemC2(kdk.android.simplydo.C2.AddItemC2)
07-22 16:59:58.718 info MonitoringInstr Activities that are still in CREATED to STOPPED: 0
07-22 16:59:58.720 warn ActivityTestRule getActivityIntent() returned null using default: Intent(Intent.ACTION_MAIN)
07-22 16:59:58.754 debug LifecycleMonitor Lifecycle status change: kdk.android.simplydo.SimplyDoActivity@570c893 in: PRE_ON_CREATE
07-22 16:59:58.754 verbose SimplyDo SimplyDoActivity.onCreate() called
07-22 16:59:58.790 verbose SimplyDo CachingDataViewer.dbUpdateLoop(): Entered
07-22 16:59:58.793 verbose SimplyDo CachingDataView.fetchLists(): Entered
07-22 16:59:58.841 debug SimplyDo fetchLists returned 0 items
07-22 16:59:58.841 verbose SimplyDo CachingDataView.fetchLists(): Exited
07-22 16:59:58.843 debug SimplyDo SimplyDoActivity.onCreate()
07-22 16:59:58.843 debug LifecycleMonitor Lifecycle status change: kdk.android.simplydo.SimplyDoActivity@570c893 in: CREATED
07-22 16:59:58.844 verbose SimplyDo SimplyDoActivity.onStart(): called
07-22 16:59:58.847 debug LifecycleMonitor Lifecycle status change: kdk.android.simplydo.SimplyDoActivity@570c893 in: STARTED
07-22 16:59:58.848 debug LifecycleMonitor Lifecycle status change: kdk.android.simplydo.SimplyDoActivity@570c893 in: RESUMED
07-22 16:59:58.859 debug OpenGLRenderer Use EGL_SWAP_BEHAVIOR_PRESERVED: true
07-22 16:59:58.867 debug  HostConnection::get() New Host Connection established 0xaff0cb80, tid 10065
07-22 16:59:58.948 debug  HostConnection::get() New Host Connection established 0xaff0d280, tid 10083
07-22 16:59:58.950 info OpenGLRenderer Initialized EGL, version 1.4
07-22 16:59:58.950 warn OpenGLRenderer Failed to choose config with EGL_SWAP_BEHAVIOR_PRESERVED, retrying without...
07-22 16:59:58.966 debug EGL_emulation eglCreateContext: 0xae4d4a80: maj 3 min 0 rcv 3
07-22 16:59:58.969 debug EGL_emulation eglMakeCurrent: 0xae4d4a80: ver 3 0 (tinfo 0xae4e77e0)
07-22 16:59:58.969 error eglCodecCommon glUtilsParamSize: unknow param 0x00008cdf
07-22 16:59:58.969 error eglCodecCommon glUtilsParamSize: unknow param 0x00008824
07-22 16:59:59.002 debug EGL_emulation eglMakeCurrent: 0xae4d4a80: ver 3 0 (tinfo 0xae4e77e0)
07-22 16:59:59.167 verbose SimplyDo SimplyDoActivity.onCreateOptionsMenu() called
07-22 16:59:59.167 verbose SimplyDo SimplyDoActivity.onPrepareOptionsMenu() called
07-22 16:59:59.224 debug InputManagerEventInjectionStrategy Creating injection strategy with input manager.
07-22 16:59:59.231 info ViewInteraction Performing 'replace text' action on view (with id: kdk.android.simplydo:id/AddListEditText and with content description: is "addlistedittext" and is displayed on the screen to the user)
07-22 16:59:59.250 info ViewInteraction Performing 'close keyboard' action on view (with id: kdk.android.simplydo:id/AddListEditText and with content description: is "addlistedittext" and is displayed on the screen to the user)
07-22 16:59:59.252 warn CloseKeyboardAction Attempting to close soft keyboard, while it is not shown.
07-22 16:59:59.254 info ViewInteraction Performing 'single click' action on view (with id: kdk.android.simplydo:id/AddListButton and with text: is "Add" and with content description: is "Add" and is displayed on the screen to the user)
07-22 16:59:59.305 debug SimplyDo Insert list List
07-22 16:59:59.318 debug SimplyDo fetchLists returned 1 items
07-22 16:59:59.641 debug LifecycleMonitor Lifecycle status change: kdk.android.simplydo.SimplyDoActivity@570c893 in: PAUSED
07-22 16:59:59.641 debug LifecycleMonitor running callback: android.support.test.rule.ActivityTestRule$LifecycleCallback@d91aed4
07-22 16:59:59.641 debug LifecycleMonitor callback completes: android.support.test.rule.ActivityTestRule$LifecycleCallback@d91aed4
07-22 16:59:59.707 info TestRunner failed: addItemC2(kdk.android.simplydo.C2.AddItemC2)
07-22 16:59:59.708 info TestRunner ----- begin exception -----
07-22 16:59:59.709 info TestRunner android.support.test.espresso.AmbiguousViewMatcherException: '(with class name: is "android.widget.LinearLayout" and is displayed on the screen to the user)' matches multiple views in the hierarchy.
07-22 16:59:59.709 info TestRunner Problem views are marked with '****MATCHES****' below.
07-22 16:59:59.709 info TestRunner View Hierarchy:
07-22 16:59:59.709 info TestRunner +>DecorView{id=-1, visibility=VISIBLE, width=1080, height=1920, has-focus=true, has-focusable=true, has-window-focus=true, is-clickable=false, is-enabled=true, is-focused=false, is-focusable=false, is-layout-requested=false, is-selected=false, layout-params=WM.LayoutParams{(0,0)(fillxfill) sim=#3 ty=1 fl=#81810100 wanim=0x1030383 needsMenuKey=2}, tag=null, root-is-layout-requested=false, has-input-connection=false, x=0.0, y=0.0, child-count=3} 
07-22 16:59:59.709 info TestRunner |
07-22 16:59:59.709 info TestRunner +->ActionBarOverlayLayout{id=16909230, res-name=decor_content_parent, visibility=VISIBLE, width=1080, height=1776, has-focus=true, has-focusable=true, has-window-focus=true, is-clickable=false, is-enabled=true, is-focused=false, is-focusable=false, is-layout-requested=false, is-selected=false, layout-params=android.widget.FrameLayout$LayoutParams@3823eae, tag=null, root-is-layout-requested=false, has-input-connection=false, x=0.0, y=0.0, child-count=2} 
07-22 16:59:59.709 info TestRunner |
07-22 16:59:59.709 info TestRunner +-->FrameLayout{id=16908290, res-name=content, visibility=VISIBLE, width=1080, height=1536, has-focus=true, has-focusable=true, has-window-focus=true, is-clickable=false, is-enabled=true, is-focused=false, is-focusable=false, is-layout-requested=false, is-selected=false, layout-params=com.android.internal.widget.ActionBarOverlayLayout$LayoutParams@621e44f, tag=null, root-is-layout-requested=false, has-input-connection=false, x=0.0, y=240.0, child-count=1} 
07-22 16:59:59.709 info TestRunner |
07-22 16:59:59.709 info TestRunner +--->LinearLayout{id=-1, visibility=VISIBLE, width=1080, height=1536, has-focus=true, has-focusable=true, has-window-focus=true, is-clickable=false, is-enabled=true, is-focused=false, is-focusable=false, is-layout-requested=false, is-selected=false, layout-params=android.widget.FrameLayout$LayoutParams@31840e5, tag=null, root-is-layout-requested=false, has-input-connection=false, x=0.0, y=0.0, child-count=1} ****MATCHES****
07-22 16:59:59.709 info TestRunner |
07-22 16:59:59.709 info TestRunner +---->ViewSwitcher{id=2130903049, res-name=ListsItemsSwitcher, visibility=VISIBLE, width=1080, height=292, has-focus=true, has-focusable=true, has-window-focus=true, is-clickable=false, is-enabled=true, is-focused=false, is-focusable=false, is-layout-requested=false, is-selected=false, layout-params=android.widget.LinearLayout$LayoutParams@ac2766b, tag=null, root-is-layout-requested=false, has-input-connection=false, x=0.0, y=0.0, child-count=2} 
07-22 16:59:59.709 info TestRunner |
07-22 16:59:59.709 info TestRunner +----->LinearLayout{id=2130903059, res-name=listsView, visibility=VISIBLE, width=1080, height=292, has-focus=true, has-focusable=true, has-window-focus=true, is-clickable=false, is-enabled=true, is-focused=false, is-focusable=false, is-layout-requested=false, is-selected=false, layout-params=android.widget.FrameLayout$LayoutParams@e910661, tag=null, root-is-layout-requested=false, has-input-connection=false, x=0.0, y=0.0, child-count=2} ****MATCHES****
07-22 16:59:59.709 info TestRunner |
07-22 16:59:59.709 info TestRunner +------>LinearLayout{id=2130903048, res-name=LinearLayout01, visibility=VISIBLE, width=1080, height=144, has-focus=true, has-focusable=true, has-window-focus=true, is-clickable=false, is-enabled=true, is-focused=false, is-focusable=false, is-layout-requested=false, is-selected=false, layout-params=android.widget.LinearLayout$LayoutParams@199e674, tag=null, root-is-layout-requested=false, has-input-connection=false, x=0.0, y=0.0, child-count=2} ****MATCHES****
07-22 16:59:59.709 info TestRunner |
07-22 16:59:59.709 info TestRunner +------->EditText{id=2130903043, res-name=AddListEditText, desc=addlistedittext, visibility=VISIBLE, width=816, height=144, has-focus=true, has-focusable=true, has-window-focus=true, is-clickable=true, is-enabled=true, is-focused=true, is-focusable=true, is-layout-requested=false, is-selected=false, layout-params=android.widget.LinearLayout$LayoutParams@e056412, tag=null, root-is-layout-requested=false, has-input-connection=true, editor-info=[inputType=0x31 imeOptions=0x8000006 privateImeOptions=null actionLabel=null actionId=0 initialSelStart=0 initialSelEnd=0 initialCapsMode=0x0 hintText=New List Name
07-22 16:59:59.709 info TestRunner ----- end exception -----
07-22 16:59:59.711 info TestRunner finished: addItemC2(kdk.android.simplydo.C2.AddItemC2)
