07-22 17:00:25.681 info TestRunner started: createListsDefauC4(kdk.android.simplydo.C4.CreateListsC4)
07-22 17:00:25.684 info MonitoringInstr Activities that are still in CREATED to STOPPED: 0
07-22 17:00:25.687 warn ActivityTestRule getActivityIntent() returned null using default: Intent(Intent.ACTION_MAIN)
07-22 17:00:25.744 debug LifecycleMonitor Lifecycle status change: kdk.android.simplydo.SimplyDoActivity@f03a49c in: PRE_ON_CREATE
07-22 17:00:25.744 verbose SimplyDo SimplyDoActivity.onCreate() called
07-22 17:00:25.767 verbose SimplyDo CachingDataViewer.dbUpdateLoop(): Entered
07-22 17:00:25.771 verbose SimplyDo CachingDataView.fetchLists(): Entered
07-22 17:00:25.782 debug SimplyDo fetchLists returned 12 items
07-22 17:00:25.784 verbose SimplyDo CachingDataView.fetchLists(): Exited
07-22 17:00:25.784 debug SimplyDo SimplyDoActivity.onCreate()
07-22 17:00:25.785 debug LifecycleMonitor Lifecycle status change: kdk.android.simplydo.SimplyDoActivity@f03a49c in: CREATED
07-22 17:00:25.787 verbose SimplyDo SimplyDoActivity.onStart(): called
07-22 17:00:25.787 debug LifecycleMonitor Lifecycle status change: kdk.android.simplydo.SimplyDoActivity@f03a49c in: STARTED
07-22 17:00:25.788 debug LifecycleMonitor Lifecycle status change: kdk.android.simplydo.SimplyDoActivity@f03a49c in: RESUMED
07-22 17:00:25.854 debug EGL_emulation eglMakeCurrent: 0xae654c00: ver 3 0 (tinfo 0xae64b390)
07-22 17:00:25.887 verbose SimplyDo SimplyDoActivity.onCreateOptionsMenu() called
07-22 17:00:25.887 verbose SimplyDo SimplyDoActivity.onPrepareOptionsMenu() called
07-22 17:00:25.917 debug RootViewPicker Root not ready - waiting: 10ms for one to appear.
07-22 17:00:25.983 info ViewInteraction Performing 'replace text' action on view (with id: kdk.android.simplydo:id/AddListEditText and Child at position 0 in parent (with id: kdk.android.simplydo:id/LinearLayout01 and Child at position 0 in parent with id: kdk.android.simplydo:id/listsView) and is displayed on the screen to the user)
07-22 17:00:26.001 info ViewInteraction Performing 'close keyboard' action on view (with id: kdk.android.simplydo:id/AddListEditText and Child at position 0 in parent (with id: kdk.android.simplydo:id/LinearLayout01 and Child at position 0 in parent with id: kdk.android.simplydo:id/listsView) and is displayed on the screen to the user)
07-22 17:00:26.012 warn CloseKeyboardAction Attempting to close soft keyboard, while it is not shown.
07-22 17:00:26.014 info ViewInteraction Performing 'single click' action on view (with id: kdk.android.simplydo:id/AddListButton and with text: is "Add" and Child at position 1 in parent (with id: kdk.android.simplydo:id/LinearLayout01 and Child at position 0 in parent with id: kdk.android.simplydo:id/listsView) and is displayed on the screen to the user)
07-22 17:00:26.060 debug SimplyDo Insert list List
07-22 17:00:26.084 debug SimplyDo fetchLists returned 13 items
07-22 17:00:26.325 info ViewInteraction Performing 'replace text' action on view (with id: kdk.android.simplydo:id/AddListEditText and Child at position 0 in parent (with id: kdk.android.simplydo:id/LinearLayout01 and Child at position 0 in parent with id: kdk.android.simplydo:id/listsView) and is displayed on the screen to the user)
07-22 17:00:26.364 info ViewInteraction Performing 'close keyboard' action on view (with id: kdk.android.simplydo:id/AddListEditText and Child at position 0 in parent (with id: kdk.android.simplydo:id/LinearLayout01 and Child at position 0 in parent with id: kdk.android.simplydo:id/listsView) and is displayed on the screen to the user)
07-22 17:00:26.368 warn CloseKeyboardAction Attempting to close soft keyboard, while it is not shown.
07-22 17:00:26.371 info ViewInteraction Performing 'single click' action on view (with id: kdk.android.simplydo:id/AddListButton and with text: is "Add" and Child at position 1 in parent (with id: kdk.android.simplydo:id/LinearLayout01 and Child at position 0 in parent with id: kdk.android.simplydo:id/listsView) and is displayed on the screen to the user)
07-22 17:00:26.431 debug SimplyDo Insert list List2
07-22 17:00:26.453 debug SimplyDo fetchLists returned 14 items
07-22 17:00:26.926 debug LifecycleMonitor Lifecycle status change: kdk.android.simplydo.SimplyDoActivity@f03a49c in: PAUSED
07-22 17:00:26.926 debug LifecycleMonitor running callback: android.support.test.rule.ActivityTestRule$LifecycleCallback@23f42ee
07-22 17:00:26.926 debug LifecycleMonitor callback completes: android.support.test.rule.ActivityTestRule$LifecycleCallback@23f42ee
07-22 17:00:26.955 debug LifecycleMonitor Lifecycle status change: kdk.android.simplydo.SimplyDoActivity@f03a49c in: STOPPED
07-22 17:00:26.956 debug LifecycleMonitor running callback: android.support.test.rule.ActivityTestRule$LifecycleCallback@23f42ee
07-22 17:00:26.956 debug LifecycleMonitor callback completes: android.support.test.rule.ActivityTestRule$LifecycleCallback@23f42ee
07-22 17:00:26.956 verbose SimplyDo SimplyDoActivity.onDestroy() called
07-22 17:00:26.956 verbose SimplyDo CachingDataView.close(): Entered
07-22 17:00:26.956 debug SimplyDo CachingDataView.close(): Close interrupt required
07-22 17:00:26.956 debug SimplyDo CachingDataViewer.dbUpdateLoop(): interrupt exit
07-22 17:00:26.956 verbose SimplyDo CachingDataViewer.dbUpdateLoop(): Exit
07-22 17:00:26.956 verbose SimplyDo CachingDataView.close(): Exit
07-22 17:00:26.956 debug LifecycleMonitor Lifecycle status change: kdk.android.simplydo.SimplyDoActivity@f03a49c in: DESTROYED
07-22 17:00:26.956 debug LifecycleMonitor running callback: android.support.test.rule.ActivityTestRule$LifecycleCallback@23f42ee
07-22 17:00:26.956 debug LifecycleMonitor callback completes: android.support.test.rule.ActivityTestRule$LifecycleCallback@23f42ee
07-22 17:00:26.981 debug EGL_emulation eglMakeCurrent: 0xae654c00: ver 3 0 (tinfo 0xae64b390)
07-22 17:00:26.985 error Surface getSlotFromBufferLocked: unknown buffer: 0xae6c4e00
07-22 17:00:26.988 debug OpenGLRenderer endAllStagingAnimators on 0xa1eb6000 (RippleDrawable) with handle 0xae478310
07-22 17:00:27.003 info TestRunner finished: createListsDefauC4(kdk.android.simplydo.C4.CreateListsC4)
