07-22 17:00:09.599 info TestRunner started: checkItemC3(kdk.android.simplydo.C3.CheckItemC3)
07-22 17:00:09.611 debug EGL_emulation eglMakeCurrent: 0xae4d4a80: ver 3 0 (tinfo 0xae4e77e0)
07-22 17:00:09.614 error Surface getSlotFromBufferLocked: unknown buffer: 0xae484220
07-22 17:00:09.616 debug OpenGLRenderer endAllStagingAnimators on 0xa100d900 (ListView) with handle 0xaa115220
07-22 17:00:09.619 info MonitoringInstr Activities that are still in CREATED to STOPPED: 0
07-22 17:00:09.621 warn ActivityTestRule getActivityIntent() returned null using default: Intent(Intent.ACTION_MAIN)
07-22 17:00:09.762 debug LifecycleMonitor Lifecycle status change: kdk.android.simplydo.SimplyDoActivity@338c12b in: PRE_ON_CREATE
07-22 17:00:09.762 verbose SimplyDo SimplyDoActivity.onCreate() called
07-22 17:00:09.776 verbose SimplyDo CachingDataViewer.dbUpdateLoop(): Entered
07-22 17:00:09.782 verbose SimplyDo CachingDataView.fetchLists(): Entered
07-22 17:00:09.786 debug SimplyDo fetchLists returned 6 items
07-22 17:00:09.787 verbose SimplyDo CachingDataView.fetchLists(): Exited
07-22 17:00:09.787 debug SimplyDo SimplyDoActivity.onCreate()
07-22 17:00:09.788 debug LifecycleMonitor Lifecycle status change: kdk.android.simplydo.SimplyDoActivity@338c12b in: CREATED
07-22 17:00:09.788 verbose SimplyDo SimplyDoActivity.onStart(): called
07-22 17:00:09.788 debug LifecycleMonitor Lifecycle status change: kdk.android.simplydo.SimplyDoActivity@338c12b in: STARTED
07-22 17:00:09.789 debug LifecycleMonitor Lifecycle status change: kdk.android.simplydo.SimplyDoActivity@338c12b in: RESUMED
07-22 17:00:09.885 debug EGL_emulation eglMakeCurrent: 0xae4d4a80: ver 3 0 (tinfo 0xae4e77e0)
07-22 17:00:09.930 verbose SimplyDo SimplyDoActivity.onCreateOptionsMenu() called
07-22 17:00:09.930 verbose SimplyDo SimplyDoActivity.onPrepareOptionsMenu() called
07-22 17:00:09.967 info ViewInteraction Performing 'replace text' action on view (with id: kdk.android.simplydo:id/AddListEditText and with content description: is "addlistedittext" and Child at position 0 in parent (with id: kdk.android.simplydo:id/LinearLayout01 and Child at position 0 in parent (with id: kdk.android.simplydo:id/listsView and Child at position 0 in parent (with id: kdk.android.simplydo:id/ListsItemsSwitcher and Child at position 0 in parent Child at position 0 in parent with id: android:id/content))) and is displayed on the screen to the user)
07-22 17:00:09.984 info ViewInteraction Performing 'close keyboard' action on view (with id: kdk.android.simplydo:id/AddListEditText and with content description: is "addlistedittext" and Child at position 0 in parent (with id: kdk.android.simplydo:id/LinearLayout01 and Child at position 0 in parent (with id: kdk.android.simplydo:id/listsView and Child at position 0 in parent (with id: kdk.android.simplydo:id/ListsItemsSwitcher and Child at position 0 in parent Child at position 0 in parent with id: android:id/content))) and is displayed on the screen to the user)
07-22 17:00:09.990 warn CloseKeyboardAction Attempting to close soft keyboard, while it is not shown.
07-22 17:00:10.001 info ViewInteraction Performing 'single click' action on view (with id: kdk.android.simplydo:id/AddListButton and with text: is "Add" and with content description: is "Add" and Child at position 1 in parent (with id: kdk.android.simplydo:id/LinearLayout01 and Child at position 0 in parent (with id: kdk.android.simplydo:id/listsView and Child at position 0 in parent (with id: kdk.android.simplydo:id/ListsItemsSwitcher and Child at position 0 in parent Child at position 0 in parent with id: android:id/content))) and is displayed on the screen to the user)
07-22 17:00:10.053 debug SimplyDo Insert list List
07-22 17:00:10.073 debug SimplyDo fetchLists returned 7 items
07-22 17:00:10.309 info ViewInteraction Performing 'load adapter data' action on view (with id: kdk.android.simplydo:id/ListsListView and Child at position 1 in parent (with id: kdk.android.simplydo:id/listsView and Child at position 0 in parent (with id: kdk.android.simplydo:id/ListsItemsSwitcher and Child at position 0 in parent Child at position 0 in parent with id: android:id/content)))
07-22 17:00:10.339 info ViewInteraction Performing 'single click' action on view  displaying data matching: ANYTHING within adapter view matching: (with id: kdk.android.simplydo:id/ListsListView and Child at position 1 in parent (with id: kdk.android.simplydo:id/listsView and Child at position 0 in parent (with id: kdk.android.simplydo:id/ListsItemsSwitcher and Child at position 0 in parent Child at position 0 in parent with id: android:id/content)))
07-22 17:00:10.467 verbose SimplyDo ListsListReactor.onItemClick()
07-22 17:00:10.469 debug SimplyDo fetchItems returned 0 items
07-22 17:00:10.983 info ViewInteraction Performing 'replace text' action on view (with id: kdk.android.simplydo:id/AddItemEditText and with content description: is "addItemEditText" and Child at position 0 in parent (with id: kdk.android.simplydo:id/LinearLayout01 and Child at position 0 in parent (with id: kdk.android.simplydo:id/itemsView and Child at position 1 in parent (with id: kdk.android.simplydo:id/ListsItemsSwitcher and Child at position 0 in parent Child at position 0 in parent with id: android:id/content))) and is displayed on the screen to the user)
07-22 17:00:11.009 info ViewInteraction Performing 'close keyboard' action on view (with id: kdk.android.simplydo:id/AddItemEditText and with content description: is "addItemEditText" and Child at position 0 in parent (with id: kdk.android.simplydo:id/LinearLayout01 and Child at position 0 in parent (with id: kdk.android.simplydo:id/itemsView and Child at position 1 in parent (with id: kdk.android.simplydo:id/ListsItemsSwitcher and Child at position 0 in parent Child at position 0 in parent with id: android:id/content))) and is displayed on the screen to the user)
07-22 17:00:11.010 warn CloseKeyboardAction Attempting to close soft keyboard, while it is not shown.
07-22 17:00:11.013 info ViewInteraction Performing 'single click' action on view (with id: kdk.android.simplydo:id/AddItemButton and with text: is "Add" and with content description: is "Add" and Child at position 1 in parent (with id: kdk.android.simplydo:id/LinearLayout01 and Child at position 0 in parent (with id: kdk.android.simplydo:id/itemsView and Child at position 1 in parent (with id: kdk.android.simplydo:id/ListsItemsSwitcher and Child at position 0 in parent Child at position 0 in parent with id: android:id/content))) and is displayed on the screen to the user)
07-22 17:00:11.058 verbose SimplyDo DataManager.createItem(): Insert item Item
07-22 17:00:11.067 debug SimplyDo DataManager.createItem(): Inserted item and got id 2
07-22 17:00:11.295 info ViewInteraction Performing 'load adapter data' action on view (with id: kdk.android.simplydo:id/ItemsListView and Child at position 1 in parent (with id: kdk.android.simplydo:id/itemsView and Child at position 1 in parent (with id: kdk.android.simplydo:id/ListsItemsSwitcher and Child at position 0 in parent Child at position 0 in parent with id: android:id/content)))
07-22 17:00:11.310 info ViewInteraction Performing 'single click' action on view  displaying data matching: ANYTHING within adapter view matching: (with id: kdk.android.simplydo:id/ItemsListView and Child at position 1 in parent (with id: kdk.android.simplydo:id/itemsView and Child at position 1 in parent (with id: kdk.android.simplydo:id/ListsItemsSwitcher and Child at position 0 in parent Child at position 0 in parent with id: android:id/content)))
07-22 17:00:11.431 verbose SimplyDo ItemsListReactor.onItemClick()
07-22 17:00:11.431 verbose SimplyDo Item selected Item
07-22 17:00:11.433 debug SimplyDo Setting active property of 2 to false
07-22 17:00:11.627 debug LifecycleMonitor Lifecycle status change: kdk.android.simplydo.SimplyDoActivity@338c12b in: PAUSED
07-22 17:00:11.627 debug LifecycleMonitor running callback: android.support.test.rule.ActivityTestRule$LifecycleCallback@f2d4c6
07-22 17:00:11.627 debug LifecycleMonitor callback completes: android.support.test.rule.ActivityTestRule$LifecycleCallback@f2d4c6
07-22 17:00:11.669 debug LifecycleMonitor Lifecycle status change: kdk.android.simplydo.SimplyDoActivity@338c12b in: STOPPED
07-22 17:00:11.669 debug LifecycleMonitor running callback: android.support.test.rule.ActivityTestRule$LifecycleCallback@f2d4c6
07-22 17:00:11.669 debug LifecycleMonitor callback completes: android.support.test.rule.ActivityTestRule$LifecycleCallback@f2d4c6
07-22 17:00:11.669 verbose SimplyDo SimplyDoActivity.onDestroy() called
07-22 17:00:11.669 verbose SimplyDo CachingDataView.close(): Entered
07-22 17:00:11.669 debug SimplyDo CachingDataView.close(): Close interrupt required
07-22 17:00:11.670 debug SimplyDo CachingDataViewer.dbUpdateLoop(): interrupt exit
07-22 17:00:11.670 verbose SimplyDo CachingDataViewer.dbUpdateLoop(): Exit
07-22 17:00:11.670 verbose SimplyDo CachingDataView.close(): Exit
07-22 17:00:11.670 debug LifecycleMonitor Lifecycle status change: kdk.android.simplydo.SimplyDoActivity@338c12b in: DESTROYED
07-22 17:00:11.670 debug LifecycleMonitor running callback: android.support.test.rule.ActivityTestRule$LifecycleCallback@f2d4c6
07-22 17:00:11.670 debug LifecycleMonitor callback completes: android.support.test.rule.ActivityTestRule$LifecycleCallback@f2d4c6
07-22 17:00:11.680 debug EGL_emulation eglMakeCurrent: 0xae4d4a80: ver 3 0 (tinfo 0xae4e77e0)
07-22 17:00:11.683 error Surface getSlotFromBufferLocked: unknown buffer: 0xae484220
07-22 17:00:11.686 debug OpenGLRenderer endAllStagingAnimators on 0xa126a080 (ListView) with handle 0xaa115750
07-22 17:00:11.686 debug OpenGLRenderer endAllStagingAnimators on 0xa185e080 (RippleDrawable) with handle 0xaa115600
07-22 17:00:11.703 info TestRunner finished: checkItemC3(kdk.android.simplydo.C3.CheckItemC3)
