07-22 17:00:58.369 info TestRunner started: sortItemsDefault(kdk.android.simplydo.Default.SortItemsDefault)
07-22 17:00:58.373 info MonitoringInstr Activities that are still in CREATED to STOPPED: 0
07-22 17:00:58.399 warn ActivityTestRule getActivityIntent() returned null using default: Intent(Intent.ACTION_MAIN)
07-22 17:00:58.495 debug LifecycleMonitor Lifecycle status change: kdk.android.simplydo.SimplyDoActivity@44abed9 in: PRE_ON_CREATE
07-22 17:00:58.495 verbose SimplyDo SimplyDoActivity.onCreate() called
07-22 17:00:58.507 verbose SimplyDo CachingDataViewer.dbUpdateLoop(): Entered
07-22 17:00:58.559 verbose SimplyDo CachingDataView.fetchLists(): Entered
07-22 17:00:58.568 debug SimplyDo fetchLists returned 29 items
07-22 17:00:58.569 verbose SimplyDo CachingDataView.fetchLists(): Exited
07-22 17:00:58.569 debug SimplyDo SimplyDoActivity.onCreate()
07-22 17:00:58.569 debug LifecycleMonitor Lifecycle status change: kdk.android.simplydo.SimplyDoActivity@44abed9 in: CREATED
07-22 17:00:58.570 verbose SimplyDo SimplyDoActivity.onStart(): called
07-22 17:00:58.571 debug LifecycleMonitor Lifecycle status change: kdk.android.simplydo.SimplyDoActivity@44abed9 in: STARTED
07-22 17:00:58.575 debug LifecycleMonitor Lifecycle status change: kdk.android.simplydo.SimplyDoActivity@44abed9 in: RESUMED
07-22 17:00:58.665 debug EGL_emulation eglMakeCurrent: 0xae4d4a80: ver 3 0 (tinfo 0xae4e77e0)
07-22 17:00:58.708 verbose SimplyDo SimplyDoActivity.onCreateOptionsMenu() called
07-22 17:00:58.708 verbose SimplyDo SimplyDoActivity.onPrepareOptionsMenu() called
07-22 17:00:58.784 info ViewInteraction Performing 'single click' action on view (with id: kdk.android.simplydo:id/AddListEditText and with content description: is "addlistedittext" and Child at position 0 in parent (with id: kdk.android.simplydo:id/LinearLayout01 and Child at position 0 in parent with id: kdk.android.simplydo:id/listsView) and is displayed on the screen to the user)
07-22 17:00:59.079 info ViewInteraction Performing 'replace text' action on view (with id: kdk.android.simplydo:id/AddListEditText and with content description: is "addlistedittext" and Child at position 0 in parent (with id: kdk.android.simplydo:id/LinearLayout01 and Child at position 0 in parent with id: kdk.android.simplydo:id/listsView) and is displayed on the screen to the user)
07-22 17:00:59.165 info ViewInteraction Performing 'close keyboard' action on view (with id: kdk.android.simplydo:id/AddListEditText and with content description: is "addlistedittext" and Child at position 0 in parent (with id: kdk.android.simplydo:id/LinearLayout01 and Child at position 0 in parent with id: kdk.android.simplydo:id/listsView) and is displayed on the screen to the user)
07-22 17:00:59.749 info ViewInteraction Performing 'single click' action on view (with id: kdk.android.simplydo:id/AddListButton and with text: is "Add" and with content description: is "Add" and Child at position 1 in parent (with id: kdk.android.simplydo:id/LinearLayout01 and Child at position 0 in parent with id: kdk.android.simplydo:id/listsView) and is displayed on the screen to the user)
07-22 17:01:00.011 debug SimplyDo Insert list list
07-22 17:01:00.035 debug SimplyDo fetchLists returned 30 items
07-22 17:01:00.556 info ViewInteraction Performing 'load adapter data' action on view (with id: kdk.android.simplydo:id/ListsListView and Child at position 1 in parent with id: kdk.android.simplydo:id/listsView)
07-22 17:01:00.570 info ViewInteraction Performing 'single click' action on view  displaying data matching: ANYTHING within adapter view matching: (with id: kdk.android.simplydo:id/ListsListView and Child at position 1 in parent with id: kdk.android.simplydo:id/listsView)
07-22 17:01:00.683 verbose SimplyDo ListsListReactor.onItemClick()
07-22 17:01:00.686 debug SimplyDo fetchItems returned 0 items
07-22 17:01:01.195 info ViewInteraction Performing 'replace text' action on view (with id: kdk.android.simplydo:id/AddItemEditText and with content description: is "addItemEditText" and Child at position 0 in parent (with id: kdk.android.simplydo:id/LinearLayout01 and Child at position 0 in parent with id: kdk.android.simplydo:id/itemsView) and is displayed on the screen to the user)
07-22 17:01:01.220 info ViewInteraction Performing 'close keyboard' action on view (with id: kdk.android.simplydo:id/AddItemEditText and with content description: is "addItemEditText" and Child at position 0 in parent (with id: kdk.android.simplydo:id/LinearLayout01 and Child at position 0 in parent with id: kdk.android.simplydo:id/itemsView) and is displayed on the screen to the user)
07-22 17:01:01.226 warn CloseKeyboardAction Attempting to close soft keyboard, while it is not shown.
07-22 17:01:01.230 info ViewInteraction Performing 'single click' action on view (with id: kdk.android.simplydo:id/AddItemButton and with text: is "Add" and with content description: is "Add" and Child at position 1 in parent (with id: kdk.android.simplydo:id/LinearLayout01 and Child at position 0 in parent with id: kdk.android.simplydo:id/itemsView) and is displayed on the screen to the user)
07-22 17:01:01.274 verbose SimplyDo DataManager.createItem(): Insert item A
07-22 17:01:01.285 debug SimplyDo DataManager.createItem(): Inserted item and got id 18
07-22 17:01:01.508 info ViewInteraction Performing 'replace text' action on view (with id: kdk.android.simplydo:id/AddItemEditText and with content description: is "addItemEditText" and Child at position 0 in parent (with id: kdk.android.simplydo:id/LinearLayout01 and Child at position 0 in parent with id: kdk.android.simplydo:id/itemsView) and is displayed on the screen to the user)
07-22 17:01:01.542 info ViewInteraction Performing 'close keyboard' action on view (with id: kdk.android.simplydo:id/AddItemEditText and with content description: is "addItemEditText" and Child at position 0 in parent (with id: kdk.android.simplydo:id/LinearLayout01 and Child at position 0 in parent with id: kdk.android.simplydo:id/itemsView) and is displayed on the screen to the user)
07-22 17:01:01.545 warn CloseKeyboardAction Attempting to close soft keyboard, while it is not shown.
07-22 17:01:01.548 info ViewInteraction Performing 'single click' action on view (with id: kdk.android.simplydo:id/AddItemButton and with text: is "Add" and with content description: is "Add" and Child at position 1 in parent (with id: kdk.android.simplydo:id/LinearLayout01 and Child at position 0 in parent with id: kdk.android.simplydo:id/itemsView) and is displayed on the screen to the user)
07-22 17:01:01.595 verbose SimplyDo DataManager.createItem(): Insert item B
07-22 17:01:01.608 debug SimplyDo DataManager.createItem(): Inserted item and got id 19
07-22 17:01:01.839 info ViewInteraction Performing 'replace text' action on view (with id: kdk.android.simplydo:id/AddItemEditText and with content description: is "addItemEditText" and Child at position 0 in parent (with id: kdk.android.simplydo:id/LinearLayout01 and Child at position 0 in parent with id: kdk.android.simplydo:id/itemsView) and is displayed on the screen to the user)
07-22 17:01:01.861 info ViewInteraction Performing 'close keyboard' action on view (with id: kdk.android.simplydo:id/AddItemEditText and with content description: is "addItemEditText" and Child at position 0 in parent (with id: kdk.android.simplydo:id/LinearLayout01 and Child at position 0 in parent with id: kdk.android.simplydo:id/itemsView) and is displayed on the screen to the user)
07-22 17:01:01.862 warn CloseKeyboardAction Attempting to close soft keyboard, while it is not shown.
07-22 17:01:01.863 info ViewInteraction Performing 'single click' action on view (with id: kdk.android.simplydo:id/AddItemButton and with text: is "Add" and with content description: is "Add" and Child at position 1 in parent (with id: kdk.android.simplydo:id/LinearLayout01 and Child at position 0 in parent with id: kdk.android.simplydo:id/itemsView) and is displayed on the screen to the user)
07-22 17:01:01.912 verbose SimplyDo DataManager.createItem(): Insert item D
07-22 17:01:01.923 debug SimplyDo DataManager.createItem(): Inserted item and got id 20
07-22 17:01:02.161 info ViewInteraction Performing 'Handle transition between action bar and action bar context.' action on view is a root view.
07-22 17:01:02.164 info ViewInteraction Performing 'single click' action on view ((is displayed on the screen to the user and with content description: is "More options") or (is displayed on the screen to the user and with class name: a string ending with "OverflowMenuButton"))
07-22 17:01:02.211 verbose SimplyDo SimplyDoActivity.onPrepareOptionsMenu() called
07-22 17:01:02.284 debug EGL_emulation eglMakeCurrent: 0xae4d4a80: ver 3 0 (tinfo 0xae4e77e0)
07-22 17:01:02.287 debug EGL_emulation eglMakeCurrent: 0xae4d4a80: ver 3 0 (tinfo 0xae4e77e0)
07-22 17:01:02.299 debug EGL_emulation eglMakeCurrent: 0xae4d4a80: ver 3 0 (tinfo 0xae4e77e0)
07-22 17:01:02.306 debug EGL_emulation eglMakeCurrent: 0xae4d4a80: ver 3 0 (tinfo 0xae4e77e0)
07-22 17:01:02.334 debug EGL_emulation eglMakeCurrent: 0xae4d4a80: ver 3 0 (tinfo 0xae4e77e0)
07-22 17:01:02.341 debug EGL_emulation eglMakeCurrent: 0xae4d4a80: ver 3 0 (tinfo 0xae4e77e0)
07-22 17:01:02.384 debug EGL_emulation eglMakeCurrent: 0xae4d4a80: ver 3 0 (tinfo 0xae4e77e0)
07-22 17:01:02.390 debug EGL_emulation eglMakeCurrent: 0xae4d4a80: ver 3 0 (tinfo 0xae4e77e0)
07-22 17:01:02.402 debug EGL_emulation eglMakeCurrent: 0xae4d4a80: ver 3 0 (tinfo 0xae4e77e0)
07-22 17:01:02.411 debug EGL_emulation eglMakeCurrent: 0xae4d4a80: ver 3 0 (tinfo 0xae4e77e0)
07-22 17:01:02.422 debug EGL_emulation eglMakeCurrent: 0xae4d4a80: ver 3 0 (tinfo 0xae4e77e0)
07-22 17:01:02.427 debug EGL_emulation eglMakeCurrent: 0xae4d4a80: ver 3 0 (tinfo 0xae4e77e0)
07-22 17:01:02.438 debug EGL_emulation eglMakeCurrent: 0xae4d4a80: ver 3 0 (tinfo 0xae4e77e0)
07-22 17:01:02.441 debug EGL_emulation eglMakeCurrent: 0xae4d4a80: ver 3 0 (tinfo 0xae4e77e0)
07-22 17:01:02.456 debug EGL_emulation eglMakeCurrent: 0xae4d4a80: ver 3 0 (tinfo 0xae4e77e0)
07-22 17:01:02.460 debug EGL_emulation eglMakeCurrent: 0xae4d4a80: ver 3 0 (tinfo 0xae4e77e0)
07-22 17:01:02.472 debug EGL_emulation eglMakeCurrent: 0xae4d4a80: ver 3 0 (tinfo 0xae4e77e0)
07-22 17:01:02.475 debug EGL_emulation eglMakeCurrent: 0xae4d4a80: ver 3 0 (tinfo 0xae4e77e0)
07-22 17:01:02.490 debug EGL_emulation eglMakeCurrent: 0xae4d4a80: ver 3 0 (tinfo 0xae4e77e0)
07-22 17:01:02.495 debug EGL_emulation eglMakeCurrent: 0xae4d4a80: ver 3 0 (tinfo 0xae4e77e0)
07-22 17:01:02.508 debug EGL_emulation eglMakeCurrent: 0xae4d4a80: ver 3 0 (tinfo 0xae4e77e0)
07-22 17:01:02.512 debug EGL_emulation eglMakeCurrent: 0xae4d4a80: ver 3 0 (tinfo 0xae4e77e0)
07-22 17:01:02.526 debug EGL_emulation eglMakeCurrent: 0xae4d4a80: ver 3 0 (tinfo 0xae4e77e0)
07-22 17:01:02.533 debug EGL_emulation eglMakeCurrent: 0xae4d4a80: ver 3 0 (tinfo 0xae4e77e0)
07-22 17:01:02.545 debug EGL_emulation eglMakeCurrent: 0xae4d4a80: ver 3 0 (tinfo 0xae4e77e0)
07-22 17:01:02.549 debug EGL_emulation eglMakeCurrent: 0xae4d4a80: ver 3 0 (tinfo 0xae4e77e0)
07-22 17:01:02.561 debug EGL_emulation eglMakeCurrent: 0xae4d4a80: ver 3 0 (tinfo 0xae4e77e0)
07-22 17:01:02.565 debug EGL_emulation eglMakeCurrent: 0xae4d4a80: ver 3 0 (tinfo 0xae4e77e0)
07-22 17:01:02.579 debug EGL_emulation eglMakeCurrent: 0xae4d4a80: ver 3 0 (tinfo 0xae4e77e0)
07-22 17:01:02.582 debug EGL_emulation eglMakeCurrent: 0xae4d4a80: ver 3 0 (tinfo 0xae4e77e0)
07-22 17:01:02.801 info ViewInteraction Performing 'single click' action on view (with id: android:id/title and with text: is "Sort Now" and Child at position 0 in parent Child at position 0 in parent with class name: is "com.android.internal.view.menu.ListMenuItemView" and is displayed on the screen to the user)
07-22 17:01:02.861 debug EGL_emulation eglMakeCurrent: 0xae4d4a80: ver 3 0 (tinfo 0xae4e77e0)
07-22 17:01:02.908 verbose SimplyDo SimplyDoActivity.onMenuItemSelected() called
07-22 17:01:02.954 debug EGL_emulation eglMakeCurrent: 0xae4d4a80: ver 3 0 (tinfo 0xae4e77e0)
07-22 17:01:02.964 debug EGL_emulation eglMakeCurrent: 0xae4d4a80: ver 3 0 (tinfo 0xae4e77e0)
07-22 17:01:02.970 debug EGL_emulation eglMakeCurrent: 0xae4d4a80: ver 3 0 (tinfo 0xae4e77e0)
07-22 17:01:02.974 debug EGL_emulation eglMakeCurrent: 0xae4d4a80: ver 3 0 (tinfo 0xae4e77e0)
07-22 17:01:03.108 debug LifecycleMonitor Lifecycle status change: kdk.android.simplydo.SimplyDoActivity@44abed9 in: PAUSED
07-22 17:01:03.108 debug LifecycleMonitor running callback: android.support.test.rule.ActivityTestRule$LifecycleCallback@1981008
07-22 17:01:03.108 debug LifecycleMonitor callback completes: android.support.test.rule.ActivityTestRule$LifecycleCallback@1981008
07-22 17:01:03.132 debug LifecycleMonitor Lifecycle status change: kdk.android.simplydo.SimplyDoActivity@44abed9 in: STOPPED
07-22 17:01:03.132 debug LifecycleMonitor running callback: android.support.test.rule.ActivityTestRule$LifecycleCallback@1981008
07-22 17:01:03.132 debug LifecycleMonitor callback completes: android.support.test.rule.ActivityTestRule$LifecycleCallback@1981008
07-22 17:01:03.132 verbose SimplyDo SimplyDoActivity.onDestroy() called
07-22 17:01:03.132 verbose SimplyDo CachingDataView.close(): Entered
07-22 17:01:03.132 debug SimplyDo CachingDataView.close(): Close interrupt required
07-22 17:01:03.132 debug SimplyDo CachingDataViewer.dbUpdateLoop(): interrupt exit
07-22 17:01:03.132 verbose SimplyDo CachingDataViewer.dbUpdateLoop(): Exit
07-22 17:01:03.133 verbose SimplyDo CachingDataView.close(): Exit
07-22 17:01:03.133 debug LifecycleMonitor Lifecycle status change: kdk.android.simplydo.SimplyDoActivity@44abed9 in: DESTROYED
07-22 17:01:03.133 debug LifecycleMonitor running callback: android.support.test.rule.ActivityTestRule$LifecycleCallback@1981008
07-22 17:01:03.133 debug LifecycleMonitor callback completes: android.support.test.rule.ActivityTestRule$LifecycleCallback@1981008
07-22 17:01:03.153 error Surface getSlotFromBufferLocked: unknown buffer: 0xae4847c0
07-22 17:01:03.164 error WindowManager android.view.WindowLeaked: Activity kdk.android.simplydo.SimplyDoActivity has leaked window android.widget.PopupWindow$PopupDecorView{da16a2 V.E...... ........ 0,0-588,432} that was originally added here
07-22 17:01:03.164 error WindowManager 	at android.view.ViewRootImpl.<init>(ViewRootImpl.java:368)
07-22 17:01:03.164 error WindowManager 	at android.view.WindowManagerGlobal.addView(WindowManagerGlobal.java:299)
07-22 17:01:03.164 error WindowManager 	at android.view.WindowManagerImpl.addView(WindowManagerImpl.java:85)
07-22 17:01:03.164 error WindowManager 	at android.widget.PopupWindow.invokePopup(PopupWindow.java:1258)
07-22 17:01:03.164 error WindowManager 	at android.widget.PopupWindow.showAsDropDown(PopupWindow.java:1110)
07-22 17:01:03.164 error WindowManager 	at android.widget.ListPopupWindow.show(ListPopupWindow.java:658)
07-22 17:01:03.164 error WindowManager 	at com.android.internal.view.menu.MenuPopupHelper.tryShow(MenuPopupHelper.java:170)
07-22 17:01:03.164 error WindowManager 	at android.widget.ActionMenuPresenter$OpenOverflowRunnable.run(ActionMenuPresenter.java:997)
07-22 17:01:03.164 error WindowManager 	at android.os.Handler.handleCallback(Handler.java:739)
07-22 17:01:03.164 error WindowManager 	at android.os.Handler.dispatchMessage(Handler.java:95)
07-22 17:01:03.164 error WindowManager 	at android.support.test.espresso.base.Interrogator.loopAndInterrogate(Interrogator.java:148)
07-22 17:01:03.164 error WindowManager 	at android.support.test.espresso.base.UiControllerImpl.loopUntil(UiControllerImpl.java:462)
07-22 17:01:03.164 error WindowManager 	at android.support.test.espresso.base.UiControllerImpl.loopUntil(UiControllerImpl.java:421)
07-22 17:01:03.164 error WindowManager 	at android.support.test.espresso.base.UiControllerImpl.injectMotionEvent(UiControllerImpl.java:235)
07-22 17:01:03.164 error WindowManager 	at android.support.test.espresso.action.MotionEvents.sendUp(MotionEvents.java:140)
07-22 17:01:03.164 error WindowManager 	at android.support.test.espresso.action.MotionEvents.sendUp(MotionEvents.java:123)
07-22 17:01:03.164 error WindowManager 	at android.support.test.espresso.action.Tap.sendSingleTap(Tap.java:170)
07-22 17:01:03.164 error WindowManager 	at android.support.test.espresso.action.Tap.access$100(Tap.java:31)
07-22 17:01:03.164 error WindowManager 	at android.support.test.espresso.action.Tap$1.sendTap(Tap.java:47)
07-22 17:01:03.164 error WindowManager 	at android.support.test.espresso.action.GeneralClickAction.perform(GeneralClickAction.java:136)
07-22 17:01:03.164 error WindowManager 	at android.support.test.espresso.ViewInteraction$SingleExecutionViewAction.perform(ViewInteraction.java:356)
07-22 17:01:03.164 error WindowManager 	at android.support.test.espresso.ViewInteraction.doPerform(ViewInteraction.java:248)
07-22 17:01:03.164 error WindowManager 	at android.support.test.espresso.ViewInteraction.access$100(ViewInteraction.java:63)
07-22 17:01:03.164 error WindowManager 	at android.support.test.espresso.ViewInteraction$1.call(ViewInteraction.java:153)
07-22 17:01:03.164 error WindowManager 	at android.support.test.espresso.ViewInteraction$1.call(ViewInteraction.java:150)
07-22 17:01:03.164 error WindowManager 	at java.util.concurrent.FutureTask.run(FutureTask.java:237)
07-22 17:01:03.164 error WindowManager 	at android.os.Handler.handleCallback(Handler.java:739)
07-22 17:01:03.164 error WindowManager 	at android.os.Handler.dispatchMessage(Handler.java:95)
07-22 17:01:03.164 error WindowManager 	at android.os.Looper.loop(Looper.java:148)
07-22 17:01:03.164 error WindowManager 	at android.app.ActivityThread.main(ActivityThread.java:5417)
07-22 17:01:03.164 error WindowManager 	at java.lang.reflect.Method.invoke(Native Method)
07-22 17:01:03.164 error WindowManager 	at com.android.internal.os.ZygoteInit$MethodAndArgsCaller.run(ZygoteInit.java:726)
07-22 17:01:03.164 error WindowManager 	at com.android.internal.os.ZygoteInit.main(ZygoteInit.java:616)
07-22 17:01:03.166 debug EGL_emulation eglMakeCurrent: 0xae4d4a80: ver 3 0 (tinfo 0xae4e77e0)
07-22 17:01:03.168 error Surface getSlotFromBufferLocked: unknown buffer: 0xae4845e0
07-22 17:01:03.170 debug OpenGLRenderer endAllStagingAnimators on 0xa1251e00 (ListPopupWindow$DropDownListView) with handle 0xaa115ab0
07-22 17:01:03.177 info TestRunner finished: sortItemsDefault(kdk.android.simplydo.Default.SortItemsDefault)
