07-22 17:00:07.802 info TestRunner started: checkItemC2(kdk.android.simplydo.C2.CheckItemC2)
07-22 17:00:07.809 info MonitoringInstr Activities that are still in CREATED to STOPPED: 0
07-22 17:00:07.811 warn ActivityTestRule getActivityIntent() returned null using default: Intent(Intent.ACTION_MAIN)
07-22 17:00:07.869 debug LifecycleMonitor Lifecycle status change: kdk.android.simplydo.SimplyDoActivity@f37325d in: PRE_ON_CREATE
07-22 17:00:07.869 verbose SimplyDo SimplyDoActivity.onCreate() called
07-22 17:00:08.038 verbose SimplyDo CachingDataViewer.dbUpdateLoop(): Entered
07-22 17:00:08.077 verbose SimplyDo CachingDataView.fetchLists(): Entered
07-22 17:00:08.084 debug SimplyDo fetchLists returned 1 items
07-22 17:00:08.089 verbose SimplyDo CachingDataView.fetchLists(): Exited
07-22 17:00:08.089 debug SimplyDo SimplyDoActivity.onCreate()
07-22 17:00:08.091 debug LifecycleMonitor Lifecycle status change: kdk.android.simplydo.SimplyDoActivity@f37325d in: CREATED
07-22 17:00:08.093 verbose SimplyDo SimplyDoActivity.onStart(): called
07-22 17:00:08.096 debug LifecycleMonitor Lifecycle status change: kdk.android.simplydo.SimplyDoActivity@f37325d in: STARTED
07-22 17:00:08.099 debug LifecycleMonitor Lifecycle status change: kdk.android.simplydo.SimplyDoActivity@f37325d in: RESUMED
07-22 17:00:08.164 info zygote Do partial code cache collection, code=248KB, data=163KB
07-22 17:00:08.166 info zygote After code cache collection, code=248KB, data=163KB
07-22 17:00:08.166 info zygote Increasing code cache capacity to 1024KB
07-22 17:00:08.257 verbose SimplyDo SimplyDoActivity.onCreateOptionsMenu() called
07-22 17:00:08.257 verbose SimplyDo SimplyDoActivity.onPrepareOptionsMenu() called
07-22 17:00:08.277 debug EGL_emulation eglMakeCurrent: 0xa61055a0: ver 3 0 (tinfo 0xa61032b0)
07-22 17:00:08.353 info ViewInteraction Performing 'replace text' action on view (with id: kdk.android.simplydo:id/AddListEditText and with content description: is "addlistedittext" and is displayed on the screen to the user)
07-22 17:00:08.554 info ViewInteraction Performing 'close keyboard' action on view (with id: kdk.android.simplydo:id/AddListEditText and with content description: is "addlistedittext" and is displayed on the screen to the user)
07-22 17:00:08.556 warn CloseKeyboardAction Attempting to close soft keyboard, while it is not shown.
07-22 17:00:08.574 info ViewInteraction Performing 'single click' action on view (with id: kdk.android.simplydo:id/AddListButton and with text: is "Add" and with content description: is "Add" and is displayed on the screen to the user)
07-22 17:00:08.634 debug SimplyDo Insert list List
07-22 17:00:08.705 debug SimplyDo fetchLists returned 2 items
07-22 17:00:09.451 debug LifecycleMonitor Lifecycle status change: kdk.android.simplydo.SimplyDoActivity@f37325d in: PAUSED
07-22 17:00:09.464 debug LifecycleMonitor running callback: android.support.test.rule.ActivityTestRule$LifecycleCallback@e54f381
07-22 17:00:09.464 debug LifecycleMonitor callback completes: android.support.test.rule.ActivityTestRule$LifecycleCallback@e54f381
07-22 17:00:09.659 info TestRunner failed: checkItemC2(kdk.android.simplydo.C2.CheckItemC2)
07-22 17:00:09.659 info TestRunner ----- begin exception -----
07-22 17:00:09.664 info TestRunner android.support.test.espresso.AmbiguousViewMatcherException: '(with class name: is "android.widget.LinearLayout" and is displayed on the screen to the user)' matches multiple views in the hierarchy.
07-22 17:00:09.664 info TestRunner Problem views are marked with '****MATCHES****' below.
07-22 17:00:09.664 info TestRunner View Hierarchy:
07-22 17:00:09.664 info TestRunner +>DecorView{id=-1, visibility=VISIBLE, width=1080, height=1920, has-focus=true, has-focusable=true, has-window-focus=true, is-clickable=false, is-enabled=true, is-focused=false, is-focusable=false, is-layout-requested=false, is-selected=false, layout-params=WM.LayoutParams{(0,0)(fillxfill) sim=#3 ty=1 fl=#81810100 pfl=0x20000 wanim=0x10302f6 needsMenuKey=2 colorMode=0}, tag=null, root-is-layout-requested=false, has-input-connection=false, x=0.0, y=0.0, child-count=3} 
07-22 17:00:09.664 info TestRunner |
07-22 17:00:09.664 info TestRunner +->ActionBarOverlayLayout{id=16908822, res-name=decor_content_parent, visibility=VISIBLE, width=1080, height=1794, has-focus=true, has-focusable=true, has-window-focus=true, is-clickable=false, is-enabled=true, is-focused=false, is-focusable=false, is-layout-requested=false, is-selected=false, layout-params=android.widget.FrameLayout$LayoutParams@92c33ee, tag=null, root-is-layout-requested=false, has-input-connection=false, x=0.0, y=0.0, child-count=2} 
07-22 17:00:09.664 info TestRunner |
07-22 17:00:09.664 info TestRunner +-->FrameLayout{id=16908290, res-name=content, visibility=VISIBLE, width=1080, height=1584, has-focus=true, has-focusable=true, has-window-focus=true, is-clickable=false, is-enabled=true, is-focused=false, is-focusable=false, is-layout-requested=false, is-selected=false, layout-params=com.android.internal.widget.ActionBarOverlayLayout$LayoutParams@7b8d08f, tag=null, root-is-layout-requested=false, has-input-connection=false, x=0.0, y=210.0, child-count=1} 
07-22 17:00:09.664 info TestRunner |
07-22 17:00:09.664 info TestRunner +--->LinearLayout{id=-1, visibility=VISIBLE, width=1080, height=1584, has-focus=true, has-focusable=true, has-window-focus=true, is-clickable=false, is-enabled=true, is-focused=false, is-focusable=false, is-layout-requested=false, is-selected=false, layout-params=android.widget.FrameLayout$LayoutParams@49da725, tag=null, root-is-layout-requested=false, has-input-connection=false, x=0.0, y=0.0, child-count=1} ****MATCHES****
07-22 17:00:09.664 info TestRunner |
07-22 17:00:09.664 info TestRunner +---->ViewSwitcher{id=2130903049, res-name=ListsItemsSwitcher, visibility=VISIBLE, width=1080, height=389, has-focus=true, has-focusable=true, has-window-focus=true, is-clickable=false, is-enabled=true, is-focused=false, is-focusable=false, is-layout-requested=false, is-selected=false, layout-params=android.widget.LinearLayout$LayoutParams@e7be6ab, tag=null, root-is-layout-requested=false, has-input-connection=false, x=0.0, y=0.0, child-count=2} 
07-22 17:00:09.664 info TestRunner |
07-22 17:00:09.664 info TestRunner +----->LinearLayout{id=2130903059, res-name=listsView, visibility=VISIBLE, width=1080, height=389, has-focus=true, has-focusable=true, has-window-focus=true, is-clickable=false, is-enabled=true, is-focused=false, is-focusable=false, is-layout-requested=false, is-selected=false, layout-params=android.widget.FrameLayout$LayoutParams@e4b8108, tag=null, root-is-layout-requested=false, has-input-connection=false, x=0.0, y=0.0, child-count=2} ****MATCHES****
07-22 17:00:09.664 info TestRunner |
07-22 17:00:09.664 info TestRunner +------>LinearLayout{id=2130903048, res-name=LinearLayout01, visibility=VISIBLE, width=1080, height=126, has-focus=true, has-focusable=true, has-window-focus=true, is-clickable=false, is-enabled=true, is-focused=false, is-focusable=false, is-layout-requested=false, is-selected=false, layout-params=android.widget.LinearLayout$LayoutParams@ba690a1, tag=null, root-is-layout-requested=false, has-input-connection=false, x=0.0, y=0.0, child-count=2} ****MATCHES****
07-22 17:00:09.664 info TestRunner |
07-22 17:00:09.664 info TestRunner +------->EditText{id=2130903043, res-name=AddListEditText, desc=addlistedittext, visibility=VISIBLE, width=849, height=126, has-focus=true, has-focusable=true, has-window-focus=true, is-clickable=true, is-enabled=true, is-focused=true, is-focusable=true, is-layout-requested=false, is-selected=false, layout-params=android.widget.LinearLayout$LayoutParams@49ba5b4, tag=null, root-is-layout-requested=false, has-input-connection=true, editor-info=[inputType=0x31 imeOptions=0x8000006 privateImeOptions=null actionLabel=null actionId=0 initialSelStart=0 initialSelEnd=0 initialCap
07-22 17:00:09.664 info TestRunner ----- end exception -----
07-22 17:00:09.667 info TestRunner finished: checkItemC2(kdk.android.simplydo.C2.CheckItemC2)
